2022-06-08 19:33:45,456 — b':tmi.twitch.tv 001 twitch_pioneers :Welcome, GLHF!\r\n:tmi.twitch.tv 002 twitch_pioneers :Your host is tmi.twitch.tv\r\n:tmi.twitch.tv 003 twitch_pioneers :This server is rather new\r\n:tmi.twitch.tv 004 twitch_pioneers :-\r\n:tmi.twitch.tv 375 twitch_pioneers :-\r\n:tmi.twitch.tv 372 twitch_pioneers :You are in a maze of twisty passages, all alike.\r\n:tmi.twitch.tv 376 twitch_pioneers :>\r\n'
2022-06-08 19:33:47,531 — b':tmi.twitch.tv 001 twitch_pioneers :Welcome, GLHF!\r\n:tmi.twitch.tv 002 twitch_pioneers :Your host is tmi.twitch.tv\r\n:tmi.twitch.tv 003 twitch_pioneers :This server is rather new\r\n:tmi.twitch.tv 004 twitch_pioneers :-\r\n:tmi.twitch.tv 375 twitch_pioneers :-\r\n:tmi.twitch.tv 372 twitch_pioneers :You are in a maze of twisty passages, all alike.\r\n:tmi.twitch.tv 376 twitch_pioneers :>\r\n:twitch_pioneers!twitch_pioneers@twitch_pioneers.tmi.twitch.tv JOIN #baoo\r\n:twitch_pioneers.tmi.twitch.tv 353 twitch_pioneers = #baoo :twitch_pioneers\r\n:twitch_pioneers.tmi.twitch.tv 366 twitch_pioneers #baoo :End of /NAMES list\r\n'
2022-06-08 19:33:47,531 — b':tmi.twitch.tv 001 twitch_pioneers :Welcome, GLHF!\r\n:tmi.twitch.tv 002 twitch_pioneers :Your host is tmi.twitch.tv\r\n:tmi.twitch.tv 003 twitch_pioneers :This server is rather new\r\n:tmi.twitch.tv 004 twitch_pioneers :-\r\n:tmi.twitch.tv 375 twitch_pioneers :-\r\n:tmi.twitch.tv 372 twitch_pioneers :You are in a maze of twisty passages, all alike.\r\n:tmi.twitch.tv 376 twitch_pioneers :>\r\n:twitch_pioneers!twitch_pioneers@twitch_pioneers.tmi.twitch.tv JOIN #baoo\r\n:twitch_pioneers.tmi.twitch.tv 353 twitch_pioneers = #baoo :twitch_pioneers\r\n:twitch_pioneers.tmi.twitch.tv 366 twitch_pioneers #baoo :End of /NAMES list\r\n'
2022-06-08 19:33:54,043 — b':pasquirrel23!pasquirrel23@pasquirrel23.tmi.twitch.tv PRIVMSG #baoo :shyyNodders\r\n'
2022-06-08 19:33:54,043 — b':pasquirrel23!pasquirrel23@pasquirrel23.tmi.twitch.tv PRIVMSG #baoo :shyyNodders\r\n'
2022-06-08 19:33:55,072 — b':metalteuffel!metalteuffel@metalteuffel.tmi.twitch.tv PRIVMSG #baoo :You have been laughing alot today tbh\r\n'
2022-06-08 19:33:55,072 — b':metalteuffel!metalteuffel@metalteuffel.tmi.twitch.tv PRIVMSG #baoo :You have been laughing alot today tbh\r\n'
2022-06-08 19:33:57,617 — b':slothgod_jowil!slothgod_jowil@slothgod_jowil.tmi.twitch.tv PRIVMSG #baoo :viennaPlead\r\n'
2022-06-08 19:33:57,617 — b':slothgod_jowil!slothgod_jowil@slothgod_jowil.tmi.twitch.tv PRIVMSG #baoo :viennaPlead\r\n'
2022-06-08 19:33:59,486 — b':veorug!veorug@veorug.tmi.twitch.tv PRIVMSG #baoo :baomotePogchamp\r\n'
2022-06-08 19:33:59,486 — b':veorug!veorug@veorug.tmi.twitch.tv PRIVMSG #baoo :baomotePogchamp\r\n'
2022-06-08 19:34:00,084 — b':dareios_the_halfimmortal!dareios_the_halfimmortal@dareios_the_halfimmortal.tmi.twitch.tv PRIVMSG #baoo :She is pretty\r\n'
2022-06-08 19:34:00,084 — b':dareios_the_halfimmortal!dareios_the_halfimmortal@dareios_the_halfimmortal.tmi.twitch.tv PRIVMSG #baoo :She is pretty\r\n'
2022-06-08 19:34:00,341 — b":kojisuja!kojisuja@kojisuja.tmi.twitch.tv PRIVMSG #baoo :She's got the blue highlights in her hair\r\n"
2022-06-08 19:34:00,341 — b":kojisuja!kojisuja@kojisuja.tmi.twitch.tv PRIVMSG #baoo :She's got the blue highlights in her hair\r\n"
2022-06-08 19:34:02,826 — b':roarintides!roarintides@roarintides.tmi.twitch.tv PRIVMSG #baoo :Awww\r\n'
2022-06-08 19:34:02,826 — b':roarintides!roarintides@roarintides.tmi.twitch.tv PRIVMSG #baoo :Awww\r\n'
2022-06-08 19:34:05,306 — b':roarintides!roarintides@roarintides.tmi.twitch.tv PRIVMSG #baoo :I SAW\r\n'
2022-06-08 19:34:05,306 — b':roarintides!roarintides@roarintides.tmi.twitch.tv PRIVMSG #baoo :I SAW\r\n'
2022-06-08 19:34:08,667 — b':kaitanz4592!kaitanz4592@kaitanz4592.tmi.twitch.tv PRIVMSG #baoo :Do you like games\r\n'
2022-06-08 19:34:08,667 — b':kaitanz4592!kaitanz4592@kaitanz4592.tmi.twitch.tv PRIVMSG #baoo :Do you like games\r\n'
2022-06-08 19:34:09,273 — b':roarintides!roarintides@roarintides.tmi.twitch.tv PRIVMSG #baoo :IT WAS TOTES CUTE\r\n'
2022-06-08 19:34:09,273 — b':roarintides!roarintides@roarintides.tmi.twitch.tv PRIVMSG #baoo :IT WAS TOTES CUTE\r\n'
2022-06-08 19:34:09,429 — b':ranumee!ranumee@ranumee.tmi.twitch.tv PRIVMSG #baoo :TBAngel\r\n'
2022-06-08 19:34:09,429 — b':ranumee!ranumee@ranumee.tmi.twitch.tv PRIVMSG #baoo :TBAngel\r\n'
2022-06-08 19:34:10,315 — b':embraceyo0202!embraceyo0202@embraceyo0202.tmi.twitch.tv PRIVMSG #baoo :rest well!\r\n'
2022-06-08 19:34:10,315 — b':embraceyo0202!embraceyo0202@embraceyo0202.tmi.twitch.tv PRIVMSG #baoo :rest well!\r\n'
2022-06-08 19:34:13,621 — b':0eva3!0eva3@0eva3.tmi.twitch.tv PRIVMSG #baoo :She is pretty\r\n'
2022-06-08 19:34:13,621 — b':0eva3!0eva3@0eva3.tmi.twitch.tv PRIVMSG #baoo :She is pretty\r\n'
2022-06-08 19:34:16,720 — b':slothgod_jowil!slothgod_jowil@slothgod_jowil.tmi.twitch.tv PRIVMSG #baoo :viennaPoggies\r\n'
2022-06-08 19:34:16,720 — b':slothgod_jowil!slothgod_jowil@slothgod_jowil.tmi.twitch.tv PRIVMSG #baoo :viennaPoggies\r\n'
2022-06-08 19:34:21,029 — b':kage_n0_akuma!kage_n0_akuma@kage_n0_akuma.tmi.twitch.tv PRIVMSG #baoo :viennaNod viennaNod viennaNod\r\n'
2022-06-08 19:34:21,029 — b':kage_n0_akuma!kage_n0_akuma@kage_n0_akuma.tmi.twitch.tv PRIVMSG #baoo :viennaNod viennaNod viennaNod\r\n'
2022-06-08 19:34:21,424 — b':jayrsantiago24!jayrsantiago24@jayrsantiago24.tmi.twitch.tv PRIVMSG #baoo :Hi Chat\r\n'
2022-06-08 19:34:21,424 — b':jayrsantiago24!jayrsantiago24@jayrsantiago24.tmi.twitch.tv PRIVMSG #baoo :Hi Chat\r\n'
2022-06-08 19:34:22,354 — b':0eva3!0eva3@0eva3.tmi.twitch.tv PRIVMSG #baoo :She is pretty!\r\n'
2022-06-08 19:34:22,354 — b':0eva3!0eva3@0eva3.tmi.twitch.tv PRIVMSG #baoo :She is pretty!\r\n'
2022-06-08 19:34:22,586 — b':akame_shirito!akame_shirito@akame_shirito.tmi.twitch.tv PRIVMSG #baoo :baomoteNoted\r\n'
2022-06-08 19:34:22,586 — b':akame_shirito!akame_shirito@akame_shirito.tmi.twitch.tv PRIVMSG #baoo :baomoteNoted\r\n'
2022-06-08 19:34:22,742 — b":xkaizerx69!xkaizerx69@xkaizerx69.tmi.twitch.tv PRIVMSG #baoo :We'll roast Numi and Lily for you next time no cap\r\n"
2022-06-08 19:34:22,742 — b":xkaizerx69!xkaizerx69@xkaizerx69.tmi.twitch.tv PRIVMSG #baoo :We'll roast Numi and Lily for you next time no cap\r\n"
2022-06-08 19:34:24,222 — b':glein_06!glein_06@glein_06.tmi.twitch.tv PRIVMSG #baoo :drink some lemon tea or boiled Ginger Bao\r\n'
2022-06-08 19:34:24,222 — b':glein_06!glein_06@glein_06.tmi.twitch.tv PRIVMSG #baoo :drink some lemon tea or boiled Ginger Bao\r\n'
2022-06-08 19:34:25,295 — b':tisssue12!tisssue12@tisssue12.tmi.twitch.tv PRIVMSG #baoo :bao has a sweet voice~~\r\n'
2022-06-08 19:34:25,295 — b':tisssue12!tisssue12@tisssue12.tmi.twitch.tv PRIVMSG #baoo :bao has a sweet voice~~\r\n'
2022-06-08 19:34:25,547 — b':dareios_the_halfimmortal!dareios_the_halfimmortal@dareios_the_halfimmortal.tmi.twitch.tv PRIVMSG #baoo :You both had beautiful nails\r\n'
2022-06-08 19:34:25,547 — b':dareios_the_halfimmortal!dareios_the_halfimmortal@dareios_the_halfimmortal.tmi.twitch.tv PRIVMSG #baoo :You both had beautiful nails\r\n'
2022-06-08 19:34:26,443 — b':0eva3!0eva3@0eva3.tmi.twitch.tv PRIVMSG #baoo :She is pretty ~\r\n'
2022-06-08 19:34:26,443 — b':0eva3!0eva3@0eva3.tmi.twitch.tv PRIVMSG #baoo :She is pretty ~\r\n'
2022-06-08 19:34:29,280 — b':streamelements!streamelements@streamelements.tmi.twitch.tv PRIVMSG #baoo :SaberAlter____ just subscribed for 9 months in a row PogChamp\r\n'
2022-06-08 19:34:29,280 — b':streamelements!streamelements@streamelements.tmi.twitch.tv PRIVMSG #baoo :SaberAlter____ just subscribed for 9 months in a row PogChamp\r\n'
2022-06-08 19:34:34,335 — b':tetsutamai!tetsutamai@tetsutamai.tmi.twitch.tv PRIVMSG #baoo :me no much speak inglish but a like you streaming\r\n'
2022-06-08 19:34:34,335 — b':tetsutamai!tetsutamai@tetsutamai.tmi.twitch.tv PRIVMSG #baoo :me no much speak inglish but a like you streaming\r\n'
2022-06-08 19:34:38,079 — b':roarintides!roarintides@roarintides.tmi.twitch.tv PRIVMSG #baoo :LESGOOOO SABER\r\n'
2022-06-08 19:34:38,079 — b':roarintides!roarintides@roarintides.tmi.twitch.tv PRIVMSG #baoo :LESGOOOO SABER\r\n'
2022-06-08 19:34:38,543 — b':supersabreturbo!supersabreturbo@supersabreturbo.tmi.twitch.tv PRIVMSG #baoo :!viteramen\r\n'
2022-06-08 19:34:38,543 — b':supersabreturbo!supersabreturbo@supersabreturbo.tmi.twitch.tv PRIVMSG #baoo :!viteramen\r\n'
2022-06-08 19:34:38,801 — b":streamelements!streamelements@streamelements.tmi.twitch.tv PRIVMSG #baoo :Sometimes life is over-whale-ming, and it's hard to eat healthy. Each Bao-ndle comes with up to $25 in value of FREE chopsticks, FREE hooked ramen spoon, and 2 FREE high quality stickers with your Vite Ramen noodles! https://bit.ly/3yF8oNo\r\n"
2022-06-08 19:34:38,801 — b":streamelements!streamelements@streamelements.tmi.twitch.tv PRIVMSG #baoo :Sometimes life is over-whale-ming, and it's hard to eat healthy. Each Bao-ndle comes with up to $25 in value of FREE chopsticks, FREE hooked ramen spoon, and 2 FREE high quality stickers with your Vite Ramen noodles! https://bit.ly/3yF8oNo\r\n"
