2022-06-14 08:59:28,623 — b':tmi.twitch.tv 001 twitch_pioneers :Welcome, GLHF!\r\n:tmi.twitch.tv 002 twitch_pioneers :Your host is tmi.twitch.tv\r\n:tmi.twitch.tv 003 twitch_pioneers :This server is rather new\r\n:tmi.twitch.tv 004 twitch_pioneers :-\r\n:tmi.twitch.tv 375 twitch_pioneers :-\r\n:tmi.twitch.tv 372 twitch_pioneers :You are in a maze of twisty passages, all alike.\r\n:tmi.twitch.tv 376 twitch_pioneers :>\r\n:twitch_pioneers!twitch_pioneers@twitch_pioneers.tmi.twitch.tv JOIN #boxbox\r\n:twitch_pioneers.tmi.twitch.tv 353 twitch_pioneers = #boxbox :twitch_pioneers\r\n:twitch_pioneers.tmi.twitch.tv 366 twitch_pioneers #boxbox :End of /NAMES list\r\n'
2022-06-14 08:59:28,886 — b':meigansvt!meigansvt@meigansvt.tmi.twitch.tv PRIVMSG #boxbox :!commands\r\n'
2022-06-14 08:59:29,202 — b':nightbot!nightbot@nightbot.tmi.twitch.tv PRIVMSG #boxbox :@meigansvt -> The bot commands for this channel are available at https://nightbot.tv/t/boxbox/commands\r\n'
2022-06-14 08:59:32,184 — b':ssimpleton!ssimpleton@ssimpleton.tmi.twitch.tv PRIVMSG #boxbox :modCheck\r\n'
2022-06-14 08:59:34,721 — b':bigxberg!bigxberg@bigxberg.tmi.twitch.tv PRIVMSG #boxbox :bullet\r\n'
2022-06-14 08:59:39,613 — b':redjigglypuff!redjigglypuff@redjigglypuff.tmi.twitch.tv PRIVMSG #boxbox :trench\r\n'
2022-06-14 08:59:39,937 — b':friendlyrobot!friendlyrobot@friendlyrobot.tmi.twitch.tv PRIVMSG #boxbox :bullet\r\n'
2022-06-14 08:59:42,624 — b':ghret22!ghret22@ghret22.tmi.twitch.tv PRIVMSG #boxbox :treant\r\n'
2022-06-14 08:59:43,014 — b':redjigglypuff!redjigglypuff@redjigglypuff.tmi.twitch.tv PRIVMSG #boxbox :no n\r\n'
2022-06-14 08:59:43,555 — b':ssimpleton!ssimpleton@ssimpleton.tmi.twitch.tv PRIVMSG #boxbox :bullet makes sense\r\n'
2022-06-14 08:59:45,258 — b':redjigglypuff!redjigglypuff@redjigglypuff.tmi.twitch.tv PRIVMSG #boxbox :im dumb\r\n'
2022-06-14 08:59:45,369 — b':ghret22!ghret22@ghret22.tmi.twitch.tv PRIVMSG #boxbox :no n\r\n'
2022-06-14 08:59:46,244 — b':xgammagreenx!xgammagreenx@xgammagreenx.tmi.twitch.tv PRIVMSG #boxbox :tenten\r\n'
2022-06-14 08:59:46,712 — b':tetybox!tetybox@tetybox.tmi.twitch.tv PRIVMSG #boxbox :bluest\r\n'
2022-06-14 08:59:47,334 — b':genego2!genego2@genego2.tmi.twitch.tv PRIVMSG #boxbox :forest\r\n'
2022-06-14 08:59:49,281 — b':burgapantz!burgapantz@burgapantz.tmi.twitch.tv PRIVMSG #boxbox :turret\r\n'
2022-06-14 08:59:49,360 — b':yammatora!yammatora@yammatora.tmi.twitch.tv PRIVMSG #boxbox :bullet\r\n'
2022-06-14 08:59:49,516 — b':natefray!natefray@natefray.tmi.twitch.tv PRIVMSG #boxbox :bullet\r\n'
2022-06-14 09:00:06,071 — b':kawaiizetsu!kawaiizetsu@kawaiizetsu.tmi.twitch.tv PRIVMSG #boxbox :bullet\r\n'
2022-06-14 09:00:06,227 — b':ssimpleton!ssimpleton@ssimpleton.tmi.twitch.tv PRIVMSG #boxbox :BLUEST??\r\n:chyrsun!chyrsun@chyrsun.tmi.twitch.tv PRIVMSG #boxbox :bullet\r\n:natefray!natefray@natefray.tmi.twitch.tv PRIVMSG #boxbox :???\r\n:king0fblader!king0fblader@king0fblader.tmi.twitch.tv PRIVMSG #boxbox :buffet\r\n:ghret22!ghret22@ghret22.tmi.twitch.tv PRIVMSG #boxbox :bullet\r\n:icitol!icitol@icitol.tmi.twitch.tv PRIVMSG #boxbox :no l\r\n:natefray!natefray@natefray.tmi.twitch.tv PRIVMSG #boxbox :XD\r\n:burgapantz!burgapantz@burgapantz.tmi.twitch.tv PRIVMSG #boxbox :bullet\r\n'
2022-06-14 09:00:07,709 — b':tetybox!tetybox@tetybox.tmi.twitch.tv PRIVMSG #boxbox :buffet\r\n'
2022-06-14 09:00:09,478 — b':naruchi28!naruchi28@naruchi28.tmi.twitch.tv PRIVMSG #boxbox :buffet\r\n'
2022-06-14 09:00:10,334 — b':pandacrusad3r!pandacrusad3r@pandacrusad3r.tmi.twitch.tv PRIVMSG #boxbox :buffet\r\n:rummy11!rummy11@rummy11.tmi.twitch.tv PRIVMSG #boxbox :buffet\r\n'
2022-06-14 09:00:10,802 — b':ssimpleton!ssimpleton@ssimpleton.tmi.twitch.tv PRIVMSG #boxbox :bullet\r\n:redjigglypuff!redjigglypuff@redjigglypuff.tmi.twitch.tv PRIVMSG #boxbox :buffet\r\n'
2022-06-14 09:00:10,961 — b':friendlyrobot!friendlyrobot@friendlyrobot.tmi.twitch.tv PRIVMSG #boxbox :buffet\r\n'
2022-06-14 09:00:13,407 — b':natefray!natefray@natefray.tmi.twitch.tv PRIVMSG #boxbox :buffet\r\n'
2022-06-14 09:00:13,423 — b':bigxberg!bigxberg@bigxberg.tmi.twitch.tv PRIVMSG #boxbox :buffet\r\n'
2022-06-14 09:00:13,642 — b':yammatora!yammatora@yammatora.tmi.twitch.tv PRIVMSG #boxbox :buffet\r\n'
2022-06-14 09:00:14,112 — b':chyrsun!chyrsun@chyrsun.tmi.twitch.tv PRIVMSG #boxbox :buffet\r\n'
2022-06-14 09:00:14,502 — b':iamclown_246!iamclown_246@iamclown_246.tmi.twitch.tv PRIVMSG #boxbox :buffet\r\n'
2022-06-14 09:00:16,299 — b':icitol!icitol@icitol.tmi.twitch.tv PRIVMSG #boxbox :Buffet\r\n'
2022-06-14 09:00:18,962 — b':xgammagreenx!xgammagreenx@xgammagreenx.tmi.twitch.tv PRIVMSG #boxbox :ffat20\r\n:friendlyrobot!friendlyrobot@friendlyrobot.tmi.twitch.tv PRIVMSG #boxbox :Pog\r\n'
2022-06-14 09:00:20,761 — b':bdjoraz!bdjoraz@bdjoraz.tmi.twitch.tv PRIVMSG #boxbox :Pog\r\n'
2022-06-14 09:00:21,847 — b':zsotyeszto!zsotyeszto@zsotyeszto.tmi.twitch.tv PRIVMSG #boxbox :SAVED\r\n'
2022-06-14 09:00:23,614 — b':natefray!natefray@natefray.tmi.twitch.tv PRIVMSG #boxbox :Pog\r\n'
2022-06-14 09:00:25,100 — b':redjigglypuff!redjigglypuff@redjigglypuff.tmi.twitch.tv PRIVMSG #boxbox :Pog a 3 streak\r\n'
2022-06-14 09:00:25,609 — b':mr_bondiola!mr_bondiola@mr_bondiola.tmi.twitch.tv PRIVMSG #boxbox :Pog\r\n'
2022-06-14 09:00:26,317 — b':babyyoda69_x!babyyoda69_x@babyyoda69_x.tmi.twitch.tv PRIVMSG #boxbox :Ez Clap\r\n'
2022-06-14 09:00:26,549 — b':friendlyrobot!friendlyrobot@friendlyrobot.tmi.twitch.tv PRIVMSG #boxbox :penis\r\n'
2022-06-14 09:00:27,759 — b':kelvinle13!kelvinle13@kelvinle13.tmi.twitch.tv PRIVMSG #boxbox :Pog\r\n'
2022-06-14 09:00:28,754 — b':yammatora!yammatora@yammatora.tmi.twitch.tv PRIVMSG #boxbox :train\r\n'
2022-06-14 09:00:30,555 — b':kirigayablaze!kirigayablaze@kirigayablaze.tmi.twitch.tv PRIVMSG #boxbox :penis\r\n'
2022-06-14 09:00:30,631 — b':tetybox!tetybox@tetybox.tmi.twitch.tv PRIVMSG #boxbox :penis\r\n'
2022-06-14 09:00:30,788 — b':ghret22!ghret22@ghret22.tmi.twitch.tv PRIVMSG #boxbox :Pog what a wordler Pog\r\n'
2022-06-14 09:00:31,103 — b':burgapantz!burgapantz@burgapantz.tmi.twitch.tv PRIVMSG #boxbox :penis\r\n'
2022-06-14 09:00:31,494 — b':iamclown_246!iamclown_246@iamclown_246.tmi.twitch.tv PRIVMSG #boxbox :penis\r\n'
2022-06-14 09:00:32,018 — b':redjigglypuff!redjigglypuff@redjigglypuff.tmi.twitch.tv PRIVMSG #boxbox :penis\r\n'
2022-06-14 09:00:32,605 — b':nightbot!nightbot@nightbot.tmi.twitch.tv PRIVMSG #boxbox :Check out awesome PCs at https://ibp.gg/boxbox using my code Boxbox :D !\r\n'
2022-06-14 09:00:32,997 — b':naruchi28!naruchi28@naruchi28.tmi.twitch.tv PRIVMSG #boxbox :penis\r\n'
2022-06-14 09:00:34,260 — b':floogg!floogg@floogg.tmi.twitch.tv PRIVMSG #boxbox :penis\r\n'
2022-06-14 09:00:34,424 — b':king0fblader!king0fblader@king0fblader.tmi.twitch.tv PRIVMSG #boxbox :penis\r\n'
2022-06-14 09:00:38,229 — b':tharius__!tharius__@tharius__.tmi.twitch.tv PRIVMSG #boxbox :penis\r\n'
2022-06-14 09:00:41,200 — b':kelvinle13!kelvinle13@kelvinle13.tmi.twitch.tv PRIVMSG #boxbox :penis\r\n'
2022-06-14 09:00:41,903 — b':bigxberg!bigxberg@bigxberg.tmi.twitch.tv PRIVMSG #boxbox :\xf0\x9f\xa4\x94 penis\r\n'
2022-06-14 09:00:52,308 — b':mr_bondiola!mr_bondiola@mr_bondiola.tmi.twitch.tv PRIVMSG #boxbox :magic\r\n'
2022-06-14 09:00:53,651 — b':fapaardappel!fapaardappel@fapaardappel.tmi.twitch.tv PRIVMSG #boxbox :penis\r\n'
2022-06-14 09:00:55,889 — b':babyyoda69_x!babyyoda69_x@babyyoda69_x.tmi.twitch.tv PRIVMSG #boxbox :penis\r\n'
2022-06-14 09:00:59,138 — b':tharius__!tharius__@tharius__.tmi.twitch.tv PRIVMSG #boxbox :Pog\r\n'
2022-06-14 09:01:00,622 — b':biredoril!biredoril@biredoril.tmi.twitch.tv PRIVMSG #boxbox :pearl\r\n'
2022-06-14 09:01:00,934 — b':friendlyrobot!friendlyrobot@friendlyrobot.tmi.twitch.tv PRIVMSG #boxbox :peach\r\n'
2022-06-14 09:01:02,434 — b':zsotyeszto!zsotyeszto@zsotyeszto.tmi.twitch.tv PRIVMSG #boxbox :PauseChamp\r\n'
2022-06-14 09:01:02,905 — b':babyyoda69_x!babyyoda69_x@babyyoda69_x.tmi.twitch.tv PRIVMSG #boxbox :pencil\r\n'
2022-06-14 09:01:04,237 — b':br0ta1m!br0ta1m@br0ta1m.tmi.twitch.tv PRIVMSG #boxbox :peach\r\n'
2022-06-14 09:01:04,632 — b':king0fblader!king0fblader@king0fblader.tmi.twitch.tv PRIVMSG #boxbox :pearl\r\n'
2022-06-14 09:01:05,325 — b':icitol!icitol@icitol.tmi.twitch.tv PRIVMSG #boxbox :pearl\r\n'
2022-06-14 09:01:05,636 — b':ghret22!ghret22@ghret22.tmi.twitch.tv PRIVMSG #boxbox :peach\r\n'
2022-06-14 09:01:06,264 — b':genego2!genego2@genego2.tmi.twitch.tv PRIVMSG #boxbox :pearl\r\n'
2022-06-14 09:01:07,462 — b':redjigglypuff!redjigglypuff@redjigglypuff.tmi.twitch.tv PRIVMSG #boxbox :peach\r\n'
2022-06-14 09:01:07,541 — b':mr_bondiola!mr_bondiola@mr_bondiola.tmi.twitch.tv PRIVMSG #boxbox :pearl\r\n'
2022-06-14 09:01:07,932 — b':babyyoda69_x!babyyoda69_x@babyyoda69_x.tmi.twitch.tv PRIVMSG #boxbox :peach\r\n'
2022-06-14 09:01:08,163 — b':bigxberg!bigxberg@bigxberg.tmi.twitch.tv PRIVMSG #boxbox :petty\r\n'
2022-06-14 09:01:08,836 — b':pandacrusad3r!pandacrusad3r@pandacrusad3r.tmi.twitch.tv PRIVMSG #boxbox :pearl\r\n'
2022-06-14 09:01:09,201 — b':burgapantz!burgapantz@burgapantz.tmi.twitch.tv PRIVMSG #boxbox :pearl\r\n'
2022-06-14 09:01:09,827 — b':iamclown_246!iamclown_246@iamclown_246.tmi.twitch.tv PRIVMSG #boxbox :pearl\r\n'
2022-06-14 09:01:09,979 — b':yammatora!yammatora@yammatora.tmi.twitch.tv PRIVMSG #boxbox :peach\r\n'
2022-06-14 09:01:11,387 — b':bdjoraz!bdjoraz@bdjoraz.tmi.twitch.tv PRIVMSG #boxbox :pearl\r\n'
2022-06-14 09:01:13,272 — b':br0ta1m!br0ta1m@br0ta1m.tmi.twitch.tv PRIVMSG #boxbox :pearl\r\n'
2022-06-14 09:01:16,953 — b':naruchi28!naruchi28@naruchi28.tmi.twitch.tv PRIVMSG #boxbox :peach\r\n'
2022-06-14 09:01:17,107 — b':tetybox!tetybox@tetybox.tmi.twitch.tv PRIVMSG #boxbox :peach\r\n'
2022-06-14 09:01:20,206 — b":boxboxbot!boxboxbot@boxboxbot.tmi.twitch.tv PRIVMSG #boxbox :Skills:  What is  the  name of Zeri's E?\r\n"
2022-06-14 09:01:20,988 — b":nightbot!nightbot@nightbot.tmi.twitch.tv PRIVMSG #boxbox :Anone If you're wondering why people are spamming certain words, install the FFZ, and 7TV extensions. You'll be able to see them appear as emotes! IntothemotherlandtheGermanarmymarchComradesstandsidebysidetostopthechargePanzersonRussiansoil\r\n"
2022-06-14 09:01:22,205 — b':babyyoda69_x!babyyoda69_x@babyyoda69_x.tmi.twitch.tv PRIVMSG #boxbox :pearl\r\n'
2022-06-14 09:01:26,313 — b':tharius__!tharius__@tharius__.tmi.twitch.tv PRIVMSG #boxbox :peril\r\n'
2022-06-14 09:01:26,896 — b':redjigglypuff!redjigglypuff@redjigglypuff.tmi.twitch.tv PRIVMSG #boxbox :spark surge\r\n'
2022-06-14 09:01:29,267 — b':ghret22!ghret22@ghret22.tmi.twitch.tv PRIVMSG #boxbox :peril\r\n'
2022-06-14 09:01:30,225 — b':genego2!genego2@genego2.tmi.twitch.tv PRIVMSG #boxbox :perch\r\n'
2022-06-14 09:01:31,328 — b':yammatora!yammatora@yammatora.tmi.twitch.tv PRIVMSG #boxbox :peril\r\n'
2022-06-14 09:01:31,913 — b':ghret22!ghret22@ghret22.tmi.twitch.tv PRIVMSG #boxbox :nol\r\n'
2022-06-14 09:01:32,115 — b':boxboxbot!boxboxbot@boxboxbot.tmi.twitch.tv PRIVMSG #boxbox :Congratulations to redjigglypuff for answering first. +50 points awarded.\r\n'
2022-06-14 09:01:33,001 — b':ghret22!ghret22@ghret22.tmi.twitch.tv PRIVMSG #boxbox :no l\r\n'
2022-06-14 09:01:34,808 — b':soggypancakes!soggypancakes@soggypancakes.tmi.twitch.tv PRIVMSG #boxbox :perch\r\n'
2022-06-14 09:01:34,931 — b':naruchi28!naruchi28@naruchi28.tmi.twitch.tv PRIVMSG #boxbox :perch\r\n'
2022-06-14 09:01:35,186 — b':tetybox!tetybox@tetybox.tmi.twitch.tv PRIVMSG #boxbox :perch\r\n'
2022-06-14 09:01:37,232 — b':burgapantz!burgapantz@burgapantz.tmi.twitch.tv PRIVMSG #boxbox :perch\r\n'
2022-06-14 09:01:37,466 — b':bigxberg!bigxberg@bigxberg.tmi.twitch.tv PRIVMSG #boxbox :perky\r\n'
2022-06-14 09:01:38,089 — b':iamclown_246!iamclown_246@iamclown_246.tmi.twitch.tv PRIVMSG #boxbox :perch\r\n'
2022-06-14 09:01:38,270 — b':babyyoda69_x!babyyoda69_x@babyyoda69_x.tmi.twitch.tv PRIVMSG #boxbox :perch\r\n'
2022-06-14 09:01:39,773 — b':chyrsun!chyrsun@chyrsun.tmi.twitch.tv PRIVMSG #boxbox :perch\r\n'
2022-06-14 09:01:40,503 — b':bdjoraz!bdjoraz@bdjoraz.tmi.twitch.tv PRIVMSG #boxbox :perch\r\n'
2022-06-14 09:01:40,790 — b':kirigayablaze!kirigayablaze@kirigayablaze.tmi.twitch.tv PRIVMSG #boxbox :perch\r\n'
2022-06-14 09:01:42,042 — b':pandacrusad3r!pandacrusad3r@pandacrusad3r.tmi.twitch.tv PRIVMSG #boxbox :perch\r\n'
2022-06-14 09:01:42,510 — b':redjigglypuff!redjigglypuff@redjigglypuff.tmi.twitch.tv PRIVMSG #boxbox :perch\r\n'
2022-06-14 09:01:43,818 — b':friendlyrobot!friendlyrobot@friendlyrobot.tmi.twitch.tv PRIVMSG #boxbox :perch\r\n'
2022-06-14 09:01:44,604 — b':king0fblader!king0fblader@king0fblader.tmi.twitch.tv PRIVMSG #boxbox :perch\r\n'
2022-06-14 09:01:44,864 — b':yammatora!yammatora@yammatora.tmi.twitch.tv PRIVMSG #boxbox :perch\r\n'
2022-06-14 09:01:45,872 — b':katanauwu!katanauwu@katanauwu.tmi.twitch.tv PRIVMSG #boxbox :Spark Surge\r\n'
2022-06-14 09:01:48,067 — b':friendlyrobot!friendlyrobot@friendlyrobot.tmi.twitch.tv PRIVMSG #boxbox :Pog\r\n'
2022-06-14 09:01:49,664 — b':zsotyeszto!zsotyeszto@zsotyeszto.tmi.twitch.tv PRIVMSG #boxbox :Pog\r\n'
2022-06-14 09:01:49,753 — b':yammatora!yammatora@yammatora.tmi.twitch.tv PRIVMSG #boxbox :pog\r\n'
2022-06-14 09:01:49,920 — b':humongousshrimp!humongousshrimp@humongousshrimp.tmi.twitch.tv PRIVMSG #boxbox :Pog\r\n'
2022-06-14 09:01:50,073 — b':mr_bondiola!mr_bondiola@mr_bondiola.tmi.twitch.tv PRIVMSG #boxbox :Pog\r\n'
2022-06-14 09:01:52,878 — b':burgapantz!burgapantz@burgapantz.tmi.twitch.tv PRIVMSG #boxbox :another 3 Pog\r\n'
2022-06-14 09:01:53,791 — b':dkv_marlo!dkv_marlo@dkv_marlo.tmi.twitch.tv PRIVMSG #boxbox :pog\r\n'
2022-06-14 09:01:54,004 — b':babyyoda69_x!babyyoda69_x@babyyoda69_x.tmi.twitch.tv PRIVMSG #boxbox :ez Clap\r\n'
2022-06-14 09:01:54,475 — b':twiceashaard!twiceashaard@twiceashaard.tmi.twitch.tv PRIVMSG #boxbox :Pog\r\n'
2022-06-14 09:01:57,450 — b':king0fblader!king0fblader@king0fblader.tmi.twitch.tv PRIVMSG #boxbox :penis\r\n'
2022-06-14 09:01:59,622 — b':burgapantz!burgapantz@burgapantz.tmi.twitch.tv PRIVMSG #boxbox :penis\r\n'
2022-06-14 09:01:59,857 — b":redjigglypuff!redjigglypuff@redjigglypuff.tmi.twitch.tv PRIVMSG #boxbox :god damn we're on a roll\r\n"
2022-06-14 09:02:00,088 — b':0nederbread!0nederbread@0nederbread.tmi.twitch.tv PRIVMSG #boxbox :Holy shit chat is goated today\r\n'
2022-06-14 09:02:01,351 — b':redjigglypuff!redjigglypuff@redjigglypuff.tmi.twitch.tv PRIVMSG #boxbox :penis\r\n'
2022-06-14 09:02:01,914 — b':friendlyrobot!friendlyrobot@friendlyrobot.tmi.twitch.tv PRIVMSG #boxbox :penis\r\n'
2022-06-14 09:02:03,057 — b':mr_bondiola!mr_bondiola@mr_bondiola.tmi.twitch.tv PRIVMSG #boxbox :penis\r\n'
2022-06-14 09:02:07,844 — b':twiceashaard!twiceashaard@twiceashaard.tmi.twitch.tv PRIVMSG #boxbox :YEP cock\r\n'
2022-06-14 09:02:09,003 — b':xgammagreenx!xgammagreenx@xgammagreenx.tmi.twitch.tv PRIVMSG #boxbox :JOJOS\r\n'
2022-06-14 09:02:11,961 — b':fapaardappel!fapaardappel@fapaardappel.tmi.twitch.tv PRIVMSG #boxbox :penis\r\n'
2022-06-14 09:02:14,461 — b':bdjoraz!bdjoraz@bdjoraz.tmi.twitch.tv PRIVMSG #boxbox :false\r\n'
2022-06-14 09:02:16,643 — b':kelvinle13!kelvinle13@kelvinle13.tmi.twitch.tv PRIVMSG #boxbox :penis\r\n'
2022-06-14 09:02:19,181 — b':patrik314!patrik314@patrik314.tmi.twitch.tv PRIVMSG #boxbox :RainbowPls\r\n'
2022-06-14 09:02:20,723 — b':nightbot!nightbot@nightbot.tmi.twitch.tv PRIVMSG #boxbox :come check out my super cool discord server! discord.gg/boxbox boxHi\r\n'
2022-06-14 09:02:30,449 — b':fapaardappel!fapaardappel@fapaardappel.tmi.twitch.tv PRIVMSG #boxbox :penis?\r\n'
2022-06-14 09:02:33,730 — b':bigxberg!bigxberg@bigxberg.tmi.twitch.tv PRIVMSG #boxbox :spoil\r\n'
2022-06-14 09:02:34,857 — b':0nederbread!0nederbread@0nederbread.tmi.twitch.tv PRIVMSG #boxbox :shape\r\n'
2022-06-14 09:02:36,110 — b':genego2!genego2@genego2.tmi.twitch.tv PRIVMSG #boxbox :spoil\r\n'
2022-06-14 09:02:37,464 — b':tetybox!tetybox@tetybox.tmi.twitch.tv PRIVMSG #boxbox :posit\r\n'
2022-06-14 09:02:38,515 — b':friendlyrobot!friendlyrobot@friendlyrobot.tmi.twitch.tv PRIVMSG #boxbox :spoil\r\n'
2022-06-14 09:02:39,139 — b':king0fblader!king0fblader@king0fblader.tmi.twitch.tv PRIVMSG #boxbox :spoil\r\n'
2022-06-14 09:02:39,295 — b':0nederbread!0nederbread@0nederbread.tmi.twitch.tv PRIVMSG #boxbox :spoil\r\n'
2022-06-14 09:02:40,227 — b':burgapantz!burgapantz@burgapantz.tmi.twitch.tv PRIVMSG #boxbox :spoil\r\n'
2022-06-14 09:02:41,688 — b':iamclown_246!iamclown_246@iamclown_246.tmi.twitch.tv PRIVMSG #boxbox :spoil\r\n'
2022-06-14 09:02:43,717 — b':bdjoraz!bdjoraz@bdjoraz.tmi.twitch.tv PRIVMSG #boxbox :spoil\r\n:redjigglypuff!redjigglypuff@redjigglypuff.tmi.twitch.tv PRIVMSG #boxbox :spoil\r\n'
2022-06-14 09:02:44,090 — b':naruchi28!naruchi28@naruchi28.tmi.twitch.tv PRIVMSG #boxbox :spoil\r\n'
2022-06-14 09:02:44,401 — b':mr_bondiola!mr_bondiola@mr_bondiola.tmi.twitch.tv PRIVMSG #boxbox :spoil\r\n'
2022-06-14 09:02:44,714 — b':suppon!suppon@suppon.tmi.twitch.tv PRIVMSG #boxbox :spoil\r\n'
2022-06-14 09:02:45,415 — b':masterchiief!masterchiief@masterchiief.tmi.twitch.tv PRIVMSG #boxbox :spoil\r\n'
2022-06-14 09:02:48,358 — b':navayelof!navayelof@navayelof.tmi.twitch.tv PRIVMSG #boxbox :!song\r\n'
2022-06-14 09:02:49,506 — b':boxboxbot!boxboxbot@boxboxbot.tmi.twitch.tv PRIVMSG #boxbox :navayelof : Now Playing : Ho - Kago Tea Time - Kirakira Days\r\n'
2022-06-14 09:02:53,604 — b':ghret22!ghret22@ghret22.tmi.twitch.tv PRIVMSG #boxbox :split\r\n'
2022-06-14 09:02:54,012 — b':friendlyrobot!friendlyrobot@friendlyrobot.tmi.twitch.tv PRIVMSG #boxbox :split\r\n'
2022-06-14 09:02:54,702 — b':bdjoraz!bdjoraz@bdjoraz.tmi.twitch.tv PRIVMSG #boxbox :splint\r\n'
2022-06-14 09:02:56,249 — b':seabus_!seabus_@seabus_.tmi.twitch.tv PRIVMSG #boxbox :split\r\n'
2022-06-14 09:02:56,327 — b':naruchi28!naruchi28@naruchi28.tmi.twitch.tv PRIVMSG #boxbox :split\r\n'
2022-06-14 09:02:57,183 — b':masterchiief!masterchiief@masterchiief.tmi.twitch.tv PRIVMSG #boxbox :split\r\n'
2022-06-14 09:02:57,567 — b':0nederbread!0nederbread@0nederbread.tmi.twitch.tv PRIVMSG #boxbox :split\r\n'
2022-06-14 09:02:57,723 — b':icitol!icitol@icitol.tmi.twitch.tv PRIVMSG #boxbox :split\r\n:mr_bondiola!mr_bondiola@mr_bondiola.tmi.twitch.tv PRIVMSG #boxbox :split\r\n'
2022-06-14 09:02:57,949 — b':javyvdpas!javyvdpas@javyvdpas.tmi.twitch.tv PRIVMSG #boxbox :split\r\n'
2022-06-14 09:02:58,355 — b':bigxberg!bigxberg@bigxberg.tmi.twitch.tv PRIVMSG #boxbox :split\r\n'
2022-06-14 09:02:58,827 — b':burgapantz!burgapantz@burgapantz.tmi.twitch.tv PRIVMSG #boxbox :split\r\n'
2022-06-14 09:02:59,700 — b':king0fblader!king0fblader@king0fblader.tmi.twitch.tv PRIVMSG #boxbox :splot\r\n'
2022-06-14 09:03:00,481 — b':iamclown_246!iamclown_246@iamclown_246.tmi.twitch.tv PRIVMSG #boxbox :psplit\r\n'
2022-06-14 09:03:00,716 — b':redjigglypuff!redjigglypuff@redjigglypuff.tmi.twitch.tv PRIVMSG #boxbox :split\r\n'
2022-06-14 09:03:01,645 — b':bdjoraz!bdjoraz@bdjoraz.tmi.twitch.tv PRIVMSG #boxbox :split\r\n'
2022-06-14 09:03:01,801 — b':rishi_jv!rishi_jv@rishi_jv.tmi.twitch.tv PRIVMSG #boxbox :split\r\n'
2022-06-14 09:03:01,879 — b':king0fblader!king0fblader@king0fblader.tmi.twitch.tv PRIVMSG #boxbox :split\r\n'
2022-06-14 09:03:02,500 — b':iamclown_246!iamclown_246@iamclown_246.tmi.twitch.tv PRIVMSG #boxbox :split\r\n'
2022-06-14 09:03:03,279 — b':cyde268!cyde268@cyde268.tmi.twitch.tv PRIVMSG #boxbox :split\r\n'
2022-06-14 09:03:07,394 — b':baan31!baan31@baan31.tmi.twitch.tv PRIVMSG #boxbox :split\r\n'
2022-06-14 09:03:08,169 — b':redname!redname@redname.tmi.twitch.tv PRIVMSG #boxbox :split\r\n'
2022-06-14 09:03:13,737 — b':urgotoporelpoto!urgotoporelpoto@urgotoporelpoto.tmi.twitch.tv PRIVMSG #boxbox :spain\r\n'
2022-06-14 09:03:14,992 — b':nightbot!nightbot@nightbot.tmi.twitch.tv PRIVMSG #boxbox :Subscribe to BoxBox today to remove ads and get access to these sub emotes! boxSip boxBob boxBobbing boxFine boxFire boxD2 boxD boxHYPERS boxHands boxHeart boxGun boxComfy boxShrug boxThink boxBlank boxGG boxNT boxAd boxAds boxDab boxPat boxPeek boxYay boxKEK boxBlind boxGamble boxEZ boxNoo boxHide boxMONKERS boxHood boxUwU boxHug boxOK boxG boxNOTED boxLurk boxFail boxAYAYA boxFight box7 boxREE boxLUL boxStop boxZoom boxDerp boxBruh boxMunch boxSmug boxHi boxStonks boxStonks2 boxEH boxWOW\r\n'
2022-06-14 09:03:16,788 — b':mr_bondiola!mr_bondiola@mr_bondiola.tmi.twitch.tv PRIVMSG #boxbox :Pog no way\r\n'
2022-06-14 09:03:19,791 — b':masterchiief!masterchiief@masterchiief.tmi.twitch.tv PRIVMSG #boxbox :POG\r\n'
2022-06-14 09:03:23,774 — b":redjigglypuff!redjigglypuff@redjigglypuff.tmi.twitch.tv PRIVMSG #boxbox :4 3's in a row Pog\r\n"
2022-06-14 09:03:29,271 — b':cyde268!cyde268@cyde268.tmi.twitch.tv PRIVMSG #boxbox :penis\r\n'
2022-06-14 09:03:29,403 — b':king0fblader!king0fblader@king0fblader.tmi.twitch.tv PRIVMSG #boxbox :penis\r\n'
2022-06-14 09:03:29,876 — b':masterchiief!masterchiief@masterchiief.tmi.twitch.tv PRIVMSG #boxbox :penis\r\n'
2022-06-14 09:03:30,423 — b':burgapantz!burgapantz@burgapantz.tmi.twitch.tv PRIVMSG #boxbox :penis\r\n'
2022-06-14 09:03:31,138 — b':redjigglypuff!redjigglypuff@redjigglypuff.tmi.twitch.tv PRIVMSG #boxbox :penis\r\n'
2022-06-14 09:03:31,913 — b':bdjoraz!bdjoraz@bdjoraz.tmi.twitch.tv PRIVMSG #boxbox :penis\r\n'
2022-06-14 09:03:32,204 — b':mr_bondiola!mr_bondiola@mr_bondiola.tmi.twitch.tv PRIVMSG #boxbox :penis\r\n'
2022-06-14 09:03:33,686 — b':knxckii21!knxckii21@knxckii21.tmi.twitch.tv PRIVMSG #boxbox :penis\r\n:urgotoporelpoto!urgotoporelpoto@urgotoporelpoto.tmi.twitch.tv PRIVMSG #boxbox :penis\r\n'
2022-06-14 09:03:34,157 — b':iamclown_246!iamclown_246@iamclown_246.tmi.twitch.tv PRIVMSG #boxbox :penis\r\n'
2022-06-14 09:03:35,422 — b':rishi_jv!rishi_jv@rishi_jv.tmi.twitch.tv PRIVMSG #boxbox :penis\r\n'
2022-06-14 09:03:37,404 — b':redname!redname@redname.tmi.twitch.tv PRIVMSG #boxbox :penis\r\n'
2022-06-14 09:03:38,558 — b':masterchiief!masterchiief@masterchiief.tmi.twitch.tv PRIVMSG #boxbox :cocka\r\n'
2022-06-14 09:03:48,017 — b':tetybox!tetybox@tetybox.tmi.twitch.tv PRIVMSG #boxbox :jazzy\r\n'
2022-06-14 09:03:50,930 — b':masterchiief!masterchiief@masterchiief.tmi.twitch.tv PRIVMSG #boxbox :dicka\r\n'
2022-06-14 09:04:01,067 — b':cyde268!cyde268@cyde268.tmi.twitch.tv PRIVMSG #boxbox :split\r\n'
2022-06-14 09:04:03,213 — b':tetybox!tetybox@tetybox.tmi.twitch.tv PRIVMSG #boxbox :cavil\r\n'
2022-06-14 09:04:03,290 — b':ghret22!ghret22@ghret22.tmi.twitch.tv PRIVMSG #boxbox :brain\r\n'
2022-06-14 09:04:06,992 — b':aqualook15!aqualook15@aqualook15.tmi.twitch.tv PRIVMSG #boxbox :climb\r\n'
2022-06-14 09:04:07,199 — b':seabus_!seabus_@seabus_.tmi.twitch.tv PRIVMSG #boxbox :brain\r\n'
2022-06-14 09:04:07,433 — b':cyde268!cyde268@cyde268.tmi.twitch.tv PRIVMSG #boxbox :brain\r\n'
2022-06-14 09:04:07,863 — b':ghret22!ghret22@ghret22.tmi.twitch.tv PRIVMSG #boxbox :no n\r\n'
2022-06-14 09:04:08,498 — b':bdjoraz!bdjoraz@bdjoraz.tmi.twitch.tv PRIVMSG #boxbox :brain\r\n:gcscav!gcscav@gcscav.tmi.twitch.tv PRIVMSG #boxbox :D:\r\n'
2022-06-14 09:04:10,509 — b':masterchiief!masterchiief@masterchiief.tmi.twitch.tv PRIVMSG #boxbox :brian\r\n'
2022-06-14 09:04:10,957 — b':urgotoporelpoto!urgotoporelpoto@urgotoporelpoto.tmi.twitch.tv PRIVMSG #boxbox :brain\r\n'
2022-06-14 09:04:11,855 — b':juicetin23!juicetin23@juicetin23.tmi.twitch.tv PRIVMSG #boxbox :grain\r\n'
2022-06-14 09:04:11,966 — b':bigxberg!bigxberg@bigxberg.tmi.twitch.tv PRIVMSG #boxbox :logic\r\n'
2022-06-14 09:04:12,433 — b':redjigglypuff!redjigglypuff@redjigglypuff.tmi.twitch.tv PRIVMSG #boxbox :frail\r\n'
2022-06-14 09:04:12,588 — b':burgapantz!burgapantz@burgapantz.tmi.twitch.tv PRIVMSG #boxbox :braid\r\n'
2022-06-14 09:04:13,025 — b':biredoril!biredoril@biredoril.tmi.twitch.tv PRIVMSG #boxbox :brain\r\n'
2022-06-14 09:04:13,383 — b':king0fblader!king0fblader@king0fblader.tmi.twitch.tv PRIVMSG #boxbox :split\r\n:mr_bondiola!mr_bondiola@mr_bondiola.tmi.twitch.tv PRIVMSG #boxbox :climb\r\n'
2022-06-14 09:04:14,649 — b':ghret22!ghret22@ghret22.tmi.twitch.tv PRIVMSG #boxbox :i take it back chat Madge\r\n'
2022-06-14 09:04:15,272 — b":nightbot!nightbot@nightbot.tmi.twitch.tv PRIVMSG #boxbox :Don't forget to follow BoxBox on his social media! https://www.facebook.com/LoLBoxBox | https://www.twitter.com/boxbox | https://www.youtube.com/c/BoxBoxLoL | https://www.youtube.com/c/BoxBoxBox | https://www.instagram.com/notboxbox | https://www.tiktok.com/@boxbox |\r\n"
2022-06-14 09:04:15,583 — b':genego2!genego2@genego2.tmi.twitch.tv PRIVMSG #boxbox :admit\r\n'
2022-06-14 09:04:15,859 — b':gcscav!gcscav@gcscav.tmi.twitch.tv PRIVMSG #boxbox :I join the channel and I see dis\r\n'
2022-06-14 09:04:16,801 — b':cyde268!cyde268@cyde268.tmi.twitch.tv PRIVMSG #boxbox :braid\r\n'
2022-06-14 09:04:16,968 — b':icmate!icmate@icmate.tmi.twitch.tv PRIVMSG #boxbox :logic\r\n'
2022-06-14 09:04:18,639 — b":boxboxbot!boxboxbot@boxboxbot.tmi.twitch.tv PRIVMSG #boxbox :Skins: What is the  name of  Annie's Harrowing skin?\r\n"
2022-06-14 09:04:19,891 — b':cyde268!cyde268@cyde268.tmi.twitch.tv PRIVMSG #boxbox :admit\r\n'
2022-06-14 09:04:20,360 — b':iamclown_246!iamclown_246@iamclown_246.tmi.twitch.tv PRIVMSG #boxbox :brain\r\n'
2022-06-14 09:04:21,003 — b':knxckii21!knxckii21@knxckii21.tmi.twitch.tv PRIVMSG #boxbox :climb\r\n'
2022-06-14 09:04:24,537 — b':ghret22!ghret22@ghret22.tmi.twitch.tv PRIVMSG #boxbox :rabid\r\n'
2022-06-14 09:04:27,543 — b':naruchi28!naruchi28@naruchi28.tmi.twitch.tv PRIVMSG #boxbox :rabid\r\n'
2022-06-14 09:04:27,699 — b':muze_1!muze_1@muze_1.tmi.twitch.tv PRIVMSG #boxbox :rabid\r\n'
2022-06-14 09:04:28,340 — b':genego2!genego2@genego2.tmi.twitch.tv PRIVMSG #boxbox :rabid\r\n'
2022-06-14 09:04:28,608 — b':boxboxbot!boxboxbot@boxboxbot.tmi.twitch.tv PRIVMSG #boxbox :No one answered correctly.\r\n'
2022-06-14 09:04:32,890 — b':redjigglypuff!redjigglypuff@redjigglypuff.tmi.twitch.tv PRIVMSG #boxbox :rabid\r\n'
2022-06-14 09:04:33,045 — b':burgapantz!burgapantz@burgapantz.tmi.twitch.tv PRIVMSG #boxbox :rabid\r\n:cyde268!cyde268@cyde268.tmi.twitch.tv PRIVMSG #boxbox :rabid\r\n:seabus_!seabus_@seabus_.tmi.twitch.tv PRIVMSG #boxbox :rabid\r\n:tetybox!tetybox@tetybox.tmi.twitch.tv PRIVMSG #boxbox :braid\r\n:mr_bondiola!mr_bondiola@mr_bondiola.tmi.twitch.tv PRIVMSG #boxbox :rabid\r\n:bdjoraz!bdjoraz@bdjoraz.tmi.twitch.tv PRIVMSG #boxbox :rabid\r\n'
2022-06-14 09:04:33,124 — b':king0fblader!king0fblader@king0fblader.tmi.twitch.tv PRIVMSG #boxbox :rabid\r\n:urgotoporelpoto!urgotoporelpoto@urgotoporelpoto.tmi.twitch.tv PRIVMSG #boxbox :rabid\r\n'
2022-06-14 09:04:33,201 — b':iamclown_246!iamclown_246@iamclown_246.tmi.twitch.tv PRIVMSG #boxbox :rabid\r\n'
2022-06-14 09:04:33,515 — b':juicetin23!juicetin23@juicetin23.tmi.twitch.tv PRIVMSG #boxbox :rabid\r\n'
2022-06-14 09:04:33,984 — b':icitol!icitol@icitol.tmi.twitch.tv PRIVMSG #boxbox :rabid\r\n'
2022-06-14 09:04:34,838 — b':nkkiz!nkkiz@nkkiz.tmi.twitch.tv PRIVMSG #boxbox :rabid\r\n'
2022-06-14 09:04:35,464 — b':bigxberg!bigxberg@bigxberg.tmi.twitch.tv PRIVMSG #boxbox :rabid\r\n'
2022-06-14 09:04:35,774 — b':tetybox!tetybox@tetybox.tmi.twitch.tv PRIVMSG #boxbox ::tf:\r\n'
2022-06-14 09:04:36,338 — b':masterchiief!masterchiief@masterchiief.tmi.twitch.tv PRIVMSG #boxbox :rabid\r\n'
2022-06-14 09:04:37,981 — b':tetybox!tetybox@tetybox.tmi.twitch.tv PRIVMSG #boxbox :rabid\r\n'
2022-06-14 09:04:39,424 — b':naruchi28!naruchi28@naruchi28.tmi.twitch.tv PRIVMSG #boxbox :!song\r\n'
2022-06-14 09:04:40,232 — b':katanauwu!katanauwu@katanauwu.tmi.twitch.tv PRIVMSG #boxbox :rabid\r\n'
2022-06-14 09:04:40,906 — b':boxboxbot!boxboxbot@boxboxbot.tmi.twitch.tv PRIVMSG #boxbox :naruchi28 : Now Playing : YOASOBI - \xe3\x83\x9f\xe3\x82\xb9\xe3\x82\xbf\xe3\x83\xbc\r\n'
2022-06-14 09:04:42,512 — b':meolchu!meolchu@meolchu.tmi.twitch.tv PRIVMSG #boxbox :rabid\r\n'
2022-06-14 09:04:44,661 — b':ghret22!ghret22@ghret22.tmi.twitch.tv PRIVMSG #boxbox :Pog what a wordler Pog\r\n'
2022-06-14 09:04:46,884 — b':mr_bondiola!mr_bondiola@mr_bondiola.tmi.twitch.tv PRIVMSG #boxbox :Pog\r\n'
2022-06-14 09:04:50,723 — b":cyde268!cyde268@cyde268.tmi.twitch.tv PRIVMSG #boxbox :we're too good\r\n"
2022-06-14 09:04:52,642 — b':redjigglypuff!redjigglypuff@redjigglypuff.tmi.twitch.tv PRIVMSG #boxbox :We are so good\r\n'
2022-06-14 09:04:54,279 — b':cyde268!cyde268@cyde268.tmi.twitch.tv PRIVMSG #boxbox :penis\r\n'
2022-06-14 09:04:54,639 — b':masterchiief!masterchiief@masterchiief.tmi.twitch.tv PRIVMSG #boxbox :penis\r\n'
2022-06-14 09:04:56,362 — b':king0fblader!king0fblader@king0fblader.tmi.twitch.tv PRIVMSG #boxbox :spenis\r\n'
2022-06-14 09:04:56,861 — b':tetybox!tetybox@tetybox.tmi.twitch.tv PRIVMSG #boxbox :word.tips goated\r\n'
2022-06-14 09:04:58,093 — b':bdjoraz!bdjoraz@bdjoraz.tmi.twitch.tv PRIVMSG #boxbox :penis\r\n'
2022-06-14 09:04:59,687 — b':redjigglypuff!redjigglypuff@redjigglypuff.tmi.twitch.tv PRIVMSG #boxbox :hentai\r\n'
2022-06-14 09:05:00,199 — b':knxckii21!knxckii21@knxckii21.tmi.twitch.tv PRIVMSG #boxbox :penis\r\n'
2022-06-14 09:05:01,137 — b':icmate!icmate@icmate.tmi.twitch.tv PRIVMSG #boxbox :python\r\n'
2022-06-14 09:05:01,783 — b':naruchi28!naruchi28@naruchi28.tmi.twitch.tv PRIVMSG #boxbox :hentai\r\n'
2022-06-14 09:05:04,057 — b':mr_bondiola!mr_bondiola@mr_bondiola.tmi.twitch.tv PRIVMSG #boxbox :hentai\r\n'
2022-06-14 09:05:04,463 — b':lelouxv2!lelouxv2@lelouxv2.tmi.twitch.tv PRIVMSG #boxbox :mental\r\n'
2022-06-14 09:05:06,065 — b':burgapantz!burgapantz@burgapantz.tmi.twitch.tv PRIVMSG #boxbox :hentai\r\n'
2022-06-14 09:05:07,996 — b':cyde268!cyde268@cyde268.tmi.twitch.tv PRIVMSG #boxbox :hentai\r\n'
2022-06-14 09:05:16,888 — b':enchiko!enchiko@enchiko.tmi.twitch.tv PRIVMSG #boxbox :chat 10/10\r\n'
2022-06-14 09:05:19,717 — b':masterchiief!masterchiief@masterchiief.tmi.twitch.tv PRIVMSG #boxbox :booba\r\n'
2022-06-14 09:05:22,462 — b':seabus_!seabus_@seabus_.tmi.twitch.tv PRIVMSG #boxbox :hentai\r\n'
2022-06-14 09:05:30,936 — b':gcscav!gcscav@gcscav.tmi.twitch.tv PRIVMSG #boxbox :@EnchikO guess I joined at the right time huh\r\n'
2022-06-14 09:05:35,567 — b':redjigglypuff!redjigglypuff@redjigglypuff.tmi.twitch.tv PRIVMSG #boxbox :titles\r\n'
2022-06-14 09:05:36,296 — b':burgapantz!burgapantz@burgapantz.tmi.twitch.tv PRIVMSG #boxbox :tumble\r\n'
2022-06-14 09:05:37,895 — b':timmortallity!timmortallity@timmortallity.tmi.twitch.tv PRIVMSG #boxbox :PartyHat NOT EVERYONE IN CHAT CAN WEAR HAT FeelsGoodMan\r\n'
2022-06-14 09:05:41,806 — b':deadlyxcloud!deadlyxcloud@deadlyxcloud.tmi.twitch.tv PRIVMSG #boxbox :didnt he just went to sleep?\r\n'
2022-06-14 09:05:44,068 — b':masterchiief!masterchiief@masterchiief.tmi.twitch.tv PRIVMSG #boxbox :titties\r\n'
2022-06-14 09:05:44,163 — b':iamclown_246!iamclown_246@iamclown_246.tmi.twitch.tv PRIVMSG #boxbox :titles\r\n'
2022-06-14 09:05:44,625 — b':juicetin23!juicetin23@juicetin23.tmi.twitch.tv PRIVMSG #boxbox :titles\r\n'
2022-06-14 09:05:44,951 — b':bobmarles!bobmarles@bobmarles.tmi.twitch.tv PRIVMSG #boxbox :intern\r\n'
2022-06-14 09:05:45,436 — b':bagelsnmuffins!bagelsnmuffins@bagelsnmuffins.tmi.twitch.tv PRIVMSG #boxbox :tinsel\r\n'
2022-06-14 09:05:45,948 — b':chrono_frost!chrono_frost@chrono_frost.tmi.twitch.tv PRIVMSG #boxbox :TINES\r\n'
2022-06-14 09:05:46,984 — b':cyde268!cyde268@cyde268.tmi.twitch.tv PRIVMSG #boxbox :titles\r\n'
2022-06-14 09:05:47,272 — b':lelouxv2!lelouxv2@lelouxv2.tmi.twitch.tv PRIVMSG #boxbox :titles\r\n'
2022-06-14 09:05:47,492 — b':seabus_!seabus_@seabus_.tmi.twitch.tv PRIVMSG #boxbox :titles\r\n'
2022-06-14 09:05:48,470 — b':king0fblader!king0fblader@king0fblader.tmi.twitch.tv PRIVMSG #boxbox :titles\r\n'
2022-06-14 09:05:49,453 — b':mr_bondiola!mr_bondiola@mr_bondiola.tmi.twitch.tv PRIVMSG #boxbox :PartyHat NOT EVERYONE IN CHAT CAN WEAR HAT FeelsGoodMan\r\n'
2022-06-14 09:05:50,776 — b':knxckii21!knxckii21@knxckii21.tmi.twitch.tv PRIVMSG #boxbox :titles\r\n'
2022-06-14 09:05:54,072 — b':lelouxv2!lelouxv2@lelouxv2.tmi.twitch.tv PRIVMSG #boxbox :tities\r\n'
2022-06-14 09:05:58,728 — b':cyde268!cyde268@cyde268.tmi.twitch.tv PRIVMSG #boxbox :duties\r\n'
2022-06-14 09:06:00,898 — b':juicetin23!juicetin23@juicetin23.tmi.twitch.tv PRIVMSG #boxbox :duties\r\n'
2022-06-14 09:06:02,968 — b':seabus_!seabus_@seabus_.tmi.twitch.tv PRIVMSG #boxbox :duties\r\n'
2022-06-14 09:06:03,308 — b':king0fblader!king0fblader@king0fblader.tmi.twitch.tv PRIVMSG #boxbox :duties\r\n'
2022-06-14 09:06:04,930 — b':masterchiief!masterchiief@masterchiief.tmi.twitch.tv PRIVMSG #boxbox :duties\r\n:iamclown_246!iamclown_246@iamclown_246.tmi.twitch.tv PRIVMSG #boxbox :duties\r\n'
2022-06-14 09:06:05,384 — b':redjigglypuff!redjigglypuff@redjigglypuff.tmi.twitch.tv PRIVMSG #boxbox :duties\r\n'
2022-06-14 09:06:07,534 — b':burgapantz!burgapantz@burgapantz.tmi.twitch.tv PRIVMSG #boxbox :duties\r\n'
2022-06-14 09:06:09,861 — b':deadlyxcloud!deadlyxcloud@deadlyxcloud.tmi.twitch.tv PRIVMSG #boxbox :duties\r\n'
2022-06-14 09:06:15,892 — b':deadlyxcloud!deadlyxcloud@deadlyxcloud.tmi.twitch.tv PRIVMSG #boxbox :cuties\r\n'
2022-06-14 09:06:17,983 — b':masterchiief!masterchiief@masterchiief.tmi.twitch.tv PRIVMSG #boxbox :cuties\r\n'
2022-06-14 09:06:18,820 — b':juicetin23!juicetin23@juicetin23.tmi.twitch.tv PRIVMSG #boxbox :cuties\r\n'
2022-06-14 09:06:19,208 — b':meattrain09!meattrain09@meattrain09.tmi.twitch.tv PRIVMSG #boxbox :cuties\r\n'
2022-06-14 09:06:19,554 — b':bdjoraz!bdjoraz@bdjoraz.tmi.twitch.tv PRIVMSG #boxbox :cuties\r\n'
2022-06-14 09:06:19,918 — b':nkkiz!nkkiz@nkkiz.tmi.twitch.tv PRIVMSG #boxbox :cuties\r\n:redjigglypuff!redjigglypuff@redjigglypuff.tmi.twitch.tv PRIVMSG #boxbox :NOOO\r\n'
2022-06-14 09:06:19,996 — b':matteodesiigner!matteodesiigner@matteodesiigner.tmi.twitch.tv PRIVMSG #boxbox :cuties\r\n'
2022-06-14 09:06:20,074 — b':beetyint!beetyint@beetyint.tmi.twitch.tv PRIVMSG #boxbox :cuties\r\n'
2022-06-14 09:06:20,387 — b':icitol!icitol@icitol.tmi.twitch.tv PRIVMSG #boxbox :cuties\r\n'
2022-06-14 09:06:20,618 — b':burgapantz!burgapantz@burgapantz.tmi.twitch.tv PRIVMSG #boxbox :cuties\r\n'
2022-06-14 09:06:20,855 — b':cyde268!cyde268@cyde268.tmi.twitch.tv PRIVMSG #boxbox :cuties\r\n'
2022-06-14 09:06:21,167 — b':katanauwu!katanauwu@katanauwu.tmi.twitch.tv PRIVMSG #boxbox :FrankenTibbers Annie\r\n'
2022-06-14 09:06:21,324 — b':seabus_!seabus_@seabus_.tmi.twitch.tv PRIVMSG #boxbox :cuties\r\n'
2022-06-14 09:06:22,692 — b':reidanseven!reidanseven@reidanseven.tmi.twitch.tv PRIVMSG #boxbox :cuties AYAYA\r\n:mr_bondiola!mr_bondiola@mr_bondiola.tmi.twitch.tv PRIVMSG #boxbox :AYAYA cuties\r\n:king0fblader!king0fblader@king0fblader.tmi.twitch.tv PRIVMSG #boxbox :cuties\r\n'
2022-06-14 09:06:24,096 — b':lelouxv2!lelouxv2@lelouxv2.tmi.twitch.tv PRIVMSG #boxbox :cuties\r\n'
2022-06-14 09:06:24,486 — b':seabus_!seabus_@seabus_.tmi.twitch.tv PRIVMSG #boxbox :AYAYA\r\n'
2022-06-14 09:06:25,239 — b':jump_violin!jump_violin@jump_violin.tmi.twitch.tv PRIVMSG #boxbox :AYAYA ?\r\n'
2022-06-14 09:06:25,641 — b':cyde268!cyde268@cyde268.tmi.twitch.tv PRIVMSG #boxbox :i was so close\r\n'
2022-06-14 09:06:26,235 — b':bdjoraz!bdjoraz@bdjoraz.tmi.twitch.tv PRIVMSG #boxbox :ayaya\r\n'
2022-06-14 09:06:26,403 — b':masterchiief!masterchiief@masterchiief.tmi.twitch.tv PRIVMSG #boxbox :AYAYA\r\n'
2022-06-14 09:06:26,550 — b':chrono_frost!chrono_frost@chrono_frost.tmi.twitch.tv PRIVMSG #boxbox :doodies FrogO\r\n'
2022-06-14 09:06:26,864 — b':meolchu!meolchu@meolchu.tmi.twitch.tv PRIVMSG #boxbox :!song\r\n'
2022-06-14 09:06:27,021 — b':boxboxbot!boxboxbot@boxboxbot.tmi.twitch.tv PRIVMSG #boxbox :meolchu : Now Playing : Mafumafu - Onnanoko Ni Naritai\r\n'
2022-06-14 09:06:27,528 — b':gcscav!gcscav@gcscav.tmi.twitch.tv PRIVMSG #boxbox :AYAYA\r\n'
2022-06-14 09:06:28,588 — b':s_3th!s_3th@s_3th.tmi.twitch.tv PRIVMSG #boxbox :Cuties\r\n'
2022-06-14 09:06:29,899 — b':cyde268!cyde268@cyde268.tmi.twitch.tv PRIVMSG #boxbox :ayaya\r\n'
2022-06-14 09:06:34,376 — b':cloclover!cloclover@cloclover.tmi.twitch.tv PRIVMSG #boxbox :curies\r\n'
2022-06-14 09:06:35,711 — b':reidanseven!reidanseven@reidanseven.tmi.twitch.tv PRIVMSG #boxbox :DooooooooogLookingSussyAndCute\r\n'
2022-06-14 09:06:36,022 — b':iamclown_246!iamclown_246@iamclown_246.tmi.twitch.tv PRIVMSG #boxbox :cuties\r\n'
2022-06-14 09:06:36,724 — b':katanauwu!katanauwu@katanauwu.tmi.twitch.tv PRIVMSG #boxbox :Franken Tibbers Annie\r\n'
2022-06-14 09:06:43,826 — b':biredoril!biredoril@biredoril.tmi.twitch.tv PRIVMSG #boxbox :chat AYAYA\r\n'
2022-06-14 09:06:44,062 — b':naruchi28!naruchi28@naruchi28.tmi.twitch.tv PRIVMSG #boxbox :cuties AYAYA\r\n'
2022-06-14 09:06:44,228 — b':cyde268!cyde268@cyde268.tmi.twitch.tv PRIVMSG #boxbox :AYAYA\r\n'
2022-06-14 09:06:46,639 — b':asoka751!asoka751@asoka751.tmi.twitch.tv PRIVMSG #boxbox :uwu\r\n'
2022-06-14 09:06:46,718 — b':reidanseven!reidanseven@reidanseven.tmi.twitch.tv PRIVMSG #boxbox :AYAYA\r\n'
2022-06-14 09:06:47,663 — b':jmiffo!jmiffo@jmiffo.tmi.twitch.tv PRIVMSG #boxbox :banks\r\n'
2022-06-14 09:06:47,818 — b':mr_bondiola!mr_bondiola@mr_bondiola.tmi.twitch.tv PRIVMSG #boxbox :AYAYA WE WON\r\n'
2022-06-14 09:06:50,883 — b':meattrain09!meattrain09@meattrain09.tmi.twitch.tv PRIVMSG #boxbox :smegma\r\n'
2022-06-14 09:06:51,118 — b':king0fblader!king0fblader@king0fblader.tmi.twitch.tv PRIVMSG #boxbox :spenis\r\n'
2022-06-14 09:06:51,439 — b':redjigglypuff!redjigglypuff@redjigglypuff.tmi.twitch.tv PRIVMSG #boxbox :AYAYA\r\n'
2022-06-14 09:06:51,530 — b':reidanseven!reidanseven@reidanseven.tmi.twitch.tv PRIVMSG #boxbox :hentai\r\n'
2022-06-14 09:06:52,363 — b':sadge_i_play_amongus!sadge_i_play_amongus@sadge_i_play_amongus.tmi.twitch.tv PRIVMSG #boxbox :AYAYA chills\r\n'
2022-06-14 09:06:52,442 — b':seabus_!seabus_@seabus_.tmi.twitch.tv PRIVMSG #boxbox :hentai\r\n'
2022-06-14 09:06:52,909 — b':naruchi28!naruchi28@naruchi28.tmi.twitch.tv PRIVMSG #boxbox :hentai\r\n'
2022-06-14 09:06:53,065 — b':cyde268!cyde268@cyde268.tmi.twitch.tv PRIVMSG #boxbox :hentai\r\n'
2022-06-14 09:06:54,491 — b':lelouxv2!lelouxv2@lelouxv2.tmi.twitch.tv PRIVMSG #boxbox :hentai\r\n'
2022-06-14 09:06:56,359 — b':burgapantz!burgapantz@burgapantz.tmi.twitch.tv PRIVMSG #boxbox :hentai\r\n'
2022-06-14 09:06:56,672 — b':icmate!icmate@icmate.tmi.twitch.tv PRIVMSG #boxbox :python\r\n'
2022-06-14 09:06:56,986 — b':bdjoraz!bdjoraz@bdjoraz.tmi.twitch.tv PRIVMSG #boxbox :hentai\r\n'
2022-06-14 09:06:57,736 — b':nkkiz!nkkiz@nkkiz.tmi.twitch.tv PRIVMSG #boxbox :hentai\r\n'
2022-06-14 09:06:57,912 — b':sadge_i_play_amongus!sadge_i_play_amongus@sadge_i_play_amongus.tmi.twitch.tv PRIVMSG #boxbox :hentai\r\n'
2022-06-14 09:06:58,207 — b':matteodesiigner!matteodesiigner@matteodesiigner.tmi.twitch.tv PRIVMSG #boxbox :hentai\r\n'
2022-06-14 09:07:00,677 — b':iamclown_246!iamclown_246@iamclown_246.tmi.twitch.tv PRIVMSG #boxbox :hentai\r\n'
2022-06-14 09:07:04,917 — b':masterchiief!masterchiief@masterchiief.tmi.twitch.tv PRIVMSG #boxbox :bayou\r\n'
2022-06-14 09:07:05,296 — b':reidanseven!reidanseven@reidanseven.tmi.twitch.tv PRIVMSG #boxbox :hentai penis\r\n'
2022-06-14 09:07:06,123 — b':redjigglypuff!redjigglypuff@redjigglypuff.tmi.twitch.tv PRIVMSG #boxbox :hentia\r\n'
2022-06-14 09:07:09,734 — b":redjigglypuff!redjigglypuff@redjigglypuff.tmi.twitch.tv PRIVMSG #boxbox :i can't spell\r\n"
2022-06-14 09:07:10,882 — b':katanauwu!katanauwu@katanauwu.tmi.twitch.tv PRIVMSG #boxbox :Franken Tibbers\r\n'
2022-06-14 09:07:13,644 — b':redjigglypuff!redjigglypuff@redjigglypuff.tmi.twitch.tv PRIVMSG #boxbox :3head\r\n'
2022-06-14 09:07:16,006 — b":boxboxbot!boxboxbot@boxboxbot.tmi.twitch.tv PRIVMSG #boxbox :Quotes: Dead  man walkin'.\r\n"
2022-06-14 09:07:18,033 — b':mr_bondiola!mr_bondiola@mr_bondiola.tmi.twitch.tv PRIVMSG #boxbox :Wiggle\r\n'
2022-06-14 09:07:20,773 — b':seabus_!seabus_@seabus_.tmi.twitch.tv PRIVMSG #boxbox :graves\r\n'
2022-06-14 09:07:21,028 — b':cyde268!cyde268@cyde268.tmi.twitch.tv PRIVMSG #boxbox :yo\r\n'
2022-06-14 09:07:21,184 — b':redjigglypuff!redjigglypuff@redjigglypuff.tmi.twitch.tv PRIVMSG #boxbox :lucian\r\n'
2022-06-14 09:07:25,938 — b':boxboxbot!boxboxbot@boxboxbot.tmi.twitch.tv PRIVMSG #boxbox :Congratulations to seabus_ for answering first. +50 points awarded.\r\n'
2022-06-14 09:07:26,662 — b':eeddy_!eeddy_@eeddy_.tmi.twitch.tv PRIVMSG #boxbox :graves\r\n'
2022-06-14 09:07:33,253 — b':benlawson03!benlawson03@benlawson03.tmi.twitch.tv PRIVMSG #boxbox :!song\r\n'
2022-06-14 09:07:33,333 — b':boxboxbot!boxboxbot@boxboxbot.tmi.twitch.tv PRIVMSG #boxbox :benlawson03 : Now Playing : Mafumafu - Onnanoko Ni Naritai\r\n'
2022-06-14 09:07:34,709 — b':matteodesiigner!matteodesiigner@matteodesiigner.tmi.twitch.tv PRIVMSG #boxbox :hammer\r\n'
2022-06-14 09:07:35,383 — b':reidanseven!reidanseven@reidanseven.tmi.twitch.tv PRIVMSG #boxbox :heabven\r\n'
2022-06-14 09:07:35,855 — b':masterchiief!masterchiief@masterchiief.tmi.twitch.tv PRIVMSG #boxbox :happen\r\n'
2022-06-14 09:07:37,655 — b':lelouxv2!lelouxv2@lelouxv2.tmi.twitch.tv PRIVMSG #boxbox :horses\r\n'
2022-06-14 09:07:37,874 — b':reidanseven!reidanseven@reidanseven.tmi.twitch.tv PRIVMSG #boxbox :heaven\r\n'
2022-06-14 09:07:42,218 — b':kelvinle13!kelvinle13@kelvinle13.tmi.twitch.tv PRIVMSG #boxbox :heaven\r\n'
2022-06-14 09:07:42,296 — b':jmiffo!jmiffo@jmiffo.tmi.twitch.tv PRIVMSG #boxbox :handsy\r\n'
2022-06-14 09:07:42,873 — b':king0fblader!king0fblader@king0fblader.tmi.twitch.tv PRIVMSG #boxbox :heaven\r\n'
2022-06-14 09:07:42,966 — b':bigxberg!bigxberg@bigxberg.tmi.twitch.tv PRIVMSG #boxbox :happen\r\n'
2022-06-14 09:07:43,625 — b':burgapantz!burgapantz@burgapantz.tmi.twitch.tv PRIVMSG #boxbox :heaven\r\n'
2022-06-14 09:07:44,478 — b':ghret22!ghret22@ghret22.tmi.twitch.tv PRIVMSG #boxbox :PauseChamp chat i tabbed out to play osu are we still on the 3 guess streak\r\n'
2022-06-14 09:07:44,943 — b':olias1995!olias1995@olias1995.tmi.twitch.tv PRIVMSG #boxbox :heaven\r\n'
2022-06-14 09:07:45,726 — b':eeddy_!eeddy_@eeddy_.tmi.twitch.tv PRIVMSG #boxbox :LMAO\r\n'
2022-06-14 09:07:48,659 — b':kelvinle13!kelvinle13@kelvinle13.tmi.twitch.tv PRIVMSG #boxbox :lol\r\n'
2022-06-14 09:07:49,816 — b':redjigglypuff!redjigglypuff@redjigglypuff.tmi.twitch.tv PRIVMSG #boxbox :LMAOOOOOOOOO\r\n'
2022-06-14 09:07:50,285 — b':bdjoraz!bdjoraz@bdjoraz.tmi.twitch.tv PRIVMSG #boxbox :happen\r\n'
2022-06-14 09:07:51,997 — b':lelouxv2!lelouxv2@lelouxv2.tmi.twitch.tv PRIVMSG #boxbox :heaven\r\n'
2022-06-14 09:07:52,442 — b':nkkiz!nkkiz@nkkiz.tmi.twitch.tv PRIVMSG #boxbox :happen\r\n'
2022-06-14 09:07:52,629 — b':ghret22!ghret22@ghret22.tmi.twitch.tv PRIVMSG #boxbox :hammer\r\n'
2022-06-14 09:07:53,108 — b':biredoril!biredoril@biredoril.tmi.twitch.tv PRIVMSG #boxbox :WutFace\r\n'
2022-06-14 09:07:53,695 — b':reidanseven!reidanseven@reidanseven.tmi.twitch.tv PRIVMSG #boxbox :happen\r\n'
2022-06-14 09:07:54,405 — b':biredoril!biredoril@biredoril.tmi.twitch.tv PRIVMSG #boxbox :heaven\r\n'
2022-06-14 09:07:55,081 — b':burgapantz!burgapantz@burgapantz.tmi.twitch.tv PRIVMSG #boxbox :happen\r\n'
2022-06-14 09:07:55,972 — b':ghret22!ghret22@ghret22.tmi.twitch.tv PRIVMSG #boxbox :no r\r\n'
2022-06-14 09:07:56,289 — b':redjigglypuff!redjigglypuff@redjigglypuff.tmi.twitch.tv PRIVMSG #boxbox :heaven\r\n'
2022-06-14 09:07:57,696 — b':king0fblader!king0fblader@king0fblader.tmi.twitch.tv PRIVMSG #boxbox :happen\r\n'
2022-06-14 09:07:58,142 — b':icmate!icmate@icmate.tmi.twitch.tv PRIVMSG #boxbox :happen\r\n'
2022-06-14 09:08:00,042 — b':matteodesiigner!matteodesiigner@matteodesiigner.tmi.twitch.tv PRIVMSG #boxbox :happen\r\n'
2022-06-14 09:08:00,605 — b':masterchiief!masterchiief@masterchiief.tmi.twitch.tv PRIVMSG #boxbox :heaven\r\n'
2022-06-14 09:08:00,998 — b':enchiko!enchiko@enchiko.tmi.twitch.tv PRIVMSG #boxbox :Hotpot\r\n'
2022-06-14 09:08:01,444 — b':cyde268!cyde268@cyde268.tmi.twitch.tv PRIVMSG #boxbox :happen\r\n'
2022-06-14 09:08:03,988 — b':cozyssbm!cozyssbm@cozyssbm.tmi.twitch.tv PRIVMSG #boxbox :trying to play this colorblind is imposible Sadge\r\n'
2022-06-14 09:08:04,752 — b':ghret22!ghret22@ghret22.tmi.twitch.tv PRIVMSG #boxbox :happen\r\n'
2022-06-14 09:08:06,975 — b':mr_bondiola!mr_bondiola@mr_bondiola.tmi.twitch.tv PRIVMSG #boxbox :happen\r\n'
2022-06-14 09:08:08,315 — b':voyrenwar!voyrenwar@voyrenwar.tmi.twitch.tv PRIVMSG #boxbox :hunter\r\n'
2022-06-14 09:08:08,626 — b':enchiko!enchiko@enchiko.tmi.twitch.tv PRIVMSG #boxbox :hotpot\r\n'
2022-06-14 09:08:11,090 — b':redjigglypuff!redjigglypuff@redjigglypuff.tmi.twitch.tv PRIVMSG #boxbox :happen\r\n'
2022-06-14 09:08:12,673 — b':bigxberg!bigxberg@bigxberg.tmi.twitch.tv PRIVMSG #boxbox :FailFish\r\n'
2022-06-14 09:08:12,828 — b':kelvinle13!kelvinle13@kelvinle13.tmi.twitch.tv PRIVMSG #boxbox :happen\r\n'
2022-06-14 09:08:13,061 — b':cyde268!cyde268@cyde268.tmi.twitch.tv PRIVMSG #boxbox :ah\r\n'
2022-06-14 09:08:13,403 — b':reidanseven!reidanseven@reidanseven.tmi.twitch.tv PRIVMSG #boxbox :happen \xf3\xa0\x80\x80\r\n'
2022-06-14 09:08:14,151 — b':cyde268!cyde268@cyde268.tmi.twitch.tv PRIVMSG #boxbox :happen\r\n'
2022-06-14 09:08:14,543 — b':nkkiz!nkkiz@nkkiz.tmi.twitch.tv PRIVMSG #boxbox :happen .\r\n'
2022-06-14 09:08:16,915 — b':lelouxv2!lelouxv2@lelouxv2.tmi.twitch.tv PRIVMSG #boxbox :happen\r\n'
2022-06-14 09:08:18,316 — b':nkkiz!nkkiz@nkkiz.tmi.twitch.tv PRIVMSG #boxbox :happen\r\n'
2022-06-14 09:08:18,597 — b':kalaseer!kalaseer@kalaseer.tmi.twitch.tv PRIVMSG #boxbox :heaven\r\n'
2022-06-14 09:08:21,960 — b':biredoril!biredoril@biredoril.tmi.twitch.tv PRIVMSG #boxbox :happen\r\n'
2022-06-14 09:08:23,192 — b':olias1995!olias1995@olias1995.tmi.twitch.tv PRIVMSG #boxbox :happen\r\n'
2022-06-14 09:08:24,855 — b':bdjoraz!bdjoraz@bdjoraz.tmi.twitch.tv PRIVMSG #boxbox :writing heaven ICANT\r\n'
2022-06-14 09:08:25,161 — b':voyrenwar!voyrenwar@voyrenwar.tmi.twitch.tv PRIVMSG #boxbox :happen\r\n'
2022-06-14 09:08:25,629 — b':love_ife!love_ife@love_ife.tmi.twitch.tv PRIVMSG #boxbox :happen\r\n'
2022-06-14 09:08:26,389 — b':malakato13!malakato13@malakato13.tmi.twitch.tv PRIVMSG #boxbox :pogger\r\n'
2022-06-14 09:08:27,138 — b':iamclown_246!iamclown_246@iamclown_246.tmi.twitch.tv PRIVMSG #boxbox :happen\r\n'
2022-06-14 09:08:31,791 — b':bigxberg!bigxberg@bigxberg.tmi.twitch.tv PRIVMSG #boxbox :happen\r\n'
2022-06-14 09:08:34,648 — b':masterchiief!masterchiief@masterchiief.tmi.twitch.tv PRIVMSG #boxbox :AYAYA\r\n'
2022-06-14 09:08:34,816 — b':dani_kha!dani_kha@dani_kha.tmi.twitch.tv PRIVMSG #boxbox :happen\r\n'
2022-06-14 09:08:35,047 — b':andruwumon!andruwumon@andruwumon.tmi.twitch.tv PRIVMSG #boxbox :!tft\r\n'
2022-06-14 09:08:35,359 — b':nightbot!nightbot@nightbot.tmi.twitch.tv PRIVMSG #boxbox :https://lolchess.gg/profile/na/gloopsrpog | https://lolchess.gg/profile/na/dlesofcutscene |\r\n'
2022-06-14 09:08:35,688 — b':reidanseven!reidanseven@reidanseven.tmi.twitch.tv PRIVMSG #boxbox :EZ\r\n'
2022-06-14 09:08:36,481 — b':masterchiief!masterchiief@masterchiief.tmi.twitch.tv PRIVMSG #boxbox :it happened\r\n'
2022-06-14 09:08:44,830 — b':lelouxv2!lelouxv2@lelouxv2.tmi.twitch.tv PRIVMSG #boxbox :hentai\r\n'
2022-06-14 09:08:44,985 — b':king0fblader!king0fblader@king0fblader.tmi.twitch.tv PRIVMSG #boxbox :spenis\r\n'
2022-06-14 09:08:46,819 — b':burgapantz!burgapantz@burgapantz.tmi.twitch.tv PRIVMSG #boxbox :hentai\r\n'
2022-06-14 09:08:47,338 — b':icmate!icmate@icmate.tmi.twitch.tv PRIVMSG #boxbox :lucian\r\n'
2022-06-14 09:08:48,181 — b':masterchiief!masterchiief@masterchiief.tmi.twitch.tv PRIVMSG #boxbox :BOOBAS\r\n'
2022-06-14 09:08:49,682 — b':iamclown_246!iamclown_246@iamclown_246.tmi.twitch.tv PRIVMSG #boxbox :hentai\r\n'
2022-06-14 09:08:49,789 — b':redjigglypuff!redjigglypuff@redjigglypuff.tmi.twitch.tv PRIVMSG #boxbox :hentai\r\n'
2022-06-14 09:08:51,238 — b':malakato13!malakato13@malakato13.tmi.twitch.tv PRIVMSG #boxbox :hentai\r\n'
2022-06-14 09:08:51,578 — b':kelvinle13!kelvinle13@kelvinle13.tmi.twitch.tv PRIVMSG #boxbox :hentai\r\n'
2022-06-14 09:08:51,961 — b':love_ife!love_ife@love_ife.tmi.twitch.tv PRIVMSG #boxbox :hentai\r\n'
2022-06-14 09:08:52,548 — b':olias1995!olias1995@olias1995.tmi.twitch.tv PRIVMSG #boxbox :hentai\r\n'
2022-06-14 09:08:52,706 — b':cyde268!cyde268@cyde268.tmi.twitch.tv PRIVMSG #boxbox :hentai\r\n'
2022-06-14 09:08:53,563 — b':matteodesiigner!matteodesiigner@matteodesiigner.tmi.twitch.tv PRIVMSG #boxbox :hentai\r\n'
2022-06-14 09:08:56,039 — b':voyrenwar!voyrenwar@voyrenwar.tmi.twitch.tv PRIVMSG #boxbox :lucian\r\n'
2022-06-14 09:08:56,964 — b':reidanseven!reidanseven@reidanseven.tmi.twitch.tv PRIVMSG #boxbox :hentai\r\n'
2022-06-14 09:08:57,277 — b':nkkiz!nkkiz@nkkiz.tmi.twitch.tv PRIVMSG #boxbox :hentai\r\n'
2022-06-14 09:08:59,585 — b':cozyssbm!cozyssbm@cozyssbm.tmi.twitch.tv PRIVMSG #boxbox :hentai\r\n'
2022-06-14 09:09:12,746 — b':n0knee_!n0knee_@n0knee_.tmi.twitch.tv PRIVMSG #boxbox :i love this chat hi everyone Wave\r\n'
2022-06-14 09:09:23,764 — b':cyde268!cyde268@cyde268.tmi.twitch.tv PRIVMSG #boxbox :titles\r\n'
2022-06-14 09:09:26,993 — b':redjigglypuff!redjigglypuff@redjigglypuff.tmi.twitch.tv PRIVMSG #boxbox :mitten\r\n'
2022-06-14 09:09:27,087 — b':bigxberg!bigxberg@bigxberg.tmi.twitch.tv PRIVMSG #boxbox :timber\r\n'
2022-06-14 09:09:29,136 — b':heartofwar999!heartofwar999@heartofwar999.tmi.twitch.tv PRIVMSG #boxbox :tickle\r\n'
2022-06-14 09:09:31,039 — b':olias1995!olias1995@olias1995.tmi.twitch.tv PRIVMSG #boxbox :titels\r\n'
2022-06-14 09:09:32,866 — b':icmate!icmate@icmate.tmi.twitch.tv PRIVMSG #boxbox :timber\r\n'
2022-06-14 09:09:33,406 — b':masterchiief!masterchiief@masterchiief.tmi.twitch.tv PRIVMSG #boxbox :tinder\r\n'
2022-06-14 09:09:34,107 — b':king0fblader!king0fblader@king0fblader.tmi.twitch.tv PRIVMSG #boxbox :titles\r\n'
2022-06-14 09:09:34,184 — b':uncagedfury_78!uncagedfury_78@uncagedfury_78.tmi.twitch.tv PRIVMSG #boxbox :farce\r\n'
2022-06-14 09:09:36,083 — b':lelouxv2!lelouxv2@lelouxv2.tmi.twitch.tv PRIVMSG #boxbox :tickle\r\n'
2022-06-14 09:09:46,253 — b':olias1995!olias1995@olias1995.tmi.twitch.tv PRIVMSG #boxbox :titles\r\n'
2022-06-14 09:09:47,795 — b':eeddy_!eeddy_@eeddy_.tmi.twitch.tv PRIVMSG #boxbox :tickle FLUSH\r\n'
2022-06-14 09:09:55,038 — b':uncagedfury_78!uncagedfury_78@uncagedfury_78.tmi.twitch.tv PRIVMSG #boxbox :quote\r\n'
2022-06-14 09:09:57,080 — b':masterchiief!masterchiief@masterchiief.tmi.twitch.tv PRIVMSG #boxbox :cities\r\n'
2022-06-14 09:09:58,738 — b':cyde268!cyde268@cyde268.tmi.twitch.tv PRIVMSG #boxbox :quotes\r\n'
2022-06-14 09:10:00,304 — b':carrowmore!carrowmore@carrowmore.tmi.twitch.tv PRIVMSG #boxbox :titles\r\n'
2022-06-14 09:10:05,816 — b':nkkiz!nkkiz@nkkiz.tmi.twitch.tv PRIVMSG #boxbox :cuties\r\n'
2022-06-14 09:10:05,932 — b':uncagedfury_78!uncagedfury_78@uncagedfury_78.tmi.twitch.tv PRIVMSG #boxbox :quotes\r\n'
2022-06-14 09:10:06,067 — b':masterchiief!masterchiief@masterchiief.tmi.twitch.tv PRIVMSG #boxbox :cuties\r\n'
2022-06-14 09:10:06,750 — b':cozyssbm!cozyssbm@cozyssbm.tmi.twitch.tv PRIVMSG #boxbox :cuties\r\n'
2022-06-14 09:10:07,283 — b':cyde268!cyde268@cyde268.tmi.twitch.tv PRIVMSG #boxbox :cuties\r\n'
2022-06-14 09:10:07,883 — b':iamclown_246!iamclown_246@iamclown_246.tmi.twitch.tv PRIVMSG #boxbox :cuties\r\n'
2022-06-14 09:10:09,272 — b':cyde268!cyde268@cyde268.tmi.twitch.tv PRIVMSG #boxbox :AYAYA\r\n'
2022-06-14 09:10:09,543 — b':reidanseven!reidanseven@reidanseven.tmi.twitch.tv PRIVMSG #boxbox :cuties AYAYA\r\n'
2022-06-14 09:10:10,049 — b':biredoril!biredoril@biredoril.tmi.twitch.tv PRIVMSG #boxbox :cuties\r\n'
2022-06-14 09:10:10,343 — b':kudryavka2409!kudryavka2409@kudryavka2409.tmi.twitch.tv PRIVMSG #boxbox :cuties\r\n'
2022-06-14 09:10:10,535 — b':king0fblader!king0fblader@king0fblader.tmi.twitch.tv PRIVMSG #boxbox :cuties\r\n'
2022-06-14 09:10:10,780 — b':bigxberg!bigxberg@bigxberg.tmi.twitch.tv PRIVMSG #boxbox :?????\r\n'
2022-06-14 09:10:10,866 — b':burgapantz!burgapantz@burgapantz.tmi.twitch.tv PRIVMSG #boxbox :cuties\r\n'
2022-06-14 09:10:11,120 — b':matteodesiigner!matteodesiigner@matteodesiigner.tmi.twitch.tv PRIVMSG #boxbox :cuties again? ?\r\n'
2022-06-14 09:10:12,105 — b':bdjoraz!bdjoraz@bdjoraz.tmi.twitch.tv PRIVMSG #boxbox :cuties AYAYA\r\n'
2022-06-14 09:10:12,154 — b':biredoril!biredoril@biredoril.tmi.twitch.tv PRIVMSG #boxbox :AYAYA\r\n'
2022-06-14 09:10:12,656 — b':asiann1nja!asiann1nja@asiann1nja.tmi.twitch.tv PRIVMSG #boxbox :cuties\r\n'
2022-06-14 09:10:13,326 — b':kudryavka2409!kudryavka2409@kudryavka2409.tmi.twitch.tv PRIVMSG #boxbox :AYAYA\r\n'
2022-06-14 09:10:13,411 — b':eeddy_!eeddy_@eeddy_.tmi.twitch.tv PRIVMSG #boxbox :cuties AYAYA\r\n'
2022-06-14 09:10:13,620 — b":boxboxbot!boxboxbot@boxboxbot.tmi.twitch.tv PRIVMSG #boxbox :Quotes:  Who's  there? Garen  who?  ...Yeah,  I  guess  he DOES say  that a  lot.\r\n:matteodesiigner!matteodesiigner@matteodesiigner.tmi.twitch.tv PRIVMSG #boxbox ::(\r\n:katanauwu!katanauwu@katanauwu.tmi.twitch.tv PRIVMSG #boxbox :cuties\r\n"
2022-06-14 09:10:14,118 — b':redjigglypuff!redjigglypuff@redjigglypuff.tmi.twitch.tv PRIVMSG #boxbox :cuties AYAYA\r\n'
2022-06-14 09:10:14,508 — b':cozyssbm!cozyssbm@cozyssbm.tmi.twitch.tv PRIVMSG #boxbox :AYAYA\r\n'
2022-06-14 09:10:15,210 — b':love_ife!love_ife@love_ife.tmi.twitch.tv PRIVMSG #boxbox :cuties\r\n:kelvinle13!kelvinle13@kelvinle13.tmi.twitch.tv PRIVMSG #boxbox :cuties AYAYA\r\n'
2022-06-14 09:10:15,587 — b':masterchiief!masterchiief@masterchiief.tmi.twitch.tv PRIVMSG #boxbox :AYAYA\r\n'
2022-06-14 09:10:16,033 — b':mr_bondiola!mr_bondiola@mr_bondiola.tmi.twitch.tv PRIVMSG #boxbox :AYAYA\r\n'
2022-06-14 09:10:16,699 — b':kitkatbar!kitkatbar@kitkatbar.tmi.twitch.tv PRIVMSG #boxbox :AYAYA\r\n'
2022-06-14 09:10:16,830 — b':cyde268!cyde268@cyde268.tmi.twitch.tv PRIVMSG #boxbox :cuties again AYAYA\r\n'
2022-06-14 09:10:17,915 — b':katanauwu!katanauwu@katanauwu.tmi.twitch.tv PRIVMSG #boxbox :BOOBA\r\n'
2022-06-14 09:10:19,149 — b':reidanseven!reidanseven@reidanseven.tmi.twitch.tv PRIVMSG #boxbox :AYAYA\r\n'
2022-06-14 09:10:20,449 — b':redjigglypuff!redjigglypuff@redjigglypuff.tmi.twitch.tv PRIVMSG #boxbox :quinn\r\n'
2022-06-14 09:10:20,778 — b':bigxberg!bigxberg@bigxberg.tmi.twitch.tv PRIVMSG #boxbox :CUTIES ALWAYS WIN AYAYA\r\n'
2022-06-14 09:10:21,074 — b':carrowmore!carrowmore@carrowmore.tmi.twitch.tv PRIVMSG #boxbox :AYAYA\r\n'
2022-06-14 09:10:23,581 — b':dani_kha!dani_kha@dani_kha.tmi.twitch.tv PRIVMSG #boxbox :cuties\r\n'
2022-06-14 09:10:25,588 — b':boxboxbot!boxboxbot@boxboxbot.tmi.twitch.tv PRIVMSG #boxbox :Congratulations to redjigglypuff for answering first. +50 points awarded.\r\n'
2022-06-14 09:10:25,826 — b":biredoril!biredoril@biredoril.tmi.twitch.tv PRIVMSG #boxbox :it's chat AYAYA\r\n"
2022-06-14 09:10:26,469 — b':asiann1nja!asiann1nja@asiann1nja.tmi.twitch.tv PRIVMSG #boxbox :AYAYA\r\n'
