2022-06-09 15:56:49,764 — b':tmi.twitch.tv 001 twitch_pioneers :Welcome, GLHF!\r\n:tmi.twitch.tv 002 twitch_pioneers :Your host is tmi.twitch.tv\r\n:tmi.twitch.tv 003 twitch_pioneers :This server is rather new\r\n:tmi.twitch.tv 004 twitch_pioneers :-\r\n:tmi.twitch.tv 375 twitch_pioneers :-\r\n:tmi.twitch.tv 372 twitch_pioneers :You are in a maze of twisty passages, all alike.\r\n:tmi.twitch.tv 376 twitch_pioneers :>\r\n'
2022-06-09 15:56:49,802 — b':twitch_pioneers!twitch_pioneers@twitch_pioneers.tmi.twitch.tv JOIN #cloakzy\r\n:twitch_pioneers.tmi.twitch.tv 353 twitch_pioneers = #cloakzy :twitch_pioneers\r\n:twitch_pioneers.tmi.twitch.tv 366 twitch_pioneers #cloakzy :End of /NAMES list\r\n'
2022-06-09 15:56:52,388 — b':spooomm!spooomm@spooomm.tmi.twitch.tv PRIVMSG #cloakzy :I got sick in December and am only just now fully recovered I missed over 65 days of school\r\n'
2022-06-09 15:56:52,527 — b':socio1319!socio1319@socio1319.tmi.twitch.tv PRIVMSG #cloakzy :!rp\r\n'
2022-06-09 15:56:54,741 — b':nightbot!nightbot@nightbot.tmi.twitch.tv PRIVMSG #cloakzy := RP Stats = | Current Amount: 14,956 RP || 323 RP has been gained this session. | [Updated 0 secs  ago] (- Powered by TwitchApexStats.com -)\r\n'
2022-06-09 15:56:58,572 — b':tjgruehs!tjgruehs@tjgruehs.tmi.twitch.tv PRIVMSG #cloakzy :@Pr11me_ You buy i eat\r\n'
2022-06-09 15:57:02,695 — b':i7amanyq8!i7amanyq8@i7amanyq8.tmi.twitch.tv PRIVMSG #cloakzy :how many days are you staying in the hospital for the sergery?\r\n'
2022-06-09 15:57:09,957 — b':defnotzak!defnotzak@defnotzak.tmi.twitch.tv PRIVMSG #cloakzy :except no one has said anything about bats. chat is talking about seafood and fruit.\r\n'
2022-06-09 15:57:14,286 — b':pr11me_!pr11me_@pr11me_.tmi.twitch.tv PRIVMSG #cloakzy :@TJgruehs WYA?\r\n'
2022-06-09 15:57:15,507 — b':fatboijimmyttv!fatboijimmyttv@fatboijimmyttv.tmi.twitch.tv PRIVMSG #cloakzy :what color settings do you have? your colors are so vibrant\r\n'
2022-06-09 15:57:16,350 — b":danny_silk!danny_silk@danny_silk.tmi.twitch.tv PRIVMSG #cloakzy :I mean where I'm from people eat fried bull testicles so I can't judge anyone\r\n"
2022-06-09 15:57:16,488 — b':firefi9hter9940!firefi9hter9940@firefi9hter9940.tmi.twitch.tv PRIVMSG #cloakzy :was yesterday mad Maggie pushed yall\r\n'
2022-06-09 15:57:22,595 — b':supatec!supatec@supatec.tmi.twitch.tv PRIVMSG #cloakzy :lol surgery ****\r\n'
2022-06-09 15:57:29,298 — b':bcost55!bcost55@bcost55.tmi.twitch.tv PRIVMSG #cloakzy :cloak hates eating that lol\r\n'
2022-06-09 15:57:29,459 — b':tjgruehs!tjgruehs@tjgruehs.tmi.twitch.tv PRIVMSG #cloakzy :Dick enlargement is a 10  day stay no matter what\r\n'
2022-06-09 15:57:37,034 — b':problymfm!problymfm@problymfm.tmi.twitch.tv PRIVMSG #cloakzy :where did the holes in the stomach come from?\r\n'
2022-06-09 15:57:40,817 — b':oghellvis!oghellvis@oghellvis.tmi.twitch.tv PRIVMSG #cloakzy :ngl a cup of bone broth would make that plate of food straight gas\r\n'
2022-06-09 15:57:48,240 — b':tjgruehs!tjgruehs@tjgruehs.tmi.twitch.tv PRIVMSG #cloakzy :@Pr11me_ IN nebraska middle of nowhere lol\r\n'
2022-06-09 15:58:08,676 — b':supatec!supatec@supatec.tmi.twitch.tv PRIVMSG #cloakzy :jus found out my girl of 8 years cheated on me i really think ima kill this bitch lol\r\n'
2022-06-09 15:58:13,863 — b':x_fidel_cashflow!x_fidel_cashflow@x_fidel_cashflow.tmi.twitch.tv PRIVMSG #cloakzy :@jamiller22 bro just saw I got one of your gifted, thanks homie \xf0\x9f\x99\x8f\xf0\x9f\x8f\xbc\xf0\x9f\x99\x8f\xf0\x9f\x8f\xbc\r\n'
2022-06-09 15:58:27,099 — b':pr11me_!pr11me_@pr11me_.tmi.twitch.tv PRIVMSG #cloakzy :@TJgruehs I doubt you have Takoyaki in your area LOL. but if you come close to a Japanese market or asian market they have it in the frozen area\r\n'
2022-06-09 15:58:30,821 — b":bslayer95!bslayer95@bslayer95.tmi.twitch.tv PRIVMSG #cloakzy :I thought clocky was getting a dick reduction bc he's tired of getting knees hit all the time\r\n"
2022-06-09 15:58:33,536 — b':defnotzak!defnotzak@defnotzak.tmi.twitch.tv PRIVMSG #cloakzy :just kick her out. she belongs to the streets.\r\n'
2022-06-09 15:59:02,232 — b':supatec!supatec@supatec.tmi.twitch.tv PRIVMSG #cloakzy :na i got video of me clapping her best friend ima jus torture her\r\n'
2022-06-09 15:59:04,889 — b':tjgruehs!tjgruehs@tjgruehs.tmi.twitch.tv PRIVMSG #cloakzy :every year where im from they have a " Testical festival" Down in ashland, nebraska. you can get anything from bull testicals to squirelle\r\n'
2022-06-09 15:59:07,096 — b':plentybadapples!plentybadapples@plentybadapples.tmi.twitch.tv PRIVMSG #cloakzy :@SupaTec Not worth it my dude. Plenty of fish in the sea\r\n'
2022-06-09 15:59:15,107 — b':pr11me_!pr11me_@pr11me_.tmi.twitch.tv PRIVMSG #cloakzy :Supa your hand doesnt count as your girlfriend\r\n'
2022-06-09 15:59:21,688 — b':slimcarry!slimcarry@slimcarry.tmi.twitch.tv PRIVMSG #cloakzy :!settings\r\n'
2022-06-09 15:59:21,883 — b":nightbot!nightbot@nightbot.tmi.twitch.tv PRIVMSG #cloakzy :CLOAKZY'S COD MW (keybinds are default 400 DPI) -> https://clips.twitch.tv/MoistZealousHareDatSheffy --- !halosettings !apexsettings\r\n"
2022-06-09 15:59:26,676 — b':the_rabid_weasel!the_rabid_weasel@the_rabid_weasel.tmi.twitch.tv PRIVMSG #cloakzy :...so you cheated first?\r\n'
2022-06-09 15:59:26,750 — b':supatec!supatec@supatec.tmi.twitch.tv PRIVMSG #cloakzy :lmaoo\r\n'
2022-06-09 15:59:27,218 — b':tjgruehs!tjgruehs@tjgruehs.tmi.twitch.tv PRIVMSG #cloakzy :I obviously cant spell either\r\n'
2022-06-09 15:59:31,353 — b':duderomski!duderomski@duderomski.tmi.twitch.tv PRIVMSG #cloakzy :@SupaTec so why you mad?\r\n'
2022-06-09 15:59:32,851 — b":the_rabid_weasel!the_rabid_weasel@the_rabid_weasel.tmi.twitch.tv PRIVMSG #cloakzy :chat fuckin' weird\r\n"
2022-06-09 15:59:45,857 — b':duderomski!duderomski@duderomski.tmi.twitch.tv PRIVMSG #cloakzy :that sounds like a disfunctional relationship\r\n'
2022-06-09 15:59:46,674 — b':defnotzak!defnotzak@defnotzak.tmi.twitch.tv PRIVMSG #cloakzy :fr\r\n'
2022-06-09 16:02:00,505 — b':tmi.twitch.tv 001 twitch_pioneers :Welcome, GLHF!\r\n:tmi.twitch.tv 002 twitch_pioneers :Your host is tmi.twitch.tv\r\n:tmi.twitch.tv 003 twitch_pioneers :This server is rather new\r\n:tmi.twitch.tv 004 twitch_pioneers :-\r\n:tmi.twitch.tv 375 twitch_pioneers :-\r\n:tmi.twitch.tv 372 twitch_pioneers :You are in a maze of twisty passages, all alike.\r\n:tmi.twitch.tv 376 twitch_pioneers :>\r\n'
2022-06-09 16:02:00,505 — b':tmi.twitch.tv 001 twitch_pioneers :Welcome, GLHF!\r\n:tmi.twitch.tv 002 twitch_pioneers :Your host is tmi.twitch.tv\r\n:tmi.twitch.tv 003 twitch_pioneers :This server is rather new\r\n:tmi.twitch.tv 004 twitch_pioneers :-\r\n:tmi.twitch.tv 375 twitch_pioneers :-\r\n:tmi.twitch.tv 372 twitch_pioneers :You are in a maze of twisty passages, all alike.\r\n:tmi.twitch.tv 376 twitch_pioneers :>\r\n'
2022-06-09 16:02:00,543 — b':twitch_pioneers!twitch_pioneers@twitch_pioneers.tmi.twitch.tv JOIN #cloakzy\r\n'
2022-06-09 16:02:00,543 — b':twitch_pioneers!twitch_pioneers@twitch_pioneers.tmi.twitch.tv JOIN #cloakzy\r\n'
2022-06-09 16:02:02,663 — b':twitch_pioneers.tmi.twitch.tv 353 twitch_pioneers = #cloakzy :twitch_pioneers\r\n:twitch_pioneers.tmi.twitch.tv 366 twitch_pioneers #cloakzy :End of /NAMES list\r\n'
2022-06-09 16:02:02,663 — b':twitch_pioneers.tmi.twitch.tv 353 twitch_pioneers = #cloakzy :twitch_pioneers\r\n:twitch_pioneers.tmi.twitch.tv 366 twitch_pioneers #cloakzy :End of /NAMES list\r\n'
2022-06-09 16:02:09,831 — b':supatec!supatec@supatec.tmi.twitch.tv PRIVMSG #cloakzy :bro not literally guna kill her lmao\r\n'
2022-06-09 16:02:09,831 — b':supatec!supatec@supatec.tmi.twitch.tv PRIVMSG #cloakzy :bro not literally guna kill her lmao\r\n'
2022-06-09 16:02:21,525 — b':gdtzar!gdtzar@gdtzar.tmi.twitch.tv PRIVMSG #cloakzy :bro she was slobbing on my knob real good, and then this one time it slipped out and she put it back in @SupaTec\r\n'
2022-06-09 16:02:21,525 — b':gdtzar!gdtzar@gdtzar.tmi.twitch.tv PRIVMSG #cloakzy :bro she was slobbing on my knob real good, and then this one time it slipped out and she put it back in @SupaTec\r\n'
2022-06-09 16:02:26,874 — b':supatec!supatec@supatec.tmi.twitch.tv PRIVMSG #cloakzy :@oghellvis facts\r\n'
2022-06-09 16:02:26,874 — b':supatec!supatec@supatec.tmi.twitch.tv PRIVMSG #cloakzy :@oghellvis facts\r\n'
2022-06-09 16:02:30,076 — b':tjgruehs!tjgruehs@tjgruehs.tmi.twitch.tv PRIVMSG #cloakzy :Go bang her friend, if life was a game of chess thats the next move\r\n'
2022-06-09 16:02:30,076 — b':tjgruehs!tjgruehs@tjgruehs.tmi.twitch.tv PRIVMSG #cloakzy :Go bang her friend, if life was a game of chess thats the next move\r\n'
2022-06-09 16:02:40,654 — b':supatec!supatec@supatec.tmi.twitch.tv PRIVMSG #cloakzy :that\xe2\x80\x99s od lit\r\n'
2022-06-09 16:02:40,654 — b':supatec!supatec@supatec.tmi.twitch.tv PRIVMSG #cloakzy :that\xe2\x80\x99s od lit\r\n'
2022-06-09 16:02:41,371 — b':dewdflower!dewdflower@dewdflower.tmi.twitch.tv PRIVMSG #cloakzy :almost half the lobby in the last ring? YEP\r\n'
2022-06-09 16:02:41,371 — b':dewdflower!dewdflower@dewdflower.tmi.twitch.tv PRIVMSG #cloakzy :almost half the lobby in the last ring? YEP\r\n'
2022-06-09 16:02:44,238 — b':gdtzar!gdtzar@gdtzar.tmi.twitch.tv PRIVMSG #cloakzy :in game ofcourse, my mine craft knob\r\n'
2022-06-09 16:02:44,238 — b':gdtzar!gdtzar@gdtzar.tmi.twitch.tv PRIVMSG #cloakzy :in game ofcourse, my mine craft knob\r\n'
2022-06-09 16:02:47,515 — b':defnotzak!defnotzak@defnotzak.tmi.twitch.tv PRIVMSG #cloakzy :@tjgruehs he allegedly already did\r\n'
2022-06-09 16:02:47,515 — b':defnotzak!defnotzak@defnotzak.tmi.twitch.tv PRIVMSG #cloakzy :@tjgruehs he allegedly already did\r\n'
2022-06-09 16:02:52,431 — b':sheeeeshhhh!sheeeeshhhh@sheeeeshhhh.tmi.twitch.tv PRIVMSG #cloakzy :cloakB cloakB cloakB cloakB cloakB cloakB cloakB cloakB cloakB cloakB cloakB cloakB cloakB cloakB cloakB cloakB cloakB cloakB cloakB cloakB cloakB\r\n'
2022-06-09 16:02:52,431 — b':sheeeeshhhh!sheeeeshhhh@sheeeeshhhh.tmi.twitch.tv PRIVMSG #cloakzy :cloakB cloakB cloakB cloakB cloakB cloakB cloakB cloakB cloakB cloakB cloakB cloakB cloakB cloakB cloakB cloakB cloakB cloakB cloakB cloakB cloakB\r\n'
2022-06-09 16:03:18,694 — b':supatec!supatec@supatec.tmi.twitch.tv PRIVMSG #cloakzy :lmao\r\n'
2022-06-09 16:03:18,694 — b':supatec!supatec@supatec.tmi.twitch.tv PRIVMSG #cloakzy :lmao\r\n'
2022-06-09 16:03:24,888 — b':tjgruehs!tjgruehs@tjgruehs.tmi.twitch.tv PRIVMSG #cloakzy :@DefNotZak Doubts i have, The force is not strong with this one\r\n'
2022-06-09 16:03:24,888 — b':tjgruehs!tjgruehs@tjgruehs.tmi.twitch.tv PRIVMSG #cloakzy :@DefNotZak Doubts i have, The force is not strong with this one\r\n'
2022-06-09 16:04:07,695 — b':bonezyz!bonezyz@bonezyz.tmi.twitch.tv PRIVMSG #cloakzy :MY MONEY DONT JIGGLE JIGGLE\r\n'
2022-06-09 16:04:07,695 — b':bonezyz!bonezyz@bonezyz.tmi.twitch.tv PRIVMSG #cloakzy :MY MONEY DONT JIGGLE JIGGLE\r\n'
2022-06-09 16:04:14,864 — b':civguy172!civguy172@civguy172.tmi.twitch.tv PRIVMSG #cloakzy :holy fuck that ult movement\r\n'
2022-06-09 16:04:14,864 — b':civguy172!civguy172@civguy172.tmi.twitch.tv PRIVMSG #cloakzy :holy fuck that ult movement\r\n'
2022-06-09 16:04:19,563 — b':nobrain0ctane!nobrain0ctane@nobrain0ctane.tmi.twitch.tv PRIVMSG #cloakzy :how did he just live\r\n'
2022-06-09 16:04:19,563 — b':nobrain0ctane!nobrain0ctane@nobrain0ctane.tmi.twitch.tv PRIVMSG #cloakzy :how did he just live\r\n'
2022-06-09 16:04:22,541 — b':supatec!supatec@supatec.tmi.twitch.tv PRIVMSG #cloakzy :it\xe2\x80\x99s folds\r\n'
2022-06-09 16:04:22,541 — b':supatec!supatec@supatec.tmi.twitch.tv PRIVMSG #cloakzy :it\xe2\x80\x99s folds\r\n'
2022-06-09 16:04:22,671 — b':tjgruehs!tjgruehs@tjgruehs.tmi.twitch.tv PRIVMSG #cloakzy :Your Pullout game is strong\r\n'
2022-06-09 16:04:22,671 — b':tjgruehs!tjgruehs@tjgruehs.tmi.twitch.tv PRIVMSG #cloakzy :Your Pullout game is strong\r\n'
2022-06-09 16:04:23,260 — b':dewdflower!dewdflower@dewdflower.tmi.twitch.tv PRIVMSG #cloakzy :whew\r\n'
2022-06-09 16:04:23,260 — b':dewdflower!dewdflower@dewdflower.tmi.twitch.tv PRIVMSG #cloakzy :whew\r\n'
2022-06-09 16:04:24,797 — b':pr11me_!pr11me_@pr11me_.tmi.twitch.tv PRIVMSG #cloakzy :FUCKING CLUTCH ULT\r\n'
2022-06-09 16:04:24,797 — b':pr11me_!pr11me_@pr11me_.tmi.twitch.tv PRIVMSG #cloakzy :FUCKING CLUTCH ULT\r\n'
2022-06-09 16:04:32,371 — b':jurassic_minions!jurassic_minions@jurassic_minions.tmi.twitch.tv PRIVMSG #cloakzy :damn that ult was sick!\r\n'
2022-06-09 16:04:32,371 — b':jurassic_minions!jurassic_minions@jurassic_minions.tmi.twitch.tv PRIVMSG #cloakzy :damn that ult was sick!\r\n'
2022-06-09 16:04:34,525 — b':elementalvice!elementalvice@elementalvice.tmi.twitch.tv PRIVMSG #cloakzy :cloakPop\r\n'
2022-06-09 16:04:34,525 — b':elementalvice!elementalvice@elementalvice.tmi.twitch.tv PRIVMSG #cloakzy :cloakPop\r\n'
2022-06-09 16:04:39,440 — b':synicaiiy!synicaiiy@synicaiiy.tmi.twitch.tv PRIVMSG #cloakzy :monkaS nymnCorn\r\n'
2022-06-09 16:04:39,440 — b':synicaiiy!synicaiiy@synicaiiy.tmi.twitch.tv PRIVMSG #cloakzy :monkaS nymnCorn\r\n'
2022-06-09 16:04:40,260 — b':defnotzak!defnotzak@defnotzak.tmi.twitch.tv PRIVMSG #cloakzy :his ult do jiggle jiggle\r\n'
2022-06-09 16:04:40,260 — b':defnotzak!defnotzak@defnotzak.tmi.twitch.tv PRIVMSG #cloakzy :his ult do jiggle jiggle\r\n'
2022-06-09 16:04:44,867 — b':supatec!supatec@supatec.tmi.twitch.tv PRIVMSG #cloakzy :yo this game looks lit\r\n'
2022-06-09 16:04:44,867 — b':supatec!supatec@supatec.tmi.twitch.tv PRIVMSG #cloakzy :yo this game looks lit\r\n'
2022-06-09 16:04:48,141 — b':zpock9!zpock9@zpock9.tmi.twitch.tv PRIVMSG #cloakzy :!uptime\r\n'
2022-06-09 16:04:48,141 — b':zpock9!zpock9@zpock9.tmi.twitch.tv PRIVMSG #cloakzy :!uptime\r\n'
2022-06-09 16:04:48,601 — b':nightbot!nightbot@nightbot.tmi.twitch.tv PRIVMSG #cloakzy :Cloak has been live for 5 hours 25 minutes 58 seconds\r\n'
2022-06-09 16:04:48,601 — b':nightbot!nightbot@nightbot.tmi.twitch.tv PRIVMSG #cloakzy :Cloak has been live for 5 hours 25 minutes 58 seconds\r\n'
2022-06-09 16:04:49,027 — b':plentybadapples!plentybadapples@plentybadapples.tmi.twitch.tv PRIVMSG #cloakzy :EZ=z masters here\r\n'
2022-06-09 16:04:49,027 — b':plentybadapples!plentybadapples@plentybadapples.tmi.twitch.tv PRIVMSG #cloakzy :EZ=z masters here\r\n'
2022-06-09 16:04:56,848 — b':tjgruehs!tjgruehs@tjgruehs.tmi.twitch.tv PRIVMSG #cloakzy :LOLOLOL\r\n'
2022-06-09 16:04:56,848 — b':tjgruehs!tjgruehs@tjgruehs.tmi.twitch.tv PRIVMSG #cloakzy :LOLOLOL\r\n'
2022-06-09 16:04:58,896 — b':tjgruehs!tjgruehs@tjgruehs.tmi.twitch.tv PRIVMSG #cloakzy :MOVE\r\n'
2022-06-09 16:04:58,896 — b':tjgruehs!tjgruehs@tjgruehs.tmi.twitch.tv PRIVMSG #cloakzy :MOVE\r\n'
2022-06-09 16:05:00,228 — b':cubsfan94!cubsfan94@cubsfan94.tmi.twitch.tv PRIVMSG #cloakzy :and that is why ash is pog\r\n'
2022-06-09 16:05:00,228 — b':cubsfan94!cubsfan94@cubsfan94.tmi.twitch.tv PRIVMSG #cloakzy :and that is why ash is pog\r\n'
2022-06-09 16:05:06,372 — b':plentybadapples!plentybadapples@plentybadapples.tmi.twitch.tv PRIVMSG #cloakzy :lol wtf did i type\r\n'
2022-06-09 16:05:06,372 — b':plentybadapples!plentybadapples@plentybadapples.tmi.twitch.tv PRIVMSG #cloakzy :lol wtf did i type\r\n'
2022-06-09 16:05:13,745 — b':plentybadapples!plentybadapples@plentybadapples.tmi.twitch.tv PRIVMSG #cloakzy :ez win\r\n'
2022-06-09 16:05:13,745 — b':plentybadapples!plentybadapples@plentybadapples.tmi.twitch.tv PRIVMSG #cloakzy :ez win\r\n'
2022-06-09 16:05:16,199 — b':ayztin!ayztin@ayztin.tmi.twitch.tv PRIVMSG #cloakzy :nice ammo\r\n'
2022-06-09 16:05:16,199 — b':ayztin!ayztin@ayztin.tmi.twitch.tv PRIVMSG #cloakzy :nice ammo\r\n'
2022-06-09 16:05:20,197 — b':defnotzak!defnotzak@defnotzak.tmi.twitch.tv PRIVMSG #cloakzy :mag dumped Gent lol\r\n'
2022-06-09 16:05:20,197 — b':defnotzak!defnotzak@defnotzak.tmi.twitch.tv PRIVMSG #cloakzy :mag dumped Gent lol\r\n'
2022-06-09 16:05:27,569 — b':the_rabid_weasel!the_rabid_weasel@the_rabid_weasel.tmi.twitch.tv PRIVMSG #cloakzy :EZ=z masters here\r\n'
2022-06-09 16:05:27,569 — b':the_rabid_weasel!the_rabid_weasel@the_rabid_weasel.tmi.twitch.tv PRIVMSG #cloakzy :EZ=z masters here\r\n'
2022-06-09 16:05:39,447 — b':dancswithwolv3s!dancswithwolv3s@dancswithwolv3s.tmi.twitch.tv PRIVMSG #cloakzy :I almost screamed when you looked at the ammo and looked away\r\n'
2022-06-09 16:05:39,447 — b':dancswithwolv3s!dancswithwolv3s@dancswithwolv3s.tmi.twitch.tv PRIVMSG #cloakzy :I almost screamed when you looked at the ammo and looked away\r\n'
2022-06-09 16:05:57,236 — b':sikladjaeden!sikladjaeden@sikladjaeden.tmi.twitch.tv PRIVMSG #cloakzy :@DANCSwithWOLV3S fkn same\r\n'
2022-06-09 16:05:57,236 — b':sikladjaeden!sikladjaeden@sikladjaeden.tmi.twitch.tv PRIVMSG #cloakzy :@DANCSwithWOLV3S fkn same\r\n'
2022-06-09 16:05:57,675 — b':plentybadapples!plentybadapples@plentybadapples.tmi.twitch.tv PRIVMSG #cloakzy :lol im braindead, dont rub it in\r\n'
2022-06-09 16:05:57,675 — b':plentybadapples!plentybadapples@plentybadapples.tmi.twitch.tv PRIVMSG #cloakzy :lol im braindead, dont rub it in\r\n'
2022-06-09 16:06:21,534 — b':theharmones!theharmones@theharmones.tmi.twitch.tv PRIVMSG #cloakzy :gonna get masters this game\r\n'
2022-06-09 16:06:21,534 — b':theharmones!theharmones@theharmones.tmi.twitch.tv PRIVMSG #cloakzy :gonna get masters this game\r\n'
2022-06-09 16:06:29,558 — b':defnotzak!defnotzak@defnotzak.tmi.twitch.tv PRIVMSG #cloakzy :EZ=z masters here\r\n'
2022-06-09 16:06:29,558 — b':defnotzak!defnotzak@defnotzak.tmi.twitch.tv PRIVMSG #cloakzy :EZ=z masters here\r\n'
2022-06-09 16:06:43,346 — b':bavshooter!bavshooter@bavshooter.tmi.twitch.tv PRIVMSG #cloakzy :same zone like in the algs finals\r\n'
2022-06-09 16:06:43,346 — b':bavshooter!bavshooter@bavshooter.tmi.twitch.tv PRIVMSG #cloakzy :same zone like in the algs finals\r\n'
2022-06-09 16:06:46,415 — b':oghellvis!oghellvis@oghellvis.tmi.twitch.tv PRIVMSG #cloakzy :ooo a heat shield beam then port?\r\n'
2022-06-09 16:06:46,415 — b':oghellvis!oghellvis@oghellvis.tmi.twitch.tv PRIVMSG #cloakzy :ooo a heat shield beam then port?\r\n'
2022-06-09 16:06:58,037 — b':jokkerbo!jokkerbo@jokkerbo.tmi.twitch.tv PRIVMSG #cloakzy :EZ=z masters here NODDERS\r\n'
2022-06-09 16:06:58,037 — b':jokkerbo!jokkerbo@jokkerbo.tmi.twitch.tv PRIVMSG #cloakzy :EZ=z masters here NODDERS\r\n'
2022-06-09 16:07:02,854 — b':zedexi!zedexi@zedexi.tmi.twitch.tv PRIVMSG #cloakzy :Ayoooooo what\xe2\x80\x99s up good morning\r\n'
2022-06-09 16:07:02,854 — b':zedexi!zedexi@zedexi.tmi.twitch.tv PRIVMSG #cloakzy :Ayoooooo what\xe2\x80\x99s up good morning\r\n'
2022-06-09 16:07:08,810 — b':jokkerbo!jokkerbo@jokkerbo.tmi.twitch.tv PRIVMSG #cloakzy :!rp\r\n'
2022-06-09 16:07:08,810 — b':jokkerbo!jokkerbo@jokkerbo.tmi.twitch.tv PRIVMSG #cloakzy :!rp\r\n'
2022-06-09 16:07:09,012 — b':nightbot!nightbot@nightbot.tmi.twitch.tv PRIVMSG #cloakzy := RP Stats = | Current Amount: 14,956 RP || 323 RP has been gained this session. | [Updated 0 secs  ago] (- Powered by TwitchApexStats.com -)\r\n'
2022-06-09 16:07:09,012 — b':nightbot!nightbot@nightbot.tmi.twitch.tv PRIVMSG #cloakzy := RP Stats = | Current Amount: 14,956 RP || 323 RP has been gained this session. | [Updated 0 secs  ago] (- Powered by TwitchApexStats.com -)\r\n'
2022-06-09 16:07:20,211 — b':plentybadapples!plentybadapples@plentybadapples.tmi.twitch.tv PRIVMSG #cloakzy :I was right though\r\n'
2022-06-09 16:07:20,211 — b':plentybadapples!plentybadapples@plentybadapples.tmi.twitch.tv PRIVMSG #cloakzy :I was right though\r\n'
2022-06-09 16:07:24,509 — b':plentybadapples!plentybadapples@plentybadapples.tmi.twitch.tv PRIVMSG #cloakzy :EZ\r\n'
2022-06-09 16:07:24,509 — b':plentybadapples!plentybadapples@plentybadapples.tmi.twitch.tv PRIVMSG #cloakzy :EZ\r\n'
2022-06-09 16:07:36,697 — b':bearded_bruce_willis!bearded_bruce_willis@bearded_bruce_willis.tmi.twitch.tv PRIVMSG #cloakzy :thank you jamiller22 for the sub! sorry I just saw this\r\n'
2022-06-09 16:07:36,697 — b':bearded_bruce_willis!bearded_bruce_willis@bearded_bruce_willis.tmi.twitch.tv PRIVMSG #cloakzy :thank you jamiller22 for the sub! sorry I just saw this\r\n'
2022-06-09 16:07:50,402 — b':zedexi!zedexi@zedexi.tmi.twitch.tv PRIVMSG #cloakzy :Chat are we Vibin\r\n'
2022-06-09 16:07:50,402 — b':zedexi!zedexi@zedexi.tmi.twitch.tv PRIVMSG #cloakzy :Chat are we Vibin\r\n'
2022-06-09 16:07:50,750 — b':silentcarnivore!silentcarnivore@silentcarnivore.tmi.twitch.tv PRIVMSG #cloakzy :got masters PogChamping\r\n'
2022-06-09 16:07:50,750 — b':silentcarnivore!silentcarnivore@silentcarnivore.tmi.twitch.tv PRIVMSG #cloakzy :got masters PogChamping\r\n'
2022-06-09 16:07:51,341 — b':jokkerbo!jokkerbo@jokkerbo.tmi.twitch.tv PRIVMSG #cloakzy :masters tho\r\n'
2022-06-09 16:07:51,341 — b':jokkerbo!jokkerbo@jokkerbo.tmi.twitch.tv PRIVMSG #cloakzy :masters tho\r\n'
2022-06-09 16:09:38,239 — b''
2022-06-09 16:09:38,239 — b''
2022-06-09 16:09:38,239 — b''
2022-06-09 16:09:38,275 — b''
2022-06-09 16:09:38,275 — b''
2022-06-09 16:09:38,275 — b''
2022-06-09 16:09:45,964 — b':tmi.twitch.tv 001 twitch_pioneers :Welcome, GLHF!\r\n:tmi.twitch.tv 002 twitch_pioneers :Your host is tmi.twitch.tv\r\n:tmi.twitch.tv 003 twitch_pioneers :This server is rather new\r\n:tmi.twitch.tv 004 twitch_pioneers :-\r\n:tmi.twitch.tv 375 twitch_pioneers :-\r\n:tmi.twitch.tv 372 twitch_pioneers :You are in a maze of twisty passages, all alike.\r\n:tmi.twitch.tv 376 twitch_pioneers :>\r\n'
2022-06-09 16:09:45,964 — b':tmi.twitch.tv 001 twitch_pioneers :Welcome, GLHF!\r\n:tmi.twitch.tv 002 twitch_pioneers :Your host is tmi.twitch.tv\r\n:tmi.twitch.tv 003 twitch_pioneers :This server is rather new\r\n:tmi.twitch.tv 004 twitch_pioneers :-\r\n:tmi.twitch.tv 375 twitch_pioneers :-\r\n:tmi.twitch.tv 372 twitch_pioneers :You are in a maze of twisty passages, all alike.\r\n:tmi.twitch.tv 376 twitch_pioneers :>\r\n'
2022-06-09 16:09:45,964 — b':tmi.twitch.tv 001 twitch_pioneers :Welcome, GLHF!\r\n:tmi.twitch.tv 002 twitch_pioneers :Your host is tmi.twitch.tv\r\n:tmi.twitch.tv 003 twitch_pioneers :This server is rather new\r\n:tmi.twitch.tv 004 twitch_pioneers :-\r\n:tmi.twitch.tv 375 twitch_pioneers :-\r\n:tmi.twitch.tv 372 twitch_pioneers :You are in a maze of twisty passages, all alike.\r\n:tmi.twitch.tv 376 twitch_pioneers :>\r\n'
2022-06-09 16:09:45,964 — b':tmi.twitch.tv 001 twitch_pioneers :Welcome, GLHF!\r\n:tmi.twitch.tv 002 twitch_pioneers :Your host is tmi.twitch.tv\r\n:tmi.twitch.tv 003 twitch_pioneers :This server is rather new\r\n:tmi.twitch.tv 004 twitch_pioneers :-\r\n:tmi.twitch.tv 375 twitch_pioneers :-\r\n:tmi.twitch.tv 372 twitch_pioneers :You are in a maze of twisty passages, all alike.\r\n:tmi.twitch.tv 376 twitch_pioneers :>\r\n'
2022-06-09 16:09:45,999 — b':twitch_pioneers!twitch_pioneers@twitch_pioneers.tmi.twitch.tv JOIN #cloakzy\r\n'
2022-06-09 16:09:45,999 — b':twitch_pioneers!twitch_pioneers@twitch_pioneers.tmi.twitch.tv JOIN #cloakzy\r\n'
2022-06-09 16:09:45,999 — b':twitch_pioneers!twitch_pioneers@twitch_pioneers.tmi.twitch.tv JOIN #cloakzy\r\n'
2022-06-09 16:09:45,999 — b':twitch_pioneers!twitch_pioneers@twitch_pioneers.tmi.twitch.tv JOIN #cloakzy\r\n'
2022-06-09 16:09:46,881 — b':twitch_pioneers.tmi.twitch.tv 353 twitch_pioneers = #cloakzy :twitch_pioneers\r\n:twitch_pioneers.tmi.twitch.tv 366 twitch_pioneers #cloakzy :End of /NAMES list\r\n'
2022-06-09 16:09:46,881 — b':twitch_pioneers.tmi.twitch.tv 353 twitch_pioneers = #cloakzy :twitch_pioneers\r\n:twitch_pioneers.tmi.twitch.tv 366 twitch_pioneers #cloakzy :End of /NAMES list\r\n'
2022-06-09 16:09:46,881 — b':twitch_pioneers.tmi.twitch.tv 353 twitch_pioneers = #cloakzy :twitch_pioneers\r\n:twitch_pioneers.tmi.twitch.tv 366 twitch_pioneers #cloakzy :End of /NAMES list\r\n'
2022-06-09 16:09:46,881 — b':twitch_pioneers.tmi.twitch.tv 353 twitch_pioneers = #cloakzy :twitch_pioneers\r\n:twitch_pioneers.tmi.twitch.tv 366 twitch_pioneers #cloakzy :End of /NAMES list\r\n'
2022-06-09 16:09:46,915 — b':the_rabid_weasel!the_rabid_weasel@the_rabid_weasel.tmi.twitch.tv PRIVMSG #cloakzy :@handwraps_ dick reduction\r\n'
2022-06-09 16:09:46,915 — b':the_rabid_weasel!the_rabid_weasel@the_rabid_weasel.tmi.twitch.tv PRIVMSG #cloakzy :@handwraps_ dick reduction\r\n'
2022-06-09 16:09:46,915 — b':the_rabid_weasel!the_rabid_weasel@the_rabid_weasel.tmi.twitch.tv PRIVMSG #cloakzy :@handwraps_ dick reduction\r\n'
2022-06-09 16:09:46,915 — b':the_rabid_weasel!the_rabid_weasel@the_rabid_weasel.tmi.twitch.tv PRIVMSG #cloakzy :@handwraps_ dick reduction\r\n'
2022-06-09 16:09:55,107 — b':defnotzak!defnotzak@defnotzak.tmi.twitch.tv PRIVMSG #cloakzy :no pred no bad\r\n'
2022-06-09 16:09:55,107 — b':defnotzak!defnotzak@defnotzak.tmi.twitch.tv PRIVMSG #cloakzy :no pred no bad\r\n'
2022-06-09 16:09:55,107 — b':defnotzak!defnotzak@defnotzak.tmi.twitch.tv PRIVMSG #cloakzy :no pred no bad\r\n'
2022-06-09 16:09:55,107 — b':defnotzak!defnotzak@defnotzak.tmi.twitch.tv PRIVMSG #cloakzy :no pred no bad\r\n'
2022-06-09 16:09:59,753 — b':gao_09!gao_09@gao_09.tmi.twitch.tv PRIVMSG #cloakzy :1400 rp to go\r\n'
2022-06-09 16:09:59,753 — b':gao_09!gao_09@gao_09.tmi.twitch.tv PRIVMSG #cloakzy :1400 rp to go\r\n'
2022-06-09 16:09:59,753 — b':gao_09!gao_09@gao_09.tmi.twitch.tv PRIVMSG #cloakzy :1400 rp to go\r\n'
2022-06-09 16:09:59,753 — b':gao_09!gao_09@gao_09.tmi.twitch.tv PRIVMSG #cloakzy :1400 rp to go\r\n'
2022-06-09 16:10:09,787 — b':jaybee_345!jaybee_345@jaybee_345.tmi.twitch.tv PRIVMSG #cloakzy :no predge no bedge\r\n'
2022-06-09 16:10:09,787 — b':jaybee_345!jaybee_345@jaybee_345.tmi.twitch.tv PRIVMSG #cloakzy :no predge no bedge\r\n'
2022-06-09 16:10:09,787 — b':jaybee_345!jaybee_345@jaybee_345.tmi.twitch.tv PRIVMSG #cloakzy :no predge no bedge\r\n'
2022-06-09 16:10:09,787 — b':jaybee_345!jaybee_345@jaybee_345.tmi.twitch.tv PRIVMSG #cloakzy :no predge no bedge\r\n'
2022-06-09 16:10:12,593 — b':plentybadapples!plentybadapples@plentybadapples.tmi.twitch.tv PRIVMSG #cloakzy :Without that nasty mastiff clutch yesterday you would be D1 still\r\n'
2022-06-09 16:10:12,593 — b':plentybadapples!plentybadapples@plentybadapples.tmi.twitch.tv PRIVMSG #cloakzy :Without that nasty mastiff clutch yesterday you would be D1 still\r\n'
2022-06-09 16:10:12,593 — b':plentybadapples!plentybadapples@plentybadapples.tmi.twitch.tv PRIVMSG #cloakzy :Without that nasty mastiff clutch yesterday you would be D1 still\r\n'
2022-06-09 16:10:12,593 — b':plentybadapples!plentybadapples@plentybadapples.tmi.twitch.tv PRIVMSG #cloakzy :Without that nasty mastiff clutch yesterday you would be D1 still\r\n'
2022-06-09 16:10:21,666 — b':handwraps_!handwraps_@handwraps_.tmi.twitch.tv PRIVMSG #cloakzy :@the_rabid_weasel I thought he already donated the 12 inches last year.\r\n'
2022-06-09 16:10:21,666 — b':handwraps_!handwraps_@handwraps_.tmi.twitch.tv PRIVMSG #cloakzy :@the_rabid_weasel I thought he already donated the 12 inches last year.\r\n'
2022-06-09 16:10:21,666 — b':handwraps_!handwraps_@handwraps_.tmi.twitch.tv PRIVMSG #cloakzy :@the_rabid_weasel I thought he already donated the 12 inches last year.\r\n'
2022-06-09 16:10:21,666 — b':handwraps_!handwraps_@handwraps_.tmi.twitch.tv PRIVMSG #cloakzy :@the_rabid_weasel I thought he already donated the 12 inches last year.\r\n'
2022-06-09 16:10:31,398 — b':sneakybenii!sneakybenii@sneakybenii.tmi.twitch.tv PRIVMSG #cloakzy :cloakSub cloakWith cloakPrime\r\n'
2022-06-09 16:10:31,398 — b':sneakybenii!sneakybenii@sneakybenii.tmi.twitch.tv PRIVMSG #cloakzy :cloakSub cloakWith cloakPrime\r\n'
2022-06-09 16:10:31,398 — b':sneakybenii!sneakybenii@sneakybenii.tmi.twitch.tv PRIVMSG #cloakzy :cloakSub cloakWith cloakPrime\r\n'
2022-06-09 16:10:31,398 — b':sneakybenii!sneakybenii@sneakybenii.tmi.twitch.tv PRIVMSG #cloakzy :cloakSub cloakWith cloakPrime\r\n'
2022-06-09 16:10:37,640 — b':quinnpainter77!quinnpainter77@quinnpainter77.tmi.twitch.tv PRIVMSG #cloakzy :cloakTFUE cloakTFUE cloakTFUE\r\n'
2022-06-09 16:10:37,640 — b':quinnpainter77!quinnpainter77@quinnpainter77.tmi.twitch.tv PRIVMSG #cloakzy :cloakTFUE cloakTFUE cloakTFUE\r\n'
2022-06-09 16:10:37,640 — b':quinnpainter77!quinnpainter77@quinnpainter77.tmi.twitch.tv PRIVMSG #cloakzy :cloakTFUE cloakTFUE cloakTFUE\r\n'
2022-06-09 16:10:37,640 — b':quinnpainter77!quinnpainter77@quinnpainter77.tmi.twitch.tv PRIVMSG #cloakzy :cloakTFUE cloakTFUE cloakTFUE\r\n'
2022-06-09 16:10:42,453 — b':the_rabid_weasel!the_rabid_weasel@the_rabid_weasel.tmi.twitch.tv PRIVMSG #cloakzy :@handwraps_ still too massive. must be hard. thoughts and prayers.\r\n'
2022-06-09 16:10:42,453 — b':the_rabid_weasel!the_rabid_weasel@the_rabid_weasel.tmi.twitch.tv PRIVMSG #cloakzy :@handwraps_ still too massive. must be hard. thoughts and prayers.\r\n'
2022-06-09 16:10:42,453 — b':the_rabid_weasel!the_rabid_weasel@the_rabid_weasel.tmi.twitch.tv PRIVMSG #cloakzy :@handwraps_ still too massive. must be hard. thoughts and prayers.\r\n'
2022-06-09 16:10:42,453 — b':the_rabid_weasel!the_rabid_weasel@the_rabid_weasel.tmi.twitch.tv PRIVMSG #cloakzy :@handwraps_ still too massive. must be hard. thoughts and prayers.\r\n'
2022-06-09 16:10:54,946 — b':plentybadapples!plentybadapples@plentybadapples.tmi.twitch.tv PRIVMSG #cloakzy :Set the tone for today\r\n'
2022-06-09 16:10:54,946 — b':plentybadapples!plentybadapples@plentybadapples.tmi.twitch.tv PRIVMSG #cloakzy :Set the tone for today\r\n'
2022-06-09 16:10:54,946 — b':plentybadapples!plentybadapples@plentybadapples.tmi.twitch.tv PRIVMSG #cloakzy :Set the tone for today\r\n'
2022-06-09 16:10:54,946 — b':plentybadapples!plentybadapples@plentybadapples.tmi.twitch.tv PRIVMSG #cloakzy :Set the tone for today\r\n'
2022-06-09 16:11:03,957 — b':handwraps_!handwraps_@handwraps_.tmi.twitch.tv PRIVMSG #cloakzy :Always hard for sure @the_rabid_weasel\r\n'
2022-06-09 16:11:03,957 — b':handwraps_!handwraps_@handwraps_.tmi.twitch.tv PRIVMSG #cloakzy :Always hard for sure @the_rabid_weasel\r\n'
2022-06-09 16:11:03,957 — b':handwraps_!handwraps_@handwraps_.tmi.twitch.tv PRIVMSG #cloakzy :Always hard for sure @the_rabid_weasel\r\n'
2022-06-09 16:11:03,957 — b':handwraps_!handwraps_@handwraps_.tmi.twitch.tv PRIVMSG #cloakzy :Always hard for sure @the_rabid_weasel\r\n'
2022-06-09 16:11:03,993 — b':exscyde!exscyde@exscyde.tmi.twitch.tv PRIVMSG #cloakzy :grab purple heavy mag?\r\n'
2022-06-09 16:11:03,993 — b':exscyde!exscyde@exscyde.tmi.twitch.tv PRIVMSG #cloakzy :grab purple heavy mag?\r\n'
2022-06-09 16:11:03,993 — b':exscyde!exscyde@exscyde.tmi.twitch.tv PRIVMSG #cloakzy :grab purple heavy mag?\r\n'
2022-06-09 16:11:03,993 — b':exscyde!exscyde@exscyde.tmi.twitch.tv PRIVMSG #cloakzy :grab purple heavy mag?\r\n'
2022-06-09 16:11:06,313 — b':pr11me_!pr11me_@pr11me_.tmi.twitch.tv PRIVMSG #cloakzy :PURP  mag up there\r\n'
2022-06-09 16:11:06,313 — b':pr11me_!pr11me_@pr11me_.tmi.twitch.tv PRIVMSG #cloakzy :PURP  mag up there\r\n'
2022-06-09 16:11:06,313 — b':pr11me_!pr11me_@pr11me_.tmi.twitch.tv PRIVMSG #cloakzy :PURP  mag up there\r\n'
2022-06-09 16:11:06,313 — b':pr11me_!pr11me_@pr11me_.tmi.twitch.tv PRIVMSG #cloakzy :PURP  mag up there\r\n'
2022-06-09 16:11:20,646 — b':cowboycalhoun69!cowboycalhoun69@cowboycalhoun69.tmi.twitch.tv PRIVMSG #cloakzy :Purple heavy mag in building you landed in\r\n'
2022-06-09 16:11:20,646 — b':cowboycalhoun69!cowboycalhoun69@cowboycalhoun69.tmi.twitch.tv PRIVMSG #cloakzy :Purple heavy mag in building you landed in\r\n'
2022-06-09 16:11:20,646 — b':cowboycalhoun69!cowboycalhoun69@cowboycalhoun69.tmi.twitch.tv PRIVMSG #cloakzy :Purple heavy mag in building you landed in\r\n'
2022-06-09 16:11:20,646 — b':cowboycalhoun69!cowboycalhoun69@cowboycalhoun69.tmi.twitch.tv PRIVMSG #cloakzy :Purple heavy mag in building you landed in\r\n'
2022-06-09 16:12:14,512 — b':oghellvis!oghellvis@oghellvis.tmi.twitch.tv PRIVMSG #cloakzy :@plentybadapples ong that clutch was nasty\r\n'
2022-06-09 16:12:14,512 — b':oghellvis!oghellvis@oghellvis.tmi.twitch.tv PRIVMSG #cloakzy :@plentybadapples ong that clutch was nasty\r\n'
2022-06-09 16:12:14,512 — b':oghellvis!oghellvis@oghellvis.tmi.twitch.tv PRIVMSG #cloakzy :@plentybadapples ong that clutch was nasty\r\n'
2022-06-09 16:12:14,512 — b':oghellvis!oghellvis@oghellvis.tmi.twitch.tv PRIVMSG #cloakzy :@plentybadapples ong that clutch was nasty\r\n'
2022-06-09 16:12:19,017 — b':dsaley316!dsaley316@dsaley316.tmi.twitch.tv PRIVMSG #cloakzy :here we go the good all demo protections\r\n'
2022-06-09 16:12:19,017 — b':dsaley316!dsaley316@dsaley316.tmi.twitch.tv PRIVMSG #cloakzy :here we go the good all demo protections\r\n'
2022-06-09 16:12:19,017 — b':dsaley316!dsaley316@dsaley316.tmi.twitch.tv PRIVMSG #cloakzy :here we go the good all demo protections\r\n'
2022-06-09 16:12:19,017 — b':dsaley316!dsaley316@dsaley316.tmi.twitch.tv PRIVMSG #cloakzy :here we go the good all demo protections\r\n'
2022-06-09 16:12:20,656 — b':redgu4rd!redgu4rd@redgu4rd.tmi.twitch.tv PRIVMSG #cloakzy :!pred\r\n'
2022-06-09 16:12:20,656 — b':redgu4rd!redgu4rd@redgu4rd.tmi.twitch.tv PRIVMSG #cloakzy :!pred\r\n'
2022-06-09 16:12:20,656 — b':redgu4rd!redgu4rd@redgu4rd.tmi.twitch.tv PRIVMSG #cloakzy :!pred\r\n'
2022-06-09 16:12:20,656 — b':redgu4rd!redgu4rd@redgu4rd.tmi.twitch.tv PRIVMSG #cloakzy :!pred\r\n'
2022-06-09 16:12:21,220 — b':nightbot!nightbot@nightbot.tmi.twitch.tv PRIVMSG #cloakzy :Pred is currently at around 16,450 RP - ApexRanked.com\r\n'
2022-06-09 16:12:21,220 — b':nightbot!nightbot@nightbot.tmi.twitch.tv PRIVMSG #cloakzy :Pred is currently at around 16,450 RP - ApexRanked.com\r\n'
2022-06-09 16:12:21,220 — b':nightbot!nightbot@nightbot.tmi.twitch.tv PRIVMSG #cloakzy :Pred is currently at around 16,450 RP - ApexRanked.com\r\n'
2022-06-09 16:12:21,220 — b':nightbot!nightbot@nightbot.tmi.twitch.tv PRIVMSG #cloakzy :Pred is currently at around 16,450 RP - ApexRanked.com\r\n'
2022-06-09 16:12:22,750 — b':fxnjagerbomber!fxnjagerbomber@fxnjagerbomber.tmi.twitch.tv PRIVMSG #cloakzy :clock\r\n'
2022-06-09 16:12:22,750 — b':fxnjagerbomber!fxnjagerbomber@fxnjagerbomber.tmi.twitch.tv PRIVMSG #cloakzy :clock\r\n'
2022-06-09 16:12:22,750 — b':fxnjagerbomber!fxnjagerbomber@fxnjagerbomber.tmi.twitch.tv PRIVMSG #cloakzy :clock\r\n'
2022-06-09 16:12:22,750 — b':fxnjagerbomber!fxnjagerbomber@fxnjagerbomber.tmi.twitch.tv PRIVMSG #cloakzy :clock\r\n'
2022-06-09 16:12:27,516 — b':nobrain0ctane!nobrain0ctane@nobrain0ctane.tmi.twitch.tv PRIVMSG #cloakzy :ApexChat\r\n'
2022-06-09 16:12:27,516 — b':nobrain0ctane!nobrain0ctane@nobrain0ctane.tmi.twitch.tv PRIVMSG #cloakzy :ApexChat\r\n'
2022-06-09 16:12:27,516 — b':nobrain0ctane!nobrain0ctane@nobrain0ctane.tmi.twitch.tv PRIVMSG #cloakzy :ApexChat\r\n'
2022-06-09 16:12:27,516 — b':nobrain0ctane!nobrain0ctane@nobrain0ctane.tmi.twitch.tv PRIVMSG #cloakzy :ApexChat\r\n'
2022-06-09 16:12:28,643 — b':haffen96!haffen96@haffen96.tmi.twitch.tv PRIVMSG #cloakzy :u sexy tho\r\n'
2022-06-09 16:12:28,643 — b':haffen96!haffen96@haffen96.tmi.twitch.tv PRIVMSG #cloakzy :u sexy tho\r\n'
2022-06-09 16:12:28,643 — b':haffen96!haffen96@haffen96.tmi.twitch.tv PRIVMSG #cloakzy :u sexy tho\r\n'
2022-06-09 16:12:28,643 — b':haffen96!haffen96@haffen96.tmi.twitch.tv PRIVMSG #cloakzy :u sexy tho\r\n'
2022-06-09 16:12:32,555 — b':sneakybenii!sneakybenii@sneakybenii.tmi.twitch.tv PRIVMSG #cloakzy :lol yelling purp heavy when he has a 3030\r\n'
2022-06-09 16:12:32,555 — b':sneakybenii!sneakybenii@sneakybenii.tmi.twitch.tv PRIVMSG #cloakzy :lol yelling purp heavy when he has a 3030\r\n'
2022-06-09 16:12:32,555 — b':sneakybenii!sneakybenii@sneakybenii.tmi.twitch.tv PRIVMSG #cloakzy :lol yelling purp heavy when he has a 3030\r\n'
2022-06-09 16:12:32,555 — b':sneakybenii!sneakybenii@sneakybenii.tmi.twitch.tv PRIVMSG #cloakzy :lol yelling purp heavy when he has a 3030\r\n'
2022-06-09 16:12:36,494 — b':exscyde!exscyde@exscyde.tmi.twitch.tv PRIVMSG #cloakzy :100% no\r\n'
2022-06-09 16:12:36,494 — b':exscyde!exscyde@exscyde.tmi.twitch.tv PRIVMSG #cloakzy :100% no\r\n'
2022-06-09 16:12:36,494 — b':exscyde!exscyde@exscyde.tmi.twitch.tv PRIVMSG #cloakzy :100% no\r\n'
2022-06-09 16:12:36,494 — b':exscyde!exscyde@exscyde.tmi.twitch.tv PRIVMSG #cloakzy :100% no\r\n'
2022-06-09 16:12:36,615 — b':xxtykuhnxx!xxtykuhnxx@xxtykuhnxx.tmi.twitch.tv PRIVMSG #cloakzy :wingman should be a care pack weapon fr\r\n'
2022-06-09 16:12:36,615 — b':xxtykuhnxx!xxtykuhnxx@xxtykuhnxx.tmi.twitch.tv PRIVMSG #cloakzy :wingman should be a care pack weapon fr\r\n'
2022-06-09 16:12:36,615 — b':xxtykuhnxx!xxtykuhnxx@xxtykuhnxx.tmi.twitch.tv PRIVMSG #cloakzy :wingman should be a care pack weapon fr\r\n'
2022-06-09 16:12:36,615 — b':xxtykuhnxx!xxtykuhnxx@xxtykuhnxx.tmi.twitch.tv PRIVMSG #cloakzy :wingman should be a care pack weapon fr\r\n'
2022-06-09 16:12:38,179 — b':barepoint!barepoint@barepoint.tmi.twitch.tv PRIVMSG #cloakzy :woulda won that with the purple mag 100 percent\r\n'
2022-06-09 16:12:38,179 — b':barepoint!barepoint@barepoint.tmi.twitch.tv PRIVMSG #cloakzy :woulda won that with the purple mag 100 percent\r\n'
2022-06-09 16:12:38,179 — b':barepoint!barepoint@barepoint.tmi.twitch.tv PRIVMSG #cloakzy :woulda won that with the purple mag 100 percent\r\n'
2022-06-09 16:12:38,179 — b':barepoint!barepoint@barepoint.tmi.twitch.tv PRIVMSG #cloakzy :woulda won that with the purple mag 100 percent\r\n'
2022-06-09 16:12:38,242 — b":the_rabid_weasel!the_rabid_weasel@the_rabid_weasel.tmi.twitch.tv PRIVMSG #cloakzy :But did you grab the red rocket? No. And that's why you lost.\r\n"
2022-06-09 16:12:38,242 — b":the_rabid_weasel!the_rabid_weasel@the_rabid_weasel.tmi.twitch.tv PRIVMSG #cloakzy :But did you grab the red rocket? No. And that's why you lost.\r\n"
2022-06-09 16:12:38,242 — b":the_rabid_weasel!the_rabid_weasel@the_rabid_weasel.tmi.twitch.tv PRIVMSG #cloakzy :But did you grab the red rocket? No. And that's why you lost.\r\n"
2022-06-09 16:12:38,242 — b":the_rabid_weasel!the_rabid_weasel@the_rabid_weasel.tmi.twitch.tv PRIVMSG #cloakzy :But did you grab the red rocket? No. And that's why you lost.\r\n"
2022-06-09 16:12:38,528 — b':zedexi!zedexi@zedexi.tmi.twitch.tv PRIVMSG #cloakzy :Didn\xe2\x80\x99t like that lobby anyway yaknow what I mean needed a reset\r\n'
2022-06-09 16:12:38,528 — b':zedexi!zedexi@zedexi.tmi.twitch.tv PRIVMSG #cloakzy :Didn\xe2\x80\x99t like that lobby anyway yaknow what I mean needed a reset\r\n'
2022-06-09 16:12:38,528 — b':zedexi!zedexi@zedexi.tmi.twitch.tv PRIVMSG #cloakzy :Didn\xe2\x80\x99t like that lobby anyway yaknow what I mean needed a reset\r\n'
2022-06-09 16:12:38,528 — b':zedexi!zedexi@zedexi.tmi.twitch.tv PRIVMSG #cloakzy :Didn\xe2\x80\x99t like that lobby anyway yaknow what I mean needed a reset\r\n'
2022-06-09 16:12:38,679 — b':gna5tywiddit!gna5tywiddit@gna5tywiddit.tmi.twitch.tv PRIVMSG #cloakzy :lol absolutely....NOT LMAO\r\n'
2022-06-09 16:12:38,679 — b':gna5tywiddit!gna5tywiddit@gna5tywiddit.tmi.twitch.tv PRIVMSG #cloakzy :lol absolutely....NOT LMAO\r\n'
2022-06-09 16:12:38,679 — b':gna5tywiddit!gna5tywiddit@gna5tywiddit.tmi.twitch.tv PRIVMSG #cloakzy :lol absolutely....NOT LMAO\r\n'
2022-06-09 16:12:38,679 — b':gna5tywiddit!gna5tywiddit@gna5tywiddit.tmi.twitch.tv PRIVMSG #cloakzy :lol absolutely....NOT LMAO\r\n'
2022-06-09 16:12:40,865 — b':gdtzar!gdtzar@gdtzar.tmi.twitch.tv PRIVMSG #cloakzy :yes :)\r\n'
2022-06-09 16:12:40,865 — b':gdtzar!gdtzar@gdtzar.tmi.twitch.tv PRIVMSG #cloakzy :yes :)\r\n'
2022-06-09 16:12:40,865 — b':gdtzar!gdtzar@gdtzar.tmi.twitch.tv PRIVMSG #cloakzy :yes :)\r\n'
2022-06-09 16:12:40,865 — b':gdtzar!gdtzar@gdtzar.tmi.twitch.tv PRIVMSG #cloakzy :yes :)\r\n'
2022-06-09 16:12:41,751 — b':fxnjagerbomber!fxnjagerbomber@fxnjagerbomber.tmi.twitch.tv PRIVMSG #cloakzy :i think you did great there\r\n'
2022-06-09 16:12:41,751 — b':fxnjagerbomber!fxnjagerbomber@fxnjagerbomber.tmi.twitch.tv PRIVMSG #cloakzy :i think you did great there\r\n'
2022-06-09 16:12:41,751 — b':fxnjagerbomber!fxnjagerbomber@fxnjagerbomber.tmi.twitch.tv PRIVMSG #cloakzy :i think you did great there\r\n'
2022-06-09 16:12:41,751 — b':fxnjagerbomber!fxnjagerbomber@fxnjagerbomber.tmi.twitch.tv PRIVMSG #cloakzy :i think you did great there\r\n'
2022-06-09 16:12:43,799 — b':colonel_stones!colonel_stones@colonel_stones.tmi.twitch.tv PRIVMSG #cloakzy :!pred\r\n'
2022-06-09 16:12:43,799 — b':colonel_stones!colonel_stones@colonel_stones.tmi.twitch.tv PRIVMSG #cloakzy :!pred\r\n'
2022-06-09 16:12:43,799 — b':colonel_stones!colonel_stones@colonel_stones.tmi.twitch.tv PRIVMSG #cloakzy :!pred\r\n'
2022-06-09 16:12:43,799 — b':colonel_stones!colonel_stones@colonel_stones.tmi.twitch.tv PRIVMSG #cloakzy :!pred\r\n'
2022-06-09 16:12:45,200 — b':handwraps_!handwraps_@handwraps_.tmi.twitch.tv PRIVMSG #cloakzy :Yes\r\n'
2022-06-09 16:12:45,200 — b':handwraps_!handwraps_@handwraps_.tmi.twitch.tv PRIVMSG #cloakzy :Yes\r\n'
2022-06-09 16:12:45,200 — b':handwraps_!handwraps_@handwraps_.tmi.twitch.tv PRIVMSG #cloakzy :Yes\r\n'
2022-06-09 16:12:45,200 — b':handwraps_!handwraps_@handwraps_.tmi.twitch.tv PRIVMSG #cloakzy :Yes\r\n'
2022-06-09 16:12:46,051 — b':redgu4rd!redgu4rd@redgu4rd.tmi.twitch.tv PRIVMSG #cloakzy :YEP\r\n'
2022-06-09 16:12:46,051 — b':redgu4rd!redgu4rd@redgu4rd.tmi.twitch.tv PRIVMSG #cloakzy :YEP\r\n'
2022-06-09 16:12:46,051 — b':redgu4rd!redgu4rd@redgu4rd.tmi.twitch.tv PRIVMSG #cloakzy :YEP\r\n'
2022-06-09 16:12:46,051 — b':redgu4rd!redgu4rd@redgu4rd.tmi.twitch.tv PRIVMSG #cloakzy :YEP\r\n'
2022-06-09 16:12:50,449 — b':handwraps_!handwraps_@handwraps_.tmi.twitch.tv PRIVMSG #cloakzy :Of course\r\n'
2022-06-09 16:12:50,449 — b':handwraps_!handwraps_@handwraps_.tmi.twitch.tv PRIVMSG #cloakzy :Of course\r\n'
2022-06-09 16:12:50,449 — b':handwraps_!handwraps_@handwraps_.tmi.twitch.tv PRIVMSG #cloakzy :Of course\r\n'
2022-06-09 16:12:50,449 — b':handwraps_!handwraps_@handwraps_.tmi.twitch.tv PRIVMSG #cloakzy :Of course\r\n'
2022-06-09 16:12:51,785 — b':cowboycalhoun69!cowboycalhoun69@cowboycalhoun69.tmi.twitch.tv PRIVMSG #cloakzy :Just helping man\r\n'
2022-06-09 16:12:51,785 — b':cowboycalhoun69!cowboycalhoun69@cowboycalhoun69.tmi.twitch.tv PRIVMSG #cloakzy :Just helping man\r\n'
2022-06-09 16:12:51,785 — b':cowboycalhoun69!cowboycalhoun69@cowboycalhoun69.tmi.twitch.tv PRIVMSG #cloakzy :Just helping man\r\n'
2022-06-09 16:12:51,785 — b':cowboycalhoun69!cowboycalhoun69@cowboycalhoun69.tmi.twitch.tv PRIVMSG #cloakzy :Just helping man\r\n'
2022-06-09 16:12:55,023 — b':pr11me_!pr11me_@pr11me_.tmi.twitch.tv PRIVMSG #cloakzy :YES POGGERS\r\n'
2022-06-09 16:12:55,023 — b':pr11me_!pr11me_@pr11me_.tmi.twitch.tv PRIVMSG #cloakzy :YES POGGERS\r\n'
2022-06-09 16:12:55,023 — b':pr11me_!pr11me_@pr11me_.tmi.twitch.tv PRIVMSG #cloakzy :YES POGGERS\r\n'
2022-06-09 16:12:55,023 — b':pr11me_!pr11me_@pr11me_.tmi.twitch.tv PRIVMSG #cloakzy :YES POGGERS\r\n'
2022-06-09 16:13:04,585 — b':pr11me_!pr11me_@pr11me_.tmi.twitch.tv PRIVMSG #cloakzy :KEKW\r\n'
2022-06-09 16:13:04,585 — b':pr11me_!pr11me_@pr11me_.tmi.twitch.tv PRIVMSG #cloakzy :KEKW\r\n'
2022-06-09 16:13:04,585 — b':pr11me_!pr11me_@pr11me_.tmi.twitch.tv PRIVMSG #cloakzy :KEKW\r\n'
2022-06-09 16:13:04,585 — b':pr11me_!pr11me_@pr11me_.tmi.twitch.tv PRIVMSG #cloakzy :KEKW\r\n'
2022-06-09 16:13:04,621 — b':hewheff!hewheff@hewheff.tmi.twitch.tv PRIVMSG #cloakzy :3/3 oh no\r\n:blades1337!blades1337@blades1337.tmi.twitch.tv PRIVMSG #cloakzy :@cloakzy the reason you lost is bc you didnt grab the blue sniper stock for the 3030\r\n:handwraps_!handwraps_@handwraps_.tmi.twitch.tv PRIVMSG #cloakzy :Go back to Ash\r\n'
2022-06-09 16:13:04,621 — b':hewheff!hewheff@hewheff.tmi.twitch.tv PRIVMSG #cloakzy :3/3 oh no\r\n:blades1337!blades1337@blades1337.tmi.twitch.tv PRIVMSG #cloakzy :@cloakzy the reason you lost is bc you didnt grab the blue sniper stock for the 3030\r\n:handwraps_!handwraps_@handwraps_.tmi.twitch.tv PRIVMSG #cloakzy :Go back to Ash\r\n'
2022-06-09 16:13:04,621 — b':hewheff!hewheff@hewheff.tmi.twitch.tv PRIVMSG #cloakzy :3/3 oh no\r\n:blades1337!blades1337@blades1337.tmi.twitch.tv PRIVMSG #cloakzy :@cloakzy the reason you lost is bc you didnt grab the blue sniper stock for the 3030\r\n:handwraps_!handwraps_@handwraps_.tmi.twitch.tv PRIVMSG #cloakzy :Go back to Ash\r\n'
2022-06-09 16:13:04,621 — b':hewheff!hewheff@hewheff.tmi.twitch.tv PRIVMSG #cloakzy :3/3 oh no\r\n:blades1337!blades1337@blades1337.tmi.twitch.tv PRIVMSG #cloakzy :@cloakzy the reason you lost is bc you didnt grab the blue sniper stock for the 3030\r\n:handwraps_!handwraps_@handwraps_.tmi.twitch.tv PRIVMSG #cloakzy :Go back to Ash\r\n'
2022-06-09 16:13:05,098 — b':kingsmang710!kingsmang710@kingsmang710.tmi.twitch.tv PRIVMSG #cloakzy :ApexChat durrrrr\r\n'
2022-06-09 16:13:05,098 — b':kingsmang710!kingsmang710@kingsmang710.tmi.twitch.tv PRIVMSG #cloakzy :ApexChat durrrrr\r\n'
2022-06-09 16:13:05,098 — b':kingsmang710!kingsmang710@kingsmang710.tmi.twitch.tv PRIVMSG #cloakzy :ApexChat durrrrr\r\n'
2022-06-09 16:13:05,098 — b':kingsmang710!kingsmang710@kingsmang710.tmi.twitch.tv PRIVMSG #cloakzy :ApexChat durrrrr\r\n'
2022-06-09 16:13:05,825 — b':xaddygames!xaddygames@xaddygames.tmi.twitch.tv PRIVMSG #cloakzy :hi\r\n'
2022-06-09 16:13:05,825 — b':xaddygames!xaddygames@xaddygames.tmi.twitch.tv PRIVMSG #cloakzy :hi\r\n'
2022-06-09 16:13:05,825 — b':xaddygames!xaddygames@xaddygames.tmi.twitch.tv PRIVMSG #cloakzy :hi\r\n'
2022-06-09 16:13:05,825 — b':xaddygames!xaddygames@xaddygames.tmi.twitch.tv PRIVMSG #cloakzy :hi\r\n'
2022-06-09 16:13:06,942 — b':quinnpainter77!quinnpainter77@quinnpainter77.tmi.twitch.tv PRIVMSG #cloakzy :cloakPotato cloakPotato cloakPotato\r\n'
2022-06-09 16:13:06,942 — b':quinnpainter77!quinnpainter77@quinnpainter77.tmi.twitch.tv PRIVMSG #cloakzy :cloakPotato cloakPotato cloakPotato\r\n'
2022-06-09 16:13:06,942 — b':quinnpainter77!quinnpainter77@quinnpainter77.tmi.twitch.tv PRIVMSG #cloakzy :cloakPotato cloakPotato cloakPotato\r\n'
2022-06-09 16:13:06,942 — b':quinnpainter77!quinnpainter77@quinnpainter77.tmi.twitch.tv PRIVMSG #cloakzy :cloakPotato cloakPotato cloakPotato\r\n'
2022-06-09 16:13:08,381 — b':fourautumnleaf!fourautumnleaf@fourautumnleaf.tmi.twitch.tv PRIVMSG #cloakzy :you got pooped on on the roof LUL\r\n'
2022-06-09 16:13:08,381 — b':fourautumnleaf!fourautumnleaf@fourautumnleaf.tmi.twitch.tv PRIVMSG #cloakzy :you got pooped on on the roof LUL\r\n'
2022-06-09 16:13:08,381 — b':fourautumnleaf!fourautumnleaf@fourautumnleaf.tmi.twitch.tv PRIVMSG #cloakzy :you got pooped on on the roof LUL\r\n'
2022-06-09 16:13:08,381 — b':fourautumnleaf!fourautumnleaf@fourautumnleaf.tmi.twitch.tv PRIVMSG #cloakzy :you got pooped on on the roof LUL\r\n'
2022-06-09 16:13:12,428 — b':handwraps_!handwraps_@handwraps_.tmi.twitch.tv PRIVMSG #cloakzy :Maybe a little Drypto\r\n'
2022-06-09 16:13:12,428 — b':handwraps_!handwraps_@handwraps_.tmi.twitch.tv PRIVMSG #cloakzy :Maybe a little Drypto\r\n'
2022-06-09 16:13:12,428 — b':handwraps_!handwraps_@handwraps_.tmi.twitch.tv PRIVMSG #cloakzy :Maybe a little Drypto\r\n'
2022-06-09 16:13:12,428 — b':handwraps_!handwraps_@handwraps_.tmi.twitch.tv PRIVMSG #cloakzy :Maybe a little Drypto\r\n'
2022-06-09 16:13:15,442 — b':hewheff!hewheff@hewheff.tmi.twitch.tv PRIVMSG #cloakzy :thats how its been\r\n'
2022-06-09 16:13:15,442 — b':hewheff!hewheff@hewheff.tmi.twitch.tv PRIVMSG #cloakzy :thats how its been\r\n'
2022-06-09 16:13:15,442 — b':hewheff!hewheff@hewheff.tmi.twitch.tv PRIVMSG #cloakzy :thats how its been\r\n'
2022-06-09 16:13:15,442 — b':hewheff!hewheff@hewheff.tmi.twitch.tv PRIVMSG #cloakzy :thats how its been\r\n'
2022-06-09 16:13:18,923 — b':quinnpainter77!quinnpainter77@quinnpainter77.tmi.twitch.tv PRIVMSG #cloakzy :cloakTFUE cloakPotato cloak20\r\n'
2022-06-09 16:13:18,923 — b':quinnpainter77!quinnpainter77@quinnpainter77.tmi.twitch.tv PRIVMSG #cloakzy :cloakTFUE cloakPotato cloak20\r\n'
2022-06-09 16:13:18,923 — b':quinnpainter77!quinnpainter77@quinnpainter77.tmi.twitch.tv PRIVMSG #cloakzy :cloakTFUE cloakPotato cloak20\r\n'
2022-06-09 16:13:18,923 — b':quinnpainter77!quinnpainter77@quinnpainter77.tmi.twitch.tv PRIVMSG #cloakzy :cloakTFUE cloakPotato cloak20\r\n'
2022-06-09 16:13:20,757 — b':colonel_stones!colonel_stones@colonel_stones.tmi.twitch.tv PRIVMSG #cloakzy :pred!\r\n'
2022-06-09 16:13:20,757 — b':colonel_stones!colonel_stones@colonel_stones.tmi.twitch.tv PRIVMSG #cloakzy :pred!\r\n'
2022-06-09 16:13:20,757 — b':colonel_stones!colonel_stones@colonel_stones.tmi.twitch.tv PRIVMSG #cloakzy :pred!\r\n'
2022-06-09 16:13:20,757 — b':colonel_stones!colonel_stones@colonel_stones.tmi.twitch.tv PRIVMSG #cloakzy :pred!\r\n'
2022-06-09 16:13:29,675 — b':barepoint!barepoint@barepoint.tmi.twitch.tv PRIVMSG #cloakzy :@kingsmang710 still no where near as bad as fortnut  chat\r\n'
2022-06-09 16:13:29,675 — b':barepoint!barepoint@barepoint.tmi.twitch.tv PRIVMSG #cloakzy :@kingsmang710 still no where near as bad as fortnut  chat\r\n'
2022-06-09 16:13:29,675 — b':barepoint!barepoint@barepoint.tmi.twitch.tv PRIVMSG #cloakzy :@kingsmang710 still no where near as bad as fortnut  chat\r\n'
2022-06-09 16:13:29,675 — b':barepoint!barepoint@barepoint.tmi.twitch.tv PRIVMSG #cloakzy :@kingsmang710 still no where near as bad as fortnut  chat\r\n'
2022-06-09 16:13:30,419 — b':i7amanyq8!i7amanyq8@i7amanyq8.tmi.twitch.tv PRIVMSG #cloakzy :how many days are you staying in the hospital for the surgery?\r\n'
2022-06-09 16:13:30,419 — b':i7amanyq8!i7amanyq8@i7amanyq8.tmi.twitch.tv PRIVMSG #cloakzy :how many days are you staying in the hospital for the surgery?\r\n'
2022-06-09 16:13:30,419 — b':i7amanyq8!i7amanyq8@i7amanyq8.tmi.twitch.tv PRIVMSG #cloakzy :how many days are you staying in the hospital for the surgery?\r\n'
2022-06-09 16:13:30,419 — b':i7amanyq8!i7amanyq8@i7amanyq8.tmi.twitch.tv PRIVMSG #cloakzy :how many days are you staying in the hospital for the surgery?\r\n'
2022-06-09 16:13:35,204 — b':fxnjagerbomber!fxnjagerbomber@fxnjagerbomber.tmi.twitch.tv PRIVMSG #cloakzy :nick got dumped on too\r\n'
2022-06-09 16:13:35,204 — b':fxnjagerbomber!fxnjagerbomber@fxnjagerbomber.tmi.twitch.tv PRIVMSG #cloakzy :nick got dumped on too\r\n'
2022-06-09 16:13:35,204 — b':fxnjagerbomber!fxnjagerbomber@fxnjagerbomber.tmi.twitch.tv PRIVMSG #cloakzy :nick got dumped on too\r\n'
2022-06-09 16:13:35,204 — b':fxnjagerbomber!fxnjagerbomber@fxnjagerbomber.tmi.twitch.tv PRIVMSG #cloakzy :nick got dumped on too\r\n'
2022-06-09 16:13:43,602 — b':handwraps_!handwraps_@handwraps_.tmi.twitch.tv PRIVMSG #cloakzy :Chat we feelin Drypto Clock or nah right now? \xf0\x9f\xa7\x90\r\n'
2022-06-09 16:13:43,602 — b':handwraps_!handwraps_@handwraps_.tmi.twitch.tv PRIVMSG #cloakzy :Chat we feelin Drypto Clock or nah right now? \xf0\x9f\xa7\x90\r\n'
2022-06-09 16:13:43,602 — b':handwraps_!handwraps_@handwraps_.tmi.twitch.tv PRIVMSG #cloakzy :Chat we feelin Drypto Clock or nah right now? \xf0\x9f\xa7\x90\r\n'
2022-06-09 16:13:43,602 — b':handwraps_!handwraps_@handwraps_.tmi.twitch.tv PRIVMSG #cloakzy :Chat we feelin Drypto Clock or nah right now? \xf0\x9f\xa7\x90\r\n'
2022-06-09 16:13:49,438 — b':fxnjagerbomber!fxnjagerbomber@fxnjagerbomber.tmi.twitch.tv PRIVMSG #cloakzy :ApexChat\r\n'
2022-06-09 16:13:49,438 — b':fxnjagerbomber!fxnjagerbomber@fxnjagerbomber.tmi.twitch.tv PRIVMSG #cloakzy :ApexChat\r\n'
2022-06-09 16:13:49,438 — b':fxnjagerbomber!fxnjagerbomber@fxnjagerbomber.tmi.twitch.tv PRIVMSG #cloakzy :ApexChat\r\n'
2022-06-09 16:13:49,438 — b':fxnjagerbomber!fxnjagerbomber@fxnjagerbomber.tmi.twitch.tv PRIVMSG #cloakzy :ApexChat\r\n'
2022-06-09 16:13:55,685 — b':conduktoflex!conduktoflex@conduktoflex.tmi.twitch.tv PRIVMSG #cloakzy :ye is da goat no cap\r\n'
2022-06-09 16:13:55,685 — b':conduktoflex!conduktoflex@conduktoflex.tmi.twitch.tv PRIVMSG #cloakzy :ye is da goat no cap\r\n'
2022-06-09 16:13:55,685 — b':conduktoflex!conduktoflex@conduktoflex.tmi.twitch.tv PRIVMSG #cloakzy :ye is da goat no cap\r\n'
2022-06-09 16:13:55,685 — b':conduktoflex!conduktoflex@conduktoflex.tmi.twitch.tv PRIVMSG #cloakzy :ye is da goat no cap\r\n'
2022-06-09 16:14:15,960 — b":bonskie_!bonskie_@bonskie_.tmi.twitch.tv PRIVMSG #cloakzy :Anyone else call the Wingman, Wingstop? Or is it just me because I'm a fatass..\r\n"
2022-06-09 16:14:15,960 — b":bonskie_!bonskie_@bonskie_.tmi.twitch.tv PRIVMSG #cloakzy :Anyone else call the Wingman, Wingstop? Or is it just me because I'm a fatass..\r\n"
2022-06-09 16:14:15,960 — b":bonskie_!bonskie_@bonskie_.tmi.twitch.tv PRIVMSG #cloakzy :Anyone else call the Wingman, Wingstop? Or is it just me because I'm a fatass..\r\n"
2022-06-09 16:14:15,960 — b":bonskie_!bonskie_@bonskie_.tmi.twitch.tv PRIVMSG #cloakzy :Anyone else call the Wingman, Wingstop? Or is it just me because I'm a fatass..\r\n"
2022-06-09 16:14:17,292 — b':jasonly!jasonly@jasonly.tmi.twitch.tv PRIVMSG #cloakzy :masters!\r\n'
2022-06-09 16:14:17,292 — b':jasonly!jasonly@jasonly.tmi.twitch.tv PRIVMSG #cloakzy :masters!\r\n'
2022-06-09 16:14:17,292 — b':jasonly!jasonly@jasonly.tmi.twitch.tv PRIVMSG #cloakzy :masters!\r\n'
2022-06-09 16:14:17,292 — b':jasonly!jasonly@jasonly.tmi.twitch.tv PRIVMSG #cloakzy :masters!\r\n'
2022-06-09 16:14:17,907 — b':hewheff!hewheff@hewheff.tmi.twitch.tv PRIVMSG #cloakzy :whatca eating\r\n'
2022-06-09 16:14:17,907 — b':hewheff!hewheff@hewheff.tmi.twitch.tv PRIVMSG #cloakzy :whatca eating\r\n'
2022-06-09 16:14:17,907 — b':hewheff!hewheff@hewheff.tmi.twitch.tv PRIVMSG #cloakzy :whatca eating\r\n'
2022-06-09 16:14:17,907 — b':hewheff!hewheff@hewheff.tmi.twitch.tv PRIVMSG #cloakzy :whatca eating\r\n'
2022-06-09 16:14:31,643 — b':fxnjagerbomber!fxnjagerbomber@fxnjagerbomber.tmi.twitch.tv PRIVMSG #cloakzy :IRL stream KEKW\r\n'
2022-06-09 16:14:31,643 — b':fxnjagerbomber!fxnjagerbomber@fxnjagerbomber.tmi.twitch.tv PRIVMSG #cloakzy :IRL stream KEKW\r\n'
2022-06-09 16:14:31,643 — b':fxnjagerbomber!fxnjagerbomber@fxnjagerbomber.tmi.twitch.tv PRIVMSG #cloakzy :IRL stream KEKW\r\n'
2022-06-09 16:14:31,643 — b':fxnjagerbomber!fxnjagerbomber@fxnjagerbomber.tmi.twitch.tv PRIVMSG #cloakzy :IRL stream KEKW\r\n'
2022-06-09 16:14:35,211 — b':oghellvis!oghellvis@oghellvis.tmi.twitch.tv PRIVMSG #cloakzy :buy a steamdeck so you can play in the hospital\r\n'
2022-06-09 16:14:35,211 — b':oghellvis!oghellvis@oghellvis.tmi.twitch.tv PRIVMSG #cloakzy :buy a steamdeck so you can play in the hospital\r\n'
2022-06-09 16:14:35,211 — b':oghellvis!oghellvis@oghellvis.tmi.twitch.tv PRIVMSG #cloakzy :buy a steamdeck so you can play in the hospital\r\n'
2022-06-09 16:14:35,211 — b':oghellvis!oghellvis@oghellvis.tmi.twitch.tv PRIVMSG #cloakzy :buy a steamdeck so you can play in the hospital\r\n'
2022-06-09 16:14:44,781 — b':anthonyberg12!anthonyberg12@anthonyberg12.tmi.twitch.tv PRIVMSG #cloakzy :cloakSpin cloakSpin cloakSpin\r\n'
2022-06-09 16:14:44,781 — b':anthonyberg12!anthonyberg12@anthonyberg12.tmi.twitch.tv PRIVMSG #cloakzy :cloakSpin cloakSpin cloakSpin\r\n'
2022-06-09 16:14:44,781 — b':anthonyberg12!anthonyberg12@anthonyberg12.tmi.twitch.tv PRIVMSG #cloakzy :cloakSpin cloakSpin cloakSpin\r\n'
2022-06-09 16:14:44,781 — b':anthonyberg12!anthonyberg12@anthonyberg12.tmi.twitch.tv PRIVMSG #cloakzy :cloakSpin cloakSpin cloakSpin\r\n'
2022-06-09 16:14:45,979 — b':redgu4rd!redgu4rd@redgu4rd.tmi.twitch.tv PRIVMSG #cloakzy :Surgery stream monksS\r\n'
2022-06-09 16:14:45,979 — b':redgu4rd!redgu4rd@redgu4rd.tmi.twitch.tv PRIVMSG #cloakzy :Surgery stream monksS\r\n'
2022-06-09 16:14:45,979 — b':redgu4rd!redgu4rd@redgu4rd.tmi.twitch.tv PRIVMSG #cloakzy :Surgery stream monksS\r\n'
2022-06-09 16:14:45,979 — b':redgu4rd!redgu4rd@redgu4rd.tmi.twitch.tv PRIVMSG #cloakzy :Surgery stream monksS\r\n'
2022-06-09 16:14:48,285 — b':barepoint!barepoint@barepoint.tmi.twitch.tv PRIVMSG #cloakzy :you should do a fishing steam with Turner one day\r\n'
2022-06-09 16:14:48,285 — b':barepoint!barepoint@barepoint.tmi.twitch.tv PRIVMSG #cloakzy :you should do a fishing steam with Turner one day\r\n'
2022-06-09 16:14:48,285 — b':barepoint!barepoint@barepoint.tmi.twitch.tv PRIVMSG #cloakzy :you should do a fishing steam with Turner one day\r\n'
2022-06-09 16:14:48,285 — b':barepoint!barepoint@barepoint.tmi.twitch.tv PRIVMSG #cloakzy :you should do a fishing steam with Turner one day\r\n'
2022-06-09 16:14:53,026 — b':problymfm!problymfm@problymfm.tmi.twitch.tv PRIVMSG #cloakzy :i missed it. when is the surgeyr\r\n'
2022-06-09 16:14:53,026 — b':problymfm!problymfm@problymfm.tmi.twitch.tv PRIVMSG #cloakzy :i missed it. when is the surgeyr\r\n'
2022-06-09 16:14:53,026 — b':problymfm!problymfm@problymfm.tmi.twitch.tv PRIVMSG #cloakzy :i missed it. when is the surgeyr\r\n'
2022-06-09 16:14:53,026 — b':problymfm!problymfm@problymfm.tmi.twitch.tv PRIVMSG #cloakzy :i missed it. when is the surgeyr\r\n'
2022-06-09 16:15:00,879 — b':minercruz!minercruz@minercruz.tmi.twitch.tv PRIVMSG #cloakzy :glad to see you are feeling somewhat better Clocky\r\n'
2022-06-09 16:15:00,879 — b':minercruz!minercruz@minercruz.tmi.twitch.tv PRIVMSG #cloakzy :glad to see you are feeling somewhat better Clocky\r\n'
2022-06-09 16:15:00,879 — b':minercruz!minercruz@minercruz.tmi.twitch.tv PRIVMSG #cloakzy :glad to see you are feeling somewhat better Clocky\r\n'
2022-06-09 16:15:00,879 — b':minercruz!minercruz@minercruz.tmi.twitch.tv PRIVMSG #cloakzy :glad to see you are feeling somewhat better Clocky\r\n'
2022-06-09 16:15:05,420 — b':anthonyberg12!anthonyberg12@anthonyberg12.tmi.twitch.tv PRIVMSG #cloakzy :cloakWave cloakWave cloakWave cloakWave cloakWave\r\n'
2022-06-09 16:15:05,420 — b':anthonyberg12!anthonyberg12@anthonyberg12.tmi.twitch.tv PRIVMSG #cloakzy :cloakWave cloakWave cloakWave cloakWave cloakWave\r\n'
2022-06-09 16:15:05,420 — b':anthonyberg12!anthonyberg12@anthonyberg12.tmi.twitch.tv PRIVMSG #cloakzy :cloakWave cloakWave cloakWave cloakWave cloakWave\r\n'
2022-06-09 16:15:05,420 — b':anthonyberg12!anthonyberg12@anthonyberg12.tmi.twitch.tv PRIVMSG #cloakzy :cloakWave cloakWave cloakWave cloakWave cloakWave\r\n'
2022-06-09 16:15:20,066 — b':noryager666!noryager666@noryager666.tmi.twitch.tv PRIVMSG #cloakzy :NonbinaryPride\r\n'
2022-06-09 16:15:20,066 — b':noryager666!noryager666@noryager666.tmi.twitch.tv PRIVMSG #cloakzy :NonbinaryPride\r\n'
2022-06-09 16:15:20,066 — b':noryager666!noryager666@noryager666.tmi.twitch.tv PRIVMSG #cloakzy :NonbinaryPride\r\n'
2022-06-09 16:15:20,066 — b':noryager666!noryager666@noryager666.tmi.twitch.tv PRIVMSG #cloakzy :NonbinaryPride\r\n'
2022-06-09 16:15:26,776 — b':minercruz!minercruz@minercruz.tmi.twitch.tv PRIVMSG #cloakzy :Missed the streams but health is number 1\r\n'
2022-06-09 16:15:26,776 — b':minercruz!minercruz@minercruz.tmi.twitch.tv PRIVMSG #cloakzy :Missed the streams but health is number 1\r\n'
2022-06-09 16:15:26,776 — b':minercruz!minercruz@minercruz.tmi.twitch.tv PRIVMSG #cloakzy :Missed the streams but health is number 1\r\n'
2022-06-09 16:15:26,776 — b':minercruz!minercruz@minercruz.tmi.twitch.tv PRIVMSG #cloakzy :Missed the streams but health is number 1\r\n'
2022-06-09 16:15:29,177 — b':b_henz!b_henz@b_henz.tmi.twitch.tv PRIVMSG #cloakzy :cool lightsaber in the corner bro\r\n'
2022-06-09 16:15:29,177 — b':b_henz!b_henz@b_henz.tmi.twitch.tv PRIVMSG #cloakzy :cool lightsaber in the corner bro\r\n'
2022-06-09 16:15:29,177 — b':b_henz!b_henz@b_henz.tmi.twitch.tv PRIVMSG #cloakzy :cool lightsaber in the corner bro\r\n'
2022-06-09 16:15:29,177 — b':b_henz!b_henz@b_henz.tmi.twitch.tv PRIVMSG #cloakzy :cool lightsaber in the corner bro\r\n'
2022-06-09 16:15:42,019 — b':quinnpainter77!quinnpainter77@quinnpainter77.tmi.twitch.tv PRIVMSG #cloakzy :cloakPotato cloakPotato cloakPotato\r\n'
2022-06-09 16:15:42,019 — b':quinnpainter77!quinnpainter77@quinnpainter77.tmi.twitch.tv PRIVMSG #cloakzy :cloakPotato cloakPotato cloakPotato\r\n'
2022-06-09 16:15:42,019 — b':quinnpainter77!quinnpainter77@quinnpainter77.tmi.twitch.tv PRIVMSG #cloakzy :cloakPotato cloakPotato cloakPotato\r\n'
2022-06-09 16:15:42,019 — b':quinnpainter77!quinnpainter77@quinnpainter77.tmi.twitch.tv PRIVMSG #cloakzy :cloakPotato cloakPotato cloakPotato\r\n'
2022-06-09 16:15:45,152 — b':noryager666!noryager666@noryager666.tmi.twitch.tv PRIVMSG #cloakzy :Love this song\r\n'
2022-06-09 16:15:45,152 — b':noryager666!noryager666@noryager666.tmi.twitch.tv PRIVMSG #cloakzy :Love this song\r\n'
2022-06-09 16:15:45,152 — b':noryager666!noryager666@noryager666.tmi.twitch.tv PRIVMSG #cloakzy :Love this song\r\n'
2022-06-09 16:15:45,152 — b':noryager666!noryager666@noryager666.tmi.twitch.tv PRIVMSG #cloakzy :Love this song\r\n'
2022-06-09 16:15:50,579 — b':noryager666!noryager666@noryager666.tmi.twitch.tv PRIVMSG #cloakzy :\xf0\x9f\x98\xad\r\n'
2022-06-09 16:15:50,579 — b':noryager666!noryager666@noryager666.tmi.twitch.tv PRIVMSG #cloakzy :\xf0\x9f\x98\xad\r\n'
2022-06-09 16:15:50,579 — b':noryager666!noryager666@noryager666.tmi.twitch.tv PRIVMSG #cloakzy :\xf0\x9f\x98\xad\r\n'
2022-06-09 16:15:50,579 — b':noryager666!noryager666@noryager666.tmi.twitch.tv PRIVMSG #cloakzy :\xf0\x9f\x98\xad\r\n'
2022-06-09 16:15:55,699 — b':quinnpainter77!quinnpainter77@quinnpainter77.tmi.twitch.tv PRIVMSG #cloakzy :cloakPotato cloakPotato cloakPotato cloakPotato cloakPotato cloakPotato cloakPotato cloakPotato cloakPotato cloakPotato cloakPotato cloakPotato cloakPotato cloakPotato cloakPotato cloakPotato cloakPotato cloakPotato cloakPotato cloakPotato\r\n'
2022-06-09 16:15:55,699 — b':quinnpainter77!quinnpainter77@quinnpainter77.tmi.twitch.tv PRIVMSG #cloakzy :cloakPotato cloakPotato cloakPotato cloakPotato cloakPotato cloakPotato cloakPotato cloakPotato cloakPotato cloakPotato cloakPotato cloakPotato cloakPotato cloakPotato cloakPotato cloakPotato cloakPotato cloakPotato cloakPotato cloakPotato\r\n'
2022-06-09 16:15:55,699 — b':quinnpainter77!quinnpainter77@quinnpainter77.tmi.twitch.tv PRIVMSG #cloakzy :cloakPotato cloakPotato cloakPotato cloakPotato cloakPotato cloakPotato cloakPotato cloakPotato cloakPotato cloakPotato cloakPotato cloakPotato cloakPotato cloakPotato cloakPotato cloakPotato cloakPotato cloakPotato cloakPotato cloakPotato\r\n'
2022-06-09 16:15:55,699 — b':quinnpainter77!quinnpainter77@quinnpainter77.tmi.twitch.tv PRIVMSG #cloakzy :cloakPotato cloakPotato cloakPotato cloakPotato cloakPotato cloakPotato cloakPotato cloakPotato cloakPotato cloakPotato cloakPotato cloakPotato cloakPotato cloakPotato cloakPotato cloakPotato cloakPotato cloakPotato cloakPotato cloakPotato\r\n'
2022-06-09 16:16:01,843 — b':nobrain0ctane!nobrain0ctane@nobrain0ctane.tmi.twitch.tv PRIVMSG #cloakzy :modCheck wadder\r\n'
2022-06-09 16:16:01,843 — b':nobrain0ctane!nobrain0ctane@nobrain0ctane.tmi.twitch.tv PRIVMSG #cloakzy :modCheck wadder\r\n'
2022-06-09 16:16:01,843 — b':nobrain0ctane!nobrain0ctane@nobrain0ctane.tmi.twitch.tv PRIVMSG #cloakzy :modCheck wadder\r\n'
2022-06-09 16:16:01,843 — b':nobrain0ctane!nobrain0ctane@nobrain0ctane.tmi.twitch.tv PRIVMSG #cloakzy :modCheck wadder\r\n'
2022-06-09 16:16:02,458 — b':zedexi!zedexi@zedexi.tmi.twitch.tv PRIVMSG #cloakzy :Wuddur\r\n'
2022-06-09 16:16:02,458 — b':zedexi!zedexi@zedexi.tmi.twitch.tv PRIVMSG #cloakzy :Wuddur\r\n'
2022-06-09 16:16:02,458 — b':zedexi!zedexi@zedexi.tmi.twitch.tv PRIVMSG #cloakzy :Wuddur\r\n'
2022-06-09 16:16:02,458 — b':zedexi!zedexi@zedexi.tmi.twitch.tv PRIVMSG #cloakzy :Wuddur\r\n'
2022-06-09 16:16:06,104 — b':shelbyleighhh!shelbyleighhh@shelbyleighhh.tmi.twitch.tv PRIVMSG #cloakzy :goCloak\r\n'
2022-06-09 16:16:06,104 — b':shelbyleighhh!shelbyleighhh@shelbyleighhh.tmi.twitch.tv PRIVMSG #cloakzy :goCloak\r\n'
2022-06-09 16:16:06,104 — b':shelbyleighhh!shelbyleighhh@shelbyleighhh.tmi.twitch.tv PRIVMSG #cloakzy :goCloak\r\n'
2022-06-09 16:16:06,104 — b':shelbyleighhh!shelbyleighhh@shelbyleighhh.tmi.twitch.tv PRIVMSG #cloakzy :goCloak\r\n'
2022-06-09 16:16:06,180 — b':andresbol1!andresbol1@andresbol1.tmi.twitch.tv PRIVMSG #cloakzy :wooder\r\n'
2022-06-09 16:16:06,180 — b':andresbol1!andresbol1@andresbol1.tmi.twitch.tv PRIVMSG #cloakzy :wooder\r\n'
2022-06-09 16:16:06,180 — b':andresbol1!andresbol1@andresbol1.tmi.twitch.tv PRIVMSG #cloakzy :wooder\r\n'
2022-06-09 16:16:06,180 — b':andresbol1!andresbol1@andresbol1.tmi.twitch.tv PRIVMSG #cloakzy :wooder\r\n'
2022-06-09 16:16:19,968 — b':bossmann98!bossmann98@bossmann98.tmi.twitch.tv PRIVMSG #cloakzy :Go drink your wudda\r\n'
2022-06-09 16:16:19,968 — b':bossmann98!bossmann98@bossmann98.tmi.twitch.tv PRIVMSG #cloakzy :Go drink your wudda\r\n'
2022-06-09 16:16:19,968 — b':bossmann98!bossmann98@bossmann98.tmi.twitch.tv PRIVMSG #cloakzy :Go drink your wudda\r\n'
2022-06-09 16:16:19,968 — b':bossmann98!bossmann98@bossmann98.tmi.twitch.tv PRIVMSG #cloakzy :Go drink your wudda\r\n'
2022-06-09 16:16:23,353 — b':jnyce9!jnyce9@jnyce9.tmi.twitch.tv PRIVMSG #cloakzy :LFG\r\n'
2022-06-09 16:16:23,353 — b':jnyce9!jnyce9@jnyce9.tmi.twitch.tv PRIVMSG #cloakzy :LFG\r\n'
2022-06-09 16:16:23,353 — b':jnyce9!jnyce9@jnyce9.tmi.twitch.tv PRIVMSG #cloakzy :LFG\r\n'
2022-06-09 16:16:23,353 — b':jnyce9!jnyce9@jnyce9.tmi.twitch.tv PRIVMSG #cloakzy :LFG\r\n'
2022-06-09 16:16:41,386 — b':pr11me_!pr11me_@pr11me_.tmi.twitch.tv PRIVMSG #cloakzy :wudder\r\n'
2022-06-09 16:16:41,386 — b':pr11me_!pr11me_@pr11me_.tmi.twitch.tv PRIVMSG #cloakzy :wudder\r\n'
2022-06-09 16:16:41,386 — b':pr11me_!pr11me_@pr11me_.tmi.twitch.tv PRIVMSG #cloakzy :wudder\r\n'
2022-06-09 16:16:41,386 — b':pr11me_!pr11me_@pr11me_.tmi.twitch.tv PRIVMSG #cloakzy :wudder\r\n'
2022-06-09 16:16:54,170 — b':exscyde!exscyde@exscyde.tmi.twitch.tv PRIVMSG #cloakzy :farm spiders?\r\n'
2022-06-09 16:16:54,170 — b':exscyde!exscyde@exscyde.tmi.twitch.tv PRIVMSG #cloakzy :farm spiders?\r\n'
2022-06-09 16:16:54,170 — b':exscyde!exscyde@exscyde.tmi.twitch.tv PRIVMSG #cloakzy :farm spiders?\r\n'
2022-06-09 16:16:54,170 — b':exscyde!exscyde@exscyde.tmi.twitch.tv PRIVMSG #cloakzy :farm spiders?\r\n'
2022-06-09 16:17:05,640 — b':b_henz!b_henz@b_henz.tmi.twitch.tv PRIVMSG #cloakzy :purpleshieldupmnfer\r\n'
2022-06-09 16:17:05,640 — b':b_henz!b_henz@b_henz.tmi.twitch.tv PRIVMSG #cloakzy :purpleshieldupmnfer\r\n'
2022-06-09 16:17:05,640 — b':b_henz!b_henz@b_henz.tmi.twitch.tv PRIVMSG #cloakzy :purpleshieldupmnfer\r\n'
2022-06-09 16:17:05,640 — b':b_henz!b_henz@b_henz.tmi.twitch.tv PRIVMSG #cloakzy :purpleshieldupmnfer\r\n'
2022-06-09 16:17:16,699 — b':zedexi!zedexi@zedexi.tmi.twitch.tv PRIVMSG #cloakzy :Do wingading\r\n'
2022-06-09 16:17:16,699 — b':zedexi!zedexi@zedexi.tmi.twitch.tv PRIVMSG #cloakzy :Do wingading\r\n'
2022-06-09 16:17:16,699 — b':zedexi!zedexi@zedexi.tmi.twitch.tv PRIVMSG #cloakzy :Do wingading\r\n'
2022-06-09 16:17:16,699 — b':zedexi!zedexi@zedexi.tmi.twitch.tv PRIVMSG #cloakzy :Do wingading\r\n'
2022-06-09 16:17:48,750 — b':carly13!carly13@carly13.tmi.twitch.tv PRIVMSG #cloakzy :Watching him play apex looks so fun and easy but when I play I get bodied before the first circle \xf0\x9f\x98\x94\r\n'
2022-06-09 16:17:48,750 — b':carly13!carly13@carly13.tmi.twitch.tv PRIVMSG #cloakzy :Watching him play apex looks so fun and easy but when I play I get bodied before the first circle \xf0\x9f\x98\x94\r\n'
2022-06-09 16:17:48,750 — b':carly13!carly13@carly13.tmi.twitch.tv PRIVMSG #cloakzy :Watching him play apex looks so fun and easy but when I play I get bodied before the first circle \xf0\x9f\x98\x94\r\n'
2022-06-09 16:17:48,750 — b':carly13!carly13@carly13.tmi.twitch.tv PRIVMSG #cloakzy :Watching him play apex looks so fun and easy but when I play I get bodied before the first circle \xf0\x9f\x98\x94\r\n'
2022-06-09 16:17:51,515 — b':sheeeeshhhh!sheeeeshhhh@sheeeeshhhh.tmi.twitch.tv PRIVMSG #cloakzy :!wingman\r\n'
2022-06-09 16:17:51,515 — b':sheeeeshhhh!sheeeeshhhh@sheeeeshhhh.tmi.twitch.tv PRIVMSG #cloakzy :!wingman\r\n'
2022-06-09 16:17:51,515 — b':sheeeeshhhh!sheeeeshhhh@sheeeeshhhh.tmi.twitch.tv PRIVMSG #cloakzy :!wingman\r\n'
2022-06-09 16:17:51,515 — b':sheeeeshhhh!sheeeeshhhh@sheeeeshhhh.tmi.twitch.tv PRIVMSG #cloakzy :!wingman\r\n'
2022-06-09 16:17:52,335 — b':nightbot!nightbot@nightbot.tmi.twitch.tv PRIVMSG #cloakzy :cloak has missed 768 wingman shots\r\n'
2022-06-09 16:17:52,335 — b':nightbot!nightbot@nightbot.tmi.twitch.tv PRIVMSG #cloakzy :cloak has missed 768 wingman shots\r\n'
2022-06-09 16:17:52,335 — b':nightbot!nightbot@nightbot.tmi.twitch.tv PRIVMSG #cloakzy :cloak has missed 768 wingman shots\r\n'
2022-06-09 16:17:52,335 — b':nightbot!nightbot@nightbot.tmi.twitch.tv PRIVMSG #cloakzy :cloak has missed 768 wingman shots\r\n'
2022-06-09 16:18:35,342 — b':pr11me_!pr11me_@pr11me_.tmi.twitch.tv PRIVMSG #cloakzy :below\r\n'
2022-06-09 16:18:35,342 — b':pr11me_!pr11me_@pr11me_.tmi.twitch.tv PRIVMSG #cloakzy :below\r\n'
2022-06-09 16:18:35,342 — b':pr11me_!pr11me_@pr11me_.tmi.twitch.tv PRIVMSG #cloakzy :below\r\n'
2022-06-09 16:18:35,342 — b':pr11me_!pr11me_@pr11me_.tmi.twitch.tv PRIVMSG #cloakzy :below\r\n'
2022-06-09 16:19:07,907 — b':chiefpatsalbinonuts!chiefpatsalbinonuts@chiefpatsalbinonuts.tmi.twitch.tv PRIVMSG #cloakzy :up\r\n'
2022-06-09 16:19:07,907 — b':chiefpatsalbinonuts!chiefpatsalbinonuts@chiefpatsalbinonuts.tmi.twitch.tv PRIVMSG #cloakzy :up\r\n'
2022-06-09 16:19:07,907 — b':chiefpatsalbinonuts!chiefpatsalbinonuts@chiefpatsalbinonuts.tmi.twitch.tv PRIVMSG #cloakzy :up\r\n'
2022-06-09 16:19:07,907 — b':chiefpatsalbinonuts!chiefpatsalbinonuts@chiefpatsalbinonuts.tmi.twitch.tv PRIVMSG #cloakzy :up\r\n'
2022-06-09 16:19:34,060 — b':just_truitt!just_truitt@just_truitt.tmi.twitch.tv PRIVMSG #cloakzy :!monitor\r\n'
2022-06-09 16:19:34,060 — b':just_truitt!just_truitt@just_truitt.tmi.twitch.tv PRIVMSG #cloakzy :!monitor\r\n'
2022-06-09 16:19:34,060 — b':just_truitt!just_truitt@just_truitt.tmi.twitch.tv PRIVMSG #cloakzy :!monitor\r\n'
2022-06-09 16:19:34,060 — b':just_truitt!just_truitt@just_truitt.tmi.twitch.tv PRIVMSG #cloakzy :!monitor\r\n'
2022-06-09 16:19:34,376 — b':nightbot!nightbot@nightbot.tmi.twitch.tv PRIVMSG #cloakzy :ASUS TUF Gaming VG259QM  https://www.amazon.com/ASUS-VG279QM-Compatible-DisplayHDR-DisplayPort/dp/B0876KP2CK/\r\n'
2022-06-09 16:19:34,376 — b':nightbot!nightbot@nightbot.tmi.twitch.tv PRIVMSG #cloakzy :ASUS TUF Gaming VG259QM  https://www.amazon.com/ASUS-VG279QM-Compatible-DisplayHDR-DisplayPort/dp/B0876KP2CK/\r\n'
2022-06-09 16:19:34,376 — b':nightbot!nightbot@nightbot.tmi.twitch.tv PRIVMSG #cloakzy :ASUS TUF Gaming VG259QM  https://www.amazon.com/ASUS-VG279QM-Compatible-DisplayHDR-DisplayPort/dp/B0876KP2CK/\r\n'
2022-06-09 16:19:34,376 — b':nightbot!nightbot@nightbot.tmi.twitch.tv PRIVMSG #cloakzy :ASUS TUF Gaming VG259QM  https://www.amazon.com/ASUS-VG279QM-Compatible-DisplayHDR-DisplayPort/dp/B0876KP2CK/\r\n'
2022-06-09 16:23:31,441 — b':tmi.twitch.tv 001 twitch_pioneers :Welcome, GLHF!\r\n:tmi.twitch.tv 002 twitch_pioneers :Your host is tmi.twitch.tv\r\n:tmi.twitch.tv 003 twitch_pioneers :This server is rather new\r\n:tmi.twitch.tv 004 twitch_pioneers :-\r\n:tmi.twitch.tv 375 twitch_pioneers :-\r\n:tmi.twitch.tv 372 twitch_pioneers :You are in a maze of twisty passages, all alike.\r\n:tmi.twitch.tv 376 twitch_pioneers :>\r\n'
2022-06-09 16:23:31,441 — b':tmi.twitch.tv 001 twitch_pioneers :Welcome, GLHF!\r\n:tmi.twitch.tv 002 twitch_pioneers :Your host is tmi.twitch.tv\r\n:tmi.twitch.tv 003 twitch_pioneers :This server is rather new\r\n:tmi.twitch.tv 004 twitch_pioneers :-\r\n:tmi.twitch.tv 375 twitch_pioneers :-\r\n:tmi.twitch.tv 372 twitch_pioneers :You are in a maze of twisty passages, all alike.\r\n:tmi.twitch.tv 376 twitch_pioneers :>\r\n'
2022-06-09 16:23:31,441 — b':tmi.twitch.tv 001 twitch_pioneers :Welcome, GLHF!\r\n:tmi.twitch.tv 002 twitch_pioneers :Your host is tmi.twitch.tv\r\n:tmi.twitch.tv 003 twitch_pioneers :This server is rather new\r\n:tmi.twitch.tv 004 twitch_pioneers :-\r\n:tmi.twitch.tv 375 twitch_pioneers :-\r\n:tmi.twitch.tv 372 twitch_pioneers :You are in a maze of twisty passages, all alike.\r\n:tmi.twitch.tv 376 twitch_pioneers :>\r\n'
2022-06-09 16:23:31,441 — b':tmi.twitch.tv 001 twitch_pioneers :Welcome, GLHF!\r\n:tmi.twitch.tv 002 twitch_pioneers :Your host is tmi.twitch.tv\r\n:tmi.twitch.tv 003 twitch_pioneers :This server is rather new\r\n:tmi.twitch.tv 004 twitch_pioneers :-\r\n:tmi.twitch.tv 375 twitch_pioneers :-\r\n:tmi.twitch.tv 372 twitch_pioneers :You are in a maze of twisty passages, all alike.\r\n:tmi.twitch.tv 376 twitch_pioneers :>\r\n'
2022-06-09 16:23:31,441 — b':tmi.twitch.tv 001 twitch_pioneers :Welcome, GLHF!\r\n:tmi.twitch.tv 002 twitch_pioneers :Your host is tmi.twitch.tv\r\n:tmi.twitch.tv 003 twitch_pioneers :This server is rather new\r\n:tmi.twitch.tv 004 twitch_pioneers :-\r\n:tmi.twitch.tv 375 twitch_pioneers :-\r\n:tmi.twitch.tv 372 twitch_pioneers :You are in a maze of twisty passages, all alike.\r\n:tmi.twitch.tv 376 twitch_pioneers :>\r\n'
2022-06-09 16:23:31,693 — b':twitch_pioneers!twitch_pioneers@twitch_pioneers.tmi.twitch.tv JOIN #cloakzy\r\n'
2022-06-09 16:23:31,693 — b':twitch_pioneers!twitch_pioneers@twitch_pioneers.tmi.twitch.tv JOIN #cloakzy\r\n'
2022-06-09 16:23:31,693 — b':twitch_pioneers!twitch_pioneers@twitch_pioneers.tmi.twitch.tv JOIN #cloakzy\r\n'
2022-06-09 16:23:31,693 — b':twitch_pioneers!twitch_pioneers@twitch_pioneers.tmi.twitch.tv JOIN #cloakzy\r\n'
2022-06-09 16:23:31,693 — b':twitch_pioneers!twitch_pioneers@twitch_pioneers.tmi.twitch.tv JOIN #cloakzy\r\n'
2022-06-09 16:23:31,733 — b':twitch_pioneers.tmi.twitch.tv 353 twitch_pioneers = #cloakzy :twitch_pioneers\r\n:twitch_pioneers.tmi.twitch.tv 366 twitch_pioneers #cloakzy :End of /NAMES list\r\n'
2022-06-09 16:23:31,733 — b':twitch_pioneers.tmi.twitch.tv 353 twitch_pioneers = #cloakzy :twitch_pioneers\r\n:twitch_pioneers.tmi.twitch.tv 366 twitch_pioneers #cloakzy :End of /NAMES list\r\n'
2022-06-09 16:23:31,733 — b':twitch_pioneers.tmi.twitch.tv 353 twitch_pioneers = #cloakzy :twitch_pioneers\r\n:twitch_pioneers.tmi.twitch.tv 366 twitch_pioneers #cloakzy :End of /NAMES list\r\n'
2022-06-09 16:23:31,733 — b':twitch_pioneers.tmi.twitch.tv 353 twitch_pioneers = #cloakzy :twitch_pioneers\r\n:twitch_pioneers.tmi.twitch.tv 366 twitch_pioneers #cloakzy :End of /NAMES list\r\n'
2022-06-09 16:23:31,733 — b':twitch_pioneers.tmi.twitch.tv 353 twitch_pioneers = #cloakzy :twitch_pioneers\r\n:twitch_pioneers.tmi.twitch.tv 366 twitch_pioneers #cloakzy :End of /NAMES list\r\n'
2022-06-09 16:24:03,848 — b':mrsneezydelux!mrsneezydelux@mrsneezydelux.tmi.twitch.tv PRIVMSG #cloakzy :Pause\r\n'
2022-06-09 16:24:03,848 — b':mrsneezydelux!mrsneezydelux@mrsneezydelux.tmi.twitch.tv PRIVMSG #cloakzy :Pause\r\n'
2022-06-09 16:24:03,848 — b':mrsneezydelux!mrsneezydelux@mrsneezydelux.tmi.twitch.tv PRIVMSG #cloakzy :Pause\r\n'
2022-06-09 16:24:03,848 — b':mrsneezydelux!mrsneezydelux@mrsneezydelux.tmi.twitch.tv PRIVMSG #cloakzy :Pause\r\n'
2022-06-09 16:24:03,848 — b':mrsneezydelux!mrsneezydelux@mrsneezydelux.tmi.twitch.tv PRIVMSG #cloakzy :Pause\r\n'
2022-06-09 16:24:04,462 — b':tobyduck!tobyduck@tobyduck.tmi.twitch.tv PRIVMSG #cloakzy :monkaEyes\r\n'
2022-06-09 16:24:04,462 — b':tobyduck!tobyduck@tobyduck.tmi.twitch.tv PRIVMSG #cloakzy :monkaEyes\r\n'
2022-06-09 16:24:04,462 — b':tobyduck!tobyduck@tobyduck.tmi.twitch.tv PRIVMSG #cloakzy :monkaEyes\r\n'
2022-06-09 16:24:04,462 — b':tobyduck!tobyduck@tobyduck.tmi.twitch.tv PRIVMSG #cloakzy :monkaEyes\r\n'
2022-06-09 16:24:04,462 — b':tobyduck!tobyduck@tobyduck.tmi.twitch.tv PRIVMSG #cloakzy :monkaEyes\r\n'
2022-06-09 16:24:07,534 — b':deathandtaxes7!deathandtaxes7@deathandtaxes7.tmi.twitch.tv PRIVMSG #cloakzy :look at that eye LUL\r\n'
2022-06-09 16:24:07,534 — b':deathandtaxes7!deathandtaxes7@deathandtaxes7.tmi.twitch.tv PRIVMSG #cloakzy :look at that eye LUL\r\n'
2022-06-09 16:24:07,534 — b':deathandtaxes7!deathandtaxes7@deathandtaxes7.tmi.twitch.tv PRIVMSG #cloakzy :look at that eye LUL\r\n'
2022-06-09 16:24:07,534 — b':deathandtaxes7!deathandtaxes7@deathandtaxes7.tmi.twitch.tv PRIVMSG #cloakzy :look at that eye LUL\r\n'
2022-06-09 16:24:07,534 — b':deathandtaxes7!deathandtaxes7@deathandtaxes7.tmi.twitch.tv PRIVMSG #cloakzy :look at that eye LUL\r\n'
2022-06-09 16:24:52,076 — b':quinnpainter77!quinnpainter77@quinnpainter77.tmi.twitch.tv PRIVMSG #cloakzy :cloakPotato cloakPotato cloakPotato cloakTFUE cloakTFUE cloakTFUE cloak20 cloak20 cloak20\r\n'
2022-06-09 16:24:52,076 — b':quinnpainter77!quinnpainter77@quinnpainter77.tmi.twitch.tv PRIVMSG #cloakzy :cloakPotato cloakPotato cloakPotato cloakTFUE cloakTFUE cloakTFUE cloak20 cloak20 cloak20\r\n'
2022-06-09 16:24:52,076 — b':quinnpainter77!quinnpainter77@quinnpainter77.tmi.twitch.tv PRIVMSG #cloakzy :cloakPotato cloakPotato cloakPotato cloakTFUE cloakTFUE cloakTFUE cloak20 cloak20 cloak20\r\n'
2022-06-09 16:24:52,076 — b':quinnpainter77!quinnpainter77@quinnpainter77.tmi.twitch.tv PRIVMSG #cloakzy :cloakPotato cloakPotato cloakPotato cloakTFUE cloakTFUE cloakTFUE cloak20 cloak20 cloak20\r\n'
2022-06-09 16:24:52,076 — b':quinnpainter77!quinnpainter77@quinnpainter77.tmi.twitch.tv PRIVMSG #cloakzy :cloakPotato cloakPotato cloakPotato cloakTFUE cloakTFUE cloakTFUE cloak20 cloak20 cloak20\r\n'
2022-06-09 16:25:01,190 — b':quinnpainter77!quinnpainter77@quinnpainter77.tmi.twitch.tv PRIVMSG #cloakzy :cloakPotato cloakPotato cloakPotato\r\n'
2022-06-09 16:25:01,190 — b':quinnpainter77!quinnpainter77@quinnpainter77.tmi.twitch.tv PRIVMSG #cloakzy :cloakPotato cloakPotato cloakPotato\r\n'
2022-06-09 16:25:01,190 — b':quinnpainter77!quinnpainter77@quinnpainter77.tmi.twitch.tv PRIVMSG #cloakzy :cloakPotato cloakPotato cloakPotato\r\n'
2022-06-09 16:25:01,190 — b':quinnpainter77!quinnpainter77@quinnpainter77.tmi.twitch.tv PRIVMSG #cloakzy :cloakPotato cloakPotato cloakPotato\r\n'
2022-06-09 16:25:01,190 — b':quinnpainter77!quinnpainter77@quinnpainter77.tmi.twitch.tv PRIVMSG #cloakzy :cloakPotato cloakPotato cloakPotato\r\n'
2022-06-09 16:25:36,201 — b':lil_esty!lil_esty@lil_esty.tmi.twitch.tv PRIVMSG #cloakzy :this gun combo is ass peepoRun\r\n'
2022-06-09 16:25:36,201 — b':lil_esty!lil_esty@lil_esty.tmi.twitch.tv PRIVMSG #cloakzy :this gun combo is ass peepoRun\r\n'
2022-06-09 16:25:36,201 — b':lil_esty!lil_esty@lil_esty.tmi.twitch.tv PRIVMSG #cloakzy :this gun combo is ass peepoRun\r\n'
2022-06-09 16:25:36,201 — b':lil_esty!lil_esty@lil_esty.tmi.twitch.tv PRIVMSG #cloakzy :this gun combo is ass peepoRun\r\n'
2022-06-09 16:25:36,201 — b':lil_esty!lil_esty@lil_esty.tmi.twitch.tv PRIVMSG #cloakzy :this gun combo is ass peepoRun\r\n'
2022-06-09 16:26:52,195 — b':shaggeeyy!shaggeeyy@shaggeeyy.tmi.twitch.tv PRIVMSG #cloakzy :@lil_esty LUL LUL LUL\r\n'
2022-06-09 16:26:52,195 — b':shaggeeyy!shaggeeyy@shaggeeyy.tmi.twitch.tv PRIVMSG #cloakzy :@lil_esty LUL LUL LUL\r\n'
2022-06-09 16:26:52,195 — b':shaggeeyy!shaggeeyy@shaggeeyy.tmi.twitch.tv PRIVMSG #cloakzy :@lil_esty LUL LUL LUL\r\n'
2022-06-09 16:26:52,195 — b':shaggeeyy!shaggeeyy@shaggeeyy.tmi.twitch.tv PRIVMSG #cloakzy :@lil_esty LUL LUL LUL\r\n'
2022-06-09 16:26:52,195 — b':shaggeeyy!shaggeeyy@shaggeeyy.tmi.twitch.tv PRIVMSG #cloakzy :@lil_esty LUL LUL LUL\r\n'
2022-06-09 16:27:27,304 — b':silentcarnivore!silentcarnivore@silentcarnivore.tmi.twitch.tv PRIVMSG #cloakzy :EZ Clap\r\n'
2022-06-09 16:27:27,304 — b':silentcarnivore!silentcarnivore@silentcarnivore.tmi.twitch.tv PRIVMSG #cloakzy :EZ Clap\r\n'
2022-06-09 16:27:27,304 — b':silentcarnivore!silentcarnivore@silentcarnivore.tmi.twitch.tv PRIVMSG #cloakzy :EZ Clap\r\n'
2022-06-09 16:27:27,304 — b':silentcarnivore!silentcarnivore@silentcarnivore.tmi.twitch.tv PRIVMSG #cloakzy :EZ Clap\r\n'
2022-06-09 16:27:27,304 — b':silentcarnivore!silentcarnivore@silentcarnivore.tmi.twitch.tv PRIVMSG #cloakzy :EZ Clap\r\n'
