2022-06-08 19:33:47,532 — b':tmi.twitch.tv 001 twitch_pioneers :Welcome, GLHF!\r\n:tmi.twitch.tv 002 twitch_pioneers :Your host is tmi.twitch.tv\r\n:tmi.twitch.tv 003 twitch_pioneers :This server is rather new\r\n:tmi.twitch.tv 004 twitch_pioneers :-\r\n:tmi.twitch.tv 375 twitch_pioneers :-\r\n:tmi.twitch.tv 372 twitch_pioneers :You are in a maze of twisty passages, all alike.\r\n:tmi.twitch.tv 376 twitch_pioneers :>\r\n:twitch_pioneers!twitch_pioneers@twitch_pioneers.tmi.twitch.tv JOIN #jinnytty\r\n:twitch_pioneers.tmi.twitch.tv 353 twitch_pioneers = #jinnytty :twitch_pioneers\r\n:twitch_pioneers.tmi.twitch.tv 366 twitch_pioneers #jinnytty :End of /NAMES list\r\n'
2022-06-08 19:33:47,532 — b':tmi.twitch.tv 001 twitch_pioneers :Welcome, GLHF!\r\n:tmi.twitch.tv 002 twitch_pioneers :Your host is tmi.twitch.tv\r\n:tmi.twitch.tv 003 twitch_pioneers :This server is rather new\r\n:tmi.twitch.tv 004 twitch_pioneers :-\r\n:tmi.twitch.tv 375 twitch_pioneers :-\r\n:tmi.twitch.tv 372 twitch_pioneers :You are in a maze of twisty passages, all alike.\r\n:tmi.twitch.tv 376 twitch_pioneers :>\r\n:twitch_pioneers!twitch_pioneers@twitch_pioneers.tmi.twitch.tv JOIN #jinnytty\r\n:twitch_pioneers.tmi.twitch.tv 353 twitch_pioneers = #jinnytty :twitch_pioneers\r\n:twitch_pioneers.tmi.twitch.tv 366 twitch_pioneers #jinnytty :End of /NAMES list\r\n'
2022-06-08 19:33:47,875 — b':silverstonedr32!silverstonedr32@silverstonedr32.tmi.twitch.tv PRIVMSG #jinnytty :Just stop talking lol\r\n'
2022-06-08 19:33:47,875 — b':silverstonedr32!silverstonedr32@silverstonedr32.tmi.twitch.tv PRIVMSG #jinnytty :Just stop talking lol\r\n'
2022-06-08 19:33:49,152 — b':xfinitypass!xfinitypass@xfinitypass.tmi.twitch.tv PRIVMSG #jinnytty :KEKWalk\r\n'
2022-06-08 19:33:49,152 — b':xfinitypass!xfinitypass@xfinitypass.tmi.twitch.tv PRIVMSG #jinnytty :KEKWalk\r\n'
2022-06-08 19:33:49,586 — b':arkeynum!arkeynum@arkeynum.tmi.twitch.tv PRIVMSG #jinnytty :My wife likes that one\r\n'
2022-06-08 19:33:49,586 — b':arkeynum!arkeynum@arkeynum.tmi.twitch.tv PRIVMSG #jinnytty :My wife likes that one\r\n'
2022-06-08 19:33:50,867 — b':aguafrio!aguafrio@aguafrio.tmi.twitch.tv PRIVMSG #jinnytty :we like it here\r\n'
2022-06-08 19:33:50,867 — b':aguafrio!aguafrio@aguafrio.tmi.twitch.tv PRIVMSG #jinnytty :we like it here\r\n'
2022-06-08 19:33:50,942 — b':silverstonedr32!silverstonedr32@silverstonedr32.tmi.twitch.tv PRIVMSG #jinnytty :New subject\r\n'
2022-06-08 19:33:50,942 — b':silverstonedr32!silverstonedr32@silverstonedr32.tmi.twitch.tv PRIVMSG #jinnytty :New subject\r\n'
2022-06-08 19:33:51,034 — b':akhrow!akhrow@akhrow.tmi.twitch.tv PRIVMSG #jinnytty :whatn the hell ?\r\n'
2022-06-08 19:33:51,034 — b':akhrow!akhrow@akhrow.tmi.twitch.tv PRIVMSG #jinnytty :whatn the hell ?\r\n'
2022-06-08 19:33:51,576 — b":cyclone99_!cyclone99_@cyclone99_.tmi.twitch.tv PRIVMSG #jinnytty :KKonaW Don't like it then leave\r\n"
2022-06-08 19:33:51,576 — b":cyclone99_!cyclone99_@cyclone99_.tmi.twitch.tv PRIVMSG #jinnytty :KKonaW Don't like it then leave\r\n"
2022-06-08 19:33:52,968 — b':allexxx1996!allexxx1996@allexxx1996.tmi.twitch.tv PRIVMSG #jinnytty :yyjPopcorn \xf3\xa0\x80\x80\r\n'
2022-06-08 19:33:52,968 — b':allexxx1996!allexxx1996@allexxx1996.tmi.twitch.tv PRIVMSG #jinnytty :yyjPopcorn \xf3\xa0\x80\x80\r\n'
2022-06-08 19:33:53,059 — b":vividstars!vividstars@vividstars.tmi.twitch.tv PRIVMSG #jinnytty :peepoG american internet = spotty cheese \xf0\x9f\xa7\x80\r\n:michin_saeggi!michin_saeggi@michin_saeggi.tmi.twitch.tv PRIVMSG #jinnytty :that's how it's supposed to be\r\n"
2022-06-08 19:33:53,059 — b":vividstars!vividstars@vividstars.tmi.twitch.tv PRIVMSG #jinnytty :peepoG american internet = spotty cheese \xf0\x9f\xa7\x80\r\n:michin_saeggi!michin_saeggi@michin_saeggi.tmi.twitch.tv PRIVMSG #jinnytty :that's how it's supposed to be\r\n"
2022-06-08 19:33:53,147 — b':dead_teeth!dead_teeth@dead_teeth.tmi.twitch.tv PRIVMSG #jinnytty :peepoPopcorn\r\n'
2022-06-08 19:33:53,147 — b':dead_teeth!dead_teeth@dead_teeth.tmi.twitch.tv PRIVMSG #jinnytty :peepoPopcorn\r\n'
2022-06-08 19:33:53,248 — b':glass_swords!glass_swords@glass_swords.tmi.twitch.tv PRIVMSG #jinnytty :True Italians are bad at pizza YEP\r\n'
2022-06-08 19:33:53,248 — b':glass_swords!glass_swords@glass_swords.tmi.twitch.tv PRIVMSG #jinnytty :True Italians are bad at pizza YEP\r\n'
2022-06-08 19:33:53,502 — b':katinent!katinent@katinent.tmi.twitch.tv PRIVMSG #jinnytty :not as good as pizza hut sadKEK\r\n'
2022-06-08 19:33:53,502 — b':katinent!katinent@katinent.tmi.twitch.tv PRIVMSG #jinnytty :not as good as pizza hut sadKEK\r\n'
2022-06-08 19:33:54,069 — b':freethinker040!freethinker040@freethinker040.tmi.twitch.tv PRIVMSG #jinnytty :Food is overrated, cant spend too much time on it\r\n'
2022-06-08 19:33:54,069 — b':freethinker040!freethinker040@freethinker040.tmi.twitch.tv PRIVMSG #jinnytty :Food is overrated, cant spend too much time on it\r\n'
2022-06-08 19:33:54,319 — b':jrhodes27!jrhodes27@jrhodes27.tmi.twitch.tv PRIVMSG #jinnytty :it was just a scam LULW\r\n'
2022-06-08 19:33:54,319 — b':jrhodes27!jrhodes27@jrhodes27.tmi.twitch.tv PRIVMSG #jinnytty :it was just a scam LULW\r\n'
2022-06-08 19:33:54,641 — b':roberthidalgoshy!roberthidalgoshy@roberthidalgoshy.tmi.twitch.tv PRIVMSG #jinnytty :No cheese \xf0\x9f\xa7\x80\r\n'
2022-06-08 19:33:54,641 — b':roberthidalgoshy!roberthidalgoshy@roberthidalgoshy.tmi.twitch.tv PRIVMSG #jinnytty :No cheese \xf0\x9f\xa7\x80\r\n'
2022-06-08 19:33:55,470 — b':cool4joe!cool4joe@cool4joe.tmi.twitch.tv PRIVMSG #jinnytty :LUL\r\n'
2022-06-08 19:33:55,470 — b':cool4joe!cool4joe@cool4joe.tmi.twitch.tv PRIVMSG #jinnytty :LUL\r\n'
2022-06-08 19:33:56,309 — b':remicade!remicade@remicade.tmi.twitch.tv PRIVMSG #jinnytty :anything else?\r\n'
2022-06-08 19:33:56,309 — b':remicade!remicade@remicade.tmi.twitch.tv PRIVMSG #jinnytty :anything else?\r\n'
2022-06-08 19:33:56,629 — b':skysage!skysage@skysage.tmi.twitch.tv PRIVMSG #jinnytty :double roasted EU and KKonaW\r\n'
2022-06-08 19:33:56,629 — b':skysage!skysage@skysage.tmi.twitch.tv PRIVMSG #jinnytty :double roasted EU and KKonaW\r\n'
2022-06-08 19:33:58,607 — b':thadoril!thadoril@thadoril.tmi.twitch.tv PRIVMSG #jinnytty :that was Neapolitan pizza\r\n'
2022-06-08 19:33:58,607 — b':thadoril!thadoril@thadoril.tmi.twitch.tv PRIVMSG #jinnytty :that was Neapolitan pizza\r\n'
2022-06-08 19:34:00,927 — b':arm_cannon!arm_cannon@arm_cannon.tmi.twitch.tv PRIVMSG #jinnytty :American Italian pizza is best\r\n'
2022-06-08 19:34:00,927 — b':arm_cannon!arm_cannon@arm_cannon.tmi.twitch.tv PRIVMSG #jinnytty :American Italian pizza is best\r\n'
2022-06-08 19:34:01,014 — b":gnuoynivek23!gnuoynivek23@gnuoynivek23.tmi.twitch.tv PRIVMSG #jinnytty :I'm from chicago, so I'm used to deep dish lol\r\n:lightsir_!lightsir_@lightsir_.tmi.twitch.tv PRIVMSG #jinnytty :its not\r\n:arkeynum!arkeynum@arkeynum.tmi.twitch.tv PRIVMSG #jinnytty :Lmaoo\r\n:blightyspike!blightyspike@blightyspike.tmi.twitch.tv PRIVMSG #jinnytty :sicily has great pizza\r\n:iiii_pink_iiii!iiii_pink_iiii@iiii_pink_iiii.tmi.twitch.tv PRIVMSG #jinnytty :You missed Sicily\r\n"
2022-06-08 19:34:01,014 — b":gnuoynivek23!gnuoynivek23@gnuoynivek23.tmi.twitch.tv PRIVMSG #jinnytty :I'm from chicago, so I'm used to deep dish lol\r\n:lightsir_!lightsir_@lightsir_.tmi.twitch.tv PRIVMSG #jinnytty :its not\r\n:arkeynum!arkeynum@arkeynum.tmi.twitch.tv PRIVMSG #jinnytty :Lmaoo\r\n:blightyspike!blightyspike@blightyspike.tmi.twitch.tv PRIVMSG #jinnytty :sicily has great pizza\r\n:iiii_pink_iiii!iiii_pink_iiii@iiii_pink_iiii.tmi.twitch.tv PRIVMSG #jinnytty :You missed Sicily\r\n"
2022-06-08 19:34:01,127 — b':exfiberoptics50!exfiberoptics50@exfiberoptics50.tmi.twitch.tv PRIVMSG #jinnytty :force feed veggies LUL\r\n'
2022-06-08 19:34:01,127 — b':exfiberoptics50!exfiberoptics50@exfiberoptics50.tmi.twitch.tv PRIVMSG #jinnytty :force feed veggies LUL\r\n'
2022-06-08 19:34:01,205 — b':allexxx1996!allexxx1996@allexxx1996.tmi.twitch.tv PRIVMSG #jinnytty :DansGame\r\n'
2022-06-08 19:34:01,205 — b':allexxx1996!allexxx1996@allexxx1996.tmi.twitch.tv PRIVMSG #jinnytty :DansGame\r\n'
2022-06-08 19:34:01,381 — b':expireddoritos!expireddoritos@expireddoritos.tmi.twitch.tv PRIVMSG #jinnytty :dude its so good\r\n'
2022-06-08 19:34:01,381 — b':expireddoritos!expireddoritos@expireddoritos.tmi.twitch.tv PRIVMSG #jinnytty :dude its so good\r\n'
2022-06-08 19:34:01,835 — b':xfinitypass!xfinitypass@xfinitypass.tmi.twitch.tv PRIVMSG #jinnytty :nymnLess\r\n'
2022-06-08 19:34:01,835 — b':xfinitypass!xfinitypass@xfinitypass.tmi.twitch.tv PRIVMSG #jinnytty :nymnLess\r\n'
2022-06-08 19:34:02,318 — b':arkem232!arkem232@arkem232.tmi.twitch.tv PRIVMSG #jinnytty :Snails\r\n'
2022-06-08 19:34:02,318 — b':arkem232!arkem232@arkem232.tmi.twitch.tv PRIVMSG #jinnytty :Snails\r\n'
2022-06-08 19:34:02,416 — b':darkscarlatti!darkscarlatti@darkscarlatti.tmi.twitch.tv PRIVMSG #jinnytty :YEP peris\r\n'
2022-06-08 19:34:02,416 — b':darkscarlatti!darkscarlatti@darkscarlatti.tmi.twitch.tv PRIVMSG #jinnytty :YEP peris\r\n'
2022-06-08 19:34:02,707 — b":happyfluffyteddy!happyfluffyteddy@happyfluffyteddy.tmi.twitch.tv PRIVMSG #jinnytty :it's not\r\n"
2022-06-08 19:34:02,707 — b":happyfluffyteddy!happyfluffyteddy@happyfluffyteddy.tmi.twitch.tv PRIVMSG #jinnytty :it's not\r\n"
2022-06-08 19:34:03,195 — b":sdcowboy!sdcowboy@sdcowboy.tmi.twitch.tv PRIVMSG #jinnytty :Perry's food? HUH\r\n"
2022-06-08 19:34:03,195 — b":sdcowboy!sdcowboy@sdcowboy.tmi.twitch.tv PRIVMSG #jinnytty :Perry's food? HUH\r\n"
2022-06-08 19:34:03,288 — b':zay_ih!zay_ih@zay_ih.tmi.twitch.tv PRIVMSG #jinnytty :yyjPopcorn\r\n'
2022-06-08 19:34:03,288 — b':zay_ih!zay_ih@zay_ih.tmi.twitch.tv PRIVMSG #jinnytty :yyjPopcorn\r\n'
2022-06-08 19:34:03,596 — b':sloppyjoebiden!sloppyjoebiden@sloppyjoebiden.tmi.twitch.tv PRIVMSG #jinnytty :HONOLULU COOKIE CO\r\n'
2022-06-08 19:34:03,596 — b':sloppyjoebiden!sloppyjoebiden@sloppyjoebiden.tmi.twitch.tv PRIVMSG #jinnytty :HONOLULU COOKIE CO\r\n'
2022-06-08 19:34:04,054 — b':ronzert!ronzert@ronzert.tmi.twitch.tv PRIVMSG #jinnytty :Clueless\r\n'
2022-06-08 19:34:04,054 — b':ronzert!ronzert@ronzert.tmi.twitch.tv PRIVMSG #jinnytty :Clueless\r\n'
2022-06-08 19:34:04,444 — b':michin_saeggi!michin_saeggi@michin_saeggi.tmi.twitch.tv PRIVMSG #jinnytty :DansGame\r\n'
2022-06-08 19:34:04,444 — b':michin_saeggi!michin_saeggi@michin_saeggi.tmi.twitch.tv PRIVMSG #jinnytty :DansGame\r\n'
2022-06-08 19:34:04,798 — b':blurst_!blurst_@blurst_.tmi.twitch.tv PRIVMSG #jinnytty :qui\r\n'
2022-06-08 19:34:04,798 — b':blurst_!blurst_@blurst_.tmi.twitch.tv PRIVMSG #jinnytty :qui\r\n'
2022-06-08 19:34:04,883 — b':im_mark_yep!im_mark_yep@im_mark_yep.tmi.twitch.tv PRIVMSG #jinnytty :PepeLaugh\r\n'
2022-06-08 19:34:04,883 — b':im_mark_yep!im_mark_yep@im_mark_yep.tmi.twitch.tv PRIVMSG #jinnytty :PepeLaugh\r\n'
2022-06-08 19:34:05,135 — b':thadoril!thadoril@thadoril.tmi.twitch.tv PRIVMSG #jinnytty :red PogU\r\n'
2022-06-08 19:34:05,135 — b':thadoril!thadoril@thadoril.tmi.twitch.tv PRIVMSG #jinnytty :red PogU\r\n'
2022-06-08 19:34:06,002 — b':lx1990!lx1990@lx1990.tmi.twitch.tv PRIVMSG #jinnytty :I always order Tuna Pizza, no one can mess that up LUL\r\n'
2022-06-08 19:34:06,002 — b':lx1990!lx1990@lx1990.tmi.twitch.tv PRIVMSG #jinnytty :I always order Tuna Pizza, no one can mess that up LUL\r\n'
2022-06-08 19:34:06,627 — b':remicade!remicade@remicade.tmi.twitch.tv PRIVMSG #jinnytty :yea paris food got spit in it\r\n'
2022-06-08 19:34:06,627 — b':remicade!remicade@remicade.tmi.twitch.tv PRIVMSG #jinnytty :yea paris food got spit in it\r\n'
2022-06-08 19:34:07,440 — b':timelapz!timelapz@timelapz.tmi.twitch.tv PRIVMSG #jinnytty :paris sounds sus\r\n'
2022-06-08 19:34:07,440 — b':timelapz!timelapz@timelapz.tmi.twitch.tv PRIVMSG #jinnytty :paris sounds sus\r\n'
2022-06-08 19:34:07,907 — b':arkem232!arkem232@arkem232.tmi.twitch.tv PRIVMSG #jinnytty :You are?\r\n'
2022-06-08 19:34:07,907 — b':arkem232!arkem232@arkem232.tmi.twitch.tv PRIVMSG #jinnytty :You are?\r\n'
2022-06-08 19:34:08,043 — b':audaniel_hc!audaniel_hc@audaniel_hc.tmi.twitch.tv PRIVMSG #jinnytty :its not that good lol\r\n'
2022-06-08 19:34:08,043 — b':audaniel_hc!audaniel_hc@audaniel_hc.tmi.twitch.tv PRIVMSG #jinnytty :its not that good lol\r\n'
2022-06-08 19:34:08,403 — b':silverstonedr32!silverstonedr32@silverstonedr32.tmi.twitch.tv PRIVMSG #jinnytty :You mean French good?\r\n'
2022-06-08 19:34:08,403 — b':silverstonedr32!silverstonedr32@silverstonedr32.tmi.twitch.tv PRIVMSG #jinnytty :You mean French good?\r\n'
2022-06-08 19:34:08,744 — b':ronzert!ronzert@ronzert.tmi.twitch.tv PRIVMSG #jinnytty :who told you that\r\n'
2022-06-08 19:34:08,744 — b':ronzert!ronzert@ronzert.tmi.twitch.tv PRIVMSG #jinnytty :who told you that\r\n'
2022-06-08 19:34:09,037 — b':darkscarlatti!darkscarlatti@darkscarlatti.tmi.twitch.tv PRIVMSG #jinnytty :YEP Peris\r\n'
2022-06-08 19:34:09,037 — b':darkscarlatti!darkscarlatti@darkscarlatti.tmi.twitch.tv PRIVMSG #jinnytty :YEP Peris\r\n'
2022-06-08 19:34:09,117 — b':geordieboy92!geordieboy92@geordieboy92.tmi.twitch.tv PRIVMSG #jinnytty :Mafia not amused with you\r\n'
2022-06-08 19:34:09,117 — b':geordieboy92!geordieboy92@geordieboy92.tmi.twitch.tv PRIVMSG #jinnytty :Mafia not amused with you\r\n'
2022-06-08 19:34:10,117 — b':korndog2003!korndog2003@korndog2003.tmi.twitch.tv PRIVMSG #jinnytty :cordon bleu\r\n'
2022-06-08 19:34:10,117 — b':korndog2003!korndog2003@korndog2003.tmi.twitch.tv PRIVMSG #jinnytty :cordon bleu\r\n'
2022-06-08 19:34:10,213 — b':ardhian16!ardhian16@ardhian16.tmi.twitch.tv PRIVMSG #jinnytty :Honolulu?\r\n'
2022-06-08 19:34:10,213 — b':ardhian16!ardhian16@ardhian16.tmi.twitch.tv PRIVMSG #jinnytty :Honolulu?\r\n'
2022-06-08 19:34:10,509 — b':banethor!banethor@banethor.tmi.twitch.tv PRIVMSG #jinnytty :actually its surprisingly bad hahaa\r\n'
2022-06-08 19:34:10,509 — b':banethor!banethor@banethor.tmi.twitch.tv PRIVMSG #jinnytty :actually its surprisingly bad hahaa\r\n'
2022-06-08 19:34:10,615 — b":flowmastah!flowmastah@flowmastah.tmi.twitch.tv PRIVMSG #jinnytty :French food is 80% butter. you'll love it\r\n"
2022-06-08 19:34:10,615 — b":flowmastah!flowmastah@flowmastah.tmi.twitch.tv PRIVMSG #jinnytty :French food is 80% butter. you'll love it\r\n"
2022-06-08 19:34:10,815 — b':mrvalski!mrvalski@mrvalski.tmi.twitch.tv PRIVMSG #jinnytty :Poor jinny\r\n'
2022-06-08 19:34:10,815 — b':mrvalski!mrvalski@mrvalski.tmi.twitch.tv PRIVMSG #jinnytty :Poor jinny\r\n'
2022-06-08 19:34:11,089 — b':kkomrade555!kkomrade555@kkomrade555.tmi.twitch.tv PRIVMSG #jinnytty :i want to have your Problems Jinny\r\n'
2022-06-08 19:34:11,089 — b':kkomrade555!kkomrade555@kkomrade555.tmi.twitch.tv PRIVMSG #jinnytty :i want to have your Problems Jinny\r\n'
2022-06-08 19:34:12,054 — b':eonsteams!eonsteams@eonsteams.tmi.twitch.tv PRIVMSG #jinnytty :Lou malnatis\r\n'
2022-06-08 19:34:12,054 — b':eonsteams!eonsteams@eonsteams.tmi.twitch.tv PRIVMSG #jinnytty :Lou malnatis\r\n'
2022-06-08 19:34:12,473 — b':aukirom!aukirom@aukirom.tmi.twitch.tv PRIVMSG #jinnytty :ulala\r\n'
2022-06-08 19:34:12,473 — b':aukirom!aukirom@aukirom.tmi.twitch.tv PRIVMSG #jinnytty :ulala\r\n'
2022-06-08 19:34:12,620 — b':v2ran!v2ran@v2ran.tmi.twitch.tv PRIVMSG #jinnytty :perry LULW\r\n'
2022-06-08 19:34:12,620 — b':v2ran!v2ran@v2ran.tmi.twitch.tv PRIVMSG #jinnytty :perry LULW\r\n'
2022-06-08 19:34:12,759 — b':mr_horse_archer!mr_horse_archer@mr_horse_archer.tmi.twitch.tv PRIVMSG #jinnytty :PARIS LAME KEKL\r\n'
2022-06-08 19:34:12,759 — b':mr_horse_archer!mr_horse_archer@mr_horse_archer.tmi.twitch.tv PRIVMSG #jinnytty :PARIS LAME KEKL\r\n'
2022-06-08 19:34:13,510 — b':haruiswaifu!haruiswaifu@haruiswaifu.tmi.twitch.tv PRIVMSG #jinnytty :depends which restaurant LULE\r\n'
2022-06-08 19:34:13,510 — b':haruiswaifu!haruiswaifu@haruiswaifu.tmi.twitch.tv PRIVMSG #jinnytty :depends which restaurant LULE\r\n'
2022-06-08 19:34:13,882 — b':gorillamarketing!gorillamarketing@gorillamarketing.tmi.twitch.tv PRIVMSG #jinnytty :Perry\xe2\x80\x99s food?\r\n'
2022-06-08 19:34:13,882 — b':gorillamarketing!gorillamarketing@gorillamarketing.tmi.twitch.tv PRIVMSG #jinnytty :Perry\xe2\x80\x99s food?\r\n'
2022-06-08 19:34:14,192 — b':cyberlawd!cyberlawd@cyberlawd.tmi.twitch.tv PRIVMSG #jinnytty :very expensive KEKW\r\n'
2022-06-08 19:34:14,192 — b':cyberlawd!cyberlawd@cyberlawd.tmi.twitch.tv PRIVMSG #jinnytty :very expensive KEKW\r\n'
2022-06-08 19:34:14,356 — b':adrian_87_!adrian_87_@adrian_87_.tmi.twitch.tv PRIVMSG #jinnytty :PepeLaugh\r\n'
2022-06-08 19:34:14,356 — b':adrian_87_!adrian_87_@adrian_87_.tmi.twitch.tv PRIVMSG #jinnytty :PepeLaugh\r\n'
2022-06-08 19:34:14,616 — b':zay_ih!zay_ih@zay_ih.tmi.twitch.tv PRIVMSG #jinnytty :Paris PepeLaugh\r\n'
2022-06-08 19:34:14,616 — b':zay_ih!zay_ih@zay_ih.tmi.twitch.tv PRIVMSG #jinnytty :Paris PepeLaugh\r\n'
2022-06-08 19:34:14,801 — b':skrapiron!skrapiron@skrapiron.tmi.twitch.tv PRIVMSG #jinnytty :yo\r\n'
2022-06-08 19:34:14,801 — b':skrapiron!skrapiron@skrapiron.tmi.twitch.tv PRIVMSG #jinnytty :yo\r\n'
2022-06-08 19:34:14,890 — b':silverstonedr32!silverstonedr32@silverstonedr32.tmi.twitch.tv PRIVMSG #jinnytty :Food*\r\n'
2022-06-08 19:34:14,890 — b':silverstonedr32!silverstonedr32@silverstonedr32.tmi.twitch.tv PRIVMSG #jinnytty :Food*\r\n'
2022-06-08 19:34:15,309 — b':kamilla_01!kamilla_01@kamilla_01.tmi.twitch.tv PRIVMSG #jinnytty :KEKW turnaround\r\n'
2022-06-08 19:34:15,309 — b':kamilla_01!kamilla_01@kamilla_01.tmi.twitch.tv PRIVMSG #jinnytty :KEKW turnaround\r\n'
2022-06-08 19:34:15,912 — b':foyles!foyles@foyles.tmi.twitch.tv PRIVMSG #jinnytty :get escargot YEP\r\n'
2022-06-08 19:34:15,912 — b':foyles!foyles@foyles.tmi.twitch.tv PRIVMSG #jinnytty :get escargot YEP\r\n'
2022-06-08 19:34:15,994 — b':ogtommyshelby!ogtommyshelby@ogtommyshelby.tmi.twitch.tv PRIVMSG #jinnytty :french people yiks\r\n'
2022-06-08 19:34:15,994 — b':ogtommyshelby!ogtommyshelby@ogtommyshelby.tmi.twitch.tv PRIVMSG #jinnytty :french people yiks\r\n'
2022-06-08 19:34:16,156 — b':blindpengu!blindpengu@blindpengu.tmi.twitch.tv PRIVMSG #jinnytty :pizza hut turned to shit sadKEK\r\n'
2022-06-08 19:34:16,156 — b':blindpengu!blindpengu@blindpengu.tmi.twitch.tv PRIVMSG #jinnytty :pizza hut turned to shit sadKEK\r\n'
2022-06-08 19:34:17,464 — b':ardhian16!ardhian16@ardhian16.tmi.twitch.tv PRIVMSG #jinnytty :booba\r\n'
2022-06-08 19:34:17,464 — b':ardhian16!ardhian16@ardhian16.tmi.twitch.tv PRIVMSG #jinnytty :booba\r\n'
2022-06-08 19:34:17,545 — b':dead_teeth!dead_teeth@dead_teeth.tmi.twitch.tv PRIVMSG #jinnytty :peepoPopcorn \xf3\xa0\x80\x80\r\n'
2022-06-08 19:34:17,545 — b':dead_teeth!dead_teeth@dead_teeth.tmi.twitch.tv PRIVMSG #jinnytty :peepoPopcorn \xf3\xa0\x80\x80\r\n'
2022-06-08 19:34:18,095 — b':cool4joe!cool4joe@cool4joe.tmi.twitch.tv PRIVMSG #jinnytty :LETSGOOO paris\r\n'
2022-06-08 19:34:18,095 — b':cool4joe!cool4joe@cool4joe.tmi.twitch.tv PRIVMSG #jinnytty :LETSGOOO paris\r\n'
2022-06-08 19:34:19,293 — b":sdcowboy!sdcowboy@sdcowboy.tmi.twitch.tv PRIVMSG #jinnytty :who's Perry?\r\n"
2022-06-08 19:34:19,293 — b":sdcowboy!sdcowboy@sdcowboy.tmi.twitch.tv PRIVMSG #jinnytty :who's Perry?\r\n"
2022-06-08 19:34:19,743 — b':jr_ont!jr_ont@jr_ont.tmi.twitch.tv PRIVMSG #jinnytty :has she been greece\r\n'
2022-06-08 19:34:19,743 — b':jr_ont!jr_ont@jr_ont.tmi.twitch.tv PRIVMSG #jinnytty :has she been greece\r\n'
2022-06-08 19:34:20,061 — b':tairadono!tairadono@tairadono.tmi.twitch.tv PRIVMSG #jinnytty :after spain?\r\n'
2022-06-08 19:34:20,061 — b':tairadono!tairadono@tairadono.tmi.twitch.tv PRIVMSG #jinnytty :after spain?\r\n'
2022-06-08 19:34:20,289 — b':mucchi_7!mucchi_7@mucchi_7.tmi.twitch.tv PRIVMSG #jinnytty :KEKGiggle\r\n'
2022-06-08 19:34:20,289 — b':mucchi_7!mucchi_7@mucchi_7.tmi.twitch.tv PRIVMSG #jinnytty :KEKGiggle\r\n'
2022-06-08 19:34:20,385 — b':98foucault!98foucault@98foucault.tmi.twitch.tv PRIVMSG #jinnytty :what about ukrainian food\r\n'
2022-06-08 19:34:20,385 — b':98foucault!98foucault@98foucault.tmi.twitch.tv PRIVMSG #jinnytty :what about ukrainian food\r\n'
2022-06-08 19:34:20,473 — b':galneryus!galneryus@galneryus.tmi.twitch.tv PRIVMSG #jinnytty :POGGERS we we\r\n:lightsir_!lightsir_@lightsir_.tmi.twitch.tv PRIVMSG #jinnytty :no\r\n'
2022-06-08 19:34:20,473 — b':galneryus!galneryus@galneryus.tmi.twitch.tv PRIVMSG #jinnytty :POGGERS we we\r\n:lightsir_!lightsir_@lightsir_.tmi.twitch.tv PRIVMSG #jinnytty :no\r\n'
2022-06-08 19:34:20,556 — b':exfiberoptics50!exfiberoptics50@exfiberoptics50.tmi.twitch.tv PRIVMSG #jinnytty :well whoes perfect :)\r\n'
2022-06-08 19:34:20,556 — b':exfiberoptics50!exfiberoptics50@exfiberoptics50.tmi.twitch.tv PRIVMSG #jinnytty :well whoes perfect :)\r\n'
2022-06-08 19:34:21,105 — b":roygbiv_42!roygbiv_42@roygbiv_42.tmi.twitch.tv PRIVMSG #jinnytty :paris sucks\r\n:blurst_!blurst_@blurst_.tmi.twitch.tv PRIVMSG #jinnytty :Perry's food YEP\r\n"
2022-06-08 19:34:21,105 — b":roygbiv_42!roygbiv_42@roygbiv_42.tmi.twitch.tv PRIVMSG #jinnytty :paris sucks\r\n:blurst_!blurst_@blurst_.tmi.twitch.tv PRIVMSG #jinnytty :Perry's food YEP\r\n"
2022-06-08 19:34:21,183 — b':happyfluffyteddy!happyfluffyteddy@happyfluffyteddy.tmi.twitch.tv PRIVMSG #jinnytty :no\r\n'
2022-06-08 19:34:21,183 — b':happyfluffyteddy!happyfluffyteddy@happyfluffyteddy.tmi.twitch.tv PRIVMSG #jinnytty :no\r\n'
2022-06-08 19:34:21,750 — b':xfinitypass!xfinitypass@xfinitypass.tmi.twitch.tv PRIVMSG #jinnytty :xqcF\r\n'
2022-06-08 19:34:21,750 — b':xfinitypass!xfinitypass@xfinitypass.tmi.twitch.tv PRIVMSG #jinnytty :xqcF\r\n'
2022-06-08 19:34:22,138 — b':k3nt0456!k3nt0456@k3nt0456.tmi.twitch.tv PRIVMSG #jinnytty :no\r\n'
2022-06-08 19:34:22,138 — b':k3nt0456!k3nt0456@k3nt0456.tmi.twitch.tv PRIVMSG #jinnytty :no\r\n'
2022-06-08 19:34:22,510 — b':kmac11111!kmac11111@kmac11111.tmi.twitch.tv PRIVMSG #jinnytty :Jinny did you get sunburn today ?\r\n'
2022-06-08 19:34:22,510 — b':kmac11111!kmac11111@kmac11111.tmi.twitch.tv PRIVMSG #jinnytty :Jinny did you get sunburn today ?\r\n'
2022-06-08 19:34:22,868 — b':roberthidalgoshy!roberthidalgoshy@roberthidalgoshy.tmi.twitch.tv PRIVMSG #jinnytty :Let go\r\n'
2022-06-08 19:34:22,868 — b':roberthidalgoshy!roberthidalgoshy@roberthidalgoshy.tmi.twitch.tv PRIVMSG #jinnytty :Let go\r\n'
2022-06-08 19:34:22,954 — b':ronzert!ronzert@ronzert.tmi.twitch.tv PRIVMSG #jinnytty :I always wondered who tells you this shit  LUL\r\n'
2022-06-08 19:34:22,954 — b':ronzert!ronzert@ronzert.tmi.twitch.tv PRIVMSG #jinnytty :I always wondered who tells you this shit  LUL\r\n'
2022-06-08 19:34:23,047 — b':remicade!remicade@remicade.tmi.twitch.tv PRIVMSG #jinnytty :spit included\r\n'
2022-06-08 19:34:23,047 — b':remicade!remicade@remicade.tmi.twitch.tv PRIVMSG #jinnytty :spit included\r\n'
2022-06-08 19:34:23,148 — b':darkscarlatti!darkscarlatti@darkscarlatti.tmi.twitch.tv PRIVMSG #jinnytty :4Shrug\r\n'
2022-06-08 19:34:23,148 — b':darkscarlatti!darkscarlatti@darkscarlatti.tmi.twitch.tv PRIVMSG #jinnytty :4Shrug\r\n'
2022-06-08 19:34:23,784 — b':timelapz!timelapz@timelapz.tmi.twitch.tv PRIVMSG #jinnytty :naw\r\n'
2022-06-08 19:34:23,784 — b':timelapz!timelapz@timelapz.tmi.twitch.tv PRIVMSG #jinnytty :naw\r\n'
2022-06-08 19:34:23,892 — b':canuck69!canuck69@canuck69.tmi.twitch.tv PRIVMSG #jinnytty :BONJOUR\r\n'
2022-06-08 19:34:23,892 — b':canuck69!canuck69@canuck69.tmi.twitch.tv PRIVMSG #jinnytty :BONJOUR\r\n'
2022-06-08 19:34:24,449 — b':darkexile1!darkexile1@darkexile1.tmi.twitch.tv PRIVMSG #jinnytty :4Shrug\r\n'
2022-06-08 19:34:24,449 — b':darkexile1!darkexile1@darkexile1.tmi.twitch.tv PRIVMSG #jinnytty :4Shrug\r\n'
2022-06-08 19:34:25,151 — b':eonbreak!eonbreak@eonbreak.tmi.twitch.tv PRIVMSG #jinnytty :4Shrug\r\n'
2022-06-08 19:34:25,151 — b':eonbreak!eonbreak@eonbreak.tmi.twitch.tv PRIVMSG #jinnytty :4Shrug\r\n'
2022-06-08 19:34:25,233 — b':michin_saeggi!michin_saeggi@michin_saeggi.tmi.twitch.tv PRIVMSG #jinnytty :nop\r\n'
2022-06-08 19:34:25,233 — b':michin_saeggi!michin_saeggi@michin_saeggi.tmi.twitch.tv PRIVMSG #jinnytty :nop\r\n'
2022-06-08 19:34:25,390 — b":aurelstar!aurelstar@aurelstar.tmi.twitch.tv PRIVMSG #jinnytty :Don't get jebaited, don't go to Tourist Paris, go anywhere else in France\r\n"
2022-06-08 19:34:25,390 — b":aurelstar!aurelstar@aurelstar.tmi.twitch.tv PRIVMSG #jinnytty :Don't get jebaited, don't go to Tourist Paris, go anywhere else in France\r\n"
2022-06-08 19:34:25,842 — b":eonsteams!eonsteams@eonsteams.tmi.twitch.tv PRIVMSG #jinnytty :which place is it where you can ride on the wall is that Gino's East or Gino's West\r\n"
2022-06-08 19:34:25,842 — b":eonsteams!eonsteams@eonsteams.tmi.twitch.tv PRIVMSG #jinnytty :which place is it where you can ride on the wall is that Gino's East or Gino's West\r\n"
2022-06-08 19:34:26,375 — b':honeyiune!honeyiune@honeyiune.tmi.twitch.tv PRIVMSG #jinnytty :snails DansChamp\r\n'
2022-06-08 19:34:26,375 — b':honeyiune!honeyiune@honeyiune.tmi.twitch.tv PRIVMSG #jinnytty :snails DansChamp\r\n'
2022-06-08 19:34:26,634 — b':hlynx_!hlynx_@hlynx_.tmi.twitch.tv PRIVMSG #jinnytty :KEKW\r\n'
2022-06-08 19:34:26,634 — b':hlynx_!hlynx_@hlynx_.tmi.twitch.tv PRIVMSG #jinnytty :KEKW\r\n'
2022-06-08 19:34:27,042 — b':allexxx1996!allexxx1996@allexxx1996.tmi.twitch.tv PRIVMSG #jinnytty :yes Clueless\r\n'
2022-06-08 19:34:27,042 — b':allexxx1996!allexxx1996@allexxx1996.tmi.twitch.tv PRIVMSG #jinnytty :yes Clueless\r\n'
2022-06-08 19:34:27,266 — b':lightsir_!lightsir_@lightsir_.tmi.twitch.tv PRIVMSG #jinnytty :nope\r\n'
2022-06-08 19:34:27,266 — b':lightsir_!lightsir_@lightsir_.tmi.twitch.tv PRIVMSG #jinnytty :nope\r\n'
2022-06-08 19:34:27,353 — b':bon3productions!bon3productions@bon3productions.tmi.twitch.tv PRIVMSG #jinnytty :german and french cuisine Kreygasm\r\n'
2022-06-08 19:34:27,353 — b':bon3productions!bon3productions@bon3productions.tmi.twitch.tv PRIVMSG #jinnytty :german and french cuisine Kreygasm\r\n'
2022-06-08 19:34:27,605 — b':diamond_cutter23!diamond_cutter23@diamond_cutter23.tmi.twitch.tv PRIVMSG #jinnytty :Escargot\r\n'
2022-06-08 19:34:27,605 — b':diamond_cutter23!diamond_cutter23@diamond_cutter23.tmi.twitch.tv PRIVMSG #jinnytty :Escargot\r\n'
2022-06-08 19:34:27,696 — b':animesaint!animesaint@animesaint.tmi.twitch.tv PRIVMSG #jinnytty :omelet du fromage\r\n'
2022-06-08 19:34:27,696 — b':animesaint!animesaint@animesaint.tmi.twitch.tv PRIVMSG #jinnytty :omelet du fromage\r\n'
2022-06-08 19:34:27,783 — b':aukirom!aukirom@aukirom.tmi.twitch.tv PRIVMSG #jinnytty :Kappa\r\n'
2022-06-08 19:34:27,783 — b':aukirom!aukirom@aukirom.tmi.twitch.tv PRIVMSG #jinnytty :Kappa\r\n'
2022-06-08 19:34:28,673 — b':im_mark_yep!im_mark_yep@im_mark_yep.tmi.twitch.tv PRIVMSG #jinnytty :Go to Eiffel Tower and throw us off POGGERS\r\n'
2022-06-08 19:34:28,673 — b':im_mark_yep!im_mark_yep@im_mark_yep.tmi.twitch.tv PRIVMSG #jinnytty :Go to Eiffel Tower and throw us off POGGERS\r\n'
2022-06-08 19:34:29,056 — b':v2ran!v2ran@v2ran.tmi.twitch.tv PRIVMSG #jinnytty :pearis LULW\r\n'
2022-06-08 19:34:29,056 — b':v2ran!v2ran@v2ran.tmi.twitch.tv PRIVMSG #jinnytty :pearis LULW\r\n'
2022-06-08 19:34:29,357 — b':jetjelly!jetjelly@jetjelly.tmi.twitch.tv PRIVMSG #jinnytty :HUH\r\n'
2022-06-08 19:34:29,357 — b':jetjelly!jetjelly@jetjelly.tmi.twitch.tv PRIVMSG #jinnytty :HUH\r\n'
2022-06-08 19:34:29,445 — b':tairadono!tairadono@tairadono.tmi.twitch.tv PRIVMSG #jinnytty :no\r\n'
2022-06-08 19:34:29,445 — b':tairadono!tairadono@tairadono.tmi.twitch.tv PRIVMSG #jinnytty :no\r\n'
2022-06-08 19:34:29,758 — b':arm_cannon!arm_cannon@arm_cannon.tmi.twitch.tv PRIVMSG #jinnytty :YEP\r\n'
2022-06-08 19:34:29,758 — b':arm_cannon!arm_cannon@arm_cannon.tmi.twitch.tv PRIVMSG #jinnytty :YEP\r\n'
2022-06-08 19:34:29,990 — b':happyfluffyteddy!happyfluffyteddy@happyfluffyteddy.tmi.twitch.tv PRIVMSG #jinnytty :since when?\r\n'
2022-06-08 19:34:29,990 — b':happyfluffyteddy!happyfluffyteddy@happyfluffyteddy.tmi.twitch.tv PRIVMSG #jinnytty :since when?\r\n'
2022-06-08 19:34:30,070 — b':deoster_!deoster_@deoster_.tmi.twitch.tv PRIVMSG #jinnytty :PepeLaugh Paris\r\n'
2022-06-08 19:34:30,070 — b':deoster_!deoster_@deoster_.tmi.twitch.tv PRIVMSG #jinnytty :PepeLaugh Paris\r\n'
2022-06-08 19:34:30,175 — b':bubbabigsexy!bubbabigsexy@bubbabigsexy.tmi.twitch.tv PRIVMSG #jinnytty :No. French food sucks.\r\n'
2022-06-08 19:34:30,175 — b':bubbabigsexy!bubbabigsexy@bubbabigsexy.tmi.twitch.tv PRIVMSG #jinnytty :No. French food sucks.\r\n'
2022-06-08 19:34:30,303 — b':xfinitypass!xfinitypass@xfinitypass.tmi.twitch.tv PRIVMSG #jinnytty :m0xyShrug\r\n'
2022-06-08 19:34:30,303 — b':xfinitypass!xfinitypass@xfinitypass.tmi.twitch.tv PRIVMSG #jinnytty :m0xyShrug\r\n'
2022-06-08 19:34:30,379 — b':godslayer900000!godslayer900000@godslayer900000.tmi.twitch.tv PRIVMSG #jinnytty :PepeLaugh gonna eat a snail\r\n'
2022-06-08 19:34:30,379 — b':godslayer900000!godslayer900000@godslayer900000.tmi.twitch.tv PRIVMSG #jinnytty :PepeLaugh gonna eat a snail\r\n'
2022-06-08 19:34:30,593 — b':anti_xix!anti_xix@anti_xix.tmi.twitch.tv PRIVMSG #jinnytty :Clueless\r\n'
2022-06-08 19:34:30,593 — b':anti_xix!anti_xix@anti_xix.tmi.twitch.tv PRIVMSG #jinnytty :Clueless\r\n'
2022-06-08 19:34:30,896 — b':arkem232!arkem232@arkem232.tmi.twitch.tv PRIVMSG #jinnytty :Supposed to be\r\n'
2022-06-08 19:34:30,896 — b':arkem232!arkem232@arkem232.tmi.twitch.tv PRIVMSG #jinnytty :Supposed to be\r\n'
2022-06-08 19:34:31,106 — b':timelapz!timelapz@timelapz.tmi.twitch.tv PRIVMSG #jinnytty :escargo raw snails\r\n'
2022-06-08 19:34:31,106 — b':timelapz!timelapz@timelapz.tmi.twitch.tv PRIVMSG #jinnytty :escargo raw snails\r\n'
2022-06-08 19:34:31,260 — b':thadoril!thadoril@thadoril.tmi.twitch.tv PRIVMSG #jinnytty :redfalcons 1 hour interview PogU\r\n'
2022-06-08 19:34:31,260 — b':thadoril!thadoril@thadoril.tmi.twitch.tv PRIVMSG #jinnytty :redfalcons 1 hour interview PogU\r\n'
2022-06-08 19:34:31,337 — b':ace_lets_go!ace_lets_go@ace_lets_go.tmi.twitch.tv PRIVMSG #jinnytty :Some consider it the best in the world. I prefer Italian.\r\n'
2022-06-08 19:34:31,337 — b':ace_lets_go!ace_lets_go@ace_lets_go.tmi.twitch.tv PRIVMSG #jinnytty :Some consider it the best in the world. I prefer Italian.\r\n'
2022-06-08 19:34:31,414 — b':darkscarlatti!darkscarlatti@darkscarlatti.tmi.twitch.tv PRIVMSG #jinnytty :4Shrug no idea\r\n'
2022-06-08 19:34:31,414 — b':darkscarlatti!darkscarlatti@darkscarlatti.tmi.twitch.tv PRIVMSG #jinnytty :4Shrug no idea\r\n'
2022-06-08 19:34:31,581 — b':wikedlyrics!wikedlyrics@wikedlyrics.tmi.twitch.tv PRIVMSG #jinnytty :no\r\n'
2022-06-08 19:34:31,581 — b':wikedlyrics!wikedlyrics@wikedlyrics.tmi.twitch.tv PRIVMSG #jinnytty :no\r\n'
2022-06-08 19:34:31,667 — b':sdcowboy!sdcowboy@sdcowboy.tmi.twitch.tv PRIVMSG #jinnytty :Paris is a dump KEKW\r\n'
2022-06-08 19:34:31,667 — b':sdcowboy!sdcowboy@sdcowboy.tmi.twitch.tv PRIVMSG #jinnytty :Paris is a dump KEKW\r\n'
2022-06-08 19:34:31,814 — b':togepy77!togepy77@togepy77.tmi.twitch.tv PRIVMSG #jinnytty :Can you get Hawaiian pizza in Hawaii or is that an Aussie thing?\r\n'
2022-06-08 19:34:31,814 — b':togepy77!togepy77@togepy77.tmi.twitch.tv PRIVMSG #jinnytty :Can you get Hawaiian pizza in Hawaii or is that an Aussie thing?\r\n'
2022-06-08 19:34:31,896 — b':lx1990!lx1990@lx1990.tmi.twitch.tv PRIVMSG #jinnytty :crepes, what else? KEKW\r\n'
2022-06-08 19:34:31,896 — b':lx1990!lx1990@lx1990.tmi.twitch.tv PRIVMSG #jinnytty :crepes, what else? KEKW\r\n'
2022-06-08 19:34:32,480 — b':burning_scar!burning_scar@burning_scar.tmi.twitch.tv PRIVMSG #jinnytty :french food = snails and frog legs\r\n'
2022-06-08 19:34:32,480 — b':burning_scar!burning_scar@burning_scar.tmi.twitch.tv PRIVMSG #jinnytty :french food = snails and frog legs\r\n'
2022-06-08 19:34:32,593 — b':case1106!case1106@case1106.tmi.twitch.tv PRIVMSG #jinnytty :Do you miss Taiwanese food BibleThump\r\n'
2022-06-08 19:34:32,593 — b':case1106!case1106@case1106.tmi.twitch.tv PRIVMSG #jinnytty :Do you miss Taiwanese food BibleThump\r\n'
2022-06-08 19:34:32,818 — b':allexxx1996!allexxx1996@allexxx1996.tmi.twitch.tv PRIVMSG #jinnytty :yes  Clueless\r\n'
2022-06-08 19:34:32,818 — b':allexxx1996!allexxx1996@allexxx1996.tmi.twitch.tv PRIVMSG #jinnytty :yes  Clueless\r\n'
2022-06-08 19:34:32,915 — b':haruiswaifu!haruiswaifu@haruiswaifu.tmi.twitch.tv PRIVMSG #jinnytty :not really\r\n'
2022-06-08 19:34:32,915 — b':haruiswaifu!haruiswaifu@haruiswaifu.tmi.twitch.tv PRIVMSG #jinnytty :not really\r\n'
2022-06-08 19:34:33,063 — b':thadoril!thadoril@thadoril.tmi.twitch.tv PRIVMSG #jinnytty :yeah\r\n'
2022-06-08 19:34:33,063 — b':thadoril!thadoril@thadoril.tmi.twitch.tv PRIVMSG #jinnytty :yeah\r\n'
2022-06-08 19:34:33,139 — b':puuhaman!puuhaman@puuhaman.tmi.twitch.tv PRIVMSG #jinnytty :Meat is only true food\r\n:mr_horse_archer!mr_horse_archer@mr_horse_archer.tmi.twitch.tv PRIVMSG #jinnytty :NOIDONTTHINKSO\r\n'
2022-06-08 19:34:33,139 — b':puuhaman!puuhaman@puuhaman.tmi.twitch.tv PRIVMSG #jinnytty :Meat is only true food\r\n:mr_horse_archer!mr_horse_archer@mr_horse_archer.tmi.twitch.tv PRIVMSG #jinnytty :NOIDONTTHINKSO\r\n'
2022-06-08 19:34:33,353 — b':sleepmap!sleepmap@sleepmap.tmi.twitch.tv PRIVMSG #jinnytty :hum\r\n'
2022-06-08 19:34:33,353 — b':sleepmap!sleepmap@sleepmap.tmi.twitch.tv PRIVMSG #jinnytty :hum\r\n'
2022-06-08 19:34:34,168 — b':ronzert!ronzert@ronzert.tmi.twitch.tv PRIVMSG #jinnytty :Clueless\r\n'
2022-06-08 19:34:34,168 — b':ronzert!ronzert@ronzert.tmi.twitch.tv PRIVMSG #jinnytty :Clueless\r\n'
2022-06-08 19:34:35,036 — b':tairadono!tairadono@tairadono.tmi.twitch.tv PRIVMSG #jinnytty :what fod\r\n'
2022-06-08 19:34:35,036 — b':tairadono!tairadono@tairadono.tmi.twitch.tv PRIVMSG #jinnytty :what fod\r\n'
2022-06-08 19:34:35,787 — b':im_mark_yep!im_mark_yep@im_mark_yep.tmi.twitch.tv PRIVMSG #jinnytty :4Shrug\r\n'
2022-06-08 19:34:35,787 — b':im_mark_yep!im_mark_yep@im_mark_yep.tmi.twitch.tv PRIVMSG #jinnytty :4Shrug\r\n'
2022-06-08 19:34:35,949 — b':kaitypure!kaitypure@kaitypure.tmi.twitch.tv PRIVMSG #jinnytty :no LUL\r\n'
2022-06-08 19:34:35,949 — b':kaitypure!kaitypure@kaitypure.tmi.twitch.tv PRIVMSG #jinnytty :no LUL\r\n'
2022-06-08 19:34:36,027 — b':blightyspike!blightyspike@blightyspike.tmi.twitch.tv PRIVMSG #jinnytty :not really\r\n'
2022-06-08 19:34:36,027 — b':blightyspike!blightyspike@blightyspike.tmi.twitch.tv PRIVMSG #jinnytty :not really\r\n'
2022-06-08 19:34:36,279 — b':angealies!angealies@angealies.tmi.twitch.tv PRIVMSG #jinnytty :no\r\n'
2022-06-08 19:34:36,279 — b':angealies!angealies@angealies.tmi.twitch.tv PRIVMSG #jinnytty :no\r\n'
2022-06-08 19:34:37,350 — b':happyfluffyteddy!happyfluffyteddy@happyfluffyteddy.tmi.twitch.tv PRIVMSG #jinnytty :since when?\r\n'
2022-06-08 19:34:37,350 — b':happyfluffyteddy!happyfluffyteddy@happyfluffyteddy.tmi.twitch.tv PRIVMSG #jinnytty :since when?\r\n'
2022-06-08 19:34:37,517 — b':furyhawk!furyhawk@furyhawk.tmi.twitch.tv PRIVMSG #jinnytty :michelle star\r\n'
2022-06-08 19:34:37,517 — b':furyhawk!furyhawk@furyhawk.tmi.twitch.tv PRIVMSG #jinnytty :michelle star\r\n'
2022-06-08 19:34:37,625 — b':kamilla_01!kamilla_01@kamilla_01.tmi.twitch.tv PRIVMSG #jinnytty :4Shrug\r\n'
2022-06-08 19:34:37,625 — b':kamilla_01!kamilla_01@kamilla_01.tmi.twitch.tv PRIVMSG #jinnytty :4Shrug\r\n'
2022-06-08 19:34:38,018 — b':freethinker040!freethinker040@freethinker040.tmi.twitch.tv PRIVMSG #jinnytty :Michellin star restaurants sure\r\n'
2022-06-08 19:34:38,018 — b':freethinker040!freethinker040@freethinker040.tmi.twitch.tv PRIVMSG #jinnytty :Michellin star restaurants sure\r\n'
2022-06-08 19:34:38,389 — b':eonsteams!eonsteams@eonsteams.tmi.twitch.tv PRIVMSG #jinnytty :was there one time when I was younger\r\n'
2022-06-08 19:34:38,389 — b':eonsteams!eonsteams@eonsteams.tmi.twitch.tv PRIVMSG #jinnytty :was there one time when I was younger\r\n'
2022-06-08 19:34:38,473 — b':f0oman!f0oman@f0oman.tmi.twitch.tv PRIVMSG #jinnytty :lol check yr bank ballance can afford Paris before u go\r\n'
2022-06-08 19:34:38,473 — b':f0oman!f0oman@f0oman.tmi.twitch.tv PRIVMSG #jinnytty :lol check yr bank ballance can afford Paris before u go\r\n'
2022-06-08 19:34:38,621 — b':arkem232!arkem232@arkem232.tmi.twitch.tv PRIVMSG #jinnytty :Tiny ass meals\r\n'
2022-06-08 19:34:38,621 — b':arkem232!arkem232@arkem232.tmi.twitch.tv PRIVMSG #jinnytty :Tiny ass meals\r\n'
2022-06-08 19:34:39,128 — b':firebat1989!firebat1989@firebat1989.tmi.twitch.tv PRIVMSG #jinnytty :tyongShrug\r\n'
2022-06-08 19:34:39,128 — b':firebat1989!firebat1989@firebat1989.tmi.twitch.tv PRIVMSG #jinnytty :tyongShrug\r\n'
2022-06-08 19:34:39,368 — b':dixgo!dixgo@dixgo.tmi.twitch.tv PRIVMSG #jinnytty :KEKBoom\r\n'
2022-06-08 19:34:39,368 — b':dixgo!dixgo@dixgo.tmi.twitch.tv PRIVMSG #jinnytty :KEKBoom\r\n'
2022-06-08 19:34:40,000 — b':roygbiv_42!roygbiv_42@roygbiv_42.tmi.twitch.tv PRIVMSG #jinnytty :biggest tourist trap\r\n'
2022-06-08 19:34:40,000 — b':roygbiv_42!roygbiv_42@roygbiv_42.tmi.twitch.tv PRIVMSG #jinnytty :biggest tourist trap\r\n'
2022-06-08 19:34:40,088 — b':arm_cannon!arm_cannon@arm_cannon.tmi.twitch.tv PRIVMSG #jinnytty :they get all kinds of michelin stars\r\n'
2022-06-08 19:34:40,088 — b':arm_cannon!arm_cannon@arm_cannon.tmi.twitch.tv PRIVMSG #jinnytty :they get all kinds of michelin stars\r\n'
2022-06-08 19:34:40,547 — b':icymariii!icymariii@icymariii.tmi.twitch.tv PRIVMSG #jinnytty :No\r\n'
2022-06-08 19:34:40,547 — b':icymariii!icymariii@icymariii.tmi.twitch.tv PRIVMSG #jinnytty :No\r\n'
2022-06-08 19:34:42,120 — b':jakozzy!jakozzy@jakozzy.tmi.twitch.tv PRIVMSG #jinnytty :LUL\r\n'
2022-06-08 19:34:42,120 — b':jakozzy!jakozzy@jakozzy.tmi.twitch.tv PRIVMSG #jinnytty :LUL\r\n'
2022-06-08 19:34:42,282 — b':kledy_xvlll!kledy_xvlll@kledy_xvlll.tmi.twitch.tv PRIVMSG #jinnytty :Aware\r\n'
2022-06-08 19:34:42,282 — b':kledy_xvlll!kledy_xvlll@kledy_xvlll.tmi.twitch.tv PRIVMSG #jinnytty :Aware\r\n'
2022-06-08 19:34:42,722 — b':chadthefriendlydog!chadthefriendlydog@chadthefriendlydog.tmi.twitch.tv PRIVMSG #jinnytty :YEP i think so\r\n'
2022-06-08 19:34:42,722 — b':chadthefriendlydog!chadthefriendlydog@chadthefriendlydog.tmi.twitch.tv PRIVMSG #jinnytty :YEP i think so\r\n'
2022-06-08 19:34:42,808 — b':firebat1989!firebat1989@firebat1989.tmi.twitch.tv PRIVMSG #jinnytty :wut\r\n'
2022-06-08 19:34:42,808 — b':firebat1989!firebat1989@firebat1989.tmi.twitch.tv PRIVMSG #jinnytty :wut\r\n'
2022-06-08 19:34:42,933 — b':murkybx!murkybx@murkybx.tmi.twitch.tv PRIVMSG #jinnytty :LUL\r\n'
2022-06-08 19:34:42,933 — b':murkybx!murkybx@murkybx.tmi.twitch.tv PRIVMSG #jinnytty :LUL\r\n'
2022-06-08 19:34:43,178 — b':mrvalski!mrvalski@mrvalski.tmi.twitch.tv PRIVMSG #jinnytty :The Michelin star restaurants\r\n'
2022-06-08 19:34:43,178 — b':mrvalski!mrvalski@mrvalski.tmi.twitch.tv PRIVMSG #jinnytty :The Michelin star restaurants\r\n'
2022-06-08 19:34:43,414 — b':oblivs!oblivs@oblivs.tmi.twitch.tv PRIVMSG #jinnytty :french have pride for everything KEKW\r\n'
2022-06-08 19:34:43,414 — b':oblivs!oblivs@oblivs.tmi.twitch.tv PRIVMSG #jinnytty :french have pride for everything KEKW\r\n'
2022-06-08 19:34:43,512 — b':skysage!skysage@skysage.tmi.twitch.tv PRIVMSG #jinnytty :snail DansChamp\r\n'
2022-06-08 19:34:43,512 — b':skysage!skysage@skysage.tmi.twitch.tv PRIVMSG #jinnytty :snail DansChamp\r\n'
2022-06-08 19:34:43,605 — b':rubberfinger!rubberfinger@rubberfinger.tmi.twitch.tv PRIVMSG #jinnytty :yes\r\n'
2022-06-08 19:34:43,605 — b':rubberfinger!rubberfinger@rubberfinger.tmi.twitch.tv PRIVMSG #jinnytty :yes\r\n'
2022-06-08 19:34:43,699 — b':arkeynum!arkeynum@arkeynum.tmi.twitch.tv PRIVMSG #jinnytty :Lmaooo\r\n'
2022-06-08 19:34:43,699 — b':arkeynum!arkeynum@arkeynum.tmi.twitch.tv PRIVMSG #jinnytty :Lmaooo\r\n'
2022-06-08 19:34:43,838 — b':rednale!rednale@rednale.tmi.twitch.tv PRIVMSG #jinnytty :NOPERS\r\n'
2022-06-08 19:34:43,838 — b':rednale!rednale@rednale.tmi.twitch.tv PRIVMSG #jinnytty :NOPERS\r\n'
2022-06-08 19:34:43,923 — b':strawberricat17!strawberricat17@strawberricat17.tmi.twitch.tv PRIVMSG #jinnytty :Baguettes\r\n'
2022-06-08 19:34:43,923 — b':strawberricat17!strawberricat17@strawberricat17.tmi.twitch.tv PRIVMSG #jinnytty :Baguettes\r\n'
2022-06-08 19:34:47,020 — b':michin_saeggi!michin_saeggi@michin_saeggi.tmi.twitch.tv PRIVMSG #jinnytty :French fries\r\n'
2022-06-08 19:34:47,020 — b':michin_saeggi!michin_saeggi@michin_saeggi.tmi.twitch.tv PRIVMSG #jinnytty :French fries\r\n'
2022-06-08 19:34:47,101 — b':sixcowballs!sixcowballs@sixcowballs.tmi.twitch.tv PRIVMSG #jinnytty :$500 shirts for swag\r\n:whereiswolley!whereiswolley@whereiswolley.tmi.twitch.tv PRIVMSG #jinnytty :Asscargot YEP\r\n:metalface_villain!metalface_villain@metalface_villain.tmi.twitch.tv PRIVMSG #jinnytty :baguette\r\n:wikedlyrics!wikedlyrics@wikedlyrics.tmi.twitch.tv PRIVMSG #jinnytty :france is known for food, not paris KEKW\r\n:triacontangle!triacontangle@triacontangle.tmi.twitch.tv PRIVMSG #jinnytty :OMG\r\n:bigdawg19!bigdawg19@bigdawg19.tmi.twitch.tv PRIVMSG #jinnytty :KEKW\r\n:dead_teeth!dead_teeth@dead_teeth.tmi.twitch.tv PRIVMSG #jinnytty :yyjTasty escargot\r\n:kofupoka__!kofupoka__@kofupoka__.tmi.twitch.tv PRIVMSG #jinnytty :overrated\r\n:rem1ck!rem1ck@rem1ck.tmi.twitch.tv PRIVMSG #jinnytty :asscorgot OMEGADANCE\r\n:dixgo!dixgo@dixgo.tmi.twitch.tv PRIVMSG #jinnytty :KEKBoom es core got\r\n:cozy_sweater_!cozy_sweater_@cozy_sweater_.tmi.twitch.tv PRIVMSG #jinnytty :hon hon hon baguette\r\n'
2022-06-08 19:34:47,101 — b':sixcowballs!sixcowballs@sixcowballs.tmi.twitch.tv PRIVMSG #jinnytty :$500 shirts for swag\r\n:whereiswolley!whereiswolley@whereiswolley.tmi.twitch.tv PRIVMSG #jinnytty :Asscargot YEP\r\n:metalface_villain!metalface_villain@metalface_villain.tmi.twitch.tv PRIVMSG #jinnytty :baguette\r\n:wikedlyrics!wikedlyrics@wikedlyrics.tmi.twitch.tv PRIVMSG #jinnytty :france is known for food, not paris KEKW\r\n:triacontangle!triacontangle@triacontangle.tmi.twitch.tv PRIVMSG #jinnytty :OMG\r\n:bigdawg19!bigdawg19@bigdawg19.tmi.twitch.tv PRIVMSG #jinnytty :KEKW\r\n:dead_teeth!dead_teeth@dead_teeth.tmi.twitch.tv PRIVMSG #jinnytty :yyjTasty escargot\r\n:kofupoka__!kofupoka__@kofupoka__.tmi.twitch.tv PRIVMSG #jinnytty :overrated\r\n:rem1ck!rem1ck@rem1ck.tmi.twitch.tv PRIVMSG #jinnytty :asscorgot OMEGADANCE\r\n:dixgo!dixgo@dixgo.tmi.twitch.tv PRIVMSG #jinnytty :KEKBoom es core got\r\n:cozy_sweater_!cozy_sweater_@cozy_sweater_.tmi.twitch.tv PRIVMSG #jinnytty :hon hon hon baguette\r\n'
2022-06-08 19:34:47,181 — b':glass_swords!glass_swords@glass_swords.tmi.twitch.tv PRIVMSG #jinnytty :Escorgat LUL\r\n:arkem232!arkem232@arkem232.tmi.twitch.tv PRIVMSG #jinnytty :Es car go\r\n:kiridane!kiridane@kiridane.tmi.twitch.tv PRIVMSG #jinnytty :YEP es score got.\r\n:raiforen!raiforen@raiforen.tmi.twitch.tv PRIVMSG #jinnytty :\xf0\x9f\x90\x8c\r\n'
2022-06-08 19:34:47,181 — b':glass_swords!glass_swords@glass_swords.tmi.twitch.tv PRIVMSG #jinnytty :Escorgat LUL\r\n:arkem232!arkem232@arkem232.tmi.twitch.tv PRIVMSG #jinnytty :Es car go\r\n:kiridane!kiridane@kiridane.tmi.twitch.tv PRIVMSG #jinnytty :YEP es score got.\r\n:raiforen!raiforen@raiforen.tmi.twitch.tv PRIVMSG #jinnytty :\xf0\x9f\x90\x8c\r\n'
2022-06-08 19:34:47,285 — b':darkscarlatti!darkscarlatti@darkscarlatti.tmi.twitch.tv PRIVMSG #jinnytty :Only french things I know are ChrisCage and Red\r\n'
2022-06-08 19:34:47,285 — b':darkscarlatti!darkscarlatti@darkscarlatti.tmi.twitch.tv PRIVMSG #jinnytty :Only french things I know are ChrisCage and Red\r\n'
2022-06-08 19:34:47,363 — b':trouser_ssnake!trouser_ssnake@trouser_ssnake.tmi.twitch.tv PRIVMSG #jinnytty :escargot\r\n:existenceofenigmas!existenceofenigmas@existenceofenigmas.tmi.twitch.tv PRIVMSG #jinnytty :yyjCozy\r\n'
2022-06-08 19:34:47,363 — b':trouser_ssnake!trouser_ssnake@trouser_ssnake.tmi.twitch.tv PRIVMSG #jinnytty :escargot\r\n:existenceofenigmas!existenceofenigmas@existenceofenigmas.tmi.twitch.tv PRIVMSG #jinnytty :yyjCozy\r\n'
