2022-06-08 19:31:35,857 — b':tmi.twitch.tv 001 twitch_pioneers :Welcome, GLHF!\r\n:tmi.twitch.tv 002 twitch_pioneers :Your host is tmi.twitch.tv\r\n:tmi.twitch.tv 003 twitch_pioneers :This server is rather new\r\n:tmi.twitch.tv 004 twitch_pioneers :-\r\n:tmi.twitch.tv 375 twitch_pioneers :-\r\n:tmi.twitch.tv 372 twitch_pioneers :You are in a maze of twisty passages, all alike.\r\n:tmi.twitch.tv 376 twitch_pioneers :>\r\n'
2022-06-08 19:31:35,959 — b':twitch_pioneers!twitch_pioneers@twitch_pioneers.tmi.twitch.tv JOIN #maya\r\n:twitch_pioneers.tmi.twitch.tv 353 twitch_pioneers = #maya :twitch_pioneers\r\n:twitch_pioneers.tmi.twitch.tv 366 twitch_pioneers #maya :End of /NAMES list\r\n'
2022-06-08 19:31:36,104 — b':kylaghoull!kylaghoull@kylaghoull.tmi.twitch.tv PRIVMSG #maya :peepoBye baiiiii\r\n'
2022-06-08 19:31:36,282 — b':sivvii_!sivvii_@sivvii_.tmi.twitch.tv PRIVMSG #maya :COPIUM sober\r\n'
2022-06-08 19:31:36,496 — b':clorbid!clorbid@clorbid.tmi.twitch.tv PRIVMSG #maya :thanks for the stream OkayChamp\r\n'
2022-06-08 19:31:36,755 — b':setrange!setrange@setrange.tmi.twitch.tv PRIVMSG #maya :Great stream peepoCheer\r\n'
2022-06-08 19:31:36,847 — b':noah_jc!noah_jc@noah_jc.tmi.twitch.tv PRIVMSG #maya :FeelsTiredMan 9am\r\n'
2022-06-08 19:31:36,929 — b':niftybella!niftybella@niftybella.tmi.twitch.tv PRIVMSG #maya :bye\r\n'
2022-06-08 19:31:37,089 — b':hollyhopping!hollyhopping@hollyhopping.tmi.twitch.tv PRIVMSG #maya :peepoBye\r\n'
2022-06-08 19:31:37,182 — b':longshlongtralong!longshlongtralong@longshlongtralong.tmi.twitch.tv PRIVMSG #maya :CLM  emoneyLemon  \xe2\x9c\x8a CLM  emoneyLemon  \xe2\x9c\x8a CLM  emoneyLemon  \xe2\x9c\x8a CLM  emoneyLemon  \xe2\x9c\x8a CLM  emoneyLemon  \xe2\x9c\x8aCLM  emoneyLemon  \xe2\x9c\x8a\r\n:4conn7!4conn7@4conn7.tmi.twitch.tv PRIVMSG #maya :goodbye Mr Stonepa\r\n'
2022-06-08 19:31:37,268 — b':vaiociraptor!vaiociraptor@vaiociraptor.tmi.twitch.tv PRIVMSG #maya :stonepaLurk\r\n'
2022-06-08 19:31:37,886 — b':elpolpot!elpolpot@elpolpot.tmi.twitch.tv PRIVMSG #maya :CLM  emoneyLemon  \xe2\x9c\x8aCLM  emoneyLemon  \xe2\x9c\x8aCLM  emoneyLemon  \xe2\x9c\x8a\r\n'
2022-06-08 19:31:37,976 — b':jamileaau!jamileaau@jamileaau.tmi.twitch.tv PRIVMSG #maya :Kiss? PauseChamp\r\n'
2022-06-08 19:31:38,095 — b":sludgefister!sludgefister@sludgefister.tmi.twitch.tv PRIVMSG #maya :cream'\r\n"
2022-06-08 19:31:38,181 — b":mohrs!mohrs@mohrs.tmi.twitch.tv PRIVMSG #maya :NOIDONTTHINKSO\r\n:miriamspace!miriamspace@miriamspace.tmi.twitch.tv PRIVMSG #maya :PogU they're gonna kiss\r\n"
2022-06-08 19:31:38,277 — b':night5x!night5x@night5x.tmi.twitch.tv PRIVMSG #maya :good stream Okayge\r\n'
2022-06-08 19:31:38,375 — b':lileevergreen!lileevergreen@lileevergreen.tmi.twitch.tv PRIVMSG #maya :PagMan\r\n'
2022-06-08 19:31:38,681 — b':scrotacious!scrotacious@scrotacious.tmi.twitch.tv PRIVMSG #maya :peepoBye\r\n'
2022-06-08 19:31:39,268 — b':virtualpop!virtualpop@virtualpop.tmi.twitch.tv PRIVMSG #maya :PagChomp\r\n'
2022-06-08 19:31:39,352 — b':sivvii_!sivvii_@sivvii_.tmi.twitch.tv PRIVMSG #maya :lmfao\r\n'
2022-06-08 19:31:39,443 — b':emueggies!emueggies@emueggies.tmi.twitch.tv PRIVMSG #maya :OMG YOU ARE LIVE RN LULW\r\n'
2022-06-08 19:31:39,541 — b':abigmoose!abigmoose@abigmoose.tmi.twitch.tv PRIVMSG #maya :Ill be late\r\n'
2022-06-08 19:31:39,663 — b':reptileboy32!reptileboy32@reptileboy32.tmi.twitch.tv PRIVMSG #maya :great stream Drake\r\n'
2022-06-08 19:31:39,754 — b':cryhavyc!cryhavyc@cryhavyc.tmi.twitch.tv PRIVMSG #maya :PagMan\r\n'
2022-06-08 19:31:39,837 — b':smoddd!smoddd@smoddd.tmi.twitch.tv PRIVMSG #maya :CAN I COME!\r\n'
2022-06-08 19:31:40,161 — b':know_your_onions!know_your_onions@know_your_onions.tmi.twitch.tv PRIVMSG #maya :PepoG ice cream means making out\r\n'
2022-06-08 19:31:40,266 — b':var1antcs!var1antcs@var1antcs.tmi.twitch.tv PRIVMSG #maya :4Weird GIVE CHAT SOME ICE CREAM \xf3\xa0\x80\x80\r\n:lvery!lvery@lvery.tmi.twitch.tv PRIVMSG #maya :what is it\r\n:hooths!hooths@hooths.tmi.twitch.tv PRIVMSG #maya :My head hurts I was laughing so hard\r\n'
2022-06-08 19:31:40,360 — b':sonbourbon!sonbourbon@sonbourbon.tmi.twitch.tv PRIVMSG #maya :peepoClap\r\n'
2022-06-08 19:31:40,566 — b':tricoart!tricoart@tricoart.tmi.twitch.tv PRIVMSG #maya :peepoBye\r\n'
2022-06-08 19:31:40,660 — b':jarrodbaniqued!jarrodbaniqued@jarrodbaniqued.tmi.twitch.tv PRIVMSG #maya :poofesABBY motley9Heart gamerh4Love jaboodyEnergy hasL\r\n'
2022-06-08 19:31:40,864 — b':orderneedschaos!orderneedschaos@orderneedschaos.tmi.twitch.tv PRIVMSG #maya :your sober\r\n'
2022-06-08 19:31:41,339 — b':sammyrocksyou!sammyrocksyou@sammyrocksyou.tmi.twitch.tv PRIVMSG #maya :peepoBye\r\n'
2022-06-08 19:31:41,696 — b':floppion!floppion@floppion.tmi.twitch.tv PRIVMSG #maya :peepoBye\r\n'
2022-06-08 19:31:42,050 — b':5543062!5543062@5543062.tmi.twitch.tv PRIVMSG #maya :stonepaLurk\r\n'
2022-06-08 19:31:42,159 — b':abakedbunny69!abakedbunny69@abakedbunny69.tmi.twitch.tv PRIVMSG #maya :EAT EGGS BEFORE BED YOU WONT GET HUNGOVER.\r\n'
2022-06-08 19:31:42,246 — b':its_physikz!its_physikz@its_physikz.tmi.twitch.tv PRIVMSG #maya :ConcernDoge SEX\r\n:sdstic!sdstic@sdstic.tmi.twitch.tv PRIVMSG #maya :can we talk about prezoh instead @Maya\r\n'
2022-06-08 19:31:42,338 — b':armadillyo!armadillyo@armadillyo.tmi.twitch.tv PRIVMSG #maya :mayahiCorn ICE CREAM\r\n'
2022-06-08 19:31:42,434 — b':sark510!sark510@sark510.tmi.twitch.tv PRIVMSG #maya :GOOD STREAM!\r\n'
2022-06-08 19:31:42,531 — b':bennymoth!bennymoth@bennymoth.tmi.twitch.tv PRIVMSG #maya :I HAVE WORK grubUD grubUD grubUD grubUD\r\n'
2022-06-08 19:31:42,690 — b':bugdealerr!bugdealerr@bugdealerr.tmi.twitch.tv PRIVMSG #maya :I SHOULD HUUUH HUH\r\n'
2022-06-08 19:31:42,772 — b':aquatiqxd!aquatiqxd@aquatiqxd.tmi.twitch.tv PRIVMSG #maya :we should what HUH\r\n'
2022-06-08 19:31:42,904 — b':randomlyamazed!randomlyamazed@randomlyamazed.tmi.twitch.tv PRIVMSG #maya :peepoClap ICE CREAM\r\n'
2022-06-08 19:31:45,437 — b':zxoro!zxoro@zxoro.tmi.twitch.tv PRIVMSG #maya :i already came\r\n'
2022-06-08 19:31:45,521 — b':onlylilyhere!onlylilyhere@onlylilyhere.tmi.twitch.tv PRIVMSG #maya :PagMan\r\n:alinicole69!alinicole69@alinicole69.tmi.twitch.tv PRIVMSG #maya :don\xe2\x80\x99t leaaaave\r\n:dar_hobbes!dar_hobbes@dar_hobbes.tmi.twitch.tv PRIVMSG #maya :BYE MAYOHHHHHHHHHHH\r\n:ivotekick!ivotekick@ivotekick.tmi.twitch.tv PRIVMSG #maya :damn Maya and a sponsor, the usual combo\r\n:edcadhd!edcadhd@edcadhd.tmi.twitch.tv PRIVMSG #maya :peepoBye\r\n:kaiidaii!kaiidaii@kaiidaii.tmi.twitch.tv PRIVMSG #maya :bye byeeee\r\n:notshreddn!notshreddn@notshreddn.tmi.twitch.tv PRIVMSG #maya :i am\r\n:lemurmate!lemurmate@lemurmate.tmi.twitch.tv PRIVMSG #maya :stonepaL\r\n:yhs0988!yhs0988@yhs0988.tmi.twitch.tv PRIVMSG #maya :wtf\r\n:zippos12!zippos12@zippos12.tmi.twitch.tv PRIVMSG #maya :so early\r\n:swaydee!swaydee@swaydee.tmi.twitch.tv PRIVMSG #maya :Drake WELL STREAM Drake WELL STREAM Drake WELL STREAM Drake WELL STREAM\r\n:drakhos1!drakhos1@drakhos1.tmi.twitch.tv PRIVMSG #maya :this was so fun peepoClap\r\n'
2022-06-08 19:31:45,609 — b':quesokay!quesokay@quesokay.tmi.twitch.tv PRIVMSG #maya :such a fun stream stonepaL\r\n'
2022-06-08 19:31:45,704 — b':arv_twitch!arv_twitch@arv_twitch.tmi.twitch.tv PRIVMSG #maya :VALE\r\n:privatenunu!privatenunu@privatenunu.tmi.twitch.tv PRIVMSG #maya :peepoBye\r\n'
2022-06-08 19:31:45,798 — b':mrkegg!mrkegg@mrkegg.tmi.twitch.tv PRIVMSG #maya :Th3Vale peepoHey\r\n'
2022-06-08 19:31:45,958 — b':dormo__!dormo__@dormo__.tmi.twitch.tv PRIVMSG #maya :peepoBye Bye!\r\n'
2022-06-08 19:31:46,101 — b':ghandii_!ghandii_@ghandii_.tmi.twitch.tv PRIVMSG #maya :peepoSalute isnt that like 7 for you stealfty\r\n'
2022-06-08 19:31:46,179 — b':unknown2557!unknown2557@unknown2557.tmi.twitch.tv PRIVMSG #maya :peepoBye\r\n'
2022-06-08 19:31:46,265 — b':hollyhopping!hollyhopping@hollyhopping.tmi.twitch.tv PRIVMSG #maya :Good stream Drake\r\n:sivvii_!sivvii_@sivvii_.tmi.twitch.tv PRIVMSG #maya :excuse me\r\n'
2022-06-08 19:31:46,529 — b':chimpology_!chimpology_@chimpology_.tmi.twitch.tv PRIVMSG #maya :lame\r\n'
2022-06-08 19:31:46,688 — b':runnyeggyowk!runnyeggyowk@runnyeggyowk.tmi.twitch.tv PRIVMSG #maya :Potato Salad?\r\n'
2022-06-08 19:31:46,852 — b':miriamspace!miriamspace@miriamspace.tmi.twitch.tv PRIVMSG #maya :kiss? PauseChamp\r\n'
2022-06-08 19:31:46,935 — b':scrotacious!scrotacious@scrotacious.tmi.twitch.tv PRIVMSG #maya :I LOVE GAMING\r\n'
2022-06-08 19:31:47,079 — b':noah_jc!noah_jc@noah_jc.tmi.twitch.tv PRIVMSG #maya :good stream mayahiL\r\n'
2022-06-08 19:31:47,327 — b':ltmarshmallow!ltmarshmallow@ltmarshmallow.tmi.twitch.tv PRIVMSG #maya :xqcL\r\n'
2022-06-08 19:31:47,706 — b':screchie!screchie@screchie.tmi.twitch.tv PRIVMSG #maya :peepoBye i enjoyed my stay\r\n'
2022-06-08 19:31:48,150 — b':joe_shmo64!joe_shmo64@joe_shmo64.tmi.twitch.tv PRIVMSG #maya :stonepaLurk\r\n'
2022-06-08 19:31:48,235 — b':virtualpop!virtualpop@virtualpop.tmi.twitch.tv PRIVMSG #maya :NOPERS\r\n'
2022-06-08 19:31:48,477 — b':stealfydoge!stealfydoge@stealfydoge.tmi.twitch.tv PRIVMSG #maya :u suck at games and hate them lol\r\n'
2022-06-08 19:31:48,623 — b':beaing!beaing@beaing.tmi.twitch.tv PRIVMSG #maya :peepoBye\r\n'
2022-06-08 19:31:48,717 — b':itssssjoshh!itssssjoshh@itssssjoshh.tmi.twitch.tv PRIVMSG #maya :connor6FrogDance\r\n'
2022-06-08 19:31:49,195 — b':niftybella!niftybella@niftybella.tmi.twitch.tv PRIVMSG #maya :peepoBye\r\n'
2022-06-08 19:31:49,298 — b':bobthebob9!bobthebob9@bobthebob9.tmi.twitch.tv PRIVMSG #maya :Drake\r\n:spens_!spens_@spens_.tmi.twitch.tv PRIVMSG #maya :I LOVE GAMING\r\n'
2022-06-08 19:31:49,387 — b':dormo__!dormo__@dormo__.tmi.twitch.tv PRIVMSG #maya :peepoBye\r\n'
2022-06-08 19:31:49,637 — b':flyingmantra!flyingmantra@flyingmantra.tmi.twitch.tv PRIVMSG #maya :gayming is gay\r\n'
2022-06-08 19:31:49,719 — b':aquatiqxd!aquatiqxd@aquatiqxd.tmi.twitch.tv PRIVMSG #maya :HUH ??????\r\n'
2022-06-08 19:31:49,828 — b':alinicole69!alinicole69@alinicole69.tmi.twitch.tv PRIVMSG #maya :nooooo\r\n'
2022-06-08 19:31:50,064 — b':gallaive!gallaive@gallaive.tmi.twitch.tv PRIVMSG #maya :good  stream\r\n'
2022-06-08 19:31:50,500 — b':nharttv!nharttv@nharttv.tmi.twitch.tv PRIVMSG #maya :Do you drink>\r\n'
2022-06-08 19:31:50,649 — b':hopers7!hopers7@hopers7.tmi.twitch.tv PRIVMSG #maya :mayahiL mayahiL\r\n'
2022-06-08 19:31:50,732 — b':sivvii_!sivvii_@sivvii_.tmi.twitch.tv PRIVMSG #maya :I like gaming\r\n'
2022-06-08 19:31:50,948 — b':shrezno!shrezno@shrezno.tmi.twitch.tv PRIVMSG #maya :DansGame games\r\n'
2022-06-08 19:31:51,042 — b':bryceisrightjr!bryceisrightjr@bryceisrightjr.tmi.twitch.tv PRIVMSG #maya :BYE peepoBye\r\n'
2022-06-08 19:31:51,136 — b':fletc7er!fletc7er@fletc7er.tmi.twitch.tv PRIVMSG #maya :WeirdChamp\r\n'
2022-06-08 19:31:51,233 — b':panicamie!panicamie@panicamie.tmi.twitch.tv PRIVMSG #maya :peepoBye\r\n'
2022-06-08 19:31:51,320 — b':kellie_1017!kellie_1017@kellie_1017.tmi.twitch.tv PRIVMSG #maya :peepoBye good stream <3\r\n'
2022-06-08 19:31:51,546 — b':oshlive!oshlive@oshlive.tmi.twitch.tv PRIVMSG #maya :Drake\r\n'
2022-06-08 19:31:52,979 — b':mohrs!mohrs@mohrs.tmi.twitch.tv PRIVMSG #maya :connor6FrogDance\r\n'
2022-06-08 19:31:53,067 — b':cheddarpeepo!cheddarpeepo@cheddarpeepo.tmi.twitch.tv PRIVMSG #maya :fucking lit\r\n:defco7!defco7@defco7.tmi.twitch.tv PRIVMSG #maya :connor6Kermy connor6Kermy connor6Kermy\r\n:epicpolarr!epicpolarr@epicpolarr.tmi.twitch.tv PRIVMSG #maya :I like gaming :)\r\n:xdervicarnx!xdervicarnx@xdervicarnx.tmi.twitch.tv PRIVMSG #maya :i like gaming but not from maya\r\n:moahdots!moahdots@moahdots.tmi.twitch.tv PRIVMSG #maya :Raid shadow legends?\r\n'
2022-06-08 19:31:53,161 — b':quesokay!quesokay@quesokay.tmi.twitch.tv PRIVMSG #maya :peepoBye\r\n'
2022-06-08 19:31:53,558 — b':tillyos!tillyos@tillyos.tmi.twitch.tv PRIVMSG #maya :mayahiCorn\r\n'
2022-06-08 19:31:53,683 — b':dyingdoctor!dyingdoctor@dyingdoctor.tmi.twitch.tv PRIVMSG #maya :whos connor\r\n'
2022-06-08 19:31:53,780 — b':gamerentralmusic!gamerentralmusic@gamerentralmusic.tmi.twitch.tv PRIVMSG #maya :have fun and maya be safe and guys be safe\r\n'
2022-06-08 19:31:53,944 — b':starkweather83!starkweather83@starkweather83.tmi.twitch.tv PRIVMSG #maya :f gaming\r\n'
2022-06-08 19:31:54,026 — b':ghandii_!ghandii_@ghandii_.tmi.twitch.tv PRIVMSG #maya :peepoSalute isnt that like 7 for you stealfy\r\n'
2022-06-08 19:31:54,245 — b':shrezno!shrezno@shrezno.tmi.twitch.tv PRIVMSG #maya :DansGame  games\r\n'
2022-06-08 19:31:54,467 — b':randomlyamazed!randomlyamazed@randomlyamazed.tmi.twitch.tv PRIVMSG #maya :GAYMERS KappaPride\r\n'
2022-06-08 19:31:54,559 — b':itsricelegitdishcatzynk44!itsricelegitdishcatzynk44@itsricelegitdishcatzynk44.tmi.twitch.tv PRIVMSG #maya :connor6FrogDance\r\n:kayaklmao!kayaklmao@kayaklmao.tmi.twitch.tv PRIVMSG #maya :stonepa doesnt game hes lying\r\n'
2022-06-08 19:31:54,792 — b':notshreddn!notshreddn@notshreddn.tmi.twitch.tv PRIVMSG #maya :no :)\r\n'
2022-06-08 19:31:54,887 — b':sivvii_!sivvii_@sivvii_.tmi.twitch.tv PRIVMSG #maya :damn\r\n:bowserdude69!bowserdude69@bowserdude69.tmi.twitch.tv PRIVMSG #maya :Connor god gamer Pog\r\n'
2022-06-08 19:31:54,981 — b':swaydee!swaydee@swaydee.tmi.twitch.tv PRIVMSG #maya :NOPERS\r\n'
2022-06-08 19:31:55,073 — b':onlylilyhere!onlylilyhere@onlylilyhere.tmi.twitch.tv PRIVMSG #maya :peepoBye\r\n'
2022-06-08 19:31:55,169 — b':ltmarshmallow!ltmarshmallow@ltmarshmallow.tmi.twitch.tv PRIVMSG #maya :I LOVE GAMING STREAMS PogU\r\n'
2022-06-08 19:31:55,303 — b':cwormie!cwormie@cwormie.tmi.twitch.tv PRIVMSG #maya :peepoBye xqcL\r\n'
2022-06-08 19:31:55,398 — b':widepenguinn!widepenguinn@widepenguinn.tmi.twitch.tv PRIVMSG #maya :peepoBye shut up connor\r\n:twofuss!twofuss@twofuss.tmi.twitch.tv PRIVMSG #maya :GAYMING\r\n'
2022-06-08 19:31:55,487 — b':hellsatanx!hellsatanx@hellsatanx.tmi.twitch.tv PRIVMSG #maya :WE LOVE FORTNITE LUL\r\n'
2022-06-08 19:31:55,725 — b':lunaluuuu!lunaluuuu@lunaluuuu.tmi.twitch.tv PRIVMSG #maya :peepoBye\r\n'
2022-06-08 19:31:55,890 — b':chimpology_!chimpology_@chimpology_.tmi.twitch.tv PRIVMSG #maya :connor6FrogDance\r\n'
2022-06-08 19:31:56,275 — b':legendofsparks!legendofsparks@legendofsparks.tmi.twitch.tv PRIVMSG #maya :connor6FrogDance i hate connor\r\n'
2022-06-08 19:31:56,373 — b':lemurmate!lemurmate@lemurmate.tmi.twitch.tv PRIVMSG #maya :Great stream stonepaL\r\n'
2022-06-08 19:31:56,599 — b':keishabrianna!keishabrianna@keishabrianna.tmi.twitch.tv PRIVMSG #maya :FeelsTiredMan that\xe2\x80\x99s 6am for me\r\n'
2022-06-08 19:31:56,746 — b':alinicole69!alinicole69@alinicole69.tmi.twitch.tv PRIVMSG #maya :kiss before you go \xf0\x9f\x91\x80\r\n'
2022-06-08 19:31:56,834 — b':gayhomo1866!gayhomo1866@gayhomo1866.tmi.twitch.tv PRIVMSG #maya :bye stonepaL\r\n:babyjdota!babyjdota@babyjdota.tmi.twitch.tv PRIVMSG #maya :prezoh match with me on grindr please\r\n:floppion!floppion@floppion.tmi.twitch.tv PRIVMSG #maya :GAYMING only\r\n'
2022-06-08 19:31:57,039 — b':bensavage__!bensavage__@bensavage__.tmi.twitch.tv PRIVMSG #maya :xqcL\r\n'
2022-06-08 19:31:57,503 — b':itssssjoshh!itssssjoshh@itssssjoshh.tmi.twitch.tv PRIVMSG #maya :TRUE LULW\r\n'
2022-06-08 19:31:57,593 — b':sivvii_!sivvii_@sivvii_.tmi.twitch.tv PRIVMSG #maya :lmfao\r\n:lanalamb15!lanalamb15@lanalamb15.tmi.twitch.tv PRIVMSG #maya :<3\r\n'
2022-06-08 19:31:57,687 — b':widepenguinn!widepenguinn@widepenguinn.tmi.twitch.tv PRIVMSG #maya :OMEGALUL TRUE\r\n:uhhjay!uhhjay@uhhjay.tmi.twitch.tv PRIVMSG #maya :lmfao\r\n'
2022-06-08 19:31:57,785 — b':curlychloe19!curlychloe19@curlychloe19.tmi.twitch.tv PRIVMSG #maya :peepoBye\r\n'
2022-06-08 19:31:57,876 — b':panicamie!panicamie@panicamie.tmi.twitch.tv PRIVMSG #maya :good stream mayahiL\r\n'
2022-06-08 19:31:58,422 — b':yunglobster7!yunglobster7@yunglobster7.tmi.twitch.tv PRIVMSG #maya :stonepaL\r\n'
2022-06-08 19:31:58,683 — b':iamjackshigh!iamjackshigh@iamjackshigh.tmi.twitch.tv PRIVMSG #maya :LMFAO\r\n'
2022-06-08 19:31:58,773 — b':juan_fantasy!juan_fantasy@juan_fantasy.tmi.twitch.tv PRIVMSG #maya :LULW\r\n'
2022-06-08 19:31:58,906 — b':bobthebob9!bobthebob9@bobthebob9.tmi.twitch.tv PRIVMSG #maya :Drake GAMERS\r\n'
2022-06-08 19:31:59,016 — b':blastburn94!blastburn94@blastburn94.tmi.twitch.tv PRIVMSG #maya :Kappa\r\n'
2022-06-08 19:31:59,105 — b':taelur_!taelur_@taelur_.tmi.twitch.tv PRIVMSG #maya :connor6FrogDance yay\r\n:dharma_donk!dharma_donk@dharma_donk.tmi.twitch.tv PRIVMSG #maya :FeelsOkayMan good stream\r\n:fogboi11!fogboi11@fogboi11.tmi.twitch.tv PRIVMSG #maya :OMEGALUL\r\n'
2022-06-08 19:31:59,333 — b':willagainsttheworld!willagainsttheworld@willagainsttheworld.tmi.twitch.tv PRIVMSG #maya :I am if they actually know how to game\r\n'
2022-06-08 19:31:59,426 — b':tillyos!tillyos@tillyos.tmi.twitch.tv PRIVMSG #maya :peepoBye\r\n:xdervicarnx!xdervicarnx@xdervicarnx.tmi.twitch.tv PRIVMSG #maya :it does\r\n'
2022-06-08 19:31:59,541 — b':streamelements!streamelements@streamelements.tmi.twitch.tv PRIVMSG #maya :Welcome to the Bird Gang \xf0\x9f\x90\xa6 mindz_eye\r\n'
2022-06-08 19:31:59,622 — b':streamelements!streamelements@streamelements.tmi.twitch.tv PRIVMSG #maya :Welcome back stone1469 !\r\n:streamelements!streamelements@streamelements.tmi.twitch.tv PRIVMSG #maya :Welcome to the Bird Gang \xf0\x9f\x90\xa6 RaySwizzle1\r\n'
2022-06-08 19:31:59,714 — b':dormo__!dormo__@dormo__.tmi.twitch.tv PRIVMSG #maya :peepoBye I ENJOYED MY STAY\r\n'
2022-06-08 19:31:59,793 — b':streamelements!streamelements@streamelements.tmi.twitch.tv PRIVMSG #maya :Welcome to the Bird Gang \xf0\x9f\x90\xa6 mrsaturnscoffee\r\n'
2022-06-08 19:31:59,885 — b':tricoart!tricoart@tricoart.tmi.twitch.tv PRIVMSG #maya :OMEGALUL\r\n:614_brandonmoore!614_brandonmoore@614_brandonmoore.tmi.twitch.tv PRIVMSG #maya :I like the games Connor\r\n'
2022-06-08 19:31:59,977 — b':kingharris_!kingharris_@kingharris_.tmi.twitch.tv PRIVMSG #maya :I think maya is balding lmfao look at her hairline\r\n'
2022-06-08 19:32:00,073 — b':streamelements!streamelements@streamelements.tmi.twitch.tv PRIVMSG #maya :Welcome back Viper360p !\r\n:atlancat!atlancat@atlancat.tmi.twitch.tv PRIVMSG #maya :OMEGALUL\r\n'
2022-06-08 19:32:00,163 — b':oshlive!oshlive@oshlive.tmi.twitch.tv PRIVMSG #maya :OMEGALUL\r\n'
2022-06-08 19:32:00,256 — b':peaky__78!peaky__78@peaky__78.tmi.twitch.tv PRIVMSG #maya :connor6FrogDance\r\n'
2022-06-08 19:32:00,350 — b':aquatiqxd!aquatiqxd@aquatiqxd.tmi.twitch.tv PRIVMSG #maya :peepoBye <3\r\n:dvd_j!dvd_j@dvd_j.tmi.twitch.tv PRIVMSG #maya :connor6FrogDance\r\n'
2022-06-08 19:32:00,570 — b':s0phia_lino!s0phia_lino@s0phia_lino.tmi.twitch.tv PRIVMSG #maya :OMEGALUL\r\n'
2022-06-08 19:32:00,808 — b':trainersilver!trainersilver@trainersilver.tmi.twitch.tv PRIVMSG #maya :OMEGALUL\r\n'
2022-06-08 19:32:00,958 — b':gallaive!gallaive@gallaive.tmi.twitch.tv PRIVMSG #maya :INSANECAT\r\n'
2022-06-08 19:32:01,039 — b':clorbid!clorbid@clorbid.tmi.twitch.tv PRIVMSG #maya :OMEGALUL\r\n'
2022-06-08 19:32:01,154 — b':shootthewendybird!shootthewendybird@shootthewendybird.tmi.twitch.tv PRIVMSG #maya :kiss before end stream\r\n'
2022-06-08 19:32:01,242 — b':ghandii_!ghandii_@ghandii_.tmi.twitch.tv PRIVMSG #maya :lmfao\r\n'
2022-06-08 19:32:01,336 — b':abakedbunny69!abakedbunny69@abakedbunny69.tmi.twitch.tv PRIVMSG #maya :EAT EGGS BEFORE BED YOU WONT GET HUNGOVER!\r\n:wafeltoast!wafeltoast@wafeltoast.tmi.twitch.tv PRIVMSG #maya :OMEGALUL\r\n'
2022-06-08 19:32:01,595 — b':nohoesdave!nohoesdave@nohoesdave.tmi.twitch.tv PRIVMSG #maya :peepoBye\r\n'
2022-06-08 19:32:01,793 — b':xaxcel8x!xaxcel8x@xaxcel8x.tmi.twitch.tv PRIVMSG #maya :I love gaming\r\n'
2022-06-08 19:32:01,878 — b':y0utubedanoi479!y0utubedanoi479@y0utubedanoi479.tmi.twitch.tv PRIVMSG #maya :til next time, good by maya DendiFace\r\n'
2022-06-08 19:32:01,972 — b':epicpolarr!epicpolarr@epicpolarr.tmi.twitch.tv PRIVMSG #maya :stonepaL\r\n:bananas2aday!bananas2aday@bananas2aday.tmi.twitch.tv PRIVMSG #maya :OMEGALUL\r\n'
2022-06-08 19:32:02,190 — b':shrezno!shrezno@shrezno.tmi.twitch.tv PRIVMSG #maya :lmfao stealfy\r\n'
2022-06-08 19:32:02,322 — b':ninty96!ninty96@ninty96.tmi.twitch.tv PRIVMSG #maya :OMEGALUL\r\n'
2022-06-08 19:32:02,496 — b':miheohmihe!miheohmihe@miheohmihe.tmi.twitch.tv PRIVMSG #maya :good stream GOODNIGHT\r\n'
2022-06-08 19:32:02,891 — b':nharttv!nharttv@nharttv.tmi.twitch.tv PRIVMSG #maya :Youre so Nelk\r\n'
2022-06-08 19:32:02,972 — b':jazz_peru!jazz_peru@jazz_peru.tmi.twitch.tv PRIVMSG #maya :lmfao\r\n:moonstonedmint!moonstonedmint@moonstonedmint.tmi.twitch.tv PRIVMSG #maya :LUL\r\n:sivvii_!sivvii_@sivvii_.tmi.twitch.tv PRIVMSG #maya :INSANECAT\r\n'
2022-06-08 19:32:03,064 — b':tricoart!tricoart@tricoart.tmi.twitch.tv PRIVMSG #maya :INSANECAT\r\n'
2022-06-08 19:32:03,155 — b':normaigirl!normaigirl@normaigirl.tmi.twitch.tv PRIVMSG #maya :byeee prezHug\r\n'
2022-06-08 19:32:03,252 — b':franciscoc95!franciscoc95@franciscoc95.tmi.twitch.tv PRIVMSG #maya :Kamala Harris Told me not to COME\r\n:kayaklmao!kayaklmao@kayaklmao.tmi.twitch.tv PRIVMSG #maya :INSANECAT\r\n'
2022-06-08 19:32:03,350 — b':cheddarpeepo!cheddarpeepo@cheddarpeepo.tmi.twitch.tv PRIVMSG #maya :INSANECAT\r\n'
2022-06-08 19:32:03,442 — b':gayshawty!gayshawty@gayshawty.tmi.twitch.tv PRIVMSG #maya :I watch prezoh for the gameplay PepeLaugh\r\n'
2022-06-08 19:32:03,748 — b':reptileboy32!reptileboy32@reptileboy32.tmi.twitch.tv PRIVMSG #maya :OMEGALUL\r\n'
2022-06-08 19:32:03,847 — b':noogator!noogator@noogator.tmi.twitch.tv PRIVMSG #maya :Bye prezoh GayPride\r\n'
2022-06-08 19:32:03,927 — b':kryptqore!kryptqore@kryptqore.tmi.twitch.tv PRIVMSG #maya :stonepaLurk byeeeeee so fun stream\r\n'
2022-06-08 19:32:04,017 — b':dynajoe_!dynajoe_@dynajoe_.tmi.twitch.tv PRIVMSG #maya :This guys sucks. streams no games\r\n'
2022-06-08 19:32:04,109 — b':onegallon_!onegallon_@onegallon_.tmi.twitch.tv PRIVMSG #maya :LULW\r\n'
2022-06-08 19:32:04,489 — b':ltmarshmallow!ltmarshmallow@ltmarshmallow.tmi.twitch.tv PRIVMSG #maya :GAME MAYA Madge\r\n'
2022-06-08 19:32:04,773 — b':miriamspace!miriamspace@miriamspace.tmi.twitch.tv PRIVMSG #maya :modCheck kiss?\r\n'
2022-06-08 19:32:04,870 — b':ponyocatt!ponyocatt@ponyocatt.tmi.twitch.tv PRIVMSG #maya :stonepaL\r\n'
2022-06-08 19:32:05,228 — b':orderneedschaos!orderneedschaos@orderneedschaos.tmi.twitch.tv PRIVMSG #maya :conner eats pants is to pg for me lol\r\n'
2022-06-08 19:32:05,317 — b':virtualpop!virtualpop@virtualpop.tmi.twitch.tv PRIVMSG #maya :INSANECAT\r\n:giinby!giinby@giinby.tmi.twitch.tv PRIVMSG #maya :so you agree\r\n'
2022-06-08 19:32:05,573 — b':cloudyfate!cloudyfate@cloudyfate.tmi.twitch.tv PRIVMSG #maya :nah id rather watch sennyk4 game ngl maya\r\n'
2022-06-08 19:32:05,745 — b':bluebmx125!bluebmx125@bluebmx125.tmi.twitch.tv PRIVMSG #maya :We like birds\r\n'
2022-06-08 19:32:05,840 — b':heygirkies!heygirkies@heygirkies.tmi.twitch.tv PRIVMSG #maya :"fix your internet"\r\n'
2022-06-08 19:32:05,926 — b':screchie!screchie@screchie.tmi.twitch.tv PRIVMSG #maya :connor6Love\r\n'
2022-06-08 19:32:06,021 — b':lunaluuuu!lunaluuuu@lunaluuuu.tmi.twitch.tv PRIVMSG #maya :INSANECAT\r\n'
2022-06-08 19:32:06,170 — b':edcadhd!edcadhd@edcadhd.tmi.twitch.tv PRIVMSG #maya :peepoBye  Good night\r\n'
2022-06-08 19:32:06,582 — b':kayaklmao!kayaklmao@kayaklmao.tmi.twitch.tv PRIVMSG #maya :prezHug\r\n'
2022-06-08 19:32:06,726 — b':jakev46!jakev46@jakev46.tmi.twitch.tv PRIVMSG #maya :GOOD STREAM mayahiL\r\n'
2022-06-08 19:32:06,818 — b':jamileaau!jamileaau@jamileaau.tmi.twitch.tv PRIVMSG #maya :xqcL\r\n:drspeedmd!drspeedmd@drspeedmd.tmi.twitch.tv PRIVMSG #maya :OMEGALUL\r\n'
2022-06-08 19:32:07,419 — b':epicpolarr!epicpolarr@epicpolarr.tmi.twitch.tv PRIVMSG #maya :stonepaL stonepaL\r\n'
2022-06-08 19:32:07,708 — b':scrotacious!scrotacious@scrotacious.tmi.twitch.tv PRIVMSG #maya :Drake\r\n'
2022-06-08 19:32:07,795 — b':thegreatwilso!thegreatwilso@thegreatwilso.tmi.twitch.tv PRIVMSG #maya :EZ dodged\r\n:taylorpoooound!taylorpoooound@taylorpoooound.tmi.twitch.tv PRIVMSG #maya :stonepaL\r\n:itssssjoshh!itssssjoshh@itssssjoshh.tmi.twitch.tv PRIVMSG #maya :Drake\r\n'
2022-06-08 19:32:07,891 — b':taelur_!taelur_@taelur_.tmi.twitch.tv PRIVMSG #maya :peepoBye funny ass stream\r\n'
2022-06-08 19:32:08,037 — b':runnyeggyowk!runnyeggyowk@runnyeggyowk.tmi.twitch.tv PRIVMSG #maya :P O T A T O S A L A D?\r\n'
2022-06-08 19:32:08,126 — b':lileevergreen!lileevergreen@lileevergreen.tmi.twitch.tv PRIVMSG #maya :INSANECAT\r\n'
2022-06-08 19:32:08,260 — b':stolenarmy1155!stolenarmy1155@stolenarmy1155.tmi.twitch.tv PRIVMSG #maya :Great stream! <3 Great stream! <3 Great stream! <3 Great stream! <3 Great stream! <3 Great stream! <3 Great stream! <3\r\n'
2022-06-08 19:32:08,469 — b':oshlive!oshlive@oshlive.tmi.twitch.tv PRIVMSG #maya :Drake\r\n'
2022-06-08 19:32:08,567 — b':stealfydoge!stealfydoge@stealfydoge.tmi.twitch.tv PRIVMSG #maya :wym ghandi\r\n:dead_ohio_sky!dead_ohio_sky@dead_ohio_sky.tmi.twitch.tv PRIVMSG #maya :stealfy LuL\r\n'
2022-06-08 19:32:08,658 — b':spinningsquid!spinningsquid@spinningsquid.tmi.twitch.tv PRIVMSG #maya :good stream\r\n:sir_tootsie!sir_tootsie@sir_tootsie.tmi.twitch.tv PRIVMSG #maya :lmfao\r\n'
2022-06-08 19:32:08,772 — b':electroniceyes!electroniceyes@electroniceyes.tmi.twitch.tv PRIVMSG #maya :we like gaming. we dont like YOU gaming\r\n'
2022-06-08 19:32:08,958 — b':reptileboy32!reptileboy32@reptileboy32.tmi.twitch.tv PRIVMSG #maya :great stream Drake\r\n'
2022-06-08 19:32:09,051 — b':colgatetotall!colgatetotall@colgatetotall.tmi.twitch.tv PRIVMSG #maya :SHOW YOUR COCK FOR PRIDE MONTH PLEASE\r\n'
2022-06-08 19:32:09,416 — b':var1antcs!var1antcs@var1antcs.tmi.twitch.tv PRIVMSG #maya :OMEGALUL\r\n'
2022-06-08 19:32:09,935 — b':astrohale!astrohale@astrohale.tmi.twitch.tv PRIVMSG #maya :i hate connor connor6FrogDance\r\n'
2022-06-08 19:32:10,026 — b':grinxiety!grinxiety@grinxiety.tmi.twitch.tv PRIVMSG #maya :bye bye!\r\n'
2022-06-08 19:32:10,165 — b':tillyos!tillyos@tillyos.tmi.twitch.tv PRIVMSG #maya :INSANECAT\r\n'
2022-06-08 19:32:10,515 — b':kylaghoull!kylaghoull@kylaghoull.tmi.twitch.tv PRIVMSG #maya :Drake\r\n'
2022-06-08 19:32:10,609 — b':snaily69!snaily69@snaily69.tmi.twitch.tv PRIVMSG #maya :xqcL\r\n'
2022-06-08 19:32:10,703 — b':spinningsquid!spinningsquid@spinningsquid.tmi.twitch.tv PRIVMSG #maya :good  stream\r\n'
2022-06-08 19:32:11,461 — b':bennymoth!bennymoth@bennymoth.tmi.twitch.tv PRIVMSG #maya :grubUD grubUD grubUD grubUD grubUD\r\n'
2022-06-08 19:32:11,987 — b':alpacatude!alpacatude@alpacatude.tmi.twitch.tv PRIVMSG #maya :OMEGALUL\r\n'
2022-06-08 19:32:12,082 — b':jemabean!jemabean@jemabean.tmi.twitch.tv PRIVMSG #maya :peepoBye good stream hasL\r\n'
2022-06-08 19:32:12,179 — b':stolenarmy1155!stolenarmy1155@stolenarmy1155.tmi.twitch.tv PRIVMSG #maya :Great stream! <3 Great stream! <3 Great stream! <3 Great stream! <3 Great stream! <3 Great stream! <3 Great stream! <3 Great stream! <3 Great stream! <3\r\n'
2022-06-08 19:32:12,348 — b':samorayy_!samorayy_@samorayy_.tmi.twitch.tv PRIVMSG #maya :Drake\r\n'
2022-06-08 19:32:12,836 — b':powtastic_!powtastic_@powtastic_.tmi.twitch.tv PRIVMSG #maya :connor6Froggy\r\n'
2022-06-08 19:32:13,167 — b':cheddarpeepo!cheddarpeepo@cheddarpeepo.tmi.twitch.tv PRIVMSG #maya :good stream mr mayo\r\n'
2022-06-08 19:32:13,347 — b':tricoart!tricoart@tricoart.tmi.twitch.tv PRIVMSG #maya :PogU\r\n'
2022-06-08 19:32:13,443 — b':nut_hairs!nut_hairs@nut_hairs.tmi.twitch.tv PRIVMSG #maya :stonepaL stonepaL stonepaL\r\n'
2022-06-08 19:32:13,531 — b':userk8!userk8@userk8.tmi.twitch.tv PRIVMSG #maya :prezHug\r\n:kxrada!kxrada@kxrada.tmi.twitch.tv PRIVMSG #maya :byee good stream <3 mayahiCheer mayahiCheer\r\n'
2022-06-08 19:32:13,727 — b':larashybeto!larashybeto@larashybeto.tmi.twitch.tv PRIVMSG #maya :he was supposed to do the emote contest weeks ago Madge\r\n'
2022-06-08 19:32:13,806 — b':xdervicarnx!xdervicarnx@xdervicarnx.tmi.twitch.tv PRIVMSG #maya :peepoBye\r\n:angrykirby7!angrykirby7@angrykirby7.tmi.twitch.tv PRIVMSG #maya :PREZHO DADDY\r\n'
2022-06-08 19:32:13,894 — b':tyler4284!tyler4284@tyler4284.tmi.twitch.tv PRIVMSG #maya :non of the people in this room stream playing games @Maya\r\n'
2022-06-08 19:32:14,042 — b':aquatiqxd!aquatiqxd@aquatiqxd.tmi.twitch.tv PRIVMSG #maya :Drake\r\n'
2022-06-08 19:32:14,187 — b':ebolaman131!ebolaman131@ebolaman131.tmi.twitch.tv PRIVMSG #maya :stonepaFroggy\r\n'
2022-06-08 19:32:14,485 — b':onlylilyhere!onlylilyhere@onlylilyhere.tmi.twitch.tv PRIVMSG #maya :hasL good night\r\n'
2022-06-08 19:32:15,238 — b':47clem!47clem@47clem.tmi.twitch.tv PRIVMSG #maya :mayahiL GOOD STREAM\r\n'
2022-06-08 19:32:15,646 — b':buhbbles!buhbbles@buhbbles.tmi.twitch.tv PRIVMSG #maya :PogU\r\n'
2022-06-08 19:32:15,972 — b':uhhjay!uhhjay@uhhjay.tmi.twitch.tv PRIVMSG #maya :@ColgateTotall, based\r\n'
2022-06-08 19:32:16,068 — b':mcfail1441!mcfail1441@mcfail1441.tmi.twitch.tv PRIVMSG #maya :atrioc7 atrioc7\r\n'
2022-06-08 19:32:18,347 — b':zippos12!zippos12@zippos12.tmi.twitch.tv PRIVMSG #maya :byeeee\r\n'
2022-06-08 19:32:18,436 — b':panicamie!panicamie@panicamie.tmi.twitch.tv PRIVMSG #maya :peepoCheer\r\n:zotesong!zotesong@zotesong.tmi.twitch.tv PRIVMSG #maya :SUB GOAL\r\n:l0bst3r_int!l0bst3r_int@l0bst3r_int.tmi.twitch.tv PRIVMSG #maya :WE LOVE FORTNITE WE LOVE FORTNITE WE LOVE FORTNITE\r\n:gallaive!gallaive@gallaive.tmi.twitch.tv PRIVMSG #maya :Pog\r\n:ibekai!ibekai@ibekai.tmi.twitch.tv PRIVMSG #maya :hasBuff gamer frogz\r\n:stealfydoge!stealfydoge@stealfydoge.tmi.twitch.tv PRIVMSG #maya :LETSGOOO\r\n:dynajoe_!dynajoe_@dynajoe_.tmi.twitch.tv PRIVMSG #maya :This guys sucks. streams no games.\r\n:kingharris_!kingharris_@kingharris_.tmi.twitch.tv PRIVMSG #maya :i think maya is balding lmao look at her hairline i think maya is balding lmao look at her hairline i think maya is balding lmao look at her hairline i think maya is balding lmao look at her hairline\r\n:commandedtosub!commandedtosub@commandedtosub.tmi.twitch.tv PRIVMSG #maya :Good stream Drake  Good stream Drake  Good stream Drake  Good stream Drake  Good stream Drake  Good stream Drake  Good stream Drake\r\n:marissaleg!marissaleg@marissaleg.tmi.twitch.tv PRIVMSG #maya :mayahiL\r\n:virtualpop!virtualpop@virtualpop.tmi.twitch.tv PRIVMSG #maya :PagChomp\r\n:cynikl!cynikl@cynikl.tmi.twitch.tv PRIVMSG #maya :Drake great stream\r\n:springrollswithchilisauce!springrollswithchilisauce@springrollswithchilisauce.tmi.twitch.tv PRIVMSG #maya :3Head\r\n'
2022-06-08 19:32:18,922 — b':bradshawcrew1!bradshawcrew1@bradshawcrew1.tmi.twitch.tv PRIVMSG #maya :raid will neff\r\n'
2022-06-08 19:32:19,748 — b':streamelements!streamelements@streamelements.tmi.twitch.tv PRIVMSG #maya :Welcome to the Bird Gang \xf0\x9f\x90\xa6 XCWaffles\r\n'
2022-06-08 19:32:20,131 — b':pernav!pernav@pernav.tmi.twitch.tv PRIVMSG #maya :peepoPog\r\n'
2022-06-08 19:32:20,454 — b':xaxcel8x!xaxcel8x@xaxcel8x.tmi.twitch.tv PRIVMSG #maya :mayahiL\r\n'
2022-06-08 19:32:21,415 — b':kingharris_!kingharris_@kingharris_.tmi.twitch.tv PRIVMSG #maya :i think maya is balding lmao look at her hairline i think maya is balding lmao look at her hairline i think maya is balding lmao look at her hairline i think maya is balding lmao look at her hairline i think maya is balding lmao look at her hairline i think maya is balding lmao look at her hairline i think maya is balding lmao look at her hairline i think maya is balding lmao look at her hairline\r\n'
2022-06-08 19:32:21,503 — b':dexxboii!dexxboii@dexxboii.tmi.twitch.tv PRIVMSG #maya :PogU IRELAND TIME\r\n'
2022-06-08 19:32:21,586 — b':scrotacious!scrotacious@scrotacious.tmi.twitch.tv PRIVMSG #maya :PogU\r\n'
2022-06-08 19:32:21,699 — b':bluccine!bluccine@bluccine.tmi.twitch.tv PRIVMSG #maya :DO IT PREZOH\r\n'
2022-06-08 19:32:21,787 — b':virtualpop!virtualpop@virtualpop.tmi.twitch.tv PRIVMSG #maya :mayahiPog wow\r\n:ghandii_!ghandii_@ghandii_.tmi.twitch.tv PRIVMSG #maya :@StealfyDoge, 9 am their time iono i guessed\r\n:drakhos1!drakhos1@drakhos1.tmi.twitch.tv PRIVMSG #maya :peepoBye\r\n'
2022-06-08 19:32:21,968 — b':sivvii_!sivvii_@sivvii_.tmi.twitch.tv PRIVMSG #maya :LETSGOOO\r\n'
2022-06-08 19:32:22,069 — b':dormo__!dormo__@dormo__.tmi.twitch.tv PRIVMSG #maya :peepoBye\r\n'
2022-06-08 19:32:22,290 — b':kayaklmao!kayaklmao@kayaklmao.tmi.twitch.tv PRIVMSG #maya :peepoClap\r\n'
2022-06-08 19:32:22,440 — b':tillyos!tillyos@tillyos.tmi.twitch.tv PRIVMSG #maya :PogU\r\n'
2022-06-08 19:32:22,541 — b':kingharris_!kingharris_@kingharris_.tmi.twitch.tv PRIVMSG #maya :i think maya is balding lmao look at her hairline i think maya is balding lmao look at her hairline i think maya is balding lmao look at her hairline i think maya is balding lmao look at her hairline\r\n'
2022-06-08 19:32:22,735 — b':cheddarpeepo!cheddarpeepo@cheddarpeepo.tmi.twitch.tv PRIVMSG #maya :horay peepoCheer\r\n'
2022-06-08 19:32:22,836 — b':garretdayton!garretdayton@garretdayton.tmi.twitch.tv PRIVMSG #maya :PREZOH is coming\r\n'
2022-06-08 19:32:22,974 — b':daeniel2!daeniel2@daeniel2.tmi.twitch.tv PRIVMSG #maya :good stream Drake\r\n'
2022-06-08 19:32:23,064 — b':setrange!setrange@setrange.tmi.twitch.tv PRIVMSG #maya :Conservation uncharted peepoCheer\r\n'
2022-06-08 19:32:23,155 — b':cuboneclub!cuboneclub@cuboneclub.tmi.twitch.tv PRIVMSG #maya :@kingharris_ Okay post a picture then\r\n'
2022-06-08 19:32:23,247 — b":privatenunu!privatenunu@privatenunu.tmi.twitch.tv PRIVMSG #maya :PogU let's go!!\r\n"
2022-06-08 19:32:23,785 — b':kingharris_!kingharris_@kingharris_.tmi.twitch.tv PRIVMSG #maya :i think maya is balding lmao look at her hairline i think maya is balding lmao look at her hairline i think maya is balding lmao look at her hairline i think maya is balding lmao look at her hairline i think maya is balding lmao look at her hairline i think maya is balding lmao look at her hairline i think maya is balding lmao look at her hairline i think maya is balding lmao look at her hairline\r\n'
2022-06-08 19:32:24,014 — b':iamjackshigh!iamjackshigh@iamjackshigh.tmi.twitch.tv PRIVMSG #maya :sickkk\r\n'
2022-06-08 19:32:24,203 — b':jordynstop!jordynstop@jordynstop.tmi.twitch.tv PRIVMSG #maya :stonepaL\r\n'
2022-06-08 19:32:24,342 — b':moodylune!moodylune@moodylune.tmi.twitch.tv PRIVMSG #maya :great stream Drake\r\n'
2022-06-08 19:32:24,583 — b':gallaive!gallaive@gallaive.tmi.twitch.tv PRIVMSG #maya :Pog \xf3\xa0\x80\x80\r\n'
2022-06-08 19:32:24,670 — b':allyalleyway!allyalleyway@allyalleyway.tmi.twitch.tv PRIVMSG #maya :stonepaL stonepaL stonepaL\r\n'
2022-06-08 19:32:25,187 — b':mmm_betty!mmm_betty@mmm_betty.tmi.twitch.tv PRIVMSG #maya :PagMan\r\n'
2022-06-08 19:32:25,273 — b':vaiociraptor!vaiociraptor@vaiociraptor.tmi.twitch.tv PRIVMSG #maya :stonepaL stonepaL\r\n'
2022-06-08 19:32:25,440 — b':l0lnat!l0lnat@l0lnat.tmi.twitch.tv PRIVMSG #maya :Yup Ireland\r\n'
2022-06-08 19:32:25,599 — b':aquatiqxd!aquatiqxd@aquatiqxd.tmi.twitch.tv PRIVMSG #maya :PogU\r\n'
2022-06-08 19:32:25,695 — b':wcafc!wcafc@wcafc.tmi.twitch.tv PRIVMSG #maya :Drake\r\n'
2022-06-08 19:32:25,782 — b':hellsatanx!hellsatanx@hellsatanx.tmi.twitch.tv PRIVMSG #maya :9 am or pm tomorrow??\r\n'
2022-06-08 19:32:26,258 — b':zucaritasdog!zucaritasdog@zucaritasdog.tmi.twitch.tv PRIVMSG #maya :stonepaL\r\n'
2022-06-08 19:32:26,777 — b':stealfydoge!stealfydoge@stealfydoge.tmi.twitch.tv PRIVMSG #maya :@Ghandii_, yeah SadTrav\r\n'
2022-06-08 19:32:26,916 — b':ghandii_!ghandii_@ghandii_.tmi.twitch.tv PRIVMSG #maya :INSANECAT\r\n'
2022-06-08 19:32:27,013 — b':tiredeyes_taurus!tiredeyes_taurus@tiredeyes_taurus.tmi.twitch.tv PRIVMSG #maya :Good stream see u next time VirtualHug\r\n'
2022-06-08 19:32:27,099 — b':jakev46!jakev46@jakev46.tmi.twitch.tv PRIVMSG #maya :GOOD  STREAM mayahiL\r\n'
2022-06-08 19:32:27,191 — b':kingharris_!kingharris_@kingharris_.tmi.twitch.tv PRIVMSG #maya :i think maya is balding lmao look at her hairline i think maya is balding lmao look at her hairline i think maya is balding lmao look at her hairline i think maya is balding lmao look at her hairline i think maya is balding lmao look at her hairline i think maya is balding lmao look at her hairline i think maya is balding lmao look at her hairline i think maya is balding lmao look at her hairline i think maya is balding lmao look at her hairline i think maya is balding lmao look at her hairline\r\n'
2022-06-08 19:32:27,507 — b':widepenguinn!widepenguinn@widepenguinn.tmi.twitch.tv PRIVMSG #maya :who Hmmm\r\n'
2022-06-08 19:32:27,592 — b':gallaive!gallaive@gallaive.tmi.twitch.tv PRIVMSG #maya :good stream\r\n:fragye!fragye@fragye.tmi.twitch.tv PRIVMSG #maya :stonepaL\r\n'
2022-06-08 19:32:27,685 — b':lia10t!lia10t@lia10t.tmi.twitch.tv PRIVMSG #maya :byee prezHug stonepaLurk\r\n:zotesong!zotesong@zotesong.tmi.twitch.tv PRIVMSG #maya :WE HIT GOaL\r\n'
2022-06-08 19:32:27,776 — b':pernav!pernav@pernav.tmi.twitch.tv PRIVMSG #maya :peepoPog im from ireland\r\n'
2022-06-08 19:32:27,869 — b':bradshawcrew1!bradshawcrew1@bradshawcrew1.tmi.twitch.tv PRIVMSG #maya :plzraid will neff\r\n'
2022-06-08 19:32:27,958 — b':ttoxic_turtle!ttoxic_turtle@ttoxic_turtle.tmi.twitch.tv PRIVMSG #maya :PogU\r\n'
2022-06-08 19:32:28,037 — b':bennymoth!bennymoth@bennymoth.tmi.twitch.tv PRIVMSG #maya :FAMILY FAMILY FAMILY FAMILY FAMILY FAMILY grubHU grubHU grubHU grubHU\r\n'
2022-06-08 19:32:28,824 — b':know_your_onions!know_your_onions@know_your_onions.tmi.twitch.tv PRIVMSG #maya :time for making out? peepoClap\r\n'
2022-06-08 19:32:29,297 — b':jordynstop!jordynstop@jordynstop.tmi.twitch.tv PRIVMSG #maya :prezHug\r\n'
2022-06-08 19:32:29,468 — b':sir_tootsie!sir_tootsie@sir_tootsie.tmi.twitch.tv PRIVMSG #maya :xqcL\r\n'
2022-06-08 19:32:29,558 — b':epicpolarr!epicpolarr@epicpolarr.tmi.twitch.tv PRIVMSG #maya :stonepaLurk chills\r\n'
2022-06-08 19:32:29,652 — b':cryptic_command!cryptic_command@cryptic_command.tmi.twitch.tv PRIVMSG #maya :2?\r\n:nywatt!nywatt@nywatt.tmi.twitch.tv PRIVMSG #maya :stonepaL\r\n'
2022-06-08 19:32:29,746 — b':notshreddn!notshreddn@notshreddn.tmi.twitch.tv PRIVMSG #maya :I enjoyed mky stay xqcL\r\n:oshlive!oshlive@oshlive.tmi.twitch.tv PRIVMSG #maya :stonepaL\r\n'
2022-06-08 19:32:29,999 — b':shrezno!shrezno@shrezno.tmi.twitch.tv PRIVMSG #maya :PogU good stuff\r\n'
2022-06-08 19:32:30,116 — b':taelur_!taelur_@taelur_.tmi.twitch.tv PRIVMSG #maya :connor6L great stream connor6L great stream connor6L great stream connor6L great stream connor6L great stream connor6L great stream connor6L great stream\r\n'
2022-06-08 19:32:30,207 — b':gnomechildboi!gnomechildboi@gnomechildboi.tmi.twitch.tv PRIVMSG #maya :RIPBOZO\r\n'
2022-06-08 19:32:30,729 — b':adrinapog!adrinapog@adrinapog.tmi.twitch.tv PRIVMSG #maya :chjbHug\r\n'
2022-06-08 19:32:30,819 — b':groovy7777!groovy7777@groovy7777.tmi.twitch.tv PRIVMSG #maya :PogU kalei\r\n'
2022-06-08 19:32:30,912 — b':spens_!spens_@spens_.tmi.twitch.tv PRIVMSG #maya :shit im banned in her chat\r\n:gamerentralmusic!gamerentralmusic@gamerentralmusic.tmi.twitch.tv PRIVMSG #maya :and rember someone has to be the wingman olol\r\n:ebolaman131!ebolaman131@ebolaman131.tmi.twitch.tv PRIVMSG #maya :connor6FrogDance my streamer is a whore\r\n'
2022-06-08 19:32:31,185 — b':angrykirby7!angrykirby7@angrykirby7.tmi.twitch.tv PRIVMSG #maya :Bye Jenniffer\r\n'
2022-06-08 19:32:31,338 — b':dloc253!dloc253@dloc253.tmi.twitch.tv PRIVMSG #maya :watch Stavy https://www.youtube.com/watch?v=eNpkhX85yf0&ab_channel=StavrosHalkias\r\n'
2022-06-08 19:32:31,507 — b':hesitantsandra!hesitantsandra@hesitantsandra.tmi.twitch.tv PRIVMSG #maya :prezHug prezHug prezHug prezHug\r\n'
2022-06-08 19:32:31,588 — b':itssssjoshh!itssssjoshh@itssssjoshh.tmi.twitch.tv PRIVMSG #maya :INSANECAT\r\n'
2022-06-08 19:32:31,674 — b':loganrx8!loganrx8@loganrx8.tmi.twitch.tv PRIVMSG #maya :Byee\r\n:seph1ngton!seph1ngton@seph1ngton.tmi.twitch.tv PRIVMSG #maya :peepoBye good stream\r\n'
2022-06-08 19:32:31,961 — b':plismo_69!plismo_69@plismo_69.tmi.twitch.tv PRIVMSG #maya :GOOD STREAM widepeepoHappy\r\n'
2022-06-08 19:32:32,224 — b':mmm_betty!mmm_betty@mmm_betty.tmi.twitch.tv PRIVMSG #maya :good stream mayahiSmile good stream mayahiSmile good stream mayahiSmile\r\n'
2022-06-08 19:32:32,440 — b':ratchetswrench!ratchetswrench@ratchetswrench.tmi.twitch.tv PRIVMSG #maya :dont throw up\r\n'
2022-06-08 19:32:32,890 — b':oshlive!oshlive@oshlive.tmi.twitch.tv PRIVMSG #maya :stonepaL \xf3\xa0\x80\x80\r\n'
2022-06-08 19:32:32,975 — b':ghoulfrriend!ghoulfrriend@ghoulfrriend.tmi.twitch.tv PRIVMSG #maya :<3 <3 <3 <3\r\n'
2022-06-08 19:32:33,309 — b':xera51!xera51@xera51.tmi.twitch.tv PRIVMSG #maya :stonepaL\r\n'
2022-06-08 19:32:33,391 — b':yhs0988!yhs0988@yhs0988.tmi.twitch.tv PRIVMSG #maya :PotFriend great stream\r\n'
2022-06-08 19:32:33,509 — b':juan_fantasy!juan_fantasy@juan_fantasy.tmi.twitch.tv PRIVMSG #maya :Uncharted 5 REAVELED AD TOMORROW PogU\r\n'
2022-06-08 19:32:33,810 — b':gnomechildboi!gnomechildboi@gnomechildboi.tmi.twitch.tv PRIVMSG #maya :RIPBOZO \xf3\xa0\x80\x80\r\n'
2022-06-08 19:32:33,903 — b':okaykendall!okaykendall@okaykendall.tmi.twitch.tv PRIVMSG #maya :stonepaL\r\n'
2022-06-08 19:32:34,385 — b':bluewolfturtle!bluewolfturtle@bluewolfturtle.tmi.twitch.tv PRIVMSG #maya :greekL\r\n'
2022-06-08 19:32:34,529 — b":614_brandonmoore!614_brandonmoore@614_brandonmoore.tmi.twitch.tv PRIVMSG #maya :Ireland ooo that's sick\r\n"
2022-06-08 19:32:34,618 — b':shrezno!shrezno@shrezno.tmi.twitch.tv PRIVMSG #maya :Drake good stream\r\n'
2022-06-08 19:32:35,186 — b":privatenunu!privatenunu@privatenunu.tmi.twitch.tv PRIVMSG #maya :PauseChamp can't wait for rwanda in the winter\r\n"
2022-06-08 19:32:35,373 — b':lileevergreen!lileevergreen@lileevergreen.tmi.twitch.tv PRIVMSG #maya :stonepaL byee\r\n'
2022-06-08 19:32:35,925 — b':uhhjay!uhhjay@uhhjay.tmi.twitch.tv PRIVMSG #maya :@KingHarris_, ?\r\n'
2022-06-08 19:33:45,384 — b':tmi.twitch.tv 001 twitch_pioneers :Welcome, GLHF!\r\n:tmi.twitch.tv 002 twitch_pioneers :Your host is tmi.twitch.tv\r\n:tmi.twitch.tv 003 twitch_pioneers :This server is rather new\r\n:tmi.twitch.tv 004 twitch_pioneers :-\r\n:tmi.twitch.tv 375 twitch_pioneers :-\r\n:tmi.twitch.tv 372 twitch_pioneers :You are in a maze of twisty passages, all alike.\r\n:tmi.twitch.tv 376 twitch_pioneers :>\r\n'
2022-06-08 19:33:45,384 — b':tmi.twitch.tv 001 twitch_pioneers :Welcome, GLHF!\r\n:tmi.twitch.tv 002 twitch_pioneers :Your host is tmi.twitch.tv\r\n:tmi.twitch.tv 003 twitch_pioneers :This server is rather new\r\n:tmi.twitch.tv 004 twitch_pioneers :-\r\n:tmi.twitch.tv 375 twitch_pioneers :-\r\n:tmi.twitch.tv 372 twitch_pioneers :You are in a maze of twisty passages, all alike.\r\n:tmi.twitch.tv 376 twitch_pioneers :>\r\n'
2022-06-08 19:33:47,375 — b':tmi.twitch.tv 001 twitch_pioneers :Welcome, GLHF!\r\n:tmi.twitch.tv 002 twitch_pioneers :Your host is tmi.twitch.tv\r\n:tmi.twitch.tv 003 twitch_pioneers :This server is rather new\r\n:tmi.twitch.tv 004 twitch_pioneers :-\r\n:tmi.twitch.tv 375 twitch_pioneers :-\r\n:tmi.twitch.tv 372 twitch_pioneers :You are in a maze of twisty passages, all alike.\r\n:tmi.twitch.tv 376 twitch_pioneers :>\r\n'
2022-06-08 19:33:47,375 — b':tmi.twitch.tv 001 twitch_pioneers :Welcome, GLHF!\r\n:tmi.twitch.tv 002 twitch_pioneers :Your host is tmi.twitch.tv\r\n:tmi.twitch.tv 003 twitch_pioneers :This server is rather new\r\n:tmi.twitch.tv 004 twitch_pioneers :-\r\n:tmi.twitch.tv 375 twitch_pioneers :-\r\n:tmi.twitch.tv 372 twitch_pioneers :You are in a maze of twisty passages, all alike.\r\n:tmi.twitch.tv 376 twitch_pioneers :>\r\n'
2022-06-08 19:33:47,375 — b':tmi.twitch.tv 001 twitch_pioneers :Welcome, GLHF!\r\n:tmi.twitch.tv 002 twitch_pioneers :Your host is tmi.twitch.tv\r\n:tmi.twitch.tv 003 twitch_pioneers :This server is rather new\r\n:tmi.twitch.tv 004 twitch_pioneers :-\r\n:tmi.twitch.tv 375 twitch_pioneers :-\r\n:tmi.twitch.tv 372 twitch_pioneers :You are in a maze of twisty passages, all alike.\r\n:tmi.twitch.tv 376 twitch_pioneers :>\r\n'
2022-06-08 19:33:47,454 — b':twitch_pioneers!twitch_pioneers@twitch_pioneers.tmi.twitch.tv JOIN #maya\r\n:twitch_pioneers.tmi.twitch.tv 353 twitch_pioneers = #maya :twitch_pioneers\r\n:twitch_pioneers.tmi.twitch.tv 366 twitch_pioneers #maya :End of /NAMES list\r\n'
2022-06-08 19:33:47,454 — b':twitch_pioneers!twitch_pioneers@twitch_pioneers.tmi.twitch.tv JOIN #maya\r\n:twitch_pioneers.tmi.twitch.tv 353 twitch_pioneers = #maya :twitch_pioneers\r\n:twitch_pioneers.tmi.twitch.tv 366 twitch_pioneers #maya :End of /NAMES list\r\n'
2022-06-08 19:33:47,454 — b':twitch_pioneers!twitch_pioneers@twitch_pioneers.tmi.twitch.tv JOIN #maya\r\n:twitch_pioneers.tmi.twitch.tv 353 twitch_pioneers = #maya :twitch_pioneers\r\n:twitch_pioneers.tmi.twitch.tv 366 twitch_pioneers #maya :End of /NAMES list\r\n'
2022-06-08 19:33:48,297 — b':iamaturtleboi!iamaturtleboi@iamaturtleboi.tmi.twitch.tv PRIVMSG #maya :eckskyooseeEl\r\n'
2022-06-08 19:33:48,297 — b':iamaturtleboi!iamaturtleboi@iamaturtleboi.tmi.twitch.tv PRIVMSG #maya :eckskyooseeEl\r\n'
2022-06-08 19:33:48,297 — b':iamaturtleboi!iamaturtleboi@iamaturtleboi.tmi.twitch.tv PRIVMSG #maya :eckskyooseeEl\r\n'
2022-06-08 19:33:48,629 — b':greenricky!greenricky@greenricky.tmi.twitch.tv PRIVMSG #maya :mayahiPeepo Gayge\r\n'
2022-06-08 19:33:48,629 — b':greenricky!greenricky@greenricky.tmi.twitch.tv PRIVMSG #maya :mayahiPeepo Gayge\r\n'
2022-06-08 19:33:48,629 — b':greenricky!greenricky@greenricky.tmi.twitch.tv PRIVMSG #maya :mayahiPeepo Gayge\r\n'
2022-06-08 19:33:49,786 — b':mohrs!mohrs@mohrs.tmi.twitch.tv PRIVMSG #maya :PogO\r\n'
2022-06-08 19:33:49,786 — b':mohrs!mohrs@mohrs.tmi.twitch.tv PRIVMSG #maya :PogO\r\n'
2022-06-08 19:33:49,786 — b':mohrs!mohrs@mohrs.tmi.twitch.tv PRIVMSG #maya :PogO\r\n'
2022-06-08 19:33:53,474 — b':spens_!spens_@spens_.tmi.twitch.tv PRIVMSG #maya :i cant type in her stream :(\r\n'
2022-06-08 19:33:53,474 — b':spens_!spens_@spens_.tmi.twitch.tv PRIVMSG #maya :i cant type in her stream :(\r\n'
2022-06-08 19:33:53,474 — b':spens_!spens_@spens_.tmi.twitch.tv PRIVMSG #maya :i cant type in her stream :(\r\n'
2022-06-08 19:33:53,832 — b':zippos12!zippos12@zippos12.tmi.twitch.tv PRIVMSG #maya :kinda loud\r\n'
2022-06-08 19:33:53,832 — b':zippos12!zippos12@zippos12.tmi.twitch.tv PRIVMSG #maya :kinda loud\r\n'
2022-06-08 19:33:53,832 — b':zippos12!zippos12@zippos12.tmi.twitch.tv PRIVMSG #maya :kinda loud\r\n'
2022-06-08 19:33:54,239 — b':aquatiqxd!aquatiqxd@aquatiqxd.tmi.twitch.tv PRIVMSG #maya :TrollDespair what now\r\n'
2022-06-08 19:33:54,239 — b':aquatiqxd!aquatiqxd@aquatiqxd.tmi.twitch.tv PRIVMSG #maya :TrollDespair what now\r\n'
2022-06-08 19:33:54,239 — b':aquatiqxd!aquatiqxd@aquatiqxd.tmi.twitch.tv PRIVMSG #maya :TrollDespair what now\r\n'
2022-06-08 19:33:58,585 — b':zachcs_!zachcs_@zachcs_.tmi.twitch.tv PRIVMSG #maya :apex PagMan\r\n'
2022-06-08 19:33:58,585 — b':zachcs_!zachcs_@zachcs_.tmi.twitch.tv PRIVMSG #maya :apex PagMan\r\n'
2022-06-08 19:33:58,585 — b':zachcs_!zachcs_@zachcs_.tmi.twitch.tv PRIVMSG #maya :apex PagMan\r\n'
2022-06-08 19:33:58,886 — b':paradox_oji!paradox_oji@paradox_oji.tmi.twitch.tv PRIVMSG #maya :LUL\r\n'
2022-06-08 19:33:58,886 — b':paradox_oji!paradox_oji@paradox_oji.tmi.twitch.tv PRIVMSG #maya :LUL\r\n'
2022-06-08 19:33:58,886 — b':paradox_oji!paradox_oji@paradox_oji.tmi.twitch.tv PRIVMSG #maya :LUL\r\n'
2022-06-08 19:33:59,366 — b':bethsonline!bethsonline@bethsonline.tmi.twitch.tv PRIVMSG #maya :stonepaLurk\r\n'
2022-06-08 19:33:59,366 — b':bethsonline!bethsonline@bethsonline.tmi.twitch.tv PRIVMSG #maya :stonepaLurk\r\n'
2022-06-08 19:33:59,366 — b':bethsonline!bethsonline@bethsonline.tmi.twitch.tv PRIVMSG #maya :stonepaLurk\r\n'
2022-06-08 19:33:59,472 — b':alpacatude!alpacatude@alpacatude.tmi.twitch.tv PRIVMSG #maya :great stream :)\r\n'
2022-06-08 19:33:59,472 — b':alpacatude!alpacatude@alpacatude.tmi.twitch.tv PRIVMSG #maya :great stream :)\r\n'
2022-06-08 19:33:59,472 — b':alpacatude!alpacatude@alpacatude.tmi.twitch.tv PRIVMSG #maya :great stream :)\r\n'
2022-06-08 19:34:01,054 — b':tricoart!tricoart@tricoart.tmi.twitch.tv PRIVMSG #maya :@Sivvii_, ikr\r\n'
2022-06-08 19:34:01,054 — b':tricoart!tricoart@tricoart.tmi.twitch.tv PRIVMSG #maya :@Sivvii_, ikr\r\n'
2022-06-08 19:34:01,054 — b':tricoart!tricoart@tricoart.tmi.twitch.tv PRIVMSG #maya :@Sivvii_, ikr\r\n'
2022-06-08 19:34:01,759 — b':cal__22!cal__22@cal__22.tmi.twitch.tv PRIVMSG #maya :paradox_oji I\xe2\x80\x99ll go live rn\r\n'
2022-06-08 19:34:01,759 — b':cal__22!cal__22@cal__22.tmi.twitch.tv PRIVMSG #maya :paradox_oji I\xe2\x80\x99ll go live rn\r\n'
2022-06-08 19:34:01,759 — b':cal__22!cal__22@cal__22.tmi.twitch.tv PRIVMSG #maya :paradox_oji I\xe2\x80\x99ll go live rn\r\n'
2022-06-08 19:34:01,847 — b':oshlive!oshlive@oshlive.tmi.twitch.tv PRIVMSG #maya :stonepaPeepo *does nothing*\r\n'
2022-06-08 19:34:01,847 — b':oshlive!oshlive@oshlive.tmi.twitch.tv PRIVMSG #maya :stonepaPeepo *does nothing*\r\n'
2022-06-08 19:34:01,847 — b':oshlive!oshlive@oshlive.tmi.twitch.tv PRIVMSG #maya :stonepaPeepo *does nothing*\r\n'
2022-06-08 19:34:02,096 — b':xchrix!xchrix@xchrix.tmi.twitch.tv PRIVMSG #maya :kalei peepoWow\r\n'
2022-06-08 19:34:02,096 — b':xchrix!xchrix@xchrix.tmi.twitch.tv PRIVMSG #maya :kalei peepoWow\r\n'
2022-06-08 19:34:02,096 — b':xchrix!xchrix@xchrix.tmi.twitch.tv PRIVMSG #maya :kalei peepoWow\r\n'
2022-06-08 19:34:02,929 — b':floppion!floppion@floppion.tmi.twitch.tv PRIVMSG #maya :that was sick\r\n'
2022-06-08 19:34:02,929 — b':floppion!floppion@floppion.tmi.twitch.tv PRIVMSG #maya :that was sick\r\n'
2022-06-08 19:34:02,929 — b':floppion!floppion@floppion.tmi.twitch.tv PRIVMSG #maya :that was sick\r\n'
2022-06-08 19:34:05,566 — b':shrezno!shrezno@shrezno.tmi.twitch.tv PRIVMSG #maya :you banned spens?\r\n'
2022-06-08 19:34:05,566 — b':shrezno!shrezno@shrezno.tmi.twitch.tv PRIVMSG #maya :you banned spens?\r\n'
2022-06-08 19:34:05,566 — b':shrezno!shrezno@shrezno.tmi.twitch.tv PRIVMSG #maya :you banned spens?\r\n'
2022-06-08 19:34:08,527 — b':ghandii_!ghandii_@ghandii_.tmi.twitch.tv PRIVMSG #maya :@StealfyDoge, that actually would be fun to figure out KEKHeim imma do it link\r\n'
2022-06-08 19:34:08,527 — b':ghandii_!ghandii_@ghandii_.tmi.twitch.tv PRIVMSG #maya :@StealfyDoge, that actually would be fun to figure out KEKHeim imma do it link\r\n'
2022-06-08 19:34:08,527 — b':ghandii_!ghandii_@ghandii_.tmi.twitch.tv PRIVMSG #maya :@StealfyDoge, that actually would be fun to figure out KEKHeim imma do it link\r\n'
2022-06-08 19:34:08,946 — b':lunaluuuu!lunaluuuu@lunaluuuu.tmi.twitch.tv PRIVMSG #maya :stonepaLurk\r\n'
2022-06-08 19:34:08,946 — b':lunaluuuu!lunaluuuu@lunaluuuu.tmi.twitch.tv PRIVMSG #maya :stonepaLurk\r\n'
2022-06-08 19:34:08,946 — b':lunaluuuu!lunaluuuu@lunaluuuu.tmi.twitch.tv PRIVMSG #maya :stonepaLurk\r\n'
2022-06-08 19:34:15,725 — b':oshlive!oshlive@oshlive.tmi.twitch.tv PRIVMSG #maya :stonepaLurk\r\n'
2022-06-08 19:34:15,725 — b':oshlive!oshlive@oshlive.tmi.twitch.tv PRIVMSG #maya :stonepaLurk\r\n'
2022-06-08 19:34:15,725 — b':oshlive!oshlive@oshlive.tmi.twitch.tv PRIVMSG #maya :stonepaLurk\r\n'
2022-06-08 19:34:16,084 — b':spens_!spens_@spens_.tmi.twitch.tv PRIVMSG #maya :@Shrezno yeah\r\n'
2022-06-08 19:34:16,084 — b':spens_!spens_@spens_.tmi.twitch.tv PRIVMSG #maya :@Shrezno yeah\r\n'
2022-06-08 19:34:16,084 — b':spens_!spens_@spens_.tmi.twitch.tv PRIVMSG #maya :@Shrezno yeah\r\n'
2022-06-08 19:34:16,233 — b':uhhjay!uhhjay@uhhjay.tmi.twitch.tv PRIVMSG #maya :@Cal__22, do it\r\n'
2022-06-08 19:34:16,233 — b':uhhjay!uhhjay@uhhjay.tmi.twitch.tv PRIVMSG #maya :@Cal__22, do it\r\n'
2022-06-08 19:34:16,233 — b':uhhjay!uhhjay@uhhjay.tmi.twitch.tv PRIVMSG #maya :@Cal__22, do it\r\n'
2022-06-08 19:34:17,367 — b':tricoart!tricoart@tricoart.tmi.twitch.tv PRIVMSG #maya :that had me cracking up the whole way through\r\n'
2022-06-08 19:34:17,367 — b':tricoart!tricoart@tricoart.tmi.twitch.tv PRIVMSG #maya :that had me cracking up the whole way through\r\n'
2022-06-08 19:34:17,367 — b':tricoart!tricoart@tricoart.tmi.twitch.tv PRIVMSG #maya :that had me cracking up the whole way through\r\n'
2022-06-08 19:34:20,949 — b':xchrix!xchrix@xchrix.tmi.twitch.tv PRIVMSG #maya :Vibe\r\n'
2022-06-08 19:34:20,949 — b':xchrix!xchrix@xchrix.tmi.twitch.tv PRIVMSG #maya :Vibe\r\n'
2022-06-08 19:34:20,949 — b':xchrix!xchrix@xchrix.tmi.twitch.tv PRIVMSG #maya :Vibe\r\n'
2022-06-08 19:34:21,105 — b':shrezno!shrezno@shrezno.tmi.twitch.tv PRIVMSG #maya :damn\r\n'
2022-06-08 19:34:21,105 — b':shrezno!shrezno@shrezno.tmi.twitch.tv PRIVMSG #maya :damn\r\n'
2022-06-08 19:34:21,105 — b':shrezno!shrezno@shrezno.tmi.twitch.tv PRIVMSG #maya :damn\r\n'
2022-06-08 19:34:25,314 — b':cal__22!cal__22@cal__22.tmi.twitch.tv PRIVMSG #maya :uhhjay thought you might like that\r\n'
2022-06-08 19:34:25,314 — b':cal__22!cal__22@cal__22.tmi.twitch.tv PRIVMSG #maya :uhhjay thought you might like that\r\n'
2022-06-08 19:34:25,314 — b':cal__22!cal__22@cal__22.tmi.twitch.tv PRIVMSG #maya :uhhjay thought you might like that\r\n'
2022-06-08 19:34:25,467 — b':sivvii_!sivvii_@sivvii_.tmi.twitch.tv PRIVMSG #maya :Vibe\r\n'
2022-06-08 19:34:25,467 — b':sivvii_!sivvii_@sivvii_.tmi.twitch.tv PRIVMSG #maya :Vibe\r\n'
2022-06-08 19:34:25,467 — b':sivvii_!sivvii_@sivvii_.tmi.twitch.tv PRIVMSG #maya :Vibe\r\n'
2022-06-08 19:34:27,648 — b':stealfydoge!stealfydoge@stealfydoge.tmi.twitch.tv PRIVMSG #maya :http://ricepuritytest.com\\\r\n'
2022-06-08 19:34:27,648 — b':stealfydoge!stealfydoge@stealfydoge.tmi.twitch.tv PRIVMSG #maya :http://ricepuritytest.com\\\r\n'
2022-06-08 19:34:27,648 — b':stealfydoge!stealfydoge@stealfydoge.tmi.twitch.tv PRIVMSG #maya :http://ricepuritytest.com\\\r\n'
2022-06-08 19:34:28,616 — b':spens_!spens_@spens_.tmi.twitch.tv PRIVMSG #maya :for accusing her of tweetdecking lol\r\n'
2022-06-08 19:34:28,616 — b':spens_!spens_@spens_.tmi.twitch.tv PRIVMSG #maya :for accusing her of tweetdecking lol\r\n'
2022-06-08 19:34:28,616 — b':spens_!spens_@spens_.tmi.twitch.tv PRIVMSG #maya :for accusing her of tweetdecking lol\r\n'
2022-06-08 19:34:29,045 — b':tricoart!tricoart@tricoart.tmi.twitch.tv PRIVMSG #maya :Vibe\r\n'
2022-06-08 19:34:29,045 — b':tricoart!tricoart@tricoart.tmi.twitch.tv PRIVMSG #maya :Vibe\r\n'
2022-06-08 19:34:29,045 — b':tricoart!tricoart@tricoart.tmi.twitch.tv PRIVMSG #maya :Vibe\r\n'
2022-06-08 19:34:29,203 — b':stealfydoge!stealfydoge@stealfydoge.tmi.twitch.tv PRIVMSG #maya :http://ricepuritytest.com\r\n'
2022-06-08 19:34:29,203 — b':stealfydoge!stealfydoge@stealfydoge.tmi.twitch.tv PRIVMSG #maya :http://ricepuritytest.com\r\n'
2022-06-08 19:34:29,203 — b':stealfydoge!stealfydoge@stealfydoge.tmi.twitch.tv PRIVMSG #maya :http://ricepuritytest.com\r\n'
2022-06-08 19:34:31,571 — b':ghandii_!ghandii_@ghandii_.tmi.twitch.tv PRIVMSG #maya :@ZachCS_, i like her apex name\r\n'
2022-06-08 19:34:31,571 — b':ghandii_!ghandii_@ghandii_.tmi.twitch.tv PRIVMSG #maya :@ZachCS_, i like her apex name\r\n'
2022-06-08 19:34:31,571 — b':ghandii_!ghandii_@ghandii_.tmi.twitch.tv PRIVMSG #maya :@ZachCS_, i like her apex name\r\n'
2022-06-08 19:34:31,737 — b':pro_mitchell!pro_mitchell@pro_mitchell.tmi.twitch.tv PRIVMSG #maya :Awkward\r\n'
2022-06-08 19:34:31,737 — b':pro_mitchell!pro_mitchell@pro_mitchell.tmi.twitch.tv PRIVMSG #maya :Awkward\r\n'
2022-06-08 19:34:31,737 — b':pro_mitchell!pro_mitchell@pro_mitchell.tmi.twitch.tv PRIVMSG #maya :Awkward\r\n'
2022-06-08 19:34:32,517 — b':boingobear!boingobear@boingobear.tmi.twitch.tv PRIVMSG #maya :typical wraith main\r\n'
2022-06-08 19:34:32,517 — b':boingobear!boingobear@boingobear.tmi.twitch.tv PRIVMSG #maya :typical wraith main\r\n'
2022-06-08 19:34:32,517 — b':boingobear!boingobear@boingobear.tmi.twitch.tv PRIVMSG #maya :typical wraith main\r\n'
2022-06-08 19:34:32,986 — b':uhhjay!uhhjay@uhhjay.tmi.twitch.tv PRIVMSG #maya :@Cal__22, what are u trying 2 say\r\n'
2022-06-08 19:34:32,986 — b':uhhjay!uhhjay@uhhjay.tmi.twitch.tv PRIVMSG #maya :@Cal__22, what are u trying 2 say\r\n'
2022-06-08 19:34:32,986 — b':uhhjay!uhhjay@uhhjay.tmi.twitch.tv PRIVMSG #maya :@Cal__22, what are u trying 2 say\r\n'
2022-06-08 19:34:34,259 — b':xchrix!xchrix@xchrix.tmi.twitch.tv PRIVMSG #maya :shrez Vibe\r\n'
2022-06-08 19:34:34,259 — b':xchrix!xchrix@xchrix.tmi.twitch.tv PRIVMSG #maya :shrez Vibe\r\n'
2022-06-08 19:34:34,259 — b':xchrix!xchrix@xchrix.tmi.twitch.tv PRIVMSG #maya :shrez Vibe\r\n'
2022-06-08 19:34:35,123 — b':zippos12!zippos12@zippos12.tmi.twitch.tv PRIVMSG #maya :lmao\r\n'
2022-06-08 19:34:35,123 — b':zippos12!zippos12@zippos12.tmi.twitch.tv PRIVMSG #maya :lmao\r\n'
2022-06-08 19:34:35,123 — b':zippos12!zippos12@zippos12.tmi.twitch.tv PRIVMSG #maya :lmao\r\n'
2022-06-08 19:34:36,103 — b':bernieforever!bernieforever@bernieforever.tmi.twitch.tv PRIVMSG #maya :turn off follower mode woman\r\n'
2022-06-08 19:34:36,103 — b':bernieforever!bernieforever@bernieforever.tmi.twitch.tv PRIVMSG #maya :turn off follower mode woman\r\n'
2022-06-08 19:34:36,103 — b':bernieforever!bernieforever@bernieforever.tmi.twitch.tv PRIVMSG #maya :turn off follower mode woman\r\n'
2022-06-08 19:34:37,405 — b':shrezno!shrezno@shrezno.tmi.twitch.tv PRIVMSG #maya :Vibe\r\n'
2022-06-08 19:34:37,405 — b':shrezno!shrezno@shrezno.tmi.twitch.tv PRIVMSG #maya :Vibe\r\n'
2022-06-08 19:34:37,405 — b':shrezno!shrezno@shrezno.tmi.twitch.tv PRIVMSG #maya :Vibe\r\n'
2022-06-08 19:34:38,309 — b':queueyt!queueyt@queueyt.tmi.twitch.tv PRIVMSG #maya :chat i found cute emtoes\r\n'
2022-06-08 19:34:38,309 — b':queueyt!queueyt@queueyt.tmi.twitch.tv PRIVMSG #maya :chat i found cute emtoes\r\n'
2022-06-08 19:34:38,309 — b':queueyt!queueyt@queueyt.tmi.twitch.tv PRIVMSG #maya :chat i found cute emtoes\r\n'
2022-06-08 19:34:40,421 — b':zachcs_!zachcs_@zachcs_.tmi.twitch.tv PRIVMSG #maya :Ghandii_ wait HUH\r\n'
2022-06-08 19:34:40,421 — b':zachcs_!zachcs_@zachcs_.tmi.twitch.tv PRIVMSG #maya :Ghandii_ wait HUH\r\n'
2022-06-08 19:34:40,421 — b':zachcs_!zachcs_@zachcs_.tmi.twitch.tv PRIVMSG #maya :Ghandii_ wait HUH\r\n'
2022-06-08 19:34:43,048 — b':cal__22!cal__22@cal__22.tmi.twitch.tv PRIVMSG #maya :u said I had a dumpy\r\n'
2022-06-08 19:34:43,048 — b':cal__22!cal__22@cal__22.tmi.twitch.tv PRIVMSG #maya :u said I had a dumpy\r\n'
2022-06-08 19:34:43,048 — b':cal__22!cal__22@cal__22.tmi.twitch.tv PRIVMSG #maya :u said I had a dumpy\r\n'
2022-06-08 19:34:44,229 — b':queueyt!queueyt@queueyt.tmi.twitch.tv PRIVMSG #maya :https://7tv.app/emotes/6229d68bf80b7279c444fef2\r\n'
2022-06-08 19:34:44,229 — b':queueyt!queueyt@queueyt.tmi.twitch.tv PRIVMSG #maya :https://7tv.app/emotes/6229d68bf80b7279c444fef2\r\n'
2022-06-08 19:34:44,229 — b':queueyt!queueyt@queueyt.tmi.twitch.tv PRIVMSG #maya :https://7tv.app/emotes/6229d68bf80b7279c444fef2\r\n'
2022-06-08 19:34:47,469 — b':bernieforever!bernieforever@bernieforever.tmi.twitch.tv PRIVMSG #maya :i aint following i just want to spam Madge\r\n'
2022-06-08 19:34:47,469 — b':bernieforever!bernieforever@bernieforever.tmi.twitch.tv PRIVMSG #maya :i aint following i just want to spam Madge\r\n'
2022-06-08 19:34:47,469 — b':bernieforever!bernieforever@bernieforever.tmi.twitch.tv PRIVMSG #maya :i aint following i just want to spam Madge\r\n'
