2022-06-08 19:33:47,532 — b':tmi.twitch.tv 001 twitch_pioneers :Welcome, GLHF!\r\n:tmi.twitch.tv 002 twitch_pioneers :Your host is tmi.twitch.tv\r\n:tmi.twitch.tv 003 twitch_pioneers :This server is rather new\r\n:tmi.twitch.tv 004 twitch_pioneers :-\r\n:tmi.twitch.tv 375 twitch_pioneers :-\r\n:tmi.twitch.tv 372 twitch_pioneers :You are in a maze of twisty passages, all alike.\r\n:tmi.twitch.tv 376 twitch_pioneers :>\r\n'
2022-06-08 19:33:47,532 — b':tmi.twitch.tv 001 twitch_pioneers :Welcome, GLHF!\r\n:tmi.twitch.tv 002 twitch_pioneers :Your host is tmi.twitch.tv\r\n:tmi.twitch.tv 003 twitch_pioneers :This server is rather new\r\n:tmi.twitch.tv 004 twitch_pioneers :-\r\n:tmi.twitch.tv 375 twitch_pioneers :-\r\n:tmi.twitch.tv 372 twitch_pioneers :You are in a maze of twisty passages, all alike.\r\n:tmi.twitch.tv 376 twitch_pioneers :>\r\n'
2022-06-08 19:33:47,623 — b':twitch_pioneers!twitch_pioneers@twitch_pioneers.tmi.twitch.tv JOIN #willneff\r\n:twitch_pioneers.tmi.twitch.tv 353 twitch_pioneers = #willneff :twitch_pioneers\r\n:twitch_pioneers.tmi.twitch.tv 366 twitch_pioneers #willneff :End of /NAMES list\r\n:katacroket!katacroket@katacroket.tmi.twitch.tv PRIVMSG #willneff :PogU\r\n'
2022-06-08 19:33:47,623 — b':twitch_pioneers!twitch_pioneers@twitch_pioneers.tmi.twitch.tv JOIN #willneff\r\n:twitch_pioneers.tmi.twitch.tv 353 twitch_pioneers = #willneff :twitch_pioneers\r\n:twitch_pioneers.tmi.twitch.tv 366 twitch_pioneers #willneff :End of /NAMES list\r\n:katacroket!katacroket@katacroket.tmi.twitch.tv PRIVMSG #willneff :PogU\r\n'
2022-06-08 19:33:48,147 — b':oddmode!oddmode@oddmode.tmi.twitch.tv PRIVMSG #willneff :neffTasty\r\n'
2022-06-08 19:33:48,147 — b':oddmode!oddmode@oddmode.tmi.twitch.tv PRIVMSG #willneff :neffTasty\r\n'
2022-06-08 19:33:48,247 — b':alypooo!alypooo@alypooo.tmi.twitch.tv PRIVMSG #willneff :D:\r\n'
2022-06-08 19:33:48,247 — b':alypooo!alypooo@alypooo.tmi.twitch.tv PRIVMSG #willneff :D:\r\n'
2022-06-08 19:33:48,427 — b':bb_lou!bb_lou@bb_lou.tmi.twitch.tv PRIVMSG #willneff :Hmm is this the movie for the night\r\n'
2022-06-08 19:33:48,427 — b':bb_lou!bb_lou@bb_lou.tmi.twitch.tv PRIVMSG #willneff :Hmm is this the movie for the night\r\n'
2022-06-08 19:33:48,745 — b':hoedertin!hoedertin@hoedertin.tmi.twitch.tv PRIVMSG #willneff :i like it too monkaW \xf0\x9f\x91\x8d\r\n'
2022-06-08 19:33:48,745 — b':hoedertin!hoedertin@hoedertin.tmi.twitch.tv PRIVMSG #willneff :i like it too monkaW \xf0\x9f\x91\x8d\r\n'
2022-06-08 19:33:48,855 — b':gbuser_!gbuser_@gbuser_.tmi.twitch.tv PRIVMSG #willneff :thats so sick PogU\r\n'
2022-06-08 19:33:48,855 — b':gbuser_!gbuser_@gbuser_.tmi.twitch.tv PRIVMSG #willneff :thats so sick PogU\r\n'
2022-06-08 19:33:48,944 — b':easy_modez!easy_modez@easy_modez.tmi.twitch.tv PRIVMSG #willneff :WTFF\r\n'
2022-06-08 19:33:48,944 — b':easy_modez!easy_modez@easy_modez.tmi.twitch.tv PRIVMSG #willneff :WTFF\r\n'
2022-06-08 19:33:49,383 — b':valorill!valorill@valorill.tmi.twitch.tv PRIVMSG #willneff :KEKL\r\n'
2022-06-08 19:33:49,383 — b':valorill!valorill@valorill.tmi.twitch.tv PRIVMSG #willneff :KEKL\r\n'
2022-06-08 19:33:49,501 — b':nuurns!nuurns@nuurns.tmi.twitch.tv PRIVMSG #willneff :creepy\r\n'
2022-06-08 19:33:49,501 — b':nuurns!nuurns@nuurns.tmi.twitch.tv PRIVMSG #willneff :creepy\r\n'
2022-06-08 19:33:49,586 — b':skill_cylinder!skill_cylinder@skill_cylinder.tmi.twitch.tv PRIVMSG #willneff ::p\r\n'
2022-06-08 19:33:49,586 — b':skill_cylinder!skill_cylinder@skill_cylinder.tmi.twitch.tv PRIVMSG #willneff ::p\r\n'
2022-06-08 19:33:50,818 — b':risenish!risenish@risenish.tmi.twitch.tv PRIVMSG #willneff :thats sick PogU\r\n'
2022-06-08 19:33:50,818 — b':risenish!risenish@risenish.tmi.twitch.tv PRIVMSG #willneff :thats sick PogU\r\n'
2022-06-08 19:33:51,018 — b':squigglestheduck!squigglestheduck@squigglestheduck.tmi.twitch.tv PRIVMSG #willneff :hi will! :D\r\n:alexeatsrocks!alexeatsrocks@alexeatsrocks.tmi.twitch.tv PRIVMSG #willneff :thats so sick\r\n'
2022-06-08 19:33:51,018 — b':squigglestheduck!squigglestheduck@squigglestheduck.tmi.twitch.tv PRIVMSG #willneff :hi will! :D\r\n:alexeatsrocks!alexeatsrocks@alexeatsrocks.tmi.twitch.tv PRIVMSG #willneff :thats so sick\r\n'
2022-06-08 19:33:51,907 — b':bowlerbe!bowlerbe@bowlerbe.tmi.twitch.tv PRIVMSG #willneff :monkaW RICH CAMPBELL\r\n'
2022-06-08 19:33:51,907 — b':bowlerbe!bowlerbe@bowlerbe.tmi.twitch.tv PRIVMSG #willneff :monkaW RICH CAMPBELL\r\n'
2022-06-08 19:33:52,148 — b':smallkattea!smallkattea@smallkattea.tmi.twitch.tv PRIVMSG #willneff :AYAYA\r\n'
2022-06-08 19:33:52,148 — b':smallkattea!smallkattea@smallkattea.tmi.twitch.tv PRIVMSG #willneff :AYAYA\r\n'
2022-06-08 19:33:53,635 — b':cfstang!cfstang@cfstang.tmi.twitch.tv PRIVMSG #willneff :@willneff Did you see they announced a second season of "Tokyo Vice" yesterday?\r\n'
2022-06-08 19:33:53,635 — b':cfstang!cfstang@cfstang.tmi.twitch.tv PRIVMSG #willneff :@willneff Did you see they announced a second season of "Tokyo Vice" yesterday?\r\n'
2022-06-08 19:33:54,887 — b':jestermagnum!jestermagnum@jestermagnum.tmi.twitch.tv PRIVMSG #willneff :RURONI KENSHIN SHIT\r\n'
2022-06-08 19:33:54,887 — b':jestermagnum!jestermagnum@jestermagnum.tmi.twitch.tv PRIVMSG #willneff :RURONI KENSHIN SHIT\r\n'
2022-06-08 19:33:54,976 — b':gavaleus!gavaleus@gavaleus.tmi.twitch.tv PRIVMSG #willneff :EZ VERY ANIME\r\n'
2022-06-08 19:33:54,976 — b':gavaleus!gavaleus@gavaleus.tmi.twitch.tv PRIVMSG #willneff :EZ VERY ANIME\r\n'
2022-06-08 19:33:55,064 — b':puroto8!puroto8@puroto8.tmi.twitch.tv PRIVMSG #willneff ::P\r\n'
2022-06-08 19:33:55,064 — b':puroto8!puroto8@puroto8.tmi.twitch.tv PRIVMSG #willneff ::P\r\n'
2022-06-08 19:33:55,253 — b':hendoe_!hendoe_@hendoe_.tmi.twitch.tv PRIVMSG #willneff :Saturation at 20%\r\n'
2022-06-08 19:33:55,253 — b':hendoe_!hendoe_@hendoe_.tmi.twitch.tv PRIVMSG #willneff :Saturation at 20%\r\n'
2022-06-08 19:33:55,428 — b':eyetung3!eyetung3@eyetung3.tmi.twitch.tv PRIVMSG #willneff :AYAYA\r\n'
2022-06-08 19:33:55,428 — b':eyetung3!eyetung3@eyetung3.tmi.twitch.tv PRIVMSG #willneff :AYAYA\r\n'
2022-06-08 19:33:56,093 — b':grandmaster_pea!grandmaster_pea@grandmaster_pea.tmi.twitch.tv PRIVMSG #willneff :PogU Anime Zatoichi\r\n'
2022-06-08 19:33:56,093 — b':grandmaster_pea!grandmaster_pea@grandmaster_pea.tmi.twitch.tv PRIVMSG #willneff :PogU Anime Zatoichi\r\n'
2022-06-08 19:33:56,537 — b':gbuser_!gbuser_@gbuser_.tmi.twitch.tv PRIVMSG #willneff :THE TONGUE\r\n'
2022-06-08 19:33:56,537 — b':gbuser_!gbuser_@gbuser_.tmi.twitch.tv PRIVMSG #willneff :THE TONGUE\r\n'
2022-06-08 19:33:56,886 — b':novantium!novantium@novantium.tmi.twitch.tv PRIVMSG #willneff :SPECIAL FORCE NINJA\r\n'
2022-06-08 19:33:56,886 — b':novantium!novantium@novantium.tmi.twitch.tv PRIVMSG #willneff :SPECIAL FORCE NINJA\r\n'
2022-06-08 19:33:57,318 — b':jarrodbaniqued!jarrodbaniqued@jarrodbaniqued.tmi.twitch.tv PRIVMSG #willneff :Obsidian 2.0 PogU\r\n'
2022-06-08 19:33:57,318 — b':jarrodbaniqued!jarrodbaniqued@jarrodbaniqued.tmi.twitch.tv PRIVMSG #willneff :Obsidian 2.0 PogU\r\n'
2022-06-08 19:33:58,820 — b':spartanjack_!spartanjack_@spartanjack_.tmi.twitch.tv PRIVMSG #willneff :kivaNinja kivaNinja\r\n'
2022-06-08 19:33:58,820 — b':spartanjack_!spartanjack_@spartanjack_.tmi.twitch.tv PRIVMSG #willneff :kivaNinja kivaNinja\r\n'
2022-06-08 19:33:59,098 — b':pepeeltoro805!pepeeltoro805@pepeeltoro805.tmi.twitch.tv PRIVMSG #willneff :@willneff Have you tried playing Trek to Yomi yet?\r\n'
2022-06-08 19:33:59,098 — b':pepeeltoro805!pepeeltoro805@pepeeltoro805.tmi.twitch.tv PRIVMSG #willneff :@willneff Have you tried playing Trek to Yomi yet?\r\n'
2022-06-08 19:33:59,906 — b':triggeredvr!triggeredvr@triggeredvr.tmi.twitch.tv PRIVMSG #willneff :poison needle WICKED\r\n'
2022-06-08 19:33:59,906 — b':triggeredvr!triggeredvr@triggeredvr.tmi.twitch.tv PRIVMSG #willneff :poison needle WICKED\r\n'
2022-06-08 19:34:00,873 — b':skill_cylinder!skill_cylinder@skill_cylinder.tmi.twitch.tv PRIVMSG #willneff :master blaster KEKW\r\n'
2022-06-08 19:34:00,873 — b':skill_cylinder!skill_cylinder@skill_cylinder.tmi.twitch.tv PRIVMSG #willneff :master blaster KEKW\r\n'
2022-06-08 19:34:01,554 — b':offatnight!offatnight@offatnight.tmi.twitch.tv PRIVMSG #willneff :kid mask monkaW\r\n'
2022-06-08 19:34:01,554 — b':offatnight!offatnight@offatnight.tmi.twitch.tv PRIVMSG #willneff :kid mask monkaW\r\n'
2022-06-08 19:34:02,395 — b':brimkade!brimkade@brimkade.tmi.twitch.tv PRIVMSG #willneff :holy\r\n'
2022-06-08 19:34:02,395 — b':brimkade!brimkade@brimkade.tmi.twitch.tv PRIVMSG #willneff :holy\r\n'
2022-06-08 19:34:03,158 — b':donbeatees!donbeatees@donbeatees.tmi.twitch.tv PRIVMSG #willneff :THUNDERDOME\r\n'
2022-06-08 19:34:03,158 — b':donbeatees!donbeatees@donbeatees.tmi.twitch.tv PRIVMSG #willneff :THUNDERDOME\r\n'
2022-06-08 19:34:04,039 — b':itsokaee!itsokaee@itsokaee.tmi.twitch.tv PRIVMSG #willneff :?\r\n'
2022-06-08 19:34:04,039 — b':itsokaee!itsokaee@itsokaee.tmi.twitch.tv PRIVMSG #willneff :?\r\n'
2022-06-08 19:34:04,180 — b':l0tuswarrior!l0tuswarrior@l0tuswarrior.tmi.twitch.tv PRIVMSG #willneff :monkaW\r\n'
2022-06-08 19:34:04,180 — b':l0tuswarrior!l0tuswarrior@l0tuswarrior.tmi.twitch.tv PRIVMSG #willneff :monkaW\r\n'
2022-06-08 19:34:04,276 — b':armorelli!armorelli@armorelli.tmi.twitch.tv PRIVMSG #willneff :Freak the Mighty?\r\n'
2022-06-08 19:34:04,276 — b':armorelli!armorelli@armorelli.tmi.twitch.tv PRIVMSG #willneff :Freak the Mighty?\r\n'
2022-06-08 19:34:04,604 — b':pogaroosrevenge!pogaroosrevenge@pogaroosrevenge.tmi.twitch.tv PRIVMSG #willneff :neffHog ?\r\n'
2022-06-08 19:34:04,604 — b':pogaroosrevenge!pogaroosrevenge@pogaroosrevenge.tmi.twitch.tv PRIVMSG #willneff :neffHog ?\r\n'
2022-06-08 19:34:04,692 — b':superdarkvoiid!superdarkvoiid@superdarkvoiid.tmi.twitch.tv PRIVMSG #willneff :KomodoHype\r\n'
2022-06-08 19:34:04,692 — b':superdarkvoiid!superdarkvoiid@superdarkvoiid.tmi.twitch.tv PRIVMSG #willneff :KomodoHype\r\n'
2022-06-08 19:34:05,220 — b':eskibro83!eskibro83@eskibro83.tmi.twitch.tv PRIVMSG #willneff :SUPA COCK\r\n'
2022-06-08 19:34:05,220 — b':eskibro83!eskibro83@eskibro83.tmi.twitch.tv PRIVMSG #willneff :SUPA COCK\r\n'
2022-06-08 19:34:05,574 — b':jenny_thehuman!jenny_thehuman@jenny_thehuman.tmi.twitch.tv PRIVMSG #willneff :Creepy af\r\n'
2022-06-08 19:34:05,574 — b':jenny_thehuman!jenny_thehuman@jenny_thehuman.tmi.twitch.tv PRIVMSG #willneff :Creepy af\r\n'
2022-06-08 19:34:08,514 — b':dirty_neutral!dirty_neutral@dirty_neutral.tmi.twitch.tv PRIVMSG #willneff :Master blaster\r\n'
2022-06-08 19:34:08,514 — b':dirty_neutral!dirty_neutral@dirty_neutral.tmi.twitch.tv PRIVMSG #willneff :Master blaster\r\n'
2022-06-08 19:34:08,601 — b':partydudemikey!partydudemikey@partydudemikey.tmi.twitch.tv PRIVMSG #willneff :speaking of anime wtf\r\n:ebridgette!ebridgette@ebridgette.tmi.twitch.tv PRIVMSG #willneff :panik house did some great  stuff like the female yakuza sone or the 70s battle royale-esque lynch law classroom\r\n:hoedertin!hoedertin@hoedertin.tmi.twitch.tv PRIVMSG #willneff :real monkaW\r\n:onekekwclosertotheedge!onekekwclosertotheedge@onekekwclosertotheedge.tmi.twitch.tv PRIVMSG #willneff :COCKA\r\n:pewpewpewpewetc!pewpewpewpewetc@pewpewpewpewetc.tmi.twitch.tv PRIVMSG #willneff ::)\r\n'
2022-06-08 19:34:08,601 — b':partydudemikey!partydudemikey@partydudemikey.tmi.twitch.tv PRIVMSG #willneff :speaking of anime wtf\r\n:ebridgette!ebridgette@ebridgette.tmi.twitch.tv PRIVMSG #willneff :panik house did some great  stuff like the female yakuza sone or the 70s battle royale-esque lynch law classroom\r\n:hoedertin!hoedertin@hoedertin.tmi.twitch.tv PRIVMSG #willneff :real monkaW\r\n:onekekwclosertotheedge!onekekwclosertotheedge@onekekwclosertotheedge.tmi.twitch.tv PRIVMSG #willneff :COCKA\r\n:pewpewpewpewetc!pewpewpewpewetc@pewpewpewpewetc.tmi.twitch.tv PRIVMSG #willneff ::)\r\n'
2022-06-08 19:34:08,744 — b':lionel_the_unicorn!lionel_the_unicorn@lionel_the_unicorn.tmi.twitch.tv PRIVMSG #willneff :wait he have a canon dick KEKW\r\n:generalcatburd!generalcatburd@generalcatburd.tmi.twitch.tv PRIVMSG #willneff :does that dude have a cannon?\r\n:eyetung3!eyetung3@eyetung3.tmi.twitch.tv PRIVMSG #willneff :i love this already\r\n:goodlordinspace!goodlordinspace@goodlordinspace.tmi.twitch.tv PRIVMSG #willneff :edo period is SOOO anime LUL\r\n:emilio_belial!emilio_belial@emilio_belial.tmi.twitch.tv PRIVMSG #willneff :now these are enemies\r\n:shooook!shooook@shooook.tmi.twitch.tv PRIVMSG #willneff :monkaW This is sekiro\r\n'
2022-06-08 19:34:08,744 — b':lionel_the_unicorn!lionel_the_unicorn@lionel_the_unicorn.tmi.twitch.tv PRIVMSG #willneff :wait he have a canon dick KEKW\r\n:generalcatburd!generalcatburd@generalcatburd.tmi.twitch.tv PRIVMSG #willneff :does that dude have a cannon?\r\n:eyetung3!eyetung3@eyetung3.tmi.twitch.tv PRIVMSG #willneff :i love this already\r\n:goodlordinspace!goodlordinspace@goodlordinspace.tmi.twitch.tv PRIVMSG #willneff :edo period is SOOO anime LUL\r\n:emilio_belial!emilio_belial@emilio_belial.tmi.twitch.tv PRIVMSG #willneff :now these are enemies\r\n:shooook!shooook@shooook.tmi.twitch.tv PRIVMSG #willneff :monkaW This is sekiro\r\n'
2022-06-08 19:34:08,960 — b':steamybroods!steamybroods@steamybroods.tmi.twitch.tv PRIVMSG #willneff :what is this movie??\r\n'
2022-06-08 19:34:08,960 — b':steamybroods!steamybroods@steamybroods.tmi.twitch.tv PRIVMSG #willneff :what is this movie??\r\n'
2022-06-08 19:34:09,233 — b':kiweewee!kiweewee@kiweewee.tmi.twitch.tv PRIVMSG #willneff :supa cock\r\n'
2022-06-08 19:34:09,233 — b':kiweewee!kiweewee@kiweewee.tmi.twitch.tv PRIVMSG #willneff :supa cock\r\n'
2022-06-08 19:34:09,351 — b':sneakybenii!sneakybenii@sneakybenii.tmi.twitch.tv PRIVMSG #willneff :this is cool af\r\n'
2022-06-08 19:34:09,351 — b':sneakybenii!sneakybenii@sneakybenii.tmi.twitch.tv PRIVMSG #willneff :this is cool af\r\n'
2022-06-08 19:34:09,527 — b':airbomb24!airbomb24@airbomb24.tmi.twitch.tv PRIVMSG #willneff :NINJA BINOCULAR\r\n'
2022-06-08 19:34:09,527 — b':airbomb24!airbomb24@airbomb24.tmi.twitch.tv PRIVMSG #willneff :NINJA BINOCULAR\r\n'
2022-06-08 19:34:09,603 — b':skool_!skool_@skool_.tmi.twitch.tv PRIVMSG #willneff :these costumes are sick\r\n'
2022-06-08 19:34:09,603 — b':skool_!skool_@skool_.tmi.twitch.tv PRIVMSG #willneff :these costumes are sick\r\n'
2022-06-08 19:34:10,008 — b':candicegrant!candicegrant@candicegrant.tmi.twitch.tv PRIVMSG #willneff :this looks dope as fuck what the hell\r\n'
2022-06-08 19:34:10,008 — b':candicegrant!candicegrant@candicegrant.tmi.twitch.tv PRIVMSG #willneff :this looks dope as fuck what the hell\r\n'
2022-06-08 19:34:10,113 — b':totallyyumbo!totallyyumbo@totallyyumbo.tmi.twitch.tv PRIVMSG #willneff :this is pretty damn good\r\n'
2022-06-08 19:34:10,113 — b':totallyyumbo!totallyyumbo@totallyyumbo.tmi.twitch.tv PRIVMSG #willneff :this is pretty damn good\r\n'
2022-06-08 19:34:10,367 — b':antinov4!antinov4@antinov4.tmi.twitch.tv PRIVMSG #willneff :lol\r\n'
2022-06-08 19:34:10,367 — b':antinov4!antinov4@antinov4.tmi.twitch.tv PRIVMSG #willneff :lol\r\n'
2022-06-08 19:34:10,452 — b':austrom!austrom@austrom.tmi.twitch.tv PRIVMSG #willneff :KEKW\r\n'
2022-06-08 19:34:10,452 — b':austrom!austrom@austrom.tmi.twitch.tv PRIVMSG #willneff :KEKW\r\n'
2022-06-08 19:34:11,399 — b':skalitely!skalitely@skalitely.tmi.twitch.tv PRIVMSG #willneff :CANON COCKA\r\n'
2022-06-08 19:34:11,399 — b':skalitely!skalitely@skalitely.tmi.twitch.tv PRIVMSG #willneff :CANON COCKA\r\n'
2022-06-08 19:34:11,750 — b':johngabbi!johngabbi@johngabbi.tmi.twitch.tv PRIVMSG #willneff :anime\r\n'
2022-06-08 19:34:11,750 — b':johngabbi!johngabbi@johngabbi.tmi.twitch.tv PRIVMSG #willneff :anime\r\n'
2022-06-08 19:34:12,140 — b':unoriginallychris!unoriginallychris@unoriginallychris.tmi.twitch.tv PRIVMSG #willneff :What movie is this?\r\n'
2022-06-08 19:34:12,140 — b':unoriginallychris!unoriginallychris@unoriginallychris.tmi.twitch.tv PRIVMSG #willneff :What movie is this?\r\n'
2022-06-08 19:34:12,555 — b':lemonbeds!lemonbeds@lemonbeds.tmi.twitch.tv PRIVMSG #willneff :pig shit?\r\n'
2022-06-08 19:34:12,555 — b':lemonbeds!lemonbeds@lemonbeds.tmi.twitch.tv PRIVMSG #willneff :pig shit?\r\n'
2022-06-08 19:34:12,914 — b':expiredhotsauce!expiredhotsauce@expiredhotsauce.tmi.twitch.tv PRIVMSG #willneff :tf is this robo cock\r\n'
2022-06-08 19:34:12,914 — b':expiredhotsauce!expiredhotsauce@expiredhotsauce.tmi.twitch.tv PRIVMSG #willneff :tf is this robo cock\r\n'
2022-06-08 19:34:12,995 — b':bilthrowfragins!bilthrowfragins@bilthrowfragins.tmi.twitch.tv PRIVMSG #willneff :PogU\r\n'
2022-06-08 19:34:12,995 — b':bilthrowfragins!bilthrowfragins@bilthrowfragins.tmi.twitch.tv PRIVMSG #willneff :PogU\r\n'
2022-06-08 19:34:13,087 — b':cuttyriver420!cuttyriver420@cuttyriver420.tmi.twitch.tv PRIVMSG #willneff :snbMonkaS cyrAYAYA\r\n'
2022-06-08 19:34:13,087 — b':cuttyriver420!cuttyriver420@cuttyriver420.tmi.twitch.tv PRIVMSG #willneff :snbMonkaS cyrAYAYA\r\n'
2022-06-08 19:34:13,171 — b':extra_catsup!extra_catsup@extra_catsup.tmi.twitch.tv PRIVMSG #willneff :this is fucking cool\r\n'
2022-06-08 19:34:13,171 — b':extra_catsup!extra_catsup@extra_catsup.tmi.twitch.tv PRIVMSG #willneff :this is fucking cool\r\n'
2022-06-08 19:34:13,758 — b':pogaroosrevenge!pogaroosrevenge@pogaroosrevenge.tmi.twitch.tv PRIVMSG #willneff :is that a hog cannon?\r\n'
2022-06-08 19:34:13,758 — b':pogaroosrevenge!pogaroosrevenge@pogaroosrevenge.tmi.twitch.tv PRIVMSG #willneff :is that a hog cannon?\r\n'
2022-06-08 19:34:15,253 — b':itsokaee!itsokaee@itsokaee.tmi.twitch.tv PRIVMSG #willneff :DOTA\r\n'
2022-06-08 19:34:15,253 — b':itsokaee!itsokaee@itsokaee.tmi.twitch.tv PRIVMSG #willneff :DOTA\r\n'
2022-06-08 19:34:15,346 — b':darkscream181!darkscream181@darkscream181.tmi.twitch.tv PRIVMSG #willneff :Thunderdome\r\n:send_noodlz!send_noodlz@send_noodlz.tmi.twitch.tv PRIVMSG #willneff :master blaster PogU\r\n:jaundice_tungsten!jaundice_tungsten@jaundice_tungsten.tmi.twitch.tv PRIVMSG #willneff :this is fuckin sick\r\n'
2022-06-08 19:34:15,346 — b':darkscream181!darkscream181@darkscream181.tmi.twitch.tv PRIVMSG #willneff :Thunderdome\r\n:send_noodlz!send_noodlz@send_noodlz.tmi.twitch.tv PRIVMSG #willneff :master blaster PogU\r\n:jaundice_tungsten!jaundice_tungsten@jaundice_tungsten.tmi.twitch.tv PRIVMSG #willneff :this is fuckin sick\r\n'
2022-06-08 19:34:15,438 — b':grimwar1989!grimwar1989@grimwar1989.tmi.twitch.tv PRIVMSG #willneff :MASTER BLASTER YEP\r\n'
2022-06-08 19:34:15,438 — b':grimwar1989!grimwar1989@grimwar1989.tmi.twitch.tv PRIVMSG #willneff :MASTER BLASTER YEP\r\n'
2022-06-08 19:34:15,534 — b':swartzt!swartzt@swartzt.tmi.twitch.tv PRIVMSG #willneff :OMEGALUL\r\n:worldnotending!worldnotending@worldnotending.tmi.twitch.tv PRIVMSG #willneff :monkaW        SEKIRO ENEMIES\r\n'
2022-06-08 19:34:15,534 — b':swartzt!swartzt@swartzt.tmi.twitch.tv PRIVMSG #willneff :OMEGALUL\r\n:worldnotending!worldnotending@worldnotending.tmi.twitch.tv PRIVMSG #willneff :monkaW        SEKIRO ENEMIES\r\n'
2022-06-08 19:34:15,812 — b':datpabla!datpabla@datpabla.tmi.twitch.tv PRIVMSG #willneff :@sonofbabypluto thats so cool to know Pog\r\n'
2022-06-08 19:34:15,812 — b':datpabla!datpabla@datpabla.tmi.twitch.tv PRIVMSG #willneff :@sonofbabypluto thats so cool to know Pog\r\n'
2022-06-08 19:34:15,992 — b':nuurns!nuurns@nuurns.tmi.twitch.tv PRIVMSG #willneff :yup\r\n'
2022-06-08 19:34:15,992 — b':nuurns!nuurns@nuurns.tmi.twitch.tv PRIVMSG #willneff :yup\r\n'
2022-06-08 19:34:16,310 — b':krakenknuckles!krakenknuckles@krakenknuckles.tmi.twitch.tv PRIVMSG #willneff :Mad Max vibes\r\n'
2022-06-08 19:34:16,310 — b':krakenknuckles!krakenknuckles@krakenknuckles.tmi.twitch.tv PRIVMSG #willneff :Mad Max vibes\r\n'
2022-06-08 19:34:16,356 — b':cmali8!cmali8@cmali8.tmi.twitch.tv PRIVMSG #willneff :@willneff what movie is this\r\n'
2022-06-08 19:34:16,356 — b':cmali8!cmali8@cmali8.tmi.twitch.tv PRIVMSG #willneff :@willneff what movie is this\r\n'
2022-06-08 19:34:16,603 — b':soggyburrito!soggyburrito@soggyburrito.tmi.twitch.tv PRIVMSG #willneff :lmao\r\n'
2022-06-08 19:34:16,603 — b':soggyburrito!soggyburrito@soggyburrito.tmi.twitch.tv PRIVMSG #willneff :lmao\r\n'
2022-06-08 19:34:16,798 — b':skill_cylinder!skill_cylinder@skill_cylinder.tmi.twitch.tv PRIVMSG #willneff :runt man LETSGO\r\n'
2022-06-08 19:34:16,798 — b':skill_cylinder!skill_cylinder@skill_cylinder.tmi.twitch.tv PRIVMSG #willneff :runt man LETSGO\r\n'
2022-06-08 19:34:16,926 — b':oddmode!oddmode@oddmode.tmi.twitch.tv PRIVMSG #willneff :PogU\r\n'
2022-06-08 19:34:16,926 — b':oddmode!oddmode@oddmode.tmi.twitch.tv PRIVMSG #willneff :PogU\r\n'
2022-06-08 19:34:17,778 — b':hunksolo!hunksolo@hunksolo.tmi.twitch.tv PRIVMSG #willneff :THE ATAKAUSTKI\r\n'
2022-06-08 19:34:17,778 — b':hunksolo!hunksolo@hunksolo.tmi.twitch.tv PRIVMSG #willneff :THE ATAKAUSTKI\r\n'
2022-06-08 19:34:18,060 — b':halafae!halafae@halafae.tmi.twitch.tv PRIVMSG #willneff :LETS GO RUNT MAN\r\n'
2022-06-08 19:34:18,060 — b':halafae!halafae@halafae.tmi.twitch.tv PRIVMSG #willneff :LETS GO RUNT MAN\r\n'
2022-06-08 19:34:18,863 — b':rhimeth!rhimeth@rhimeth.tmi.twitch.tv PRIVMSG #willneff :Stab\r\n'
2022-06-08 19:34:18,863 — b':rhimeth!rhimeth@rhimeth.tmi.twitch.tv PRIVMSG #willneff :Stab\r\n'
2022-06-08 19:34:20,951 — b':jamfalcon_zzz!jamfalcon_zzz@jamfalcon_zzz.tmi.twitch.tv PRIVMSG #willneff :DUDES GOT A COCK CANNON\r\n'
2022-06-08 19:34:20,951 — b':jamfalcon_zzz!jamfalcon_zzz@jamfalcon_zzz.tmi.twitch.tv PRIVMSG #willneff :DUDES GOT A COCK CANNON\r\n'
2022-06-08 19:34:21,183 — b":pogaroosrevenge!pogaroosrevenge@pogaroosrevenge.tmi.twitch.tv PRIVMSG #willneff :neffHog hog cannon\r\n:ghostfaceninja_!ghostfaceninja_@ghostfaceninja_.tmi.twitch.tv PRIVMSG #willneff :THATS JUST MASTER BLASTER KEKW\r\n:jestermagnum!jestermagnum@jestermagnum.tmi.twitch.tv PRIVMSG #willneff :SEKIRO BOSS PagMan\r\n:spaceboltt!spaceboltt@spaceboltt.tmi.twitch.tv PRIVMSG #willneff :just got here's what's this called?\r\n:zrtsgertzog!zrtsgertzog@zrtsgertzog.tmi.twitch.tv PRIVMSG #willneff :this is WICKED\r\n:opcgwawa2!opcgwawa2@opcgwawa2.tmi.twitch.tv PRIVMSG #willneff :what is this wonderful movie\r\n:davegir!davegir@davegir.tmi.twitch.tv PRIVMSG #willneff :he has a gattling cannon dick?\r\n:cmali8!cmali8@cmali8.tmi.twitch.tv PRIVMSG #willneff :!film\r\n"
2022-06-08 19:34:21,183 — b":pogaroosrevenge!pogaroosrevenge@pogaroosrevenge.tmi.twitch.tv PRIVMSG #willneff :neffHog hog cannon\r\n:ghostfaceninja_!ghostfaceninja_@ghostfaceninja_.tmi.twitch.tv PRIVMSG #willneff :THATS JUST MASTER BLASTER KEKW\r\n:jestermagnum!jestermagnum@jestermagnum.tmi.twitch.tv PRIVMSG #willneff :SEKIRO BOSS PagMan\r\n:spaceboltt!spaceboltt@spaceboltt.tmi.twitch.tv PRIVMSG #willneff :just got here's what's this called?\r\n:zrtsgertzog!zrtsgertzog@zrtsgertzog.tmi.twitch.tv PRIVMSG #willneff :this is WICKED\r\n:opcgwawa2!opcgwawa2@opcgwawa2.tmi.twitch.tv PRIVMSG #willneff :what is this wonderful movie\r\n:davegir!davegir@davegir.tmi.twitch.tv PRIVMSG #willneff :he has a gattling cannon dick?\r\n:cmali8!cmali8@cmali8.tmi.twitch.tv PRIVMSG #willneff :!film\r\n"
2022-06-08 19:34:21,779 — b':cuttyriver420!cuttyriver420@cuttyriver420.tmi.twitch.tv PRIVMSG #willneff :cyrAYAYA cyrAYAYA cyrAYAYA\r\n'
2022-06-08 19:34:21,779 — b':cuttyriver420!cuttyriver420@cuttyriver420.tmi.twitch.tv PRIVMSG #willneff :cyrAYAYA cyrAYAYA cyrAYAYA\r\n'
2022-06-08 19:34:22,501 — b':cryptohash93!cryptohash93@cryptohash93.tmi.twitch.tv PRIVMSG #willneff :HIS NIPS\r\n'
2022-06-08 19:34:22,501 — b':cryptohash93!cryptohash93@cryptohash93.tmi.twitch.tv PRIVMSG #willneff :HIS NIPS\r\n'
2022-06-08 19:34:22,662 — b':als454545!als454545@als454545.tmi.twitch.tv PRIVMSG #willneff :PogU\r\n'
2022-06-08 19:34:22,662 — b':als454545!als454545@als454545.tmi.twitch.tv PRIVMSG #willneff :PogU\r\n'
2022-06-08 19:34:23,289 — b':ldwoodworth!ldwoodworth@ldwoodworth.tmi.twitch.tv PRIVMSG #willneff :This is Ninja Scroll\r\n'
2022-06-08 19:34:23,289 — b':ldwoodworth!ldwoodworth@ldwoodworth.tmi.twitch.tv PRIVMSG #willneff :This is Ninja Scroll\r\n'
2022-06-08 19:34:23,674 — b':alypooo!alypooo@alypooo.tmi.twitch.tv PRIVMSG #willneff :Yoooooo WHAT THE HECK\r\n'
2022-06-08 19:34:23,674 — b':alypooo!alypooo@alypooo.tmi.twitch.tv PRIVMSG #willneff :Yoooooo WHAT THE HECK\r\n'
2022-06-08 19:34:23,761 — b':endorphin_orphan!endorphin_orphan@endorphin_orphan.tmi.twitch.tv PRIVMSG #willneff :Pog GUN DICK\r\n'
2022-06-08 19:34:23,761 — b':endorphin_orphan!endorphin_orphan@endorphin_orphan.tmi.twitch.tv PRIVMSG #willneff :Pog GUN DICK\r\n'
2022-06-08 19:34:24,180 — b':puroto8!puroto8@puroto8.tmi.twitch.tv PRIVMSG #willneff :monkaStare SmokeTime\r\n'
2022-06-08 19:34:24,180 — b':puroto8!puroto8@puroto8.tmi.twitch.tv PRIVMSG #willneff :monkaStare SmokeTime\r\n'
2022-06-08 19:34:24,266 — b':skill_cylinder!skill_cylinder@skill_cylinder.tmi.twitch.tv PRIVMSG #willneff :Pog\r\n'
2022-06-08 19:34:24,266 — b':skill_cylinder!skill_cylinder@skill_cylinder.tmi.twitch.tv PRIVMSG #willneff :Pog\r\n'
2022-06-08 19:34:25,467 — b':shooook!shooook@shooook.tmi.twitch.tv PRIVMSG #willneff :monkaW SEKRIO IRL monkaW SEKRIO IRL monkaW SEKRIO IRL monkaW SEKRIO IRL monkaW SEKRIO IRL monkaW SEKRIO IRL monkaW SEKRIO IRL\r\n'
2022-06-08 19:34:25,467 — b':shooook!shooook@shooook.tmi.twitch.tv PRIVMSG #willneff :monkaW SEKRIO IRL monkaW SEKRIO IRL monkaW SEKRIO IRL monkaW SEKRIO IRL monkaW SEKRIO IRL monkaW SEKRIO IRL monkaW SEKRIO IRL\r\n'
2022-06-08 19:34:25,570 — b':l0tuswarrior!l0tuswarrior@l0tuswarrior.tmi.twitch.tv PRIVMSG #willneff :Pog\r\n'
2022-06-08 19:34:25,570 — b':l0tuswarrior!l0tuswarrior@l0tuswarrior.tmi.twitch.tv PRIVMSG #willneff :Pog\r\n'
2022-06-08 19:34:25,677 — b":dank_soss!dank_soss@dank_soss.tmi.twitch.tv PRIVMSG #willneff :I'm into this\r\n"
2022-06-08 19:34:25,677 — b":dank_soss!dank_soss@dank_soss.tmi.twitch.tv PRIVMSG #willneff :I'm into this\r\n"
2022-06-08 19:34:26,277 — b':valorill!valorill@valorill.tmi.twitch.tv PRIVMSG #willneff :gatling gun dick held up by nipple piercings\r\n'
2022-06-08 19:34:26,277 — b':valorill!valorill@valorill.tmi.twitch.tv PRIVMSG #willneff :gatling gun dick held up by nipple piercings\r\n'
2022-06-08 19:34:26,702 — b':jamesquall!jamesquall@jamesquall.tmi.twitch.tv PRIVMSG #willneff :thats dope\r\n'
2022-06-08 19:34:26,702 — b':jamesquall!jamesquall@jamesquall.tmi.twitch.tv PRIVMSG #willneff :thats dope\r\n'
2022-06-08 19:34:26,792 — b':peasantsteven!peasantsteven@peasantsteven.tmi.twitch.tv PRIVMSG #willneff :monkaW\r\n'
2022-06-08 19:34:26,792 — b':peasantsteven!peasantsteven@peasantsteven.tmi.twitch.tv PRIVMSG #willneff :monkaW\r\n'
2022-06-08 19:34:27,399 — b':boricua4_life!boricua4_life@boricua4_life.tmi.twitch.tv PRIVMSG #willneff :PogU\r\n'
2022-06-08 19:34:27,399 — b':boricua4_life!boricua4_life@boricua4_life.tmi.twitch.tv PRIVMSG #willneff :PogU\r\n'
2022-06-08 19:34:27,892 — b':hyperanthes!hyperanthes@hyperanthes.tmi.twitch.tv PRIVMSG #willneff :monkaS\r\n'
2022-06-08 19:34:27,892 — b':hyperanthes!hyperanthes@hyperanthes.tmi.twitch.tv PRIVMSG #willneff :monkaS\r\n'
2022-06-08 19:34:29,126 — b':b3b3r0!b3b3r0@b3b3r0.tmi.twitch.tv PRIVMSG #willneff :dats a huge metal condom wat @willneff\r\n'
2022-06-08 19:34:29,126 — b':b3b3r0!b3b3r0@b3b3r0.tmi.twitch.tv PRIVMSG #willneff :dats a huge metal condom wat @willneff\r\n'
2022-06-08 19:34:29,357 — b':brimkade!brimkade@brimkade.tmi.twitch.tv PRIVMSG #willneff :LMAO\r\n:lionel_the_unicorn!lionel_the_unicorn@lionel_the_unicorn.tmi.twitch.tv PRIVMSG #willneff :KEKW\r\n'
2022-06-08 19:34:29,357 — b':brimkade!brimkade@brimkade.tmi.twitch.tv PRIVMSG #willneff :LMAO\r\n:lionel_the_unicorn!lionel_the_unicorn@lionel_the_unicorn.tmi.twitch.tv PRIVMSG #willneff :KEKW\r\n'
2022-06-08 19:34:29,646 — b':joshgrenon!joshgrenon@joshgrenon.tmi.twitch.tv PRIVMSG #willneff :KEKW\r\n'
2022-06-08 19:34:29,646 — b':joshgrenon!joshgrenon@joshgrenon.tmi.twitch.tv PRIVMSG #willneff :KEKW\r\n'
2022-06-08 19:34:29,737 — b':rathxii!rathxii@rathxii.tmi.twitch.tv PRIVMSG #willneff :KEKW\r\n'
2022-06-08 19:34:29,737 — b':rathxii!rathxii@rathxii.tmi.twitch.tv PRIVMSG #willneff :KEKW\r\n'
2022-06-08 19:34:29,827 — b':unoriginallychris!unoriginallychris@unoriginallychris.tmi.twitch.tv PRIVMSG #willneff :OMEGALUL\r\n:austrom!austrom@austrom.tmi.twitch.tv PRIVMSG #willneff :KEKW \xf3\xa0\x80\x80\r\n'
2022-06-08 19:34:29,827 — b':unoriginallychris!unoriginallychris@unoriginallychris.tmi.twitch.tv PRIVMSG #willneff :OMEGALUL\r\n:austrom!austrom@austrom.tmi.twitch.tv PRIVMSG #willneff :KEKW \xf3\xa0\x80\x80\r\n'
2022-06-08 19:34:29,902 — b':eyetung3!eyetung3@eyetung3.tmi.twitch.tv PRIVMSG #willneff :KEKL\r\n:risenish!risenish@risenish.tmi.twitch.tv PRIVMSG #willneff :KEKL\r\n'
2022-06-08 19:34:29,902 — b':eyetung3!eyetung3@eyetung3.tmi.twitch.tv PRIVMSG #willneff :KEKL\r\n:risenish!risenish@risenish.tmi.twitch.tv PRIVMSG #willneff :KEKL\r\n'
2022-06-08 19:34:30,224 — b':skill_cylinder!skill_cylinder@skill_cylinder.tmi.twitch.tv PRIVMSG #willneff :vega KEKW\r\n'
2022-06-08 19:34:30,224 — b':skill_cylinder!skill_cylinder@skill_cylinder.tmi.twitch.tv PRIVMSG #willneff :vega KEKW\r\n'
2022-06-08 19:34:30,455 — b':valorill!valorill@valorill.tmi.twitch.tv PRIVMSG #willneff :KEKW\r\n'
2022-06-08 19:34:30,455 — b':valorill!valorill@valorill.tmi.twitch.tv PRIVMSG #willneff :KEKW\r\n'
2022-06-08 19:34:30,786 — b':maestro_panda!maestro_panda@maestro_panda.tmi.twitch.tv PRIVMSG #willneff :KEKL\r\n'
2022-06-08 19:34:30,786 — b':maestro_panda!maestro_panda@maestro_panda.tmi.twitch.tv PRIVMSG #willneff :KEKL\r\n'
2022-06-08 19:34:30,866 — b':skalitely!skalitely@skalitely.tmi.twitch.tv PRIVMSG #willneff :WICKED\r\n'
2022-06-08 19:34:30,866 — b':skalitely!skalitely@skalitely.tmi.twitch.tv PRIVMSG #willneff :WICKED\r\n'
2022-06-08 19:34:30,952 — b':gavaleus!gavaleus@gavaleus.tmi.twitch.tv PRIVMSG #willneff :PogU THIS IS LITERALLY ANIME\r\n'
2022-06-08 19:34:30,952 — b':gavaleus!gavaleus@gavaleus.tmi.twitch.tv PRIVMSG #willneff :PogU THIS IS LITERALLY ANIME\r\n'
2022-06-08 19:34:31,035 — b':peasantsteven!peasantsteven@peasantsteven.tmi.twitch.tv PRIVMSG #willneff :LEKW lmao\r\n'
2022-06-08 19:34:31,035 — b':peasantsteven!peasantsteven@peasantsteven.tmi.twitch.tv PRIVMSG #willneff :LEKW lmao\r\n'
2022-06-08 19:34:31,184 — b':lemonbeds!lemonbeds@lemonbeds.tmi.twitch.tv PRIVMSG #willneff :lol\r\n'
2022-06-08 19:34:31,184 — b':lemonbeds!lemonbeds@lemonbeds.tmi.twitch.tv PRIVMSG #willneff :lol\r\n'
2022-06-08 19:34:31,337 — b':oujakoko!oujakoko@oujakoko.tmi.twitch.tv PRIVMSG #willneff :KEKL\r\n:sonofbabypluto!sonofbabypluto@sonofbabypluto.tmi.twitch.tv PRIVMSG #willneff :KEKL\r\n'
2022-06-08 19:34:31,337 — b':oujakoko!oujakoko@oujakoko.tmi.twitch.tv PRIVMSG #willneff :KEKL\r\n:sonofbabypluto!sonofbabypluto@sonofbabypluto.tmi.twitch.tv PRIVMSG #willneff :KEKL\r\n'
2022-06-08 19:34:31,490 — b':boricua4_life!boricua4_life@boricua4_life.tmi.twitch.tv PRIVMSG #willneff :KEKL\r\n:oddmode!oddmode@oddmode.tmi.twitch.tv PRIVMSG #willneff :KEKW\r\n'
2022-06-08 19:34:31,490 — b':boricua4_life!boricua4_life@boricua4_life.tmi.twitch.tv PRIVMSG #willneff :KEKL\r\n:oddmode!oddmode@oddmode.tmi.twitch.tv PRIVMSG #willneff :KEKW\r\n'
2022-06-08 19:34:31,814 — b':pogaroosrevenge!pogaroosrevenge@pogaroosrevenge.tmi.twitch.tv PRIVMSG #willneff :KEKL\r\n:quih!quih@quih.tmi.twitch.tv PRIVMSG #willneff :KEKL\r\n'
2022-06-08 19:34:31,814 — b':pogaroosrevenge!pogaroosrevenge@pogaroosrevenge.tmi.twitch.tv PRIVMSG #willneff :KEKL\r\n:quih!quih@quih.tmi.twitch.tv PRIVMSG #willneff :KEKL\r\n'
2022-06-08 19:34:31,984 — b':dantosh!dantosh@dantosh.tmi.twitch.tv PRIVMSG #willneff :KEKW\r\n'
2022-06-08 19:34:31,984 — b':dantosh!dantosh@dantosh.tmi.twitch.tv PRIVMSG #willneff :KEKW\r\n'
2022-06-08 19:34:31,987 — b':katacroket!katacroket@katacroket.tmi.twitch.tv PRIVMSG #willneff :KEKL\r\n'
2022-06-08 19:34:31,987 — b':katacroket!katacroket@katacroket.tmi.twitch.tv PRIVMSG #willneff :KEKL\r\n'
2022-06-08 19:34:32,253 — b':easy_modez!easy_modez@easy_modez.tmi.twitch.tv PRIVMSG #willneff :KEKL\r\n'
2022-06-08 19:34:32,253 — b':easy_modez!easy_modez@easy_modez.tmi.twitch.tv PRIVMSG #willneff :KEKL\r\n'
2022-06-08 19:34:32,870 — b':stormshadow718!stormshadow718@stormshadow718.tmi.twitch.tv PRIVMSG #willneff :Leather Daddy\r\n'
2022-06-08 19:34:32,870 — b':stormshadow718!stormshadow718@stormshadow718.tmi.twitch.tv PRIVMSG #willneff :Leather Daddy\r\n'
2022-06-08 19:34:33,216 — b':iamarobot010101!iamarobot010101@iamarobot010101.tmi.twitch.tv PRIVMSG #willneff :KEKW\r\n'
2022-06-08 19:34:33,216 — b':iamarobot010101!iamarobot010101@iamarobot010101.tmi.twitch.tv PRIVMSG #willneff :KEKW\r\n'
2022-06-08 19:34:33,461 — b':skill_cylinder!skill_cylinder@skill_cylinder.tmi.twitch.tv PRIVMSG #willneff :OMEGALUL\r\n'
2022-06-08 19:34:33,461 — b':skill_cylinder!skill_cylinder@skill_cylinder.tmi.twitch.tv PRIVMSG #willneff :OMEGALUL\r\n'
2022-06-08 19:34:33,548 — b':hidirty!hidirty@hidirty.tmi.twitch.tv PRIVMSG #willneff :TITAN\r\n'
2022-06-08 19:34:33,548 — b':hidirty!hidirty@hidirty.tmi.twitch.tv PRIVMSG #willneff :TITAN\r\n'
2022-06-08 19:34:33,839 — b':bilthrowfragins!bilthrowfragins@bilthrowfragins.tmi.twitch.tv PRIVMSG #willneff :LEKW\r\n'
2022-06-08 19:34:33,839 — b':bilthrowfragins!bilthrowfragins@bilthrowfragins.tmi.twitch.tv PRIVMSG #willneff :LEKW\r\n'
2022-06-08 19:34:33,922 — b':lonoincognito!lonoincognito@lonoincognito.tmi.twitch.tv PRIVMSG #willneff :KEKL\r\n:onekekwclosertotheedge!onekekwclosertotheedge@onekekwclosertotheedge.tmi.twitch.tv PRIVMSG #willneff :KEKL\r\n:grandmaster_pea!grandmaster_pea@grandmaster_pea.tmi.twitch.tv PRIVMSG #willneff :KEKW\r\n'
2022-06-08 19:34:33,922 — b':lonoincognito!lonoincognito@lonoincognito.tmi.twitch.tv PRIVMSG #willneff :KEKL\r\n:onekekwclosertotheedge!onekekwclosertotheedge@onekekwclosertotheedge.tmi.twitch.tv PRIVMSG #willneff :KEKL\r\n:grandmaster_pea!grandmaster_pea@grandmaster_pea.tmi.twitch.tv PRIVMSG #willneff :KEKW\r\n'
2022-06-08 19:34:34,086 — b':elevatedtac!elevatedtac@elevatedtac.tmi.twitch.tv PRIVMSG #willneff :KEKW\r\n'
2022-06-08 19:34:34,086 — b':elevatedtac!elevatedtac@elevatedtac.tmi.twitch.tv PRIVMSG #willneff :KEKW\r\n'
2022-06-08 19:34:34,175 — b':imrizz!imrizz@imrizz.tmi.twitch.tv PRIVMSG #willneff :hahaha\r\n:lgspear!lgspear@lgspear.tmi.twitch.tv PRIVMSG #willneff :would you have a Raptor or a T-Rex as a house pet?\r\n'
2022-06-08 19:34:34,175 — b':imrizz!imrizz@imrizz.tmi.twitch.tv PRIVMSG #willneff :hahaha\r\n:lgspear!lgspear@lgspear.tmi.twitch.tv PRIVMSG #willneff :would you have a Raptor or a T-Rex as a house pet?\r\n'
2022-06-08 19:34:34,336 — b':candicegrant!candicegrant@candicegrant.tmi.twitch.tv PRIVMSG #willneff :I mean he has weapon arms\r\n'
2022-06-08 19:34:34,336 — b':candicegrant!candicegrant@candicegrant.tmi.twitch.tv PRIVMSG #willneff :I mean he has weapon arms\r\n'
2022-06-08 19:34:34,539 — b':l0tuswarrior!l0tuswarrior@l0tuswarrior.tmi.twitch.tv PRIVMSG #willneff :LEKW\r\n'
2022-06-08 19:34:34,539 — b':l0tuswarrior!l0tuswarrior@l0tuswarrior.tmi.twitch.tv PRIVMSG #willneff :LEKW\r\n'
2022-06-08 19:34:34,755 — b':schwankadank!schwankadank@schwankadank.tmi.twitch.tv PRIVMSG #willneff :KEKW\r\n'
2022-06-08 19:34:34,755 — b':schwankadank!schwankadank@schwankadank.tmi.twitch.tv PRIVMSG #willneff :KEKW\r\n'
2022-06-08 19:34:34,845 — b':novantium!novantium@novantium.tmi.twitch.tv PRIVMSG #willneff :BINOCULAR\r\n:greentea_ocha!greentea_ocha@greentea_ocha.tmi.twitch.tv PRIVMSG #willneff :KEKL\r\n'
2022-06-08 19:34:34,845 — b':novantium!novantium@novantium.tmi.twitch.tv PRIVMSG #willneff :BINOCULAR\r\n:greentea_ocha!greentea_ocha@greentea_ocha.tmi.twitch.tv PRIVMSG #willneff :KEKL\r\n'
2022-06-08 19:34:35,541 — b':lionel_the_unicorn!lionel_the_unicorn@lionel_the_unicorn.tmi.twitch.tv PRIVMSG #willneff :that spoon\r\n'
2022-06-08 19:34:35,541 — b':lionel_the_unicorn!lionel_the_unicorn@lionel_the_unicorn.tmi.twitch.tv PRIVMSG #willneff :that spoon\r\n'
2022-06-08 19:34:35,632 — b':zrtsgertzog!zrtsgertzog@zrtsgertzog.tmi.twitch.tv PRIVMSG #willneff :the nip clamp KEKL\r\n:myll0_!myll0_@myll0_.tmi.twitch.tv PRIVMSG #willneff :What a gang\r\n:hunksolo!hunksolo@hunksolo.tmi.twitch.tv PRIVMSG #willneff :TASER FACE\r\n'
2022-06-08 19:34:35,632 — b':zrtsgertzog!zrtsgertzog@zrtsgertzog.tmi.twitch.tv PRIVMSG #willneff :the nip clamp KEKL\r\n:myll0_!myll0_@myll0_.tmi.twitch.tv PRIVMSG #willneff :What a gang\r\n:hunksolo!hunksolo@hunksolo.tmi.twitch.tv PRIVMSG #willneff :TASER FACE\r\n'
2022-06-08 19:34:35,815 — b':halafae!halafae@halafae.tmi.twitch.tv PRIVMSG #willneff :WHEN YOU RUN OUT OF NAMES KEKW\r\n'
2022-06-08 19:34:35,815 — b':halafae!halafae@halafae.tmi.twitch.tv PRIVMSG #willneff :WHEN YOU RUN OUT OF NAMES KEKW\r\n'
2022-06-08 19:34:35,895 — b':jeff_spicoli420!jeff_spicoli420@jeff_spicoli420.tmi.twitch.tv PRIVMSG #willneff :Pog WEAPON ARMS\r\n'
2022-06-08 19:34:35,895 — b':jeff_spicoli420!jeff_spicoli420@jeff_spicoli420.tmi.twitch.tv PRIVMSG #willneff :Pog WEAPON ARMS\r\n'
2022-06-08 19:34:36,181 — b':squiddlibipsjr!squiddlibipsjr@squiddlibipsjr.tmi.twitch.tv PRIVMSG #willneff :KEKL\r\n'
2022-06-08 19:34:36,181 — b':squiddlibipsjr!squiddlibipsjr@squiddlibipsjr.tmi.twitch.tv PRIVMSG #willneff :KEKL\r\n'
2022-06-08 19:34:36,403 — b':perfectsolid!perfectsolid@perfectsolid.tmi.twitch.tv PRIVMSG #willneff :WEAPON ARMS\r\n'
2022-06-08 19:34:36,403 — b':perfectsolid!perfectsolid@perfectsolid.tmi.twitch.tv PRIVMSG #willneff :WEAPON ARMS\r\n'
2022-06-08 19:34:36,710 — b':jaundice_tungsten!jaundice_tungsten@jaundice_tungsten.tmi.twitch.tv PRIVMSG #willneff :KEKW\r\n'
2022-06-08 19:34:36,710 — b':jaundice_tungsten!jaundice_tungsten@jaundice_tungsten.tmi.twitch.tv PRIVMSG #willneff :KEKW\r\n'
2022-06-08 19:34:36,794 — b':alves_victor!alves_victor@alves_victor.tmi.twitch.tv PRIVMSG #willneff :KEKL\r\n'
2022-06-08 19:34:36,794 — b':alves_victor!alves_victor@alves_victor.tmi.twitch.tv PRIVMSG #willneff :KEKL\r\n'
2022-06-08 19:34:37,305 — b':humanj355!humanj355@humanj355.tmi.twitch.tv PRIVMSG #willneff :jaboodyEnergy WEAPON ARMS jaboodyEnergy\r\n'
2022-06-08 19:34:37,305 — b':humanj355!humanj355@humanj355.tmi.twitch.tv PRIVMSG #willneff :jaboodyEnergy WEAPON ARMS jaboodyEnergy\r\n'
2022-06-08 19:34:37,589 — b':pickledbrine!pickledbrine@pickledbrine.tmi.twitch.tv PRIVMSG #willneff :WEAPON ARMS monkaW\r\n'
2022-06-08 19:34:37,589 — b':pickledbrine!pickledbrine@pickledbrine.tmi.twitch.tv PRIVMSG #willneff :WEAPON ARMS monkaW\r\n'
2022-06-08 19:34:37,722 — b':cosmic_irony!cosmic_irony@cosmic_irony.tmi.twitch.tv PRIVMSG #willneff :Tazerface\r\n'
2022-06-08 19:34:37,722 — b':cosmic_irony!cosmic_irony@cosmic_irony.tmi.twitch.tv PRIVMSG #willneff :Tazerface\r\n'
2022-06-08 19:34:37,994 — b':troyofathyns!troyofathyns@troyofathyns.tmi.twitch.tv PRIVMSG #willneff :KEKW\r\n'
2022-06-08 19:34:37,994 — b':troyofathyns!troyofathyns@troyofathyns.tmi.twitch.tv PRIVMSG #willneff :KEKW\r\n'
2022-06-08 19:34:38,155 — b':lionel_the_unicorn!lionel_the_unicorn@lionel_the_unicorn.tmi.twitch.tv PRIVMSG #willneff :KEKW\r\n'
2022-06-08 19:34:38,155 — b':lionel_the_unicorn!lionel_the_unicorn@lionel_the_unicorn.tmi.twitch.tv PRIVMSG #willneff :KEKW\r\n'
2022-06-08 19:34:38,232 — b':thisisyourcousin!thisisyourcousin@thisisyourcousin.tmi.twitch.tv PRIVMSG #willneff :KEKW\r\n'
2022-06-08 19:34:38,232 — b':thisisyourcousin!thisisyourcousin@thisisyourcousin.tmi.twitch.tv PRIVMSG #willneff :KEKW\r\n'
2022-06-08 19:34:38,621 — b':rejest!rejest@rejest.tmi.twitch.tv PRIVMSG #willneff :Zatoichi the Iron Man\r\n'
2022-06-08 19:34:38,621 — b':rejest!rejest@rejest.tmi.twitch.tv PRIVMSG #willneff :Zatoichi the Iron Man\r\n'
2022-06-08 19:34:38,698 — b':davegir!davegir@davegir.tmi.twitch.tv PRIVMSG #willneff :lost in translation?\r\n'
2022-06-08 19:34:38,698 — b':davegir!davegir@davegir.tmi.twitch.tv PRIVMSG #willneff :lost in translation?\r\n'
2022-06-08 19:34:39,345 — b':risenish!risenish@risenish.tmi.twitch.tv PRIVMSG #willneff :Weapon arms WICKED\r\n'
2022-06-08 19:34:39,345 — b':risenish!risenish@risenish.tmi.twitch.tv PRIVMSG #willneff :Weapon arms WICKED\r\n'
2022-06-08 19:34:39,715 — b':rathxii!rathxii@rathxii.tmi.twitch.tv PRIVMSG #willneff :KEKW THEY RAN OUT\r\n'
2022-06-08 19:34:39,715 — b':rathxii!rathxii@rathxii.tmi.twitch.tv PRIVMSG #willneff :KEKW THEY RAN OUT\r\n'
2022-06-08 19:34:39,797 — b':liamstreamsabout!liamstreamsabout@liamstreamsabout.tmi.twitch.tv PRIVMSG #willneff :these outfits are sick Kreygasm\r\n'
2022-06-08 19:34:39,797 — b':liamstreamsabout!liamstreamsabout@liamstreamsabout.tmi.twitch.tv PRIVMSG #willneff :these outfits are sick Kreygasm\r\n'
2022-06-08 19:34:39,885 — b':alypooo!alypooo@alypooo.tmi.twitch.tv PRIVMSG #willneff :lmao ok\r\n'
2022-06-08 19:34:39,885 — b':alypooo!alypooo@alypooo.tmi.twitch.tv PRIVMSG #willneff :lmao ok\r\n'
2022-06-08 19:34:39,995 — b':3gpe!3gpe@3gpe.tmi.twitch.tv PRIVMSG #willneff :vega\r\n'
2022-06-08 19:34:39,995 — b':3gpe!3gpe@3gpe.tmi.twitch.tv PRIVMSG #willneff :vega\r\n'
2022-06-08 19:34:41,500 — b':thehentaihoekage!thehentaihoekage@thehentaihoekage.tmi.twitch.tv PRIVMSG #willneff :sawwwww dudeee\r\n'
2022-06-08 19:34:41,500 — b':thehentaihoekage!thehentaihoekage@thehentaihoekage.tmi.twitch.tv PRIVMSG #willneff :sawwwww dudeee\r\n'
2022-06-08 19:34:42,614 — b':cuttyriver420!cuttyriver420@cuttyriver420.tmi.twitch.tv PRIVMSG #willneff :cyrOk\r\n'
2022-06-08 19:34:42,614 — b':cuttyriver420!cuttyriver420@cuttyriver420.tmi.twitch.tv PRIVMSG #willneff :cyrOk\r\n'
2022-06-08 19:34:42,705 — b':airbomb24!airbomb24@airbomb24.tmi.twitch.tv PRIVMSG #willneff :is that a cock Cannon\r\n'
2022-06-08 19:34:42,705 — b':airbomb24!airbomb24@airbomb24.tmi.twitch.tv PRIVMSG #willneff :is that a cock Cannon\r\n'
2022-06-08 19:34:43,606 — b':captain_dread!captain_dread@captain_dread.tmi.twitch.tv PRIVMSG #willneff :did i see a gatling dick?\r\n'
2022-06-08 19:34:43,606 — b':captain_dread!captain_dread@captain_dread.tmi.twitch.tv PRIVMSG #willneff :did i see a gatling dick?\r\n'
2022-06-08 19:34:43,760 — b':mikeyferdi!mikeyferdi@mikeyferdi.tmi.twitch.tv PRIVMSG #willneff :Samurais showdown took notes\r\n'
2022-06-08 19:34:43,760 — b':mikeyferdi!mikeyferdi@mikeyferdi.tmi.twitch.tv PRIVMSG #willneff :Samurais showdown took notes\r\n'
2022-06-08 19:34:43,916 — b':wired_rope!wired_rope@wired_rope.tmi.twitch.tv PRIVMSG #willneff :Sekiro\r\n:lionel_the_unicorn!lionel_the_unicorn@lionel_the_unicorn.tmi.twitch.tv PRIVMSG #willneff :KEKW KEKW\r\n:jonkayy!jonkayy@jonkayy.tmi.twitch.tv PRIVMSG #willneff :OH SHIT ITS KILL MAN!\r\n'
2022-06-08 19:34:43,916 — b':wired_rope!wired_rope@wired_rope.tmi.twitch.tv PRIVMSG #willneff :Sekiro\r\n:lionel_the_unicorn!lionel_the_unicorn@lionel_the_unicorn.tmi.twitch.tv PRIVMSG #willneff :KEKW KEKW\r\n:jonkayy!jonkayy@jonkayy.tmi.twitch.tv PRIVMSG #willneff :OH SHIT ITS KILL MAN!\r\n'
2022-06-08 19:34:43,993 — b':roguuue!roguuue@roguuue.tmi.twitch.tv PRIVMSG #willneff :SHREDDER KEKW\r\n'
2022-06-08 19:34:43,993 — b':roguuue!roguuue@roguuue.tmi.twitch.tv PRIVMSG #willneff :SHREDDER KEKW\r\n'
2022-06-08 19:34:45,085 — b':quih!quih@quih.tmi.twitch.tv PRIVMSG #willneff :KEKL \xf3\xa0\x80\x80\r\n'
2022-06-08 19:34:45,085 — b':quih!quih@quih.tmi.twitch.tv PRIVMSG #willneff :KEKL \xf3\xa0\x80\x80\r\n'
2022-06-08 19:34:45,167 — b':shooook!shooook@shooook.tmi.twitch.tv PRIVMSG #willneff :monkaW SEKIRO IRL monkaW SEKIRO IRL monkaW SEKIRO IRL monkaW SEKIRO IRL monkaW SEKIRO IRL\r\n'
2022-06-08 19:34:45,167 — b':shooook!shooook@shooook.tmi.twitch.tv PRIVMSG #willneff :monkaW SEKIRO IRL monkaW SEKIRO IRL monkaW SEKIRO IRL monkaW SEKIRO IRL monkaW SEKIRO IRL\r\n'
2022-06-08 19:34:45,267 — b':judgejudyx!judgejudyx@judgejudyx.tmi.twitch.tv PRIVMSG #willneff :sounds better in japanese\r\n'
2022-06-08 19:34:45,267 — b':judgejudyx!judgejudyx@judgejudyx.tmi.twitch.tv PRIVMSG #willneff :sounds better in japanese\r\n'
2022-06-08 19:34:45,381 — b':cuttyriver420!cuttyriver420@cuttyriver420.tmi.twitch.tv PRIVMSG #willneff :cyrOk cyrOk\r\n'
2022-06-08 19:34:45,381 — b':cuttyriver420!cuttyriver420@cuttyriver420.tmi.twitch.tv PRIVMSG #willneff :cyrOk cyrOk\r\n'
2022-06-08 19:34:45,548 — b':totallyyumbo!totallyyumbo@totallyyumbo.tmi.twitch.tv PRIVMSG #willneff :Sadge \xf0\x9f\x94\xaa\r\n'
2022-06-08 19:34:45,548 — b':totallyyumbo!totallyyumbo@totallyyumbo.tmi.twitch.tv PRIVMSG #willneff :Sadge \xf0\x9f\x94\xaa\r\n'
2022-06-08 19:34:46,283 — b':maulds!maulds@maulds.tmi.twitch.tv PRIVMSG #willneff :N OMEGALUL\r\n'
2022-06-08 19:34:46,283 — b':maulds!maulds@maulds.tmi.twitch.tv PRIVMSG #willneff :N OMEGALUL\r\n'
2022-06-08 19:34:46,641 — b':pewpewpewpewetc!pewpewpewpewetc@pewpewpewpewetc.tmi.twitch.tv PRIVMSG #willneff :SeemsGood\r\n'
2022-06-08 19:34:46,641 — b':pewpewpewpewetc!pewpewpewpewetc@pewpewpewpewetc.tmi.twitch.tv PRIVMSG #willneff :SeemsGood\r\n'
2022-06-08 19:34:46,726 — b':pacino_semmelrogge!pacino_semmelrogge@pacino_semmelrogge.tmi.twitch.tv PRIVMSG #willneff :@willneff what do you think about todays joaquin phoenix picture with the joker part two screenplay??? do we need this???\r\n'
2022-06-08 19:34:46,726 — b':pacino_semmelrogge!pacino_semmelrogge@pacino_semmelrogge.tmi.twitch.tv PRIVMSG #willneff :@willneff what do you think about todays joaquin phoenix picture with the joker part two screenplay??? do we need this???\r\n'
